2022-04-11T06:32:37.613Z - info: Website generation (lazy) started at 2:32:37 pm
2022-04-11T06:32:38.995Z - info: Building assets...
2022-04-11T06:32:39.799Z - info: Assets built
2022-04-11T06:32:39.800Z - info: Generating landing page...
2022-04-11T06:32:40.115Z - info: Landing page built, other pages will be built as you navigate to them!
2022-04-11T06:32:41.143Z - info: Site data built
2022-04-11T06:32:41.143Z - info: Website generation (lazy) complete! Total build time: 3.836s
2022-04-11T06:32:42.115Z - info: Serving "C:\repos\nus-cs3281\cs3281-website\_site" at http://127.0.0.1:8080
2022-04-11T06:32:42.115Z - info: Press CTRL+C to stop ...
2022-04-11T06:33:19.157Z - info: [2:33:19 pm] Reload for file change: C:\repos\nus-cs3281\cs3281-website\schedule\index-cs3281.mbd
2022-04-11T06:33:19.158Z - info: Synchronizing opened pages list before reload
2022-04-11T06:33:19.158Z - info: Current opened pages, from most-to-least recent:
2022-04-11T06:33:19.159Z - info: 1. index
2022-04-11T06:33:20.164Z - info: Rebuilding 1 pages
2022-04-11T06:33:20.363Z - info: Site data built
2022-04-11T06:33:20.363Z - info: Pages rebuilt
2022-04-11T06:33:20.364Z - info: Website regeneration complete! Total build time: 0.2s
2022-04-11T06:35:50.845Z - info: [2:35:50 pm] Reload for file change: C:\repos\nus-cs3281\cs3281-website\schedule\index-cs3281.mbd
2022-04-11T06:35:50.845Z - info: Synchronizing opened pages list before reload
2022-04-11T06:35:50.846Z - info: Current opened pages, from most-to-least recent:
2022-04-11T06:35:50.846Z - info: 1. index
2022-04-11T06:35:51.852Z - info: Rebuilding 1 pages
2022-04-11T06:35:51.992Z - info: Site data built
2022-04-11T06:35:51.992Z - info: Pages rebuilt
2022-04-11T06:35:51.992Z - info: Website regeneration complete! Total build time: 0.14s
2022-04-11T06:37:29.631Z - info: [2:37:29 pm] Reload for file change: C:\repos\nus-cs3281\cs3281-website\schedule\index-cs3281.mbd
2022-04-11T06:37:29.631Z - info: Synchronizing opened pages list before reload
2022-04-11T06:37:29.631Z - info: Current opened pages, from most-to-least recent:
2022-04-11T06:37:29.631Z - info: 1. index
2022-04-11T06:37:30.636Z - info: Rebuilding 1 pages
2022-04-11T06:37:30.768Z - info: Site data built
2022-04-11T06:37:30.769Z - info: Pages rebuilt
2022-04-11T06:37:30.769Z - info: Website regeneration complete! Total build time: 0.134s
2022-04-11T06:39:29.292Z - info: [2:39:29 pm] Reload for file change: C:\repos\nus-cs3281\cs3281-website\schedule\index-cs3282.mbd
2022-04-11T06:39:29.292Z - info: Synchronizing opened pages list before reload
2022-04-11T06:39:29.292Z - info: Current opened pages, from most-to-least recent:
2022-04-11T06:39:29.292Z - info: 1. index
2022-04-11T06:39:29.315Z - info: [2:39:29 pm] Reload for file change: C:\repos\nus-cs3281\cs3281-website\schedule\index-cs3281.mbd
2022-04-11T06:39:29.315Z - info: Synchronizing opened pages list before reload
2022-04-11T06:39:29.315Z - info: Current opened pages, from most-to-least recent:
2022-04-11T06:39:29.315Z - info: 1. index
2022-04-11T06:39:30.304Z - info: Assets built
2022-04-11T06:39:30.319Z - info: Rebuilding 1 pages
2022-04-11T06:39:30.473Z - info: Site data built
2022-04-11T06:39:30.473Z - info: Pages rebuilt
2022-04-11T06:39:30.473Z - info: Website regeneration complete! Total build time: 0.155s
2022-04-11T06:39:36.036Z - info: Building C:\repos\nus-cs3281\cs3281-website\schedule\index-cs3282 as some of its dependencies were changed since the last visit
2022-04-11T06:39:36.148Z - error:  Error: No such file: C:\repos\nus-cs3281\cs3281-website\schedule\index-cs3281.md
Missing reference in C:\repos\nus-cs3281\cs3281-website\schedule\index-cs3282.mbd
    at _getFileExistsNode (C:\Users\dcsdcr\AppData\Roaming\npm\node_modules\markbind-cli\node_modules\@markbind\core\src\html\includePanelProcessor.js:34:19)
    at processInclude (C:\Users\dcsdcr\AppData\Roaming\npm\node_modules\markbind-cli\node_modules\@markbind\core\src\html\includePanelProcessor.js:181:26)
    at NodeProcessor.processNode (C:\Users\dcsdcr\AppData\Roaming\npm\node_modules\markbind-cli\node_modules\@markbind\core\src\html\NodeProcessor.js:147:16)
    at NodeProcessor._process (C:\Users\dcsdcr\AppData\Roaming\npm\node_modules\markbind-cli\node_modules\@markbind\core\src\html\NodeProcessor.js:289:20)
    at C:\Users\dcsdcr\AppData\Roaming\npm\node_modules\markbind-cli\node_modules\@markbind\core\src\html\NodeProcessor.js:294:14
    at Array.forEach (<anonymous>)
    at NodeProcessor._process (C:\Users\dcsdcr\AppData\Roaming\npm\node_modules\markbind-cli\node_modules\@markbind\core\src\html\NodeProcessor.js:293:21)
    at C:\Users\dcsdcr\AppData\Roaming\npm\node_modules\markbind-cli\node_modules\@markbind\core\src\html\NodeProcessor.js:294:14
    at Array.forEach (<anonymous>)
    at NodeProcessor._process (C:\Users\dcsdcr\AppData\Roaming\npm\node_modules\markbind-cli\node_modules\@markbind\core\src\html\NodeProcessor.js:293:21)
    at C:\Users\dcsdcr\AppData\Roaming\npm\node_modules\markbind-cli\node_modules\@markbind\core\src\html\NodeProcessor.js:329:30
    at Array.map (<anonymous>)
    at DomHandler._callback (C:\Users\dcsdcr\AppData\Roaming\npm\node_modules\markbind-cli\node_modules\@markbind\core\src\html\NodeProcessor.js:326:35)
    at DomHandler._handleCallback.DomHandler.onerror (C:\Users\dcsdcr\AppData\Roaming\npm\node_modules\markbind-cli\node_modules\domhandler\index.js:52:8)
    at DomHandler.onend (C:\Users\dcsdcr\AppData\Roaming\npm\node_modules\markbind-cli\node_modules\domhandler\index.js:46:7)
    at Parser.onend (C:\Users\dcsdcr\AppData\Roaming\npm\node_modules\markbind-cli\node_modules\htmlparser2\lib\Parser.js:340:36)
2022-04-11T06:39:36.403Z - info: Site data built
2022-04-11T06:39:36.404Z - info: Lazy website regeneration complete! Total build time: 0.368s
2022-04-11T06:39:56.430Z - info: [2:39:56 pm] Reload for file change: C:\repos\nus-cs3281\cs3281-website\schedule\index-cs3282.mbd
2022-04-11T06:39:56.430Z - info: Synchronizing opened pages list before reload
2022-04-11T06:39:56.430Z - info: Current opened pages, from most-to-least recent:
2022-04-11T06:39:56.430Z - info: 1. schedule/index-cs3282
2022-04-11T06:39:57.439Z - info: Rebuilding 1 pages
2022-04-11T06:39:57.650Z - info: Site data built
2022-04-11T06:39:57.650Z - info: Pages rebuilt
2022-04-11T06:39:57.651Z - info: Website regeneration complete! Total build time: 0.212s
2022-04-11T06:40:54.438Z - info: [2:40:54 pm] Reload for file change: C:\repos\nus-cs3281\cs3281-website\schedule\index-cs3281.mbd
2022-04-11T06:40:54.439Z - info: Synchronizing opened pages list before reload
2022-04-11T06:40:54.439Z - info: Current opened pages, from most-to-least recent:
2022-04-11T06:40:54.439Z - info: 1. schedule/index-cs3282
2022-04-11T06:40:55.445Z - info: Rebuilding 1 pages
2022-04-11T06:40:55.720Z - info: Site data built
2022-04-11T06:40:55.720Z - info: Pages rebuilt
2022-04-11T06:40:55.720Z - info: Website regeneration complete! Total build time: 0.277s
2022-04-11T06:43:01.153Z - info: Website generation started at 2:43:00 pm
2022-04-11T06:43:01.900Z - info: Building assets...
2022-04-11T06:43:02.626Z - info: Assets built
2022-04-11T06:43:02.626Z - info: Generating pages...
2022-04-11T06:43:03.416Z - info: Pages built
2022-04-11T06:43:04.026Z - info: Site data built
2022-04-11T06:43:04.026Z - info: Website generation complete! Total build time: 3.078s
2022-04-11T06:43:04.026Z - info: Build success!
2022-04-11T06:43:20.392Z - info: The website has been deployed at: https://nus-cs3281.github.io/website
