2019-01-20T14:11:54.946Z - info: Website generation started at 22:11:54
2019-01-20T14:11:55.395Z - info: Building assets...
2019-01-20T14:11:55.648Z - info: Assets built
2019-01-20T14:11:55.648Z - info: Generating pages...
2019-01-20T14:11:56.181Z - info: Pages built
2019-01-20T14:11:56.362Z - info: Website generation complete! Total build time: 1.924s
2019-01-20T14:11:56.371Z - info: Generate Site durationMs=1933
2019-01-20T14:11:56.390Z - info: Serving "C:\repos\nus-cs3281\website\_site" at http://127.0.0.1:8080
2019-01-20T14:11:56.390Z - info: Press CTRL+C to stop ...
2019-01-20T14:11:56.405Z - info: Site data built
2019-01-20T14:17:40.181Z - info: [22:17:40] Reload for file change: C:\repos\nus-cs3281\website\schedule\index.mbd
2019-01-20T14:17:41.186Z - verbose: Rebuild affected paths: C:\repos\nus-cs3281\website\schedule\index.mbd
2019-01-20T14:17:41.189Z - info: Rebuilding 2 pages
2019-01-20T14:17:41.894Z - info: Pages rebuilt
2019-01-20T14:17:42.033Z - info: Site data built
2019-01-20T14:18:05.491Z - info: [22:18:05] Reload for file change: C:\repos\nus-cs3281\website\schedule\index.mbd
2019-01-20T14:18:06.503Z - verbose: Rebuild affected paths: C:\repos\nus-cs3281\website\schedule\index.mbd
2019-01-20T14:18:06.508Z - info: Rebuilding 2 pages
2019-01-20T14:18:06.917Z - info: Pages rebuilt
2019-01-20T14:18:06.926Z - info: Site data built
2019-01-20T14:18:52.067Z - info: [22:18:52] Reload for file change: C:\repos\nus-cs3281\website\schedule\index.mbd
2019-01-20T14:18:53.087Z - verbose: Rebuild affected paths: C:\repos\nus-cs3281\website\schedule\index.mbd
2019-01-20T14:18:53.087Z - info: Rebuilding 2 pages
2019-01-20T14:18:53.436Z - info: Pages rebuilt
2019-01-20T14:18:53.453Z - info: Site data built
2019-01-20T14:19:21.047Z - info: [22:19:21] Reload for file change: C:\repos\nus-cs3281\website\schedule\index.mbd
2019-01-20T14:19:22.048Z - verbose: Rebuild affected paths: C:\repos\nus-cs3281\website\schedule\index.mbd
2019-01-20T14:19:22.051Z - info: Rebuilding 2 pages
2019-01-20T14:19:22.573Z - info: Pages rebuilt
2019-01-20T14:19:22.633Z - info: Site data built
2019-01-20T14:22:25.606Z - info: [22:22:25] Reload for file change: C:\repos\nus-cs3281\website\schedule\index.mbd
2019-01-20T14:22:26.618Z - verbose: Rebuild affected paths: C:\repos\nus-cs3281\website\schedule\index.mbd
2019-01-20T14:22:26.622Z - info: Rebuilding 2 pages
2019-01-20T14:22:26.987Z - info: Pages rebuilt
2019-01-20T14:22:26.991Z - info: Site data built
2019-01-20T14:23:07.316Z - info: [22:23:07] Reload for file change: C:\repos\nus-cs3281\website\schedule\index.mbd
2019-01-20T14:23:08.321Z - verbose: Rebuild affected paths: C:\repos\nus-cs3281\website\schedule\index.mbd
2019-01-20T14:23:08.324Z - info: Rebuilding 2 pages
2019-01-20T14:23:08.751Z - info: Pages rebuilt
2019-01-20T14:23:08.755Z - info: Site data built
2019-01-20T14:35:15.590Z - info: [22:35:15] Reload for file change: C:\repos\nus-cs3281\website\schedule\index.mbd
2019-01-20T14:35:16.602Z - verbose: Rebuild affected paths: C:\repos\nus-cs3281\website\schedule\index.mbd
2019-01-20T14:35:16.606Z - info: Rebuilding 2 pages
2019-01-20T14:35:17.343Z - info: Pages rebuilt
2019-01-20T14:35:17.404Z - info: Site data built
2019-01-20T14:51:03.176Z - info: [22:51:03] Reload for file change: C:\repos\nus-cs3281\website\schedule\index.mbd
2019-01-20T14:51:04.181Z - verbose: Rebuild affected paths: C:\repos\nus-cs3281\website\schedule\index.mbd
2019-01-20T14:51:04.193Z - info: Rebuilding 2 pages
2019-01-20T14:51:04.632Z - info: Pages rebuilt
2019-01-20T14:51:04.641Z - info: Site data built
2019-01-20T14:51:17.960Z - info: [22:51:17] Reload for file change: C:\repos\nus-cs3281\website\schedule\index.mbd
2019-01-20T14:51:18.972Z - verbose: Rebuild affected paths: C:\repos\nus-cs3281\website\schedule\index.mbd
2019-01-20T14:51:18.973Z - info: Rebuilding 2 pages
2019-01-20T14:51:19.305Z - info: Pages rebuilt
2019-01-20T14:51:19.351Z - info: Site data built
2019-01-20T15:00:41.903Z - info: [23:00:41] Reload for file change: C:\repos\nus-cs3281\website\schedule\index.mbd
2019-01-20T15:00:42.911Z - verbose: Rebuild affected paths: C:\repos\nus-cs3281\website\schedule\index.mbd
2019-01-20T15:00:42.917Z - info: Rebuilding 2 pages
2019-01-20T15:00:43.385Z - info: Pages rebuilt
2019-01-20T15:00:43.391Z - info: Site data built
2019-01-20T15:01:17.126Z - info: [23:01:17] Reload for file change: C:\repos\nus-cs3281\website\schedule\index.mbd
2019-01-20T15:01:18.128Z - verbose: Rebuild affected paths: C:\repos\nus-cs3281\website\schedule\index.mbd
2019-01-20T15:01:18.128Z - info: Rebuilding 2 pages
2019-01-20T15:01:18.504Z - info: Pages rebuilt
2019-01-20T15:01:18.522Z - info: Site data built
2019-01-20T15:03:48.607Z - info: [23:03:48] Reload for file change: C:\repos\nus-cs3281\website\schedule\index.mbd
2019-01-20T15:03:49.609Z - verbose: Rebuild affected paths: C:\repos\nus-cs3281\website\schedule\index.mbd
2019-01-20T15:03:49.613Z - info: Rebuilding 2 pages
2019-01-20T15:03:49.951Z - info: Pages rebuilt
2019-01-20T15:03:49.955Z - info: Site data built
2019-01-20T15:05:24.811Z - info: [23:05:24] Reload for file change: C:\repos\nus-cs3281\website\schedule\index.mbd
2019-01-20T15:05:25.812Z - verbose: Rebuild affected paths: C:\repos\nus-cs3281\website\schedule\index.mbd
2019-01-20T15:05:25.815Z - info: Rebuilding 2 pages
2019-01-20T15:05:26.155Z - info: Pages rebuilt
2019-01-20T15:05:26.201Z - info: Site data built
2019-01-20T15:05:32.787Z - info: [23:05:32] Reload for file change: C:\repos\nus-cs3281\website\schedule\index.mbd
2019-01-20T15:05:33.790Z - verbose: Rebuild affected paths: C:\repos\nus-cs3281\website\schedule\index.mbd
2019-01-20T15:05:33.794Z - info: Rebuilding 2 pages
2019-01-20T15:05:34.102Z - info: Pages rebuilt
2019-01-20T15:05:34.108Z - info: Site data built
2019-01-20T15:05:55.399Z - info: [23:05:55] Reload for file change: C:\repos\nus-cs3281\website\schedule\index.mbd
2019-01-20T15:05:56.401Z - verbose: Rebuild affected paths: C:\repos\nus-cs3281\website\schedule\index.mbd
2019-01-20T15:05:56.405Z - info: Rebuilding 2 pages
2019-01-20T15:05:56.914Z - info: Pages rebuilt
2019-01-20T15:05:56.959Z - info: Site data built
2019-01-20T15:06:11.686Z - info: [23:06:11] Reload for file change: C:\repos\nus-cs3281\website\schedule\index.mbd
2019-01-20T15:06:12.693Z - verbose: Rebuild affected paths: C:\repos\nus-cs3281\website\schedule\index.mbd
2019-01-20T15:06:12.696Z - info: Rebuilding 2 pages
2019-01-20T15:06:13.047Z - info: Pages rebuilt
2019-01-20T15:06:13.064Z - info: Site data built
2019-01-20T15:06:19.315Z - info: [23:06:19] Reload for file change: C:\repos\nus-cs3281\website\schedule\index.mbd
2019-01-20T15:06:20.317Z - verbose: Rebuild affected paths: C:\repos\nus-cs3281\website\schedule\index.mbd
2019-01-20T15:06:20.319Z - info: Rebuilding 2 pages
2019-01-20T15:06:20.685Z - info: Pages rebuilt
2019-01-20T15:06:20.693Z - info: Site data built
2019-01-20T15:06:38.405Z - info: [23:06:38] Reload for file change: C:\repos\nus-cs3281\website\schedule\index.mbd
2019-01-20T15:06:39.412Z - verbose: Rebuild affected paths: C:\repos\nus-cs3281\website\schedule\index.mbd
2019-01-20T15:06:39.417Z - info: Rebuilding 2 pages
2019-01-20T15:06:39.930Z - info: Pages rebuilt
2019-01-20T15:06:39.986Z - info: Site data built
2019-01-20T15:07:59.154Z - info: [23:07:59] Reload for file change: C:\repos\nus-cs3281\website\schedule\index.mbd
2019-01-20T15:08:00.157Z - verbose: Rebuild affected paths: C:\repos\nus-cs3281\website\schedule\index.mbd
2019-01-20T15:08:00.164Z - info: Rebuilding 2 pages
2019-01-20T15:08:00.318Z - info: [23:08:00] Reload for file change: C:\repos\nus-cs3281\website\common\header.mbdf
2019-01-20T15:08:00.596Z - info: Pages rebuilt
2019-01-20T15:08:00.604Z - info: Site data built
2019-01-20T15:08:01.318Z - verbose: Rebuild affected paths: C:\repos\nus-cs3281\website\common\header.mbdf
2019-01-20T15:08:01.323Z - info: Rebuilding 7 pages
2019-01-20T15:08:02.036Z - info: Pages rebuilt
2019-01-20T15:08:02.103Z - info: Site data built
2019-01-20T15:09:37.295Z - info: Website generation started at 23:09:37
2019-01-20T15:09:37.751Z - info: Building assets...
2019-01-20T15:09:38.004Z - info: Assets built
2019-01-20T15:09:38.005Z - info: Generating pages...
2019-01-20T15:09:38.599Z - info: Pages built
2019-01-20T15:09:38.820Z - info: Website generation complete! Total build time: 1.726s
2019-01-20T15:09:38.820Z - info: Build success!
2019-01-20T15:09:38.821Z - info: Generate Site durationMs=1726
2019-01-20T15:09:38.823Z - info: Site data built
2019-01-20T15:10:12.117Z - info: Deployed!
