2018-12-06T14:36:48.077Z - info: Website generation started at 22:36:47
2018-12-06T14:36:48.573Z - info: Building assets...
2018-12-06T14:36:48.816Z - info: Assets built
2018-12-06T14:36:48.816Z - info: Generating pages...
2018-12-06T14:36:49.373Z - info: Pages built
2018-12-06T14:36:49.435Z - info: Site data built
2018-12-06T14:36:49.435Z - info: Website generation complete! Total build time: 1.76s
2018-12-06T14:36:49.451Z - info: Generate Site durationMs=1776
2018-12-06T14:36:49.467Z - info: Serving "C:\repos\nus-cs3281\website\_site" at http://127.0.0.1:8080
2018-12-06T14:36:49.467Z - info: Press CTRL+C to stop ...
2018-12-06T14:38:05.417Z - info: [22:38:05] Reload for file change: C:\repos\nus-cs3281\website\admin\callForApplications.mbd
2018-12-06T14:38:06.433Z - verbose: Rebuild affected paths: C:\repos\nus-cs3281\website\admin\callForApplications.mbd
2018-12-06T14:38:06.433Z - info: Rebuilding 2 pages
2018-12-06T14:38:06.632Z - info: Pages rebuilt
2018-12-06T14:38:06.648Z - info: Site data built
2018-12-06T14:40:42.658Z - info: [22:40:42] Reload for file change: C:\repos\nus-cs3281\website\admin\callForApplications.mbd
2018-12-06T14:40:43.674Z - verbose: Rebuild affected paths: C:\repos\nus-cs3281\website\admin\callForApplications.mbd
2018-12-06T14:40:43.674Z - info: Rebuilding 2 pages
2018-12-06T14:40:43.789Z - info: Pages rebuilt
2018-12-06T14:40:43.797Z - info: Site data built
2018-12-06T14:41:40.013Z - info: [22:41:40] Reload for file change: C:\repos\nus-cs3281\website\admin\cs3281.mbd
2018-12-06T14:41:41.029Z - verbose: Rebuild affected paths: C:\repos\nus-cs3281\website\admin\cs3281.mbd
2018-12-06T14:41:41.029Z - info: Rebuilding 2 pages
2018-12-06T14:41:41.298Z - info: Pages rebuilt
2018-12-06T14:41:41.298Z - info: Site data built
2018-12-06T14:42:29.394Z - info: [22:42:29] Reload for file change: C:\repos\nus-cs3281\website\admin\cs3281.mbd
2018-12-06T14:42:30.410Z - verbose: Rebuild affected paths: C:\repos\nus-cs3281\website\admin\cs3281.mbd
2018-12-06T14:42:30.410Z - info: Rebuilding 2 pages
2018-12-06T14:42:30.652Z - info: Pages rebuilt
2018-12-06T14:42:30.652Z - info: Site data built
2018-12-06T14:43:54.624Z - info: Website generation started at 22:43:54
2018-12-06T14:43:54.969Z - info: Building assets...
2018-12-06T14:43:55.565Z - info: Assets built
2018-12-06T14:43:55.565Z - info: Generating pages...
2018-12-06T14:43:56.145Z - info: Pages built
2018-12-06T14:43:56.205Z - info: Site data built
2018-12-06T14:43:56.205Z - info: Website generation complete! Total build time: 1.774s
2018-12-06T14:43:56.205Z - info: Build success!
2018-12-06T14:43:56.205Z - info: Generate Site durationMs=1774
2018-12-06T14:44:40.059Z - info: Deployed!
