2018-12-19T05:59:06.617Z - info: Website generation started at 1:59:06 PM
2018-12-19T05:59:06.708Z - info: Building assets...
2018-12-19T05:59:06.749Z - info: Assets built
2018-12-19T05:59:06.749Z - info: Generating pages...
2018-12-19T05:59:07.159Z - info: Pages built
2018-12-19T05:59:07.282Z - info: Site data built
2018-12-19T05:59:07.282Z - info: Website generation complete! Total build time: 0.674s
2018-12-19T05:59:07.293Z - info: Generate Site durationMs=685
2018-12-19T05:59:07.616Z - info: Serving "C:\repos\nus-cs3281\cs3281-website\_site" at http://127.0.0.1:8080
2018-12-19T05:59:07.616Z - info: Press CTRL+C to stop ...
2018-12-19T05:59:54.625Z - info: Website generation started at 1:59:54 PM
2018-12-19T05:59:54.703Z - info: Building assets...
2018-12-19T05:59:54.742Z - info: Assets built
2018-12-19T05:59:54.743Z - info: Generating pages...
2018-12-19T05:59:55.129Z - info: Pages built
2018-12-19T05:59:55.204Z - info: Site data built
2018-12-19T05:59:55.205Z - info: Website generation complete! Total build time: 0.684s
2018-12-19T05:59:55.205Z - info: Build success!
2018-12-19T05:59:55.205Z - info: Generate Site durationMs=684
2018-12-19T06:00:30.379Z - info: Deployed!
2018-12-19T10:09:11.423Z - info: Website generation started at 6:09:11 PM
2018-12-19T10:09:11.523Z - info: Building assets...
2018-12-19T10:09:11.664Z - info: Assets built
2018-12-19T10:09:11.665Z - info: Generating pages...
2018-12-19T10:09:12.093Z - info: Pages built
2018-12-19T10:09:12.222Z - info: Site data built
2018-12-19T10:09:12.222Z - info: Website generation complete! Total build time: 0.927s
2018-12-19T10:09:12.235Z - info: Generate Site durationMs=940
2018-12-19T10:09:12.582Z - info: Serving "C:\repos\nus-cs3281\cs3281-website\_site" at http://127.0.0.1:8080
2018-12-19T10:09:12.583Z - info: Press CTRL+C to stop ...
