2021-01-14T06:20:36.634Z - info: Website generation (lazy) started at 2:20:34 PM
2021-01-14T06:20:38.483Z - info: Building assets...
2021-01-14T06:20:39.486Z - info: Assets built
2021-01-14T06:20:39.487Z - info: Generating landing page...
2021-01-14T06:20:39.863Z - info: Landing page built, other pages will be built as you navigate to them!
2021-01-14T06:20:40.649Z - info: Site data built
2021-01-14T06:20:40.650Z - info: Website generation (lazy) complete! Total build time: 5.994s
2021-01-14T06:20:42.026Z - info: Serving "C:\repos\nus-cs3281\cs3281-website\_site" at http://127.0.0.1:8080
2021-01-14T06:20:42.026Z - info: Press CTRL+C to stop ...
2021-01-14T06:20:43.546Z - info: [2:20:43 PM] Reload for file change: C:\repos\nus-cs3281\cs3281-website\schedule\index-cs3281.mbd
2021-01-14T06:20:44.555Z - info: Rebuilding 1 pages
2021-01-14T06:20:44.872Z - info: Site data built
2021-01-14T06:20:44.872Z - info: Pages rebuilt
2021-01-14T06:20:44.873Z - info: Website regeneration complete! Total build time: 0.319s
2021-01-14T06:22:17.238Z - info: [2:22:17 PM] Reload for file change: C:\repos\nus-cs3281\cs3281-website\schedule\index-cs3281.mbd
2021-01-14T06:22:18.249Z - info: Rebuilding 1 pages
2021-01-14T06:22:18.535Z - info: Site data built
2021-01-14T06:22:18.535Z - info: Pages rebuilt
2021-01-14T06:22:18.536Z - info: Website regeneration complete! Total build time: 0.289s
2021-01-14T06:23:47.029Z - info: [2:23:47 PM] Reload for file change: C:\repos\nus-cs3281\cs3281-website\site.json
2021-01-14T06:23:48.096Z - info: Assets built
2021-01-14T06:24:23.590Z - info: [2:24:23 PM] Reload for file change: C:\repos\nus-cs3281\cs3281-website\site.json
2021-01-14T06:24:24.623Z - info: Assets built
2021-01-14T06:24:34.496Z - info: [2:24:34 PM] Reload for file change: C:\repos\nus-cs3281\cs3281-website\site.json
2021-01-14T06:24:35.528Z - info: Assets built
2021-01-14T06:24:44.637Z - info: Website generation (lazy) started at 2:24:44 PM
2021-01-14T06:24:46.388Z - info: Building assets...
2021-01-14T06:24:47.774Z - info: Assets built
2021-01-14T06:24:47.778Z - info: Generating landing page...
2021-01-14T06:24:48.263Z - info: Landing page built, other pages will be built as you navigate to them!
2021-01-14T06:24:48.869Z - info: Site data built
2021-01-14T06:24:48.869Z - info: Website generation (lazy) complete! Total build time: 4.569s
2021-01-14T06:24:49.922Z - info: Serving "C:\repos\nus-cs3281\cs3281-website\_site" at http://127.0.0.1:8080
2021-01-14T06:24:49.922Z - info: Press CTRL+C to stop ...
2021-01-14T06:27:39.775Z - info: [2:27:39 PM] Reload for file change: C:\repos\nus-cs3281\cs3281-website\_markbind\headers\topnav.md
2021-01-14T06:27:40.788Z - info: Rebuilding 1 pages
2021-01-14T06:27:41.150Z - info: Site data built
2021-01-14T06:27:41.151Z - info: Pages rebuilt
2021-01-14T06:27:41.151Z - info: Website regeneration complete! Total build time: 0.366s
2021-01-14T06:27:53.033Z - info: [2:27:53 PM] Reload for file change: C:\repos\nus-cs3281\cs3281-website\_markbind\headers\topnav.md
2021-01-14T06:27:54.044Z - info: Rebuilding 1 pages
2021-01-14T06:27:54.330Z - info: Site data built
2021-01-14T06:27:54.330Z - info: Pages rebuilt
2021-01-14T06:27:54.330Z - info: Website regeneration complete! Total build time: 0.288s
2021-01-14T06:28:28.941Z - info: [2:28:28 PM] Reload for file change: C:\repos\nus-cs3281\cs3281-website\site.json
2021-01-14T06:28:40.243Z - info: Website generation (lazy) started at 2:28:39 PM
2021-01-14T06:28:42.036Z - info: Building assets...
2021-01-14T06:28:43.860Z - info: Assets built
2021-01-14T06:28:43.861Z - info: Generating landing page...
2021-01-14T06:28:44.248Z - info: Landing page built, other pages will be built as you navigate to them!
2021-01-14T06:28:44.815Z - info: Site data built
2021-01-14T06:28:44.815Z - info: Website generation (lazy) complete! Total build time: 5.129s
2021-01-14T06:28:46.062Z - info: Serving "C:\repos\nus-cs3281\cs3281-website\_site" at http://127.0.0.1:8080
2021-01-14T06:28:46.062Z - info: Press CTRL+C to stop ...
2021-01-14T06:31:30.970Z - info: [2:31:30 PM] Reload for file change: C:\repos\nus-cs3281\cs3281-website\site.json
2021-01-14T06:31:32.084Z - info: Assets built
2021-01-14T06:32:27.642Z - info: [2:32:27 PM] Reload for file change: C:\repos\nus-cs3281\cs3281-website\css\main.css
2021-01-14T06:32:28.703Z - info: Assets built
2021-01-14T06:32:53.140Z - info: Website generation (lazy) started at 2:32:52 PM
2021-01-14T06:32:55.477Z - info: Building assets...
2021-01-14T06:32:56.369Z - info: Assets built
2021-01-14T06:32:56.370Z - info: Generating landing page...
2021-01-14T06:32:56.711Z - info: Landing page built, other pages will be built as you navigate to them!
2021-01-14T06:32:57.275Z - info: Site data built
2021-01-14T06:32:57.276Z - info: Website generation (lazy) complete! Total build time: 4.622s
2021-01-14T06:32:58.210Z - info: Serving "C:\repos\nus-cs3281\cs3281-website\_site" at http://127.0.0.1:8080
2021-01-14T06:32:58.210Z - info: Press CTRL+C to stop ...
2021-01-14T06:33:48.010Z - info: [2:33:48 PM] Reload for file change: C:\repos\nus-cs3281\cs3281-website\css\main.css
2021-01-14T06:33:49.084Z - info: Assets built
2021-01-14T06:34:09.166Z - info: [2:34:09 PM] Reload for file change: C:\repos\nus-cs3281\cs3281-website\css\main.css
2021-01-14T06:34:10.214Z - info: Assets built
2021-01-14T06:36:04.085Z - info: [2:36:04 PM] Reload for file change: C:\repos\nus-cs3281\cs3281-website\schedule\index-cs3281.mbd
2021-01-14T06:36:05.103Z - info: Rebuilding 1 pages
2021-01-14T06:36:05.467Z - info: Site data built
2021-01-14T06:36:05.468Z - info: Pages rebuilt
2021-01-14T06:36:05.468Z - info: Website regeneration complete! Total build time: 0.369s
2021-01-14T06:36:22.623Z - info: [2:36:22 PM] Reload for file change: C:\repos\nus-cs3281\cs3281-website\schedule\index-cs3281.mbd
2021-01-14T06:36:23.632Z - info: Rebuilding 1 pages
2021-01-14T06:36:23.879Z - info: Site data built
2021-01-14T06:36:23.880Z - info: Pages rebuilt
2021-01-14T06:36:23.880Z - info: Website regeneration complete! Total build time: 0.25s
2021-01-14T06:36:37.848Z - info: [2:36:37 PM] Reload for file change: C:\repos\nus-cs3281\cs3281-website\schedule\index-cs3281.mbd
2021-01-14T06:36:38.865Z - info: Rebuilding 1 pages
2021-01-14T06:36:39.098Z - info: Site data built
2021-01-14T06:36:39.098Z - info: Pages rebuilt
2021-01-14T06:36:39.099Z - info: Website regeneration complete! Total build time: 0.235s
2021-01-14T06:38:14.549Z - info: [2:38:14 PM] Reload for file change: C:\repos\nus-cs3281\cs3281-website\schedule\index-cs3281.mbd
2021-01-14T06:38:15.556Z - info: Rebuilding 1 pages
2021-01-14T06:38:15.805Z - info: Site data built
2021-01-14T06:38:15.806Z - info: Pages rebuilt
2021-01-14T06:38:15.806Z - info: Website regeneration complete! Total build time: 0.253s
2021-01-14T06:39:30.021Z - info: [2:39:30 PM] Reload for file change: C:\repos\nus-cs3281\cs3281-website\schedule\index-cs3281.mbd
2021-01-14T06:39:31.039Z - info: Rebuilding 1 pages
2021-01-14T06:39:31.299Z - info: Site data built
2021-01-14T06:39:31.300Z - info: Pages rebuilt
2021-01-14T06:39:31.301Z - info: Website regeneration complete! Total build time: 0.265s
2021-01-14T06:40:00.682Z - info: [2:40:00 PM] Reload for file change: C:\repos\nus-cs3281\cs3281-website\schedule\index-cs3281.mbd
2021-01-14T06:40:01.688Z - info: Rebuilding 1 pages
2021-01-14T06:40:01.863Z - info: Site data built
2021-01-14T06:40:01.864Z - info: Pages rebuilt
2021-01-14T06:40:01.864Z - info: Website regeneration complete! Total build time: 0.178s
2021-01-14T06:41:21.876Z - info: [2:41:21 PM] Reload for file change: C:\repos\nus-cs3281\cs3281-website\schedule\index-cs3281.mbd
2021-01-14T06:41:22.894Z - info: Rebuilding 1 pages
2021-01-14T06:41:23.042Z - info: Site data built
2021-01-14T06:41:23.042Z - info: Pages rebuilt
2021-01-14T06:41:23.042Z - info: Website regeneration complete! Total build time: 0.152s
2021-01-14T06:42:00.921Z - info: Website generation started at 2:42:00 PM
2021-01-14T06:42:02.630Z - info: Building assets...
