2023-01-07T14:30:24.501Z - info: Website generation (lazy) started at 10:30:23 pm
2023-01-07T14:30:28.547Z - info: Building assets...
2023-01-07T14:30:32.307Z - info: Assets built
2023-01-07T14:30:32.310Z - info: Generating landing page...
2023-01-07T14:30:33.293Z - info: Landing page built, other pages will be built as you navigate to them!
2023-01-07T14:30:37.721Z - info: Site data built
2023-01-07T14:30:37.722Z - info: Website generation (lazy) complete! Total build time: 14.539s
2023-01-07T14:30:41.711Z - info: Serving "C:\repos\nus-cs3281\cs3281-website\_site" at http://127.0.0.1:8080
2023-01-07T14:30:41.713Z - info: Press CTRL+C to stop ...
2023-01-07T14:37:40.815Z - info: [10:37:40 pm] Reload for file change: C:\repos\nus-cs3281\cs3281-website\index.md
2023-01-07T14:37:40.816Z - info: Synchronizing opened pages list before reload
2023-01-07T14:37:40.817Z - info: Current opened pages, from most-to-least recent:
2023-01-07T14:37:40.818Z - info: 1. index
2023-01-07T14:37:41.825Z - info: Rebuilding 1 pages
2023-01-07T14:37:42.078Z - info: Site data built
2023-01-07T14:37:42.078Z - info: Pages rebuilt
2023-01-07T14:37:42.078Z - info: Website regeneration complete! Total build time: 0.253s
2023-01-07T14:39:04.496Z - info: [10:39:04 pm] Reload for file change: C:\repos\nus-cs3281\cs3281-website\schedule\index-cs3281.md
2023-01-07T14:39:04.497Z - info: Synchronizing opened pages list before reload
2023-01-07T14:39:04.498Z - info: Current opened pages, from most-to-least recent:
2023-01-07T14:39:04.498Z - info: 1. index
2023-01-07T14:39:05.518Z - info: Rebuilding 1 pages
2023-01-07T14:39:05.659Z - info: Site data built
2023-01-07T14:39:05.659Z - info: Pages rebuilt
2023-01-07T14:39:05.659Z - info: Website regeneration complete! Total build time: 0.143s
2023-01-07T14:53:58.071Z - info: [10:53:58 pm] Reload for file change: C:\repos\nus-cs3281\cs3281-website\admin\callForApplications.md
2023-01-07T14:53:58.071Z - info: Synchronizing opened pages list before reload
2023-01-07T14:53:58.071Z - info: Current opened pages, from most-to-least recent:
2023-01-07T14:53:58.071Z - info: 1. index
2023-01-07T14:53:58.101Z - info: [10:53:58 pm] Reload for file change: C:\repos\nus-cs3281\cs3281-website\schedule\index-cs3282.md
2023-01-07T14:53:58.101Z - info: Synchronizing opened pages list before reload
2023-01-07T14:53:58.101Z - info: Current opened pages, from most-to-least recent:
2023-01-07T14:53:58.101Z - info: 1. index
2023-01-07T14:53:58.122Z - info: [10:53:58 pm] Reload for file change: C:\repos\nus-cs3281\cs3281-website\schedule\index-cs3281.md
2023-01-07T14:53:58.123Z - info: Synchronizing opened pages list before reload
2023-01-07T14:53:58.123Z - info: Current opened pages, from most-to-least recent:
2023-01-07T14:53:58.123Z - info: 1. index
2023-01-07T14:53:59.088Z - info: Assets built
2023-01-07T14:53:59.131Z - info: Rebuilding 1 pages
2023-01-07T14:53:59.269Z - info: Site data built
2023-01-07T14:53:59.269Z - info: Pages rebuilt
2023-01-07T14:53:59.269Z - info: Website regeneration complete! Total build time: 0.141s
2023-01-07T14:55:55.953Z - info: [10:55:55 pm] Reload for file change: C:\repos\nus-cs3281\cs3281-website\schedule\index-cs3281.md
2023-01-07T14:55:55.954Z - info: Synchronizing opened pages list before reload
2023-01-07T14:55:55.954Z - info: Current opened pages, from most-to-least recent:
2023-01-07T14:55:55.954Z - info: 1. index
2023-01-07T14:55:56.975Z - info: Rebuilding 1 pages
2023-01-07T14:55:57.090Z - info: Site data built
2023-01-07T14:55:57.090Z - info: Pages rebuilt
2023-01-07T14:55:57.090Z - info: Website regeneration complete! Total build time: 0.115s
2023-01-07T14:57:44.965Z - info: [10:57:44 pm] Reload for file change: C:\repos\nus-cs3281\cs3281-website\schedule\index-cs3281.md
2023-01-07T14:57:44.966Z - info: Synchronizing opened pages list before reload
2023-01-07T14:57:44.966Z - info: Current opened pages, from most-to-least recent:
2023-01-07T14:57:44.966Z - info: 1. index
2023-01-07T14:57:45.971Z - info: Rebuilding 1 pages
2023-01-07T14:57:46.078Z - info: Site data built
2023-01-07T14:57:46.078Z - info: Pages rebuilt
2023-01-07T14:57:46.079Z - info: Website regeneration complete! Total build time: 0.108s
2023-01-07T15:13:24.666Z - info: Building C:\repos\nus-cs3281\cs3281-website\admin\mentors as some of its dependencies were changed since the last visit
2023-01-07T15:13:24.785Z - info: Site data built
2023-01-07T15:13:24.785Z - info: Lazy website regeneration complete! Total build time: 0.119s
2023-01-07T15:26:40.403Z - info: [11:26:40 pm] Reload for file change: C:\repos\nus-cs3281\cs3281-website\admin\mentors.md
2023-01-07T15:26:40.403Z - info: Synchronizing opened pages list before reload
2023-01-07T15:26:40.404Z - info: Current opened pages, from most-to-least recent:
2023-01-07T15:26:40.404Z - info: 1. admin/mentors
2023-01-07T15:26:41.407Z - info: Rebuilding 1 pages
2023-01-07T15:26:41.499Z - info: Site data built
2023-01-07T15:26:41.499Z - info: Pages rebuilt
2023-01-07T15:26:41.499Z - info: Website regeneration complete! Total build time: 0.093s
2023-01-07T15:27:49.318Z - info: [11:27:49 pm] Reload for file change: C:\repos\nus-cs3281\cs3281-website\admin\mentors.md
2023-01-07T15:27:49.318Z - info: Synchronizing opened pages list before reload
2023-01-07T15:27:49.318Z - info: Current opened pages, from most-to-least recent:
2023-01-07T15:27:49.318Z - info: 1. admin/mentors
2023-01-07T15:27:50.334Z - info: Rebuilding 1 pages
2023-01-07T15:27:50.406Z - info: Site data built
2023-01-07T15:27:50.407Z - info: Pages rebuilt
2023-01-07T15:27:50.407Z - info: Website regeneration complete! Total build time: 0.073s
2023-01-07T15:29:21.806Z - info: [11:29:21 pm] Reload for file change: C:\repos\nus-cs3281\cs3281-website\admin\mentors.md
2023-01-07T15:29:21.806Z - info: Synchronizing opened pages list before reload
2023-01-07T15:29:21.806Z - info: Current opened pages, from most-to-least recent:
2023-01-07T15:29:21.806Z - info: 1. admin/mentors
2023-01-07T15:29:22.811Z - info: Rebuilding 1 pages
2023-01-07T15:29:22.897Z - info: Site data built
2023-01-07T15:29:22.897Z - info: Pages rebuilt
2023-01-07T15:29:22.897Z - info: Website regeneration complete! Total build time: 0.086s
2023-01-07T15:29:49.147Z - info: [11:29:49 pm] Reload for file change: C:\repos\nus-cs3281\cs3281-website\admin\mentors.md
2023-01-07T15:29:49.147Z - info: Synchronizing opened pages list before reload
2023-01-07T15:29:49.147Z - info: Current opened pages, from most-to-least recent:
2023-01-07T15:29:49.147Z - info: 1. admin/mentors
2023-01-07T15:29:50.152Z - info: Rebuilding 1 pages
2023-01-07T15:29:50.259Z - info: Site data built
2023-01-07T15:29:50.260Z - info: Pages rebuilt
2023-01-07T15:29:50.260Z - info: Website regeneration complete! Total build time: 0.109s
2023-01-07T15:30:29.791Z - info: [11:30:29 pm] Reload for file change: C:\repos\nus-cs3281\cs3281-website\admin\mentors.md
2023-01-07T15:30:29.791Z - info: Synchronizing opened pages list before reload
2023-01-07T15:30:29.791Z - info: Current opened pages, from most-to-least recent:
2023-01-07T15:30:29.792Z - info: 1. admin/mentors
2023-01-07T15:30:30.800Z - info: Rebuilding 1 pages
2023-01-07T15:30:30.873Z - info: Site data built
2023-01-07T15:30:30.873Z - info: Pages rebuilt
2023-01-07T15:30:30.873Z - info: Website regeneration complete! Total build time: 0.073s
2023-01-07T15:31:29.330Z - info: [11:31:29 pm] Reload for file change: C:\repos\nus-cs3281\cs3281-website\admin\mentors.md
2023-01-07T15:31:29.330Z - info: Synchronizing opened pages list before reload
2023-01-07T15:31:29.330Z - info: Current opened pages, from most-to-least recent:
2023-01-07T15:31:29.330Z - info: 1. admin/mentors
2023-01-07T15:31:30.356Z - info: Rebuilding 1 pages
2023-01-07T15:31:30.471Z - info: Site data built
2023-01-07T15:31:30.471Z - info: Pages rebuilt
2023-01-07T15:31:30.471Z - info: Website regeneration complete! Total build time: 0.116s
2023-01-07T15:39:22.455Z - info: [11:39:22 pm] Reload for file change: C:\repos\nus-cs3281\cs3281-website\admin\mentors.md
2023-01-07T15:39:22.455Z - info: Synchronizing opened pages list before reload
2023-01-07T15:39:22.455Z - info: Current opened pages, from most-to-least recent:
2023-01-07T15:39:22.455Z - info: 1. admin/mentors
2023-01-07T15:39:23.470Z - info: Rebuilding 1 pages
2023-01-07T15:39:23.609Z - info: Site data built
2023-01-07T15:39:23.609Z - info: Pages rebuilt
2023-01-07T15:39:23.609Z - info: Website regeneration complete! Total build time: 0.14s
2023-01-07T15:40:08.698Z - info: [11:40:08 pm] Reload for file change: C:\repos\nus-cs3281\cs3281-website\admin\mentors.md
2023-01-07T15:40:08.699Z - info: Synchronizing opened pages list before reload
2023-01-07T15:40:08.699Z - info: Current opened pages, from most-to-least recent:
2023-01-07T15:40:08.699Z - info: 1. admin/mentors
2023-01-07T15:40:09.707Z - info: Rebuilding 1 pages
2023-01-07T15:40:09.795Z - info: Site data built
2023-01-07T15:40:09.795Z - info: Pages rebuilt
2023-01-07T15:40:09.795Z - info: Website regeneration complete! Total build time: 0.089s
2023-01-07T15:40:27.917Z - info: [11:40:27 pm] Reload for file change: C:\repos\nus-cs3281\cs3281-website\admin\mentors.md
2023-01-07T15:40:27.917Z - info: Synchronizing opened pages list before reload
2023-01-07T15:40:27.917Z - info: Current opened pages, from most-to-least recent:
2023-01-07T15:40:27.917Z - info: 1. admin/mentors
2023-01-07T15:40:28.921Z - info: Rebuilding 1 pages
2023-01-07T15:40:29.005Z - info: Site data built
2023-01-07T15:40:29.005Z - info: Pages rebuilt
2023-01-07T15:40:29.005Z - info: Website regeneration complete! Total build time: 0.084s
2023-01-07T15:41:27.995Z - info: [11:41:27 pm] Reload for file change: C:\repos\nus-cs3281\cs3281-website\admin\mentors.md
2023-01-07T15:41:27.996Z - info: Synchronizing opened pages list before reload
2023-01-07T15:41:27.996Z - info: Current opened pages, from most-to-least recent:
2023-01-07T15:41:27.996Z - info: 1. admin/mentors
2023-01-07T15:41:29.010Z - info: Rebuilding 1 pages
2023-01-07T15:41:29.119Z - info: Site data built
2023-01-07T15:41:29.119Z - info: Pages rebuilt
2023-01-07T15:41:29.119Z - info: Website regeneration complete! Total build time: 0.11s
2023-01-07T15:45:25.144Z - info: [11:45:25 pm] Reload for file change: C:\repos\nus-cs3281\cs3281-website\admin\mentors.md
2023-01-07T15:45:25.145Z - info: Synchronizing opened pages list before reload
2023-01-07T15:45:25.145Z - info: Current opened pages, from most-to-least recent:
2023-01-07T15:45:25.145Z - info: 1. admin/mentors
2023-01-07T15:45:26.150Z - info: Rebuilding 1 pages
2023-01-07T15:45:26.228Z - info: Site data built
2023-01-07T15:45:26.229Z - info: Pages rebuilt
2023-01-07T15:45:26.229Z - info: Website regeneration complete! Total build time: 0.081s
2023-01-07T15:45:42.205Z - info: Building C:\repos\nus-cs3281\cs3281-website\admin\cs3282 as some of its dependencies were changed since the last visit
2023-01-07T15:45:43.012Z - info: Site data built
2023-01-07T15:45:43.012Z - info: Lazy website regeneration complete! Total build time: 0.807s
2023-01-07T15:45:43.516Z - info: Building C:\repos\nus-cs3281\cs3281-website\admin\cs3282 as some of its dependencies were changed since the last visit
2023-01-07T15:45:43.591Z - info: Site data built
2023-01-07T15:45:43.591Z - info: Lazy website regeneration complete! Total build time: 0.076s
