2019-01-25T03:23:07.694Z - info: Website generation started at 11:23:07 AM
2019-01-25T03:23:07.901Z - info: Building assets...
2019-01-25T03:23:08.142Z - info: Assets built
2019-01-25T03:23:08.143Z - info: Generating pages...
2019-01-25T03:23:08.668Z - info: Pages built
2019-01-25T03:23:08.908Z - info: Website generation complete! Total build time: 1.415s
2019-01-25T03:23:08.921Z - info: Generate Site durationMs=1428
2019-01-25T03:23:09.260Z - info: Serving "C:\repos\nus-cs3281\cs3281-website\_site" at http://127.0.0.1:8080
2019-01-25T03:23:09.260Z - info: Press CTRL+C to stop ...
2019-01-25T03:23:09.285Z - info: Site data built
2019-01-25T03:23:49.799Z - info: [11:23:49 AM] Reload for file change: C:\repos\nus-cs3281\cs3281-website\schedule\index.mbd
2019-01-25T03:23:50.801Z - info: Rebuilding affected source files
2019-01-25T03:23:50.801Z - info: Rebuilding 2 pages
2019-01-25T03:23:51.225Z - info: Pages rebuilt
2019-01-25T03:23:51.234Z - info: Site data built
2019-01-25T03:24:11.352Z - info: [11:24:11 AM] Reload for file change: C:\repos\nus-cs3281\cs3281-website\schedule\index.mbd
2019-01-25T03:24:12.355Z - info: Rebuilding affected source files
2019-01-25T03:24:12.356Z - info: Rebuilding 2 pages
2019-01-25T03:24:12.751Z - info: Pages rebuilt
2019-01-25T03:24:12.758Z - info: Site data built
2019-01-25T03:26:51.553Z - info: Website generation started at 11:26:51 AM
2019-01-25T03:26:51.762Z - info: Building assets...
