2019-03-02T06:33:50.143Z - info: Website generation started at 2:33:50 PM
2019-03-02T06:33:50.390Z - info: Building assets...
2019-03-02T06:33:50.687Z - info: Assets built
2019-03-02T06:33:50.688Z - info: Generating pages...
2019-03-02T06:33:51.310Z - info: Pages built
2019-03-02T06:33:51.504Z - info: Website generation complete! Total build time: 1.371s
2019-03-02T06:33:51.518Z - info: Generate Site durationMs=1385
2019-03-02T06:33:51.864Z - info: Serving "C:\repos\nus-cs3281\cs3281-website\_site" at http://127.0.0.1:8080
2019-03-02T06:33:51.864Z - info: Press CTRL+C to stop ...
2019-03-02T06:33:51.882Z - info: Site data built
2019-03-02T06:35:16.215Z - info: Deployed!
2019-03-02T06:50:49.495Z - info: Website generation started at 2:50:49 PM
2019-03-02T06:50:49.735Z - info: Building assets...
2019-03-02T06:50:49.932Z - info: Assets built
2019-03-02T06:50:49.932Z - info: Generating pages...
2019-03-02T06:50:50.488Z - info: Pages built
2019-03-02T06:50:50.668Z - info: Website generation complete! Total build time: 1.324s
2019-03-02T06:50:50.680Z - info: Generate Site durationMs=1336
2019-03-02T06:50:51.004Z - info: Serving "C:\repos\nus-cs3281\cs3281-website\_site" at http://127.0.0.1:8080
2019-03-02T06:50:51.004Z - info: Press CTRL+C to stop ...
2019-03-02T06:50:51.029Z - info: Site data built
2019-03-02T06:51:12.987Z - info: [2:51:12 PM] Reload for file change: C:\repos\nus-cs3281\cs3281-website\schedule\index.mbd
2019-03-02T06:51:13.989Z - info: Rebuilding affected source files
2019-03-02T06:51:13.990Z - info: Rebuilding 2 pages
2019-03-02T06:51:14.404Z - info: Pages rebuilt
2019-03-02T06:51:14.413Z - info: Site data built
2019-03-02T06:52:38.888Z - info: [2:52:38 PM] Reload for file change: C:\repos\nus-cs3281\cs3281-website\schedule\index.mbd
2019-03-02T06:52:39.890Z - info: Rebuilding affected source files
2019-03-02T06:52:39.891Z - info: Rebuilding 2 pages
2019-03-02T06:52:40.302Z - info: Pages rebuilt
2019-03-02T06:52:40.311Z - info: Site data built
2019-03-02T06:53:13.300Z - info: [2:53:13 PM] Reload for file change: C:\repos\nus-cs3281\cs3281-website\schedule\index.mbd
2019-03-02T06:53:14.302Z - info: Rebuilding affected source files
2019-03-02T06:53:14.303Z - info: Rebuilding 2 pages
2019-03-02T06:53:14.706Z - info: Pages rebuilt
2019-03-02T06:53:14.714Z - info: Site data built
2019-03-02T06:58:41.053Z - info: [2:58:41 PM] Reload for file change: C:\repos\nus-cs3281\cs3281-website\schedule\index.mbd
2019-03-02T06:58:42.053Z - info: Rebuilding affected source files
2019-03-02T06:58:42.053Z - info: Rebuilding 2 pages
2019-03-02T06:58:42.360Z - info: Pages rebuilt
2019-03-02T06:58:42.369Z - info: Site data built
2019-03-02T07:08:44.029Z - info: [3:08:44 PM] Reload for file change: C:\repos\nus-cs3281\cs3281-website\schedule\index.mbd
2019-03-02T07:08:45.030Z - info: Rebuilding affected source files
2019-03-02T07:08:45.031Z - info: Rebuilding 2 pages
2019-03-02T07:08:45.630Z - info: Pages rebuilt
2019-03-02T07:08:45.639Z - info: Site data built
2019-03-02T07:09:57.531Z - info: Website generation started at 3:09:57 PM
2019-03-02T07:09:57.773Z - info: Building assets...
