2019-11-26T04:52:57.869Z - info: Website generation started at 12:52:57 PM
2019-11-26T04:52:58.541Z - info: Building assets...
2019-11-26T04:52:59.192Z - info: Assets built
2019-11-26T04:52:59.192Z - info: Generating pages...
2019-11-26T04:53:00.615Z - info: Pages built
2019-11-26T04:53:00.841Z - info: Website generation complete! Total build time: 3.313s
2019-11-26T04:53:01.260Z - info: Serving "C:\repos\nus-cs3281\cs3281-website\_site" at http://127.0.0.1:8080
2019-11-26T04:53:01.260Z - info: Press CTRL+C to stop ...
2019-11-26T04:53:01.287Z - info: Site data built
2019-11-26T04:57:56.270Z - info: [12:57:56 PM] Reload for file change: C:\repos\nus-cs3281\cs3281-website\admin\callForApplications.mbd
2019-11-26T04:57:57.274Z - info: Rebuilding affected source files
2019-11-26T04:57:57.275Z - info: Rebuilding 2 pages
2019-11-26T04:57:57.505Z - info: Pages rebuilt
2019-11-26T04:57:57.515Z - info: Site data built
2019-11-26T04:58:15.350Z - info: [12:58:15 PM] Reload for file change: C:\repos\nus-cs3281\cs3281-website\admin\callForApplications.mbd
2019-11-26T04:58:16.352Z - info: Rebuilding affected source files
2019-11-26T04:58:16.352Z - info: Rebuilding 2 pages
2019-11-26T04:58:16.512Z - info: Pages rebuilt
2019-11-26T04:58:16.520Z - info: Site data built
2019-11-26T04:59:39.658Z - info: [12:59:39 PM] Reload for file change: C:\repos\nus-cs3281\cs3281-website\admin\callForApplications.mbd
2019-11-26T04:59:40.659Z - info: Rebuilding affected source files
2019-11-26T04:59:40.659Z - info: Rebuilding 2 pages
2019-11-26T04:59:40.768Z - info: Pages rebuilt
2019-11-26T04:59:40.777Z - info: Site data built
2019-11-26T04:59:47.675Z - info: [12:59:47 PM] Reload for file change: C:\repos\nus-cs3281\cs3281-website\admin\callForApplications.mbd
2019-11-26T04:59:48.677Z - info: Rebuilding affected source files
2019-11-26T04:59:48.677Z - info: Rebuilding 2 pages
2019-11-26T04:59:48.783Z - info: Pages rebuilt
2019-11-26T04:59:48.793Z - info: Site data built
2019-11-26T05:00:59.220Z - info: Website generation started at 1:00:59 PM
2019-11-26T05:00:59.494Z - info: Building assets...
2019-11-26T05:00:59.747Z - info: Assets built
2019-11-26T05:00:59.748Z - info: Generating pages...
2019-11-26T05:01:00.423Z - info: Pages built
2019-11-26T05:01:00.642Z - info: Website generation complete! Total build time: 1.587s
2019-11-26T05:01:00.642Z - info: Build success!
2019-11-26T05:01:00.654Z - info: Site data built
2019-11-26T05:01:16.991Z - info: Deployed!
