2020-01-09T08:26:50.447Z - info: Website generation started at 4:26:50 PM
2020-01-09T08:26:50.924Z - info: Building assets...
2020-01-09T08:26:51.444Z - info: Assets built
2020-01-09T08:26:51.444Z - info: Generating pages...
2020-01-09T08:26:52.431Z - info: Pages built
2020-01-09T08:26:52.711Z - info: Website generation complete! Total build time: 2.329s
2020-01-09T08:26:53.111Z - info: Serving "C:\repos\nus-cs3281\cs3281-website\_site" at http://127.0.0.1:8080
2020-01-09T08:26:53.111Z - info: Press CTRL+C to stop ...
2020-01-09T08:26:53.211Z - info: Site data built
2020-01-09T08:29:51.693Z - info: [4:29:51 PM] Reload for file change: C:\repos\nus-cs3281\cs3281-website\schedule\index.mbd
2020-01-09T08:29:52.694Z - info: Rebuilding affected source files
2020-01-09T08:29:52.695Z - info: Rebuilding 1 pages
2020-01-09T08:29:53.080Z - info: Pages rebuilt
2020-01-09T08:29:53.087Z - info: Site data built
2020-01-09T08:30:31.862Z - info: [4:30:31 PM] Reload for file change: C:\repos\nus-cs3281\cs3281-website\schedule\index.mbd
2020-01-09T08:30:32.863Z - info: Rebuilding affected source files
2020-01-09T08:30:32.864Z - info: Rebuilding 1 pages
2020-01-09T08:30:33.242Z - info: Pages rebuilt
2020-01-09T08:30:33.248Z - info: Site data built
2020-01-09T08:31:05.851Z - info: [4:31:05 PM] Reload for file change: C:\repos\nus-cs3281\cs3281-website\schedule\index.mbd
2020-01-09T08:31:06.852Z - info: Rebuilding affected source files
2020-01-09T08:31:06.853Z - info: Rebuilding 1 pages
2020-01-09T08:31:07.191Z - info: Pages rebuilt
2020-01-09T08:31:07.198Z - info: Site data built
2020-01-09T08:31:26.341Z - info: [4:31:26 PM] Reload for file change: C:\repos\nus-cs3281\cs3281-website\schedule\index.mbd
2020-01-09T08:31:27.342Z - info: Rebuilding affected source files
2020-01-09T08:31:27.343Z - info: Rebuilding 1 pages
2020-01-09T08:31:27.611Z - info: Pages rebuilt
2020-01-09T08:31:27.618Z - info: Site data built
2020-01-09T08:31:51.976Z - info: [4:31:51 PM] Reload for file change: C:\repos\nus-cs3281\cs3281-website\schedule\index.mbd
2020-01-09T08:31:52.977Z - info: Rebuilding affected source files
2020-01-09T08:31:52.978Z - info: Rebuilding 1 pages
2020-01-09T08:31:53.280Z - info: Pages rebuilt
2020-01-09T08:31:53.287Z - info: Site data built
2020-01-09T08:32:45.744Z - info: [4:32:45 PM] Reload for file change: C:\repos\nus-cs3281\cs3281-website\schedule\index.mbd
2020-01-09T08:32:46.745Z - info: Rebuilding affected source files
2020-01-09T08:32:46.745Z - info: Rebuilding 1 pages
2020-01-09T08:32:47.000Z - info: Pages rebuilt
2020-01-09T08:32:47.007Z - info: Site data built
2020-01-09T08:33:35.324Z - info: [4:33:35 PM] Reload for file change: C:\repos\nus-cs3281\cs3281-website\schedule\index.mbd
2020-01-09T08:33:36.324Z - info: Rebuilding affected source files
2020-01-09T08:33:36.325Z - info: Rebuilding 1 pages
2020-01-09T08:33:36.597Z - info: Pages rebuilt
2020-01-09T08:33:36.604Z - info: Site data built
2020-01-09T08:35:29.169Z - info: [4:35:29 PM] Reload for file change: C:\repos\nus-cs3281\cs3281-website\schedule\index.mbd
2020-01-09T08:35:30.170Z - info: Rebuilding affected source files
2020-01-09T08:35:30.171Z - info: Rebuilding 1 pages
2020-01-09T08:35:30.520Z - info: Pages rebuilt
2020-01-09T08:35:30.526Z - info: Site data built
2020-01-09T08:40:43.878Z - info: [4:40:43 PM] Reload for file change: C:\repos\nus-cs3281\cs3281-website\_markbind\head\head.mbdf
2020-01-09T08:40:44.880Z - info: Rebuilding affected source files
2020-01-09T08:40:44.881Z - info: Rebuilding 7 pages
2020-01-09T08:40:45.493Z - info: Pages rebuilt
2020-01-09T08:40:45.510Z - info: Site data built
2020-01-09T08:44:21.379Z - info: [4:44:21 PM] Reload for file change: C:\repos\nus-cs3281\cs3281-website\_markbind\head\head.mbdf
2020-01-09T08:44:22.380Z - info: Rebuilding affected source files
2020-01-09T08:44:22.383Z - info: Rebuilding 7 pages
2020-01-09T08:44:23.028Z - info: Pages rebuilt
2020-01-09T08:44:23.042Z - info: Site data built
2020-01-09T08:44:32.478Z - info: [4:44:32 PM] Reload for file change: C:\repos\nus-cs3281\cs3281-website\_markbind\head\head.mbdf
2020-01-09T08:44:33.479Z - info: Rebuilding affected source files
2020-01-09T08:44:33.480Z - info: Rebuilding 7 pages
2020-01-09T08:44:34.002Z - info: Pages rebuilt
2020-01-09T08:44:34.017Z - info: Site data built
2020-01-09T08:45:23.666Z - info: [4:45:23 PM] Reload for file change: C:\repos\nus-cs3281\cs3281-website\_markbind\head\head.mbdf
2020-01-09T08:45:24.666Z - info: Rebuilding affected source files
2020-01-09T08:45:24.667Z - info: Rebuilding 7 pages
2020-01-09T08:45:25.313Z - info: Pages rebuilt
2020-01-09T08:45:25.324Z - info: Site data built
2020-01-09T08:45:36.428Z - info: [4:45:36 PM] Reload for file change: C:\repos\nus-cs3281\cs3281-website\_markbind\head\head.mbdf
2020-01-09T08:45:37.428Z - info: Rebuilding affected source files
2020-01-09T08:45:37.430Z - info: Rebuilding 7 pages
2020-01-09T08:45:38.017Z - info: Pages rebuilt
2020-01-09T08:45:38.026Z - info: Site data built
2020-01-09T08:46:05.719Z - info: [4:46:05 PM] Reload for file change: C:\repos\nus-cs3281\cs3281-website\_markbind\head\head.mbdf
2020-01-09T08:46:06.720Z - info: Rebuilding affected source files
2020-01-09T08:46:06.721Z - info: Rebuilding 7 pages
2020-01-09T08:46:07.324Z - info: Pages rebuilt
2020-01-09T08:46:07.334Z - info: Site data built
2020-01-09T08:46:35.080Z - info: [4:46:35 PM] Reload for file change: C:\repos\nus-cs3281\cs3281-website\_markbind\head\head.mbdf
2020-01-09T08:46:36.081Z - info: Rebuilding affected source files
2020-01-09T08:46:36.083Z - info: Rebuilding 7 pages
2020-01-09T08:46:36.620Z - info: Pages rebuilt
2020-01-09T08:46:36.631Z - info: Site data built
2020-01-09T08:47:05.528Z - info: [4:47:05 PM] Reload for file change: C:\repos\nus-cs3281\cs3281-website\_markbind\head\head.mbdf
2020-01-09T08:47:06.529Z - info: Rebuilding affected source files
2020-01-09T08:47:06.531Z - info: Rebuilding 7 pages
2020-01-09T08:47:07.078Z - info: Pages rebuilt
2020-01-09T08:47:07.085Z - info: Site data built
2020-01-09T08:47:33.272Z - info: [4:47:33 PM] Reload for file change: C:\repos\nus-cs3281\cs3281-website\_markbind\head\head.mbdf
2020-01-09T08:47:34.274Z - info: Rebuilding affected source files
2020-01-09T08:47:34.275Z - info: Rebuilding 7 pages
2020-01-09T08:47:34.873Z - info: Pages rebuilt
2020-01-09T08:47:34.884Z - info: Site data built
2020-01-09T08:48:30.217Z - info: [4:48:30 PM] Reload for file change: C:\repos\nus-cs3281\cs3281-website\_markbind\head\head.mbdf
2020-01-09T08:48:31.219Z - info: Rebuilding affected source files
2020-01-09T08:48:31.222Z - info: Rebuilding 7 pages
2020-01-09T08:48:31.791Z - info: Pages rebuilt
2020-01-09T08:48:31.797Z - info: Site data built
2020-01-09T08:48:45.976Z - info: [4:48:45 PM] Reload for file change: C:\repos\nus-cs3281\cs3281-website\_markbind\head\head.mbdf
2020-01-09T08:48:46.976Z - info: Rebuilding affected source files
2020-01-09T08:48:46.978Z - info: Rebuilding 7 pages
2020-01-09T08:48:47.559Z - info: Pages rebuilt
2020-01-09T08:48:47.566Z - info: Site data built
2020-01-09T08:48:55.867Z - info: [4:48:55 PM] Reload for file change: C:\repos\nus-cs3281\cs3281-website\_markbind\head\head.mbdf
2020-01-09T08:48:56.869Z - info: Rebuilding affected source files
2020-01-09T08:48:56.872Z - info: Rebuilding 7 pages
2020-01-09T08:48:57.426Z - info: Pages rebuilt
2020-01-09T08:48:57.433Z - info: Site data built
2020-01-09T08:49:26.796Z - info: [4:49:26 PM] Reload for file change: C:\repos\nus-cs3281\cs3281-website\_markbind\head\head.mbdf
2020-01-09T08:49:27.796Z - info: Rebuilding affected source files
2020-01-09T08:49:27.797Z - info: Rebuilding 7 pages
2020-01-09T08:49:28.256Z - info: Pages rebuilt
2020-01-09T08:49:28.264Z - info: Site data built
2020-01-09T08:49:42.955Z - info: [4:49:42 PM] Reload for file change: C:\repos\nus-cs3281\cs3281-website\_markbind\head\head.mbdf
2020-01-09T08:49:43.956Z - info: Rebuilding affected source files
2020-01-09T08:49:43.958Z - info: Rebuilding 7 pages
2020-01-09T08:49:44.539Z - info: Pages rebuilt
2020-01-09T08:49:44.546Z - info: Site data built
2020-01-09T08:49:52.772Z - info: [4:49:52 PM] Reload for file change: C:\repos\nus-cs3281\cs3281-website\_markbind\head\head.mbdf
2020-01-09T08:49:53.773Z - info: Rebuilding affected source files
2020-01-09T08:49:53.776Z - info: Rebuilding 7 pages
2020-01-09T08:49:54.337Z - info: Pages rebuilt
2020-01-09T08:49:54.346Z - info: Site data built
2020-01-09T08:50:09.885Z - info: [4:50:09 PM] Reload for file change: C:\repos\nus-cs3281\cs3281-website\_markbind\head\head.mbdf
2020-01-09T08:50:10.887Z - info: Rebuilding affected source files
2020-01-09T08:50:10.888Z - info: Rebuilding 7 pages
2020-01-09T08:50:11.461Z - info: Pages rebuilt
2020-01-09T08:50:11.473Z - info: Site data built
2020-01-09T08:50:33.178Z - info: [4:50:33 PM] Reload for file change: C:\repos\nus-cs3281\cs3281-website\_markbind\head\head.mbdf
2020-01-09T08:50:34.180Z - info: Rebuilding affected source files
2020-01-09T08:50:34.181Z - info: Rebuilding 7 pages
2020-01-09T08:50:34.761Z - info: Pages rebuilt
2020-01-09T08:50:34.772Z - info: Site data built
2020-01-09T08:51:12.908Z - info: [4:51:12 PM] Reload for file change: C:\repos\nus-cs3281\cs3281-website\_markbind\head\head.mbdf
2020-01-09T08:51:13.911Z - info: Rebuilding affected source files
2020-01-09T08:51:13.912Z - info: Rebuilding 7 pages
2020-01-09T08:51:14.490Z - info: Pages rebuilt
2020-01-09T08:51:14.500Z - info: Site data built
2020-01-09T08:53:19.866Z - info: [4:53:19 PM] Reload for file change: C:\repos\nus-cs3281\cs3281-website\schedule\index.mbd
2020-01-09T08:53:20.867Z - info: Rebuilding affected source files
2020-01-09T08:53:20.867Z - info: Rebuilding 1 pages
2020-01-09T08:53:21.180Z - info: Pages rebuilt
2020-01-09T08:53:21.187Z - info: Site data built
2020-01-09T08:53:28.321Z - info: [4:53:28 PM] Reload for file change: C:\repos\nus-cs3281\cs3281-website\schedule\index.mbd
2020-01-09T08:53:29.322Z - info: Rebuilding affected source files
2020-01-09T08:53:29.323Z - info: Rebuilding 1 pages
2020-01-09T08:53:29.587Z - info: Pages rebuilt
2020-01-09T08:53:29.595Z - info: Site data built
2020-01-09T08:53:56.194Z - info: [4:53:56 PM] Reload for file change: C:\repos\nus-cs3281\cs3281-website\schedule\index.mbd
2020-01-09T08:53:57.195Z - info: Rebuilding affected source files
2020-01-09T08:53:57.196Z - info: Rebuilding 1 pages
2020-01-09T08:53:57.452Z - info: Pages rebuilt
2020-01-09T08:53:57.460Z - info: Site data built
2020-01-09T08:54:08.930Z - info: [4:54:08 PM] Reload for file change: C:\repos\nus-cs3281\cs3281-website\schedule\index.mbd
2020-01-09T08:54:09.932Z - info: Rebuilding affected source files
2020-01-09T08:54:09.933Z - info: Rebuilding 1 pages
2020-01-09T08:54:10.253Z - info: Pages rebuilt
2020-01-09T08:54:10.261Z - info: Site data built
2020-01-09T08:54:23.380Z - info: [4:54:23 PM] Reload for file change: C:\repos\nus-cs3281\cs3281-website\schedule\index.mbd
2020-01-09T08:54:24.380Z - info: Rebuilding affected source files
2020-01-09T08:54:24.381Z - info: Rebuilding 1 pages
2020-01-09T08:54:24.714Z - info: Pages rebuilt
2020-01-09T08:54:24.721Z - info: Site data built
2020-01-09T08:54:35.662Z - info: [4:54:35 PM] Reload for file change: C:\repos\nus-cs3281\cs3281-website\schedule\index.mbd
2020-01-09T08:54:36.662Z - info: Rebuilding affected source files
2020-01-09T08:54:36.663Z - info: Rebuilding 1 pages
2020-01-09T08:54:36.904Z - info: Pages rebuilt
2020-01-09T08:54:36.915Z - info: Site data built
2020-01-09T08:54:47.100Z - info: [4:54:47 PM] Reload for file change: C:\repos\nus-cs3281\cs3281-website\schedule\index.mbd
2020-01-09T08:54:48.102Z - info: Rebuilding affected source files
2020-01-09T08:54:48.102Z - info: Rebuilding 1 pages
2020-01-09T08:54:48.371Z - info: Pages rebuilt
2020-01-09T08:54:48.377Z - info: Site data built
2020-01-09T08:55:10.578Z - info: [4:55:10 PM] Reload for file change: C:\repos\nus-cs3281\cs3281-website\schedule\index.mbd
2020-01-09T08:55:11.579Z - info: Rebuilding affected source files
2020-01-09T08:55:11.580Z - info: Rebuilding 1 pages
2020-01-09T08:55:11.913Z - info: Pages rebuilt
2020-01-09T08:55:11.920Z - info: Site data built
2020-01-09T09:56:52.301Z - info: [5:56:52 PM] Reload for file change: C:\repos\nus-cs3281\cs3281-website\schedule\index.mbd
2020-01-09T09:56:53.308Z - info: Rebuilding affected source files
2020-01-09T09:56:53.317Z - info: Rebuilding 1 pages
2020-01-09T09:56:53.761Z - info: Pages rebuilt
2020-01-09T09:56:53.768Z - info: Site data built
2020-01-09T09:59:12.662Z - info: [5:59:12 PM] Reload for file change: C:\repos\nus-cs3281\cs3281-website\schedule\index.mbd
2020-01-09T09:59:13.663Z - info: Rebuilding affected source files
2020-01-09T09:59:13.664Z - info: Rebuilding 1 pages
2020-01-09T09:59:13.717Z - error:  Error: Empty src attribute in include in: C:\repos\nus-cs3281\cs3281-website\schedule\index.mbd
    at Parser._preprocess (C:\Users\dcsdcr\AppData\Roaming\npm\node_modules\markbind-cli\src\lib\markbind\src\parser.js:326:19)
    at element.children.element.children.map.e (C:\Users\dcsdcr\AppData\Roaming\npm\node_modules\markbind-cli\src\lib\markbind\src\parser.js:505:57)
    at Array.map (<anonymous>)
    at Parser._preprocess (C:\Users\dcsdcr\AppData\Roaming\npm\node_modules\markbind-cli\src\lib\markbind\src\parser.js:505:43)
    at element.children.element.children.map.e (C:\Users\dcsdcr\AppData\Roaming\npm\node_modules\markbind-cli\src\lib\markbind\src\parser.js:505:57)
    at Array.map (<anonymous>)
    at Parser._preprocess (C:\Users\dcsdcr\AppData\Roaming\npm\node_modules\markbind-cli\src\lib\markbind\src\parser.js:505:43)
    at element.children.element.children.map.e (C:\Users\dcsdcr\AppData\Roaming\npm\node_modules\markbind-cli\src\lib\markbind\src\parser.js:505:57)
    at Array.map (<anonymous>)
    at Parser._preprocess (C:\Users\dcsdcr\AppData\Roaming\npm\node_modules\markbind-cli\src\lib\markbind\src\parser.js:505:43)
    at dom.map (C:\Users\dcsdcr\AppData\Roaming\npm\node_modules\markbind-cli\src\lib\markbind\src\parser.js:673:28)
    at Array.map (<anonymous>)
    at DomHandler.htmlparser.DomHandler [as _callback] (C:\Users\dcsdcr\AppData\Roaming\npm\node_modules\markbind-cli\src\lib\markbind\src\parser.js:670:25)
    at DomHandler._handleCallback.DomHandler.onerror (C:\Users\dcsdcr\AppData\Roaming\npm\node_modules\markbind-cli\node_modules\domhandler\index.js:52:8)
    at DomHandler.onend (C:\Users\dcsdcr\AppData\Roaming\npm\node_modules\markbind-cli\node_modules\domhandler\index.js:46:7)
    at Parser.onend (C:\Users\dcsdcr\AppData\Roaming\npm\node_modules\markbind-cli\node_modules\htmlparser2\lib\Parser.js:340:36)
2020-01-09T09:59:13.981Z - info: Pages rebuilt
2020-01-09T09:59:13.988Z - info: Site data built
2020-01-09T10:01:41.837Z - info: [6:01:41 PM] Reload for file change: C:\repos\nus-cs3281\cs3281-website\admin\cs3282.mbd
2020-01-09T10:01:42.838Z - info: Rebuilding affected source files
2020-01-09T10:01:42.839Z - info: Rebuilding 2 pages
2020-01-09T10:01:42.900Z - error:  Error: Empty src attribute in include in: C:\repos\nus-cs3281\cs3281-website\schedule\index.mbd
    at Parser._preprocess (C:\Users\dcsdcr\AppData\Roaming\npm\node_modules\markbind-cli\src\lib\markbind\src\parser.js:326:19)
    at element.children.element.children.map.e (C:\Users\dcsdcr\AppData\Roaming\npm\node_modules\markbind-cli\src\lib\markbind\src\parser.js:505:57)
    at Array.map (<anonymous>)
    at Parser._preprocess (C:\Users\dcsdcr\AppData\Roaming\npm\node_modules\markbind-cli\src\lib\markbind\src\parser.js:505:43)
    at element.children.element.children.map.e (C:\Users\dcsdcr\AppData\Roaming\npm\node_modules\markbind-cli\src\lib\markbind\src\parser.js:505:57)
    at Array.map (<anonymous>)
    at Parser._preprocess (C:\Users\dcsdcr\AppData\Roaming\npm\node_modules\markbind-cli\src\lib\markbind\src\parser.js:505:43)
    at element.children.element.children.map.e (C:\Users\dcsdcr\AppData\Roaming\npm\node_modules\markbind-cli\src\lib\markbind\src\parser.js:505:57)
    at Array.map (<anonymous>)
    at Parser._preprocess (C:\Users\dcsdcr\AppData\Roaming\npm\node_modules\markbind-cli\src\lib\markbind\src\parser.js:505:43)
    at dom.map (C:\Users\dcsdcr\AppData\Roaming\npm\node_modules\markbind-cli\src\lib\markbind\src\parser.js:673:28)
    at Array.map (<anonymous>)
    at DomHandler.htmlparser.DomHandler [as _callback] (C:\Users\dcsdcr\AppData\Roaming\npm\node_modules\markbind-cli\src\lib\markbind\src\parser.js:670:25)
    at DomHandler._handleCallback.DomHandler.onerror (C:\Users\dcsdcr\AppData\Roaming\npm\node_modules\markbind-cli\node_modules\domhandler\index.js:52:8)
    at DomHandler.onend (C:\Users\dcsdcr\AppData\Roaming\npm\node_modules\markbind-cli\node_modules\domhandler\index.js:46:7)
    at Parser.onend (C:\Users\dcsdcr\AppData\Roaming\npm\node_modules\markbind-cli\node_modules\htmlparser2\lib\Parser.js:340:36)
2020-01-09T10:01:43.297Z - info: Pages rebuilt
2020-01-09T10:01:43.305Z - info: Site data built
2020-01-09T10:05:00.382Z - info: [6:05:00 PM] Reload for file change: C:\repos\nus-cs3281\cs3281-website\admin\cs3282.mbd
2020-01-09T10:05:00.390Z - info: [6:05:00 PM] Reload for file change: C:\repos\nus-cs3281\cs3281-website\schedule\index.mbd
2020-01-09T10:05:01.384Z - info: Rebuilding affected source files
2020-01-09T10:05:01.385Z - info: Rebuilding 2 pages
2020-01-09T10:05:01.431Z - error:  Error: No such file: C:\repos\nus-cs3281\cs3281-website\cs3282.mbd
Missing reference in C:\repos\nus-cs3281\cs3281-website\schedule\index.mbd
    at Parser._preprocess (C:\Users\dcsdcr\AppData\Roaming\npm\node_modules\markbind-cli\src\lib\markbind\src\parser.js:355:21)
    at element.children.element.children.map.e (C:\Users\dcsdcr\AppData\Roaming\npm\node_modules\markbind-cli\src\lib\markbind\src\parser.js:505:57)
    at Array.map (<anonymous>)
    at Parser._preprocess (C:\Users\dcsdcr\AppData\Roaming\npm\node_modules\markbind-cli\src\lib\markbind\src\parser.js:505:43)
    at element.children.element.children.map.e (C:\Users\dcsdcr\AppData\Roaming\npm\node_modules\markbind-cli\src\lib\markbind\src\parser.js:505:57)
    at Array.map (<anonymous>)
    at Parser._preprocess (C:\Users\dcsdcr\AppData\Roaming\npm\node_modules\markbind-cli\src\lib\markbind\src\parser.js:505:43)
    at element.children.element.children.map.e (C:\Users\dcsdcr\AppData\Roaming\npm\node_modules\markbind-cli\src\lib\markbind\src\parser.js:505:57)
    at Array.map (<anonymous>)
    at Parser._preprocess (C:\Users\dcsdcr\AppData\Roaming\npm\node_modules\markbind-cli\src\lib\markbind\src\parser.js:505:43)
    at dom.map (C:\Users\dcsdcr\AppData\Roaming\npm\node_modules\markbind-cli\src\lib\markbind\src\parser.js:673:28)
    at Array.map (<anonymous>)
    at DomHandler.htmlparser.DomHandler [as _callback] (C:\Users\dcsdcr\AppData\Roaming\npm\node_modules\markbind-cli\src\lib\markbind\src\parser.js:670:25)
    at DomHandler._handleCallback.DomHandler.onerror (C:\Users\dcsdcr\AppData\Roaming\npm\node_modules\markbind-cli\node_modules\domhandler\index.js:52:8)
    at DomHandler.onend (C:\Users\dcsdcr\AppData\Roaming\npm\node_modules\markbind-cli\node_modules\domhandler\index.js:46:7)
    at Parser.onend (C:\Users\dcsdcr\AppData\Roaming\npm\node_modules\markbind-cli\node_modules\htmlparser2\lib\Parser.js:340:36)
2020-01-09T10:05:01.761Z - info: Pages rebuilt
2020-01-09T10:05:01.769Z - info: Site data built
2020-01-09T10:06:05.253Z - info: [6:06:05 PM] Reload for file change: C:\repos\nus-cs3281\cs3281-website\admin\cs3282.mbd
2020-01-09T10:06:06.255Z - info: Rebuilding affected source files
2020-01-09T10:06:06.256Z - info: Rebuilding 2 pages
2020-01-09T10:06:06.311Z - error:  Error: No such file: C:\repos\nus-cs3281\cs3281-website\cs3282.mbd
Missing reference in C:\repos\nus-cs3281\cs3281-website\schedule\index.mbd
    at Parser._preprocess (C:\Users\dcsdcr\AppData\Roaming\npm\node_modules\markbind-cli\src\lib\markbind\src\parser.js:355:21)
    at element.children.element.children.map.e (C:\Users\dcsdcr\AppData\Roaming\npm\node_modules\markbind-cli\src\lib\markbind\src\parser.js:505:57)
    at Array.map (<anonymous>)
    at Parser._preprocess (C:\Users\dcsdcr\AppData\Roaming\npm\node_modules\markbind-cli\src\lib\markbind\src\parser.js:505:43)
    at element.children.element.children.map.e (C:\Users\dcsdcr\AppData\Roaming\npm\node_modules\markbind-cli\src\lib\markbind\src\parser.js:505:57)
    at Array.map (<anonymous>)
    at Parser._preprocess (C:\Users\dcsdcr\AppData\Roaming\npm\node_modules\markbind-cli\src\lib\markbind\src\parser.js:505:43)
    at element.children.element.children.map.e (C:\Users\dcsdcr\AppData\Roaming\npm\node_modules\markbind-cli\src\lib\markbind\src\parser.js:505:57)
    at Array.map (<anonymous>)
    at Parser._preprocess (C:\Users\dcsdcr\AppData\Roaming\npm\node_modules\markbind-cli\src\lib\markbind\src\parser.js:505:43)
    at dom.map (C:\Users\dcsdcr\AppData\Roaming\npm\node_modules\markbind-cli\src\lib\markbind\src\parser.js:673:28)
    at Array.map (<anonymous>)
    at DomHandler.htmlparser.DomHandler [as _callback] (C:\Users\dcsdcr\AppData\Roaming\npm\node_modules\markbind-cli\src\lib\markbind\src\parser.js:670:25)
    at DomHandler._handleCallback.DomHandler.onerror (C:\Users\dcsdcr\AppData\Roaming\npm\node_modules\markbind-cli\node_modules\domhandler\index.js:52:8)
    at DomHandler.onend (C:\Users\dcsdcr\AppData\Roaming\npm\node_modules\markbind-cli\node_modules\domhandler\index.js:46:7)
    at Parser.onend (C:\Users\dcsdcr\AppData\Roaming\npm\node_modules\markbind-cli\node_modules\htmlparser2\lib\Parser.js:340:36)
2020-01-09T10:06:06.698Z - info: Pages rebuilt
2020-01-09T10:06:06.707Z - info: Site data built
2020-01-09T10:06:57.957Z - info: [6:06:57 PM] Reload for file change: C:\repos\nus-cs3281\cs3281-website\schedule\index.mbd
2020-01-09T10:06:58.958Z - info: Rebuilding affected source files
2020-01-09T10:06:58.959Z - info: Rebuilding 1 pages
2020-01-09T10:06:59.294Z - info: Pages rebuilt
2020-01-09T10:06:59.301Z - info: Site data built
2020-01-09T10:07:37.270Z - info: [6:07:37 PM] Reload for file change: C:\repos\nus-cs3281\cs3281-website\schedule\index.mbd
2020-01-09T10:07:38.272Z - info: Rebuilding affected source files
2020-01-09T10:07:38.273Z - info: Rebuilding 1 pages
2020-01-09T10:07:38.594Z - info: Pages rebuilt
2020-01-09T10:07:38.601Z - info: Site data built
2020-01-09T10:07:52.516Z - info: [6:07:52 PM] Reload for file change: C:\repos\nus-cs3281\cs3281-website\schedule\index.mbd
2020-01-09T10:07:53.517Z - info: Rebuilding affected source files
2020-01-09T10:07:53.518Z - info: Rebuilding 1 pages
2020-01-09T10:07:53.830Z - info: Pages rebuilt
2020-01-09T10:07:53.837Z - info: Site data built
2020-01-09T10:08:18.130Z - info: [6:08:18 PM] Reload for file change: C:\repos\nus-cs3281\cs3281-website\schedule\index.mbd
2020-01-09T10:08:19.131Z - info: Rebuilding affected source files
2020-01-09T10:08:19.132Z - info: Rebuilding 1 pages
2020-01-09T10:08:19.419Z - info: Pages rebuilt
2020-01-09T10:08:19.427Z - info: Site data built
2020-01-09T10:08:26.320Z - info: [6:08:26 PM] Reload for file change: C:\repos\nus-cs3281\cs3281-website\schedule\index.mbd
2020-01-09T10:08:27.321Z - info: Rebuilding affected source files
2020-01-09T10:08:27.322Z - info: Rebuilding 1 pages
2020-01-09T10:08:27.701Z - info: Pages rebuilt
2020-01-09T10:08:27.709Z - info: Site data built
2020-01-09T10:09:34.158Z - info: [6:09:34 PM] Reload for file change: C:\repos\nus-cs3281\cs3281-website\schedule\index.mbd
2020-01-09T10:09:35.159Z - info: Rebuilding affected source files
2020-01-09T10:09:35.159Z - info: Rebuilding 1 pages
2020-01-09T10:09:35.468Z - info: Pages rebuilt
2020-01-09T10:09:35.475Z - info: Site data built
2020-01-09T10:10:07.903Z - info: [6:10:07 PM] Reload for file change: C:\repos\nus-cs3281\cs3281-website\schedule\index.mbd
2020-01-09T10:10:08.903Z - info: Rebuilding affected source files
2020-01-09T10:10:08.904Z - info: Rebuilding 1 pages
2020-01-09T10:10:09.220Z - info: Pages rebuilt
2020-01-09T10:10:09.227Z - info: Site data built
2020-01-09T10:10:50.496Z - info: [6:10:50 PM] Reload for file change: C:\repos\nus-cs3281\cs3281-website\schedule\index.mbd
2020-01-09T10:10:51.498Z - info: Rebuilding affected source files
2020-01-09T10:10:51.498Z - info: Rebuilding 1 pages
2020-01-09T10:10:51.788Z - info: Pages rebuilt
2020-01-09T10:10:51.795Z - info: Site data built
2020-01-09T10:12:32.839Z - info: [6:12:32 PM] Reload for file change: C:\repos\nus-cs3281\cs3281-website\schedule\index.mbd
2020-01-09T10:12:33.840Z - info: Rebuilding affected source files
2020-01-09T10:12:33.840Z - info: Rebuilding 1 pages
2020-01-09T10:12:34.219Z - info: Pages rebuilt
2020-01-09T10:12:34.226Z - info: Site data built
2020-01-09T10:15:14.980Z - info: [6:15:14 PM] Reload for file change: C:\repos\nus-cs3281\cs3281-website\schedule\index.mbd
2020-01-09T10:15:15.981Z - info: Rebuilding affected source files
2020-01-09T10:15:15.982Z - info: Rebuilding 1 pages
2020-01-09T10:15:16.308Z - info: Pages rebuilt
2020-01-09T10:15:16.315Z - info: Site data built
2020-01-09T10:17:03.729Z - info: [6:17:03 PM] Reload for file change: C:\repos\nus-cs3281\cs3281-website\schedule\index.mbd
2020-01-09T10:17:04.730Z - info: Rebuilding affected source files
2020-01-09T10:17:04.731Z - info: Rebuilding 1 pages
2020-01-09T10:17:05.051Z - info: Pages rebuilt
2020-01-09T10:17:05.058Z - info: Site data built
2020-01-09T10:17:37.164Z - info: [6:17:37 PM] Reload for file change: C:\repos\nus-cs3281\cs3281-website\schedule\index.mbd
2020-01-09T10:17:38.166Z - info: Rebuilding affected source files
2020-01-09T10:17:38.167Z - info: Rebuilding 1 pages
2020-01-09T10:17:38.489Z - info: Pages rebuilt
2020-01-09T10:17:38.496Z - info: Site data built
2020-01-09T10:18:19.095Z - info: [6:18:19 PM] Reload for file change: C:\repos\nus-cs3281\cs3281-website\schedule\index.mbd
2020-01-09T10:18:20.097Z - info: Rebuilding affected source files
2020-01-09T10:18:20.097Z - info: Rebuilding 1 pages
2020-01-09T10:18:20.408Z - info: Pages rebuilt
2020-01-09T10:18:20.415Z - info: Site data built
2020-01-09T10:19:27.306Z - info: [6:19:27 PM] Reload for file change: C:\repos\nus-cs3281\cs3281-website\schedule\index.mbd
2020-01-09T10:19:28.308Z - info: Rebuilding affected source files
2020-01-09T10:19:28.308Z - info: Rebuilding 1 pages
2020-01-09T10:19:28.639Z - info: Pages rebuilt
2020-01-09T10:19:28.646Z - info: Site data built
2020-01-09T10:21:17.191Z - info: [6:21:17 PM] Reload for file change: C:\repos\nus-cs3281\cs3281-website\schedule\index.mbd
2020-01-09T10:21:18.194Z - info: Rebuilding affected source files
2020-01-09T10:21:18.194Z - info: Rebuilding 1 pages
2020-01-09T10:21:18.513Z - info: Pages rebuilt
2020-01-09T10:21:18.520Z - info: Site data built
2020-01-09T10:23:14.152Z - info: [6:23:14 PM] Reload for file change: C:\repos\nus-cs3281\cs3281-website\schedule\index.mbd
2020-01-09T10:23:15.152Z - info: Rebuilding affected source files
2020-01-09T10:23:15.152Z - info: Rebuilding 1 pages
2020-01-09T10:23:15.454Z - info: Pages rebuilt
2020-01-09T10:23:15.461Z - info: Site data built
2020-01-09T10:23:24.335Z - info: [6:23:24 PM] Reload for file change: C:\repos\nus-cs3281\cs3281-website\schedule\index.mbd
2020-01-09T10:23:25.337Z - info: Rebuilding affected source files
2020-01-09T10:23:25.338Z - info: Rebuilding 1 pages
2020-01-09T10:23:25.689Z - info: Pages rebuilt
2020-01-09T10:23:25.696Z - info: Site data built
2020-01-09T10:23:43.526Z - info: [6:23:43 PM] Reload for file change: C:\repos\nus-cs3281\cs3281-website\schedule\index.mbd
2020-01-09T10:23:44.529Z - info: Rebuilding affected source files
2020-01-09T10:23:44.530Z - info: Rebuilding 1 pages
2020-01-09T10:23:44.847Z - info: Pages rebuilt
2020-01-09T10:23:44.855Z - info: Site data built
2020-01-09T10:25:08.951Z - info: [6:25:08 PM] Reload for file change: C:\repos\nus-cs3281\cs3281-website\schedule\index.mbd
2020-01-09T10:25:09.952Z - info: Rebuilding affected source files
2020-01-09T10:25:09.953Z - info: Rebuilding 1 pages
2020-01-09T10:25:10.280Z - info: Pages rebuilt
2020-01-09T10:25:10.288Z - info: Site data built
2020-01-09T10:25:22.195Z - info: [6:25:22 PM] Reload for file change: C:\repos\nus-cs3281\cs3281-website\schedule\index.mbd
2020-01-09T10:25:23.197Z - info: Rebuilding affected source files
2020-01-09T10:25:23.198Z - info: Rebuilding 1 pages
2020-01-09T10:25:23.507Z - info: Pages rebuilt
2020-01-09T10:25:23.515Z - info: Site data built
2020-01-09T10:25:32.925Z - info: [6:25:32 PM] Reload for file change: C:\repos\nus-cs3281\cs3281-website\schedule\index.mbd
2020-01-09T10:25:33.926Z - info: Rebuilding affected source files
2020-01-09T10:25:33.927Z - info: Rebuilding 1 pages
2020-01-09T10:25:34.156Z - info: Pages rebuilt
2020-01-09T10:25:34.166Z - info: Site data built
2020-01-09T10:26:04.605Z - info: [6:26:04 PM] Reload for file change: C:\repos\nus-cs3281\cs3281-website\schedule\index.mbd
2020-01-09T10:26:05.605Z - info: Rebuilding affected source files
2020-01-09T10:26:05.606Z - info: Rebuilding 1 pages
2020-01-09T10:26:05.939Z - info: Pages rebuilt
2020-01-09T10:26:05.946Z - info: Site data built
2020-01-09T10:26:20.827Z - info: [6:26:20 PM] Reload for file change: C:\repos\nus-cs3281\cs3281-website\schedule\index.mbd
2020-01-09T10:26:21.827Z - info: Rebuilding affected source files
2020-01-09T10:26:21.828Z - info: Rebuilding 1 pages
2020-01-09T10:26:22.147Z - info: Pages rebuilt
2020-01-09T10:26:22.154Z - info: Site data built
2020-01-09T10:26:36.271Z - info: [6:26:36 PM] Reload for file change: C:\repos\nus-cs3281\cs3281-website\schedule\index.mbd
2020-01-09T10:26:37.271Z - info: Rebuilding affected source files
2020-01-09T10:26:37.272Z - info: Rebuilding 1 pages
2020-01-09T10:26:37.577Z - info: Pages rebuilt
2020-01-09T10:26:37.584Z - info: Site data built
2020-01-09T10:26:46.962Z - info: [6:26:46 PM] Reload for file change: C:\repos\nus-cs3281\cs3281-website\schedule\index.mbd
2020-01-09T10:26:47.963Z - info: Rebuilding affected source files
2020-01-09T10:26:47.963Z - info: Rebuilding 1 pages
2020-01-09T10:26:48.188Z - info: Pages rebuilt
2020-01-09T10:26:48.199Z - info: Site data built
2020-01-09T10:26:56.879Z - info: [6:26:56 PM] Reload for file change: C:\repos\nus-cs3281\cs3281-website\schedule\index.mbd
2020-01-09T10:26:57.879Z - info: Rebuilding affected source files
2020-01-09T10:26:57.880Z - info: Rebuilding 1 pages
2020-01-09T10:26:58.147Z - info: Pages rebuilt
2020-01-09T10:26:58.158Z - info: Site data built
2020-01-09T10:27:07.767Z - info: [6:27:07 PM] Reload for file change: C:\repos\nus-cs3281\cs3281-website\schedule\index.mbd
2020-01-09T10:27:08.768Z - info: Rebuilding affected source files
2020-01-09T10:27:08.769Z - info: Rebuilding 1 pages
2020-01-09T10:27:09.044Z - info: Pages rebuilt
2020-01-09T10:27:09.055Z - info: Site data built
2020-01-09T10:27:14.277Z - info: [6:27:14 PM] Reload for file change: C:\repos\nus-cs3281\cs3281-website\schedule\index.mbd
2020-01-09T10:27:15.278Z - info: Rebuilding affected source files
2020-01-09T10:27:15.278Z - info: Rebuilding 1 pages
2020-01-09T10:27:15.528Z - info: Pages rebuilt
2020-01-09T10:27:15.535Z - info: Site data built
2020-01-09T10:27:34.060Z - info: [6:27:34 PM] Reload for file change: C:\repos\nus-cs3281\cs3281-website\schedule\index.mbd
2020-01-09T10:27:35.060Z - info: Rebuilding affected source files
2020-01-09T10:27:35.060Z - info: Rebuilding 1 pages
2020-01-09T10:27:35.373Z - info: Pages rebuilt
2020-01-09T10:27:35.380Z - info: Site data built
2020-01-09T10:28:04.092Z - info: [6:28:04 PM] Reload for file change: C:\repos\nus-cs3281\cs3281-website\schedule\index.mbd
2020-01-09T10:28:05.095Z - info: Rebuilding affected source files
2020-01-09T10:28:05.097Z - info: Rebuilding 1 pages
2020-01-09T10:28:05.435Z - info: Pages rebuilt
2020-01-09T10:28:05.442Z - info: Site data built
2020-01-09T11:06:40.155Z - info: [7:06:40 PM] Reload for file change: C:\repos\nus-cs3281\cs3281-website\schedule\index.mbd
2020-01-09T11:06:41.157Z - info: Rebuilding affected source files
2020-01-09T11:06:41.157Z - info: Rebuilding 1 pages
2020-01-09T11:06:41.512Z - info: Pages rebuilt
2020-01-09T11:06:41.519Z - info: Site data built
2020-01-09T11:06:49.545Z - info: [7:06:49 PM] Reload for file change: C:\repos\nus-cs3281\cs3281-website\schedule\index.mbd
2020-01-09T11:06:50.546Z - info: Rebuilding affected source files
2020-01-09T11:06:50.547Z - info: Rebuilding 1 pages
2020-01-09T11:06:50.776Z - info: Pages rebuilt
2020-01-09T11:06:50.783Z - info: Site data built
2020-01-09T11:07:19.329Z - info: [7:07:19 PM] Reload for file change: C:\repos\nus-cs3281\cs3281-website\schedule\index.mbd
2020-01-09T11:07:20.330Z - info: Rebuilding affected source files
2020-01-09T11:07:20.330Z - info: Rebuilding 1 pages
2020-01-09T11:07:20.659Z - info: Pages rebuilt
2020-01-09T11:07:20.666Z - info: Site data built
2020-01-09T11:08:26.614Z - info: [7:08:26 PM] Reload for file change: C:\repos\nus-cs3281\cs3281-website\css\main.css
2020-01-09T11:08:27.623Z - info: Assets built
2020-01-09T11:10:01.249Z - info: [7:10:01 PM] Reload for file change: C:\repos\nus-cs3281\cs3281-website\schedule\index.mbd
2020-01-09T11:10:02.250Z - info: Rebuilding affected source files
2020-01-09T11:10:02.251Z - info: Rebuilding 1 pages
2020-01-09T11:10:02.612Z - info: Pages rebuilt
2020-01-09T11:10:02.619Z - info: Site data built
2020-01-09T11:10:15.095Z - info: [7:10:15 PM] Reload for file change: C:\repos\nus-cs3281\cs3281-website\schedule\index.mbd
2020-01-09T11:10:16.097Z - info: Rebuilding affected source files
2020-01-09T11:10:16.099Z - info: Rebuilding 1 pages
2020-01-09T11:10:16.449Z - info: Pages rebuilt
2020-01-09T11:10:16.456Z - info: Site data built
2020-01-09T11:10:28.142Z - info: [7:10:28 PM] Reload for file change: C:\repos\nus-cs3281\cs3281-website\schedule\index.mbd
2020-01-09T11:10:29.142Z - info: Rebuilding affected source files
2020-01-09T11:10:29.143Z - info: Rebuilding 1 pages
2020-01-09T11:10:29.402Z - info: Pages rebuilt
2020-01-09T11:10:29.412Z - info: Site data built
2020-01-09T11:13:38.482Z - info: [7:13:38 PM] Reload for file change: C:\repos\nus-cs3281\cs3281-website\_markbind\variables.md
2020-01-09T11:13:39.483Z - info: Rebuilding affected source files
2020-01-09T11:13:39.500Z - warn: Rebuilding all pages as variables file was changed, or the --force-reload flag was set
2020-01-09T11:13:39.501Z - info: Rebuilding 7 pages
2020-01-09T11:13:40.171Z - info: Pages rebuilt
2020-01-09T11:13:40.184Z - info: Site data built
2020-01-09T11:18:43.707Z - info: [7:18:43 PM] Reload for file change: C:\repos\nus-cs3281\cs3281-website\_markbind\headers\topnav.md
2020-01-09T11:18:43.710Z - info: [7:18:43 PM] Reload for file change: C:\repos\nus-cs3281\cs3281-website\_markbind\variables.md
2020-01-09T11:18:43.716Z - info: [7:18:43 PM] Reload for file change: C:\repos\nus-cs3281\cs3281-website\schedule\index.mbd
2020-01-09T11:18:44.709Z - info: Rebuilding affected source files
2020-01-09T11:18:44.733Z - warn: Rebuilding all pages as variables file was changed, or the --force-reload flag was set
2020-01-09T11:18:44.734Z - info: Rebuilding 7 pages
2020-01-09T11:18:45.408Z - info: Pages rebuilt
2020-01-09T11:18:45.420Z - info: Site data built
2020-01-09T11:19:37.452Z - info: [7:19:37 PM] Reload for file change: C:\repos\nus-cs3281\cs3281-website\_markbind\variables.md
2020-01-09T11:19:38.453Z - info: Rebuilding affected source files
2020-01-09T11:19:38.467Z - warn: Rebuilding all pages as variables file was changed, or the --force-reload flag was set
2020-01-09T11:19:38.468Z - info: Rebuilding 7 pages
2020-01-09T11:19:39.070Z - info: Pages rebuilt
2020-01-09T11:19:39.079Z - info: Site data built
2020-01-09T11:20:16.353Z - info: [7:20:16 PM] Reload for file change: C:\repos\nus-cs3281\cs3281-website\_markbind\variables.md
2020-01-09T11:20:17.355Z - info: Rebuilding affected source files
2020-01-09T11:20:17.366Z - warn: Rebuilding all pages as variables file was changed, or the --force-reload flag was set
2020-01-09T11:20:17.367Z - info: Rebuilding 7 pages
2020-01-09T11:20:17.901Z - info: Pages rebuilt
2020-01-09T11:20:17.912Z - info: Site data built
2020-01-09T11:22:44.333Z - info: [7:22:44 PM] Reload for file change: C:\repos\nus-cs3281\cs3281-website\_markbind\headers\topnav.md
2020-01-09T11:22:44.339Z - info: [7:22:44 PM] Reload for file change: C:\repos\nus-cs3281\cs3281-website\_markbind\variables.md
2020-01-09T11:22:44.346Z - info: [7:22:44 PM] Reload for file change: C:\repos\nus-cs3281\cs3281-website\schedule\index.mbd
2020-01-09T11:22:45.334Z - info: Rebuilding affected source files
2020-01-09T11:22:45.348Z - warn: Rebuilding all pages as variables file was changed, or the --force-reload flag was set
2020-01-09T11:22:45.349Z - info: Rebuilding 7 pages
2020-01-09T11:22:45.964Z - info: Pages rebuilt
2020-01-09T11:22:45.974Z - info: Site data built
2020-01-09T11:24:08.912Z - info: [7:24:08 PM] Reload for file change: C:\repos\nus-cs3281\cs3281-website\schedule\index.mbd
2020-01-09T11:24:09.913Z - info: Rebuilding affected source files
2020-01-09T11:24:09.914Z - info: Rebuilding 1 pages
2020-01-09T11:24:10.251Z - info: Pages rebuilt
2020-01-09T11:24:10.259Z - info: Site data built
2020-01-09T11:25:53.749Z - info: [7:25:53 PM] Reload for file change: C:\repos\nus-cs3281\cs3281-website\schedule\index.mbd
2020-01-09T11:25:54.750Z - info: Rebuilding affected source files
2020-01-09T11:25:54.751Z - info: Rebuilding 1 pages
2020-01-09T11:25:55.118Z - info: Pages rebuilt
2020-01-09T11:25:55.124Z - info: Site data built
2020-01-09T11:26:37.368Z - info: [7:26:37 PM] Reload for file change: C:\repos\nus-cs3281\cs3281-website\schedule\index.mbd
2020-01-09T11:26:38.369Z - info: Rebuilding affected source files
2020-01-09T11:26:38.369Z - info: Rebuilding 1 pages
2020-01-09T11:26:38.697Z - info: Pages rebuilt
2020-01-09T11:26:38.703Z - info: Site data built
2020-01-09T11:26:54.958Z - info: [7:26:54 PM] Reload for file change: C:\repos\nus-cs3281\cs3281-website\schedule\index.mbd
2020-01-09T11:26:55.959Z - info: Rebuilding affected source files
2020-01-09T11:26:55.959Z - info: Rebuilding 1 pages
2020-01-09T11:26:56.299Z - info: Pages rebuilt
2020-01-09T11:26:56.307Z - info: Site data built
2020-01-09T11:29:13.347Z - info: [7:29:13 PM] Reload for file change: C:\repos\nus-cs3281\cs3281-website\schedule\index.mbd
2020-01-09T11:29:14.348Z - info: Rebuilding affected source files
2020-01-09T11:29:14.348Z - info: Rebuilding 1 pages
2020-01-09T11:29:14.683Z - info: Pages rebuilt
2020-01-09T11:29:14.690Z - info: Site data built
2020-01-09T11:30:51.036Z - info: [7:30:51 PM] Reload for file change: C:\repos\nus-cs3281\cs3281-website\schedule\index.mbd
2020-01-09T11:30:52.037Z - info: Rebuilding affected source files
2020-01-09T11:30:52.038Z - info: Rebuilding 1 pages
2020-01-09T11:30:52.411Z - info: Pages rebuilt
2020-01-09T11:30:52.417Z - info: Site data built
2020-01-09T11:31:51.191Z - info: [7:31:51 PM] Reload for file change: C:\repos\nus-cs3281\cs3281-website\schedule\index.mbd
2020-01-09T11:31:52.193Z - info: Rebuilding affected source files
2020-01-09T11:31:52.193Z - info: Rebuilding 1 pages
2020-01-09T11:31:52.472Z - info: Pages rebuilt
2020-01-09T11:31:52.478Z - info: Site data built
2020-01-09T11:36:18.609Z - info: [7:36:18 PM] Reload for file change: C:\repos\nus-cs3281\cs3281-website\schedule\index.mbd
2020-01-09T11:36:19.610Z - info: Rebuilding affected source files
2020-01-09T11:36:19.611Z - info: Rebuilding 1 pages
2020-01-09T11:36:20.007Z - info: Pages rebuilt
2020-01-09T11:36:20.015Z - info: Site data built
2020-01-09T12:07:33.387Z - info: Website generation started at 8:07:33 PM
2020-01-09T12:07:33.725Z - info: Building assets...
2020-01-09T12:07:34.210Z - info: Assets built
2020-01-09T12:07:34.210Z - info: Generating pages...
2020-01-09T12:07:34.912Z - info: Pages built
2020-01-09T12:07:35.100Z - info: Website generation complete! Total build time: 1.781s
2020-01-09T12:07:35.101Z - info: Build success!
2020-01-09T12:07:35.107Z - info: Site data built
2020-01-09T12:07:55.837Z - info: Deployed!
