2019-01-22T14:53:57.294Z - info: Website generation started at 22:53:56
2019-01-22T14:53:58.063Z - info: Building assets...
2019-01-22T14:53:58.360Z - info: Assets built
2019-01-22T14:53:58.360Z - info: Generating pages...
2019-01-22T14:53:59.048Z - info: Pages built
2019-01-22T14:53:59.217Z - info: Website generation complete! Total build time: 2.475s
2019-01-22T14:53:59.232Z - info: Generate Site durationMs=2490
2019-01-22T14:53:59.248Z - info: Serving "C:\repos\nus-cs3281\website\_site" at http://127.0.0.1:8080
2019-01-22T14:53:59.248Z - info: Press CTRL+C to stop ...
2019-01-22T14:53:59.272Z - info: Site data built
2019-01-22T14:57:19.567Z - info: Website generation started at 22:57:19
2019-01-22T14:57:20.412Z - info: Building assets...
2019-01-22T14:57:20.907Z - info: Assets built
2019-01-22T14:57:20.911Z - info: Generating pages...
2019-01-22T14:57:21.631Z - info: Pages built
2019-01-22T14:57:21.805Z - info: Website generation complete! Total build time: 2.53s
2019-01-22T14:57:21.805Z - info: Generate Site durationMs=2530
2019-01-22T14:57:21.820Z - info: Serving "C:\repos\nus-cs3281\website\_site" at http://127.0.0.1:8080
2019-01-22T14:57:21.820Z - info: Press CTRL+C to stop ...
2019-01-22T14:57:21.874Z - info: Site data built
2019-01-22T15:10:38.101Z - info: Website generation started at 23:10:37
2019-01-22T15:10:38.750Z - info: Building assets...
2019-01-22T15:10:39.398Z - info: Assets built
2019-01-22T15:10:39.398Z - info: Generating pages...
2019-01-22T15:10:40.128Z - info: Pages built
2019-01-22T15:10:40.334Z - info: Website generation complete! Total build time: 2.717s
2019-01-22T15:10:40.334Z - info: Build success!
2019-01-22T15:10:40.334Z - info: Generate Site durationMs=2717
2019-01-22T15:10:40.378Z - info: Site data built
2019-01-22T15:11:16.915Z - info: Deployed!
