2024-01-31T03:03:41.705Z - info: Website generation (lazy) started at 11:03:41 am
2024-01-31T03:03:43.089Z - info: Building assets...
2024-01-31T03:03:44.046Z - info: Assets built
2024-01-31T03:03:44.047Z - info: Generating landing page...
2024-01-31T03:03:44.370Z - info: Landing page built, other pages will be built as you navigate to them!
2024-01-31T03:03:45.560Z - info: Site data built
2024-01-31T03:03:45.561Z - info: Website generation (lazy) complete! Total build time: 4.317s
2024-01-31T03:03:46.006Z - info: Serving "C:\repos\nus-cs3281\cs3281-website\_site" at http://127.0.0.1:8080
2024-01-31T03:03:46.006Z - info: Press CTRL+C to stop ...
2024-01-31T03:03:53.422Z - info: Building C:\repos\nus-cs3281\cs3281-website\schedule\index-cs3282 as some of its dependencies were changed since the last visit
2024-01-31T03:03:53.749Z - info: Site data built
2024-01-31T03:03:53.749Z - info: Lazy website regeneration complete! Total build time: 0.328s
2024-01-31T03:04:21.441Z - info: Building C:\repos\nus-cs3281\cs3281-website\schedule\index-cs3281 as some of its dependencies were changed since the last visit
2024-01-31T03:04:21.549Z - info: Site data built
2024-01-31T03:04:21.550Z - info: Lazy website regeneration complete! Total build time: 0.108s
2024-01-31T04:42:11.823Z - info: Website generation started at 12:42:11 pm
2024-01-31T04:42:12.826Z - info: Building assets...
2024-01-31T04:42:13.462Z - info: Assets built
2024-01-31T04:42:13.463Z - info: Generating pages...
2024-01-31T04:42:14.195Z - info: Pages built
2024-01-31T04:42:15.105Z - info: Site data built
2024-01-31T04:42:15.105Z - info: Website generation complete! Total build time: 3.564s
2024-01-31T04:42:15.106Z - info: Build success!
2024-01-31T04:42:38.291Z - info: The website has been deployed at: https://nus-cs3281.github.io/website
