2019-04-02T05:08:41.989Z - info: Website generation started at 1:08:41 PM
2019-04-02T05:08:42.379Z - info: Building assets...
2019-04-02T05:08:42.804Z - info: Assets built
2019-04-02T05:08:42.804Z - info: Generating pages...
2019-04-02T05:08:43.762Z - info: Pages built
2019-04-02T05:08:44.039Z - info: Website generation complete! Total build time: 2.255s
2019-04-02T05:08:44.421Z - info: Serving "C:\repos\nus-cs3281\cs3281-website\_site" at http://127.0.0.1:8080
2019-04-02T05:08:44.421Z - info: Press CTRL+C to stop ...
2019-04-02T05:08:44.459Z - info: Site data built
2019-04-02T05:11:44.933Z - info: [1:11:44 PM] Reload for file change: C:\repos\nus-cs3281\cs3281-website\site.json
2019-04-02T05:11:45.946Z - info: Assets built
2019-04-02T05:12:17.552Z - info: Website generation started at 1:12:17 PM
2019-04-02T05:12:17.819Z - info: Building assets...
2019-04-02T05:12:18.128Z - info: Assets built
2019-04-02T05:12:18.129Z - info: Generating pages...
2019-04-02T05:12:18.836Z - info: Pages built
2019-04-02T05:12:19.032Z - info: Website generation complete! Total build time: 1.64s
2019-04-02T05:12:19.400Z - info: Serving "C:\repos\nus-cs3281\cs3281-website\_site" at http://127.0.0.1:8080
2019-04-02T05:12:19.400Z - info: Press CTRL+C to stop ...
2019-04-02T05:12:19.420Z - info: Site data built
2019-04-02T05:12:39.945Z - info: [1:12:39 PM] Reload for file change: C:\repos\nus-cs3281\cs3281-website\site.json
2019-04-02T05:12:40.960Z - info: Assets built
2019-04-02T05:12:58.493Z - info: Website generation started at 1:12:58 PM
2019-04-02T05:12:58.761Z - info: Building assets...
2019-04-02T05:12:59.003Z - info: Assets built
2019-04-02T05:12:59.003Z - info: Generating pages...
2019-04-02T05:12:59.733Z - info: Pages built
2019-04-02T05:12:59.916Z - info: Website generation complete! Total build time: 1.583s
2019-04-02T05:13:00.270Z - info: Serving "C:\repos\nus-cs3281\cs3281-website\_site" at http://127.0.0.1:8080
2019-04-02T05:13:00.270Z - info: Press CTRL+C to stop ...
2019-04-02T05:13:00.291Z - info: Site data built
2019-04-02T05:15:23.677Z - info: Website generation started at 1:15:23 PM
2019-04-02T05:15:23.980Z - info: Building assets...
2019-04-02T05:15:24.301Z - info: Assets built
2019-04-02T05:15:24.301Z - info: Generating pages...
2019-04-02T05:15:25.173Z - info: Pages built
2019-04-02T05:15:25.457Z - info: Website generation complete! Total build time: 1.952s
2019-04-02T05:15:25.457Z - info: Build success!
2019-04-02T05:15:25.473Z - info: Site data built
2019-04-02T05:15:49.524Z - info: Deployed!
