2021-12-10T05:35:36.582Z - info: Website generation (lazy) started at 1:35:36 pm
2021-12-10T05:35:37.725Z - info: Building assets...
2021-12-10T05:35:38.583Z - info: Assets built
2021-12-10T05:35:38.584Z - info: Generating landing page...
2021-12-10T05:35:39.138Z - info: Landing page built, other pages will be built as you navigate to them!
2021-12-10T05:35:40.238Z - info: Site data built
2021-12-10T05:35:40.238Z - info: Website generation (lazy) complete! Total build time: 3.903s
2021-12-10T05:35:41.068Z - info: Serving "C:\repos\nus-cs3281\cs3281-website\_site" at http://127.0.0.1:8080
2021-12-10T05:35:41.068Z - info: Press CTRL+C to stop ...
2021-12-10T05:35:55.156Z - info: Building C:\repos\nus-cs3281\cs3281-website\admin\cs3282 as some of its dependencies were changed since the last visit
2021-12-10T05:35:55.381Z - info: Site data built
2021-12-10T05:35:55.382Z - info: Lazy website regeneration complete! Total build time: 0.226s
2021-12-10T05:37:40.582Z - info: [1:37:40 pm] Reload for file change: C:\repos\nus-cs3281\cs3281-website\admin\cs3282.mbd
2021-12-10T05:37:40.583Z - info: Synchronizing opened pages list before reload
2021-12-10T05:37:40.583Z - info: Current opened pages, from most-to-least recent:
2021-12-10T05:37:40.583Z - info: 1. admin/cs3282
2021-12-10T05:37:41.601Z - info: Rebuilding 1 pages
2021-12-10T05:37:41.672Z - info: Site data built
2021-12-10T05:37:41.672Z - info: Pages rebuilt
2021-12-10T05:37:41.672Z - info: Website regeneration complete! Total build time: 0.073s
2021-12-10T05:39:06.125Z - info: [1:39:06 pm] Reload for file change: C:\repos\nus-cs3281\cs3281-website\admin\cs3282.mbd
2021-12-10T05:39:06.125Z - info: Synchronizing opened pages list before reload
2021-12-10T05:39:06.125Z - info: Current opened pages, from most-to-least recent:
2021-12-10T05:39:06.126Z - info: 1. admin/cs3282
2021-12-10T05:39:07.133Z - info: Rebuilding 1 pages
2021-12-10T05:39:07.199Z - info: Site data built
2021-12-10T05:39:07.199Z - info: Pages rebuilt
2021-12-10T05:39:07.199Z - info: Website regeneration complete! Total build time: 0.066s
2021-12-10T05:39:23.117Z - info: [1:39:23 pm] Reload for file change: C:\repos\nus-cs3281\cs3281-website\admin\cs3282.mbd
2021-12-10T05:39:23.117Z - info: Synchronizing opened pages list before reload
2021-12-10T05:39:23.118Z - info: Current opened pages, from most-to-least recent:
2021-12-10T05:39:23.118Z - info: 1. admin/cs3282
2021-12-10T05:39:24.124Z - info: Rebuilding 1 pages
2021-12-10T05:39:24.186Z - info: Site data built
2021-12-10T05:39:24.186Z - info: Pages rebuilt
2021-12-10T05:39:24.186Z - info: Website regeneration complete! Total build time: 0.064s
2021-12-10T05:39:41.393Z - info: [1:39:41 pm] Reload for file change: C:\repos\nus-cs3281\cs3281-website\admin\cs3282.mbd
2021-12-10T05:39:41.394Z - info: Synchronizing opened pages list before reload
2021-12-10T05:39:41.394Z - info: Current opened pages, from most-to-least recent:
2021-12-10T05:39:41.394Z - info: 1. admin/cs3282
2021-12-10T05:39:42.404Z - info: Rebuilding 1 pages
2021-12-10T05:39:42.466Z - info: Site data built
2021-12-10T05:39:42.466Z - info: Pages rebuilt
2021-12-10T05:39:42.466Z - info: Website regeneration complete! Total build time: 0.063s
2021-12-10T05:40:15.966Z - info: [1:40:15 pm] Reload for file change: C:\repos\nus-cs3281\cs3281-website\admin\cs3282.mbd
2021-12-10T05:40:15.966Z - info: Synchronizing opened pages list before reload
2021-12-10T05:40:15.967Z - info: Current opened pages, from most-to-least recent:
2021-12-10T05:40:15.967Z - info: 1. admin/cs3282
2021-12-10T05:40:16.969Z - info: Rebuilding 1 pages
2021-12-10T05:40:17.033Z - info: Site data built
2021-12-10T05:40:17.033Z - info: Pages rebuilt
2021-12-10T05:40:17.033Z - info: Website regeneration complete! Total build time: 0.064s
2021-12-10T05:41:21.340Z - info: [1:41:21 pm] Reload for file change: C:\repos\nus-cs3281\cs3281-website\admin\cs3282.mbd
2021-12-10T05:41:21.340Z - info: Synchronizing opened pages list before reload
2021-12-10T05:41:21.341Z - info: Current opened pages, from most-to-least recent:
2021-12-10T05:41:21.341Z - info: 1. admin/cs3282
2021-12-10T05:41:22.353Z - info: Rebuilding 1 pages
2021-12-10T05:41:22.414Z - info: Site data built
2021-12-10T05:41:22.414Z - info: Pages rebuilt
2021-12-10T05:41:22.414Z - info: Website regeneration complete! Total build time: 0.062s
2021-12-10T05:43:26.364Z - info: [1:43:26 pm] Reload for file change: C:\repos\nus-cs3281\cs3281-website\admin\cs3282.mbd
2021-12-10T05:43:26.365Z - info: Synchronizing opened pages list before reload
2021-12-10T05:43:26.365Z - info: Current opened pages, from most-to-least recent:
2021-12-10T05:43:26.365Z - info: 1. admin/cs3282
2021-12-10T05:43:27.368Z - info: Rebuilding 1 pages
2021-12-10T05:43:27.438Z - info: Site data built
2021-12-10T05:43:27.438Z - info: Pages rebuilt
2021-12-10T05:43:27.438Z - info: Website regeneration complete! Total build time: 0.07s
2021-12-10T05:44:03.956Z - info: Website generation started at 1:44:03 pm
2021-12-10T05:44:04.757Z - info: Building assets...
