2020-01-30T04:56:23.757Z - info: Website generation started at 12:56:23 PM
2020-01-30T04:56:24.121Z - info: Building assets...
2020-01-30T04:56:24.546Z - info: Assets built
2020-01-30T04:56:24.547Z - info: Generating pages...
2020-01-30T04:56:25.379Z - info: Pages built
2020-01-30T04:56:25.655Z - info: Website generation complete! Total build time: 1.978s
2020-01-30T04:56:26.009Z - info: Serving "C:\repos\nus-cs3281\cs3281-website\_site" at http://127.0.0.1:8080
2020-01-30T04:56:26.009Z - info: Press CTRL+C to stop ...
2020-01-30T04:56:26.130Z - info: Site data built
2020-01-30T04:57:40.010Z - info: [12:57:40 PM] Reload for file change: C:\repos\nus-cs3281\cs3281-website\schedule\index.mbd
2020-01-30T04:57:41.013Z - info: Rebuilding affected source files
2020-01-30T04:57:41.014Z - info: Rebuilding 2 pages
2020-01-30T04:57:41.614Z - info: Pages rebuilt
2020-01-30T04:57:41.623Z - info: Site data built
2020-01-30T04:58:32.522Z - info: Website generation started at 12:58:32 PM
2020-01-30T04:58:32.849Z - info: Building assets...
2020-01-30T04:58:33.241Z - info: Assets built
2020-01-30T04:58:33.241Z - info: Generating pages...
2020-01-30T04:58:33.990Z - info: Pages built
2020-01-30T04:58:34.190Z - info: Website generation complete! Total build time: 1.714s
2020-01-30T04:58:34.190Z - info: Build success!
2020-01-30T04:58:34.197Z - info: Site data built
2020-01-30T04:58:52.487Z - info: Deployed!
