2019-11-24T14:42:49.606Z - info: Website generation started at 22:42:49
2019-11-24T14:42:50.504Z - info: Building assets...
2019-11-24T14:42:51.003Z - info: Assets built
2019-11-24T14:42:51.003Z - info: Generating pages...
2019-11-24T14:42:52.250Z - info: Pages built
2019-11-24T14:42:52.454Z - info: Website generation complete! Total build time: 3.371s
2019-11-24T14:42:52.824Z - info: Serving "C:\repos\nus-cs3281\cs3281-website\_site" at http://127.0.0.1:8080
2019-11-24T14:42:52.824Z - info: Press CTRL+C to stop ...
2019-11-24T14:42:52.848Z - info: Site data built
2019-11-24T14:46:17.083Z - info: [22:46:17] Reload for file change: C:\repos\nus-cs3281\cs3281-website\admin\callForApplications.mbd
2019-11-24T14:46:18.085Z - info: Rebuilding affected source files
2019-11-24T14:46:18.085Z - info: Rebuilding 1 pages
2019-11-24T14:46:18.311Z - info: Pages rebuilt
2019-11-24T14:46:18.311Z - info: Site data built
2019-11-24T14:48:12.923Z - info: [22:48:12] Reload for file change: C:\repos\nus-cs3281\cs3281-website\admin\callForApplications.mbd
2019-11-24T14:48:13.927Z - info: Rebuilding affected source files
2019-11-24T14:48:13.927Z - info: Rebuilding 1 pages
2019-11-24T14:48:14.178Z - info: Pages rebuilt
2019-11-24T14:48:14.186Z - info: Site data built
2019-11-24T14:52:12.564Z - info: [22:52:12] Reload for file change: C:\repos\nus-cs3281\cs3281-website\_markbind\variables.md
2019-11-24T14:52:13.573Z - info: Rebuilding affected source files
2019-11-24T14:52:13.609Z - warn: Rebuilding all pages as variables file was changed, or the --force-reload flag was set
2019-11-24T14:52:13.613Z - info: Rebuilding 7 pages
2019-11-24T14:52:14.637Z - info: Pages rebuilt
2019-11-24T14:52:14.645Z - info: Site data built
2019-11-24T14:54:35.949Z - info: [22:54:35] Reload for file change: C:\repos\nus-cs3281\cs3281-website\admin\callForApplications.mbd
2019-11-24T14:54:36.956Z - info: Rebuilding affected source files
2019-11-24T14:54:36.956Z - info: Rebuilding 1 pages
2019-11-24T14:54:37.248Z - info: Pages rebuilt
2019-11-24T14:54:37.252Z - info: Site data built
2019-11-24T14:55:01.202Z - info: [22:55:01] Reload for file change: C:\repos\nus-cs3281\cs3281-website\admin\callForApplications.mbd
2019-11-24T14:55:02.211Z - info: Rebuilding affected source files
2019-11-24T14:55:02.211Z - info: Rebuilding 1 pages
2019-11-24T14:55:02.407Z - info: Pages rebuilt
2019-11-24T14:55:02.411Z - info: Site data built
2019-11-24T14:55:45.512Z - info: [22:55:45] Reload for file change: C:\repos\nus-cs3281\cs3281-website\admin\callForApplications.mbd
2019-11-24T14:55:46.519Z - info: Rebuilding affected source files
2019-11-24T14:55:46.519Z - info: Rebuilding 1 pages
2019-11-24T14:55:46.643Z - info: Pages rebuilt
2019-11-24T14:55:46.647Z - info: Site data built
2019-11-24T14:56:12.165Z - info: [22:56:12] Reload for file change: C:\repos\nus-cs3281\cs3281-website\admin\callForApplications.mbd
2019-11-24T14:56:13.174Z - info: Rebuilding affected source files
2019-11-24T14:56:13.174Z - info: Rebuilding 1 pages
2019-11-24T14:56:13.330Z - info: Pages rebuilt
2019-11-24T14:56:13.330Z - info: Site data built
2019-11-24T14:56:41.421Z - info: [22:56:41] Reload for file change: C:\repos\nus-cs3281\cs3281-website\admin\callForApplications.mbd
2019-11-24T14:56:42.439Z - info: Rebuilding affected source files
2019-11-24T14:56:42.439Z - info: Rebuilding 1 pages
2019-11-24T14:56:42.569Z - info: Pages rebuilt
2019-11-24T14:56:42.573Z - info: Site data built
2019-11-24T14:57:59.828Z - info: [22:57:59] Reload for file change: C:\repos\nus-cs3281\cs3281-website\admin\callForApplications.mbd
2019-11-24T14:58:00.841Z - info: Rebuilding affected source files
2019-11-24T14:58:00.841Z - info: Rebuilding 1 pages
2019-11-24T14:58:01.001Z - info: Pages rebuilt
2019-11-24T14:58:01.009Z - info: Site data built
2019-11-24T14:58:49.931Z - info: [22:58:49] Reload for file change: C:\repos\nus-cs3281\cs3281-website\admin\callForApplications.mbd
2019-11-24T14:58:50.953Z - info: Rebuilding affected source files
2019-11-24T14:58:50.953Z - info: Rebuilding 1 pages
2019-11-24T14:58:51.102Z - info: Pages rebuilt
2019-11-24T14:58:51.102Z - info: Site data built
2019-11-24T15:00:11.756Z - info: [23:00:11] Reload for file change: C:\repos\nus-cs3281\cs3281-website\schedule\index.mbd
2019-11-24T15:00:12.762Z - info: Rebuilding affected source files
2019-11-24T15:00:12.762Z - info: Rebuilding 2 pages
2019-11-24T15:00:13.385Z - info: Pages rebuilt
2019-11-24T15:00:13.400Z - info: Site data built
2019-11-24T15:00:23.945Z - info: [23:00:23] Reload for file change: C:\repos\nus-cs3281\cs3281-website\schedule\index.mbd
2019-11-24T15:00:24.948Z - info: Rebuilding affected source files
2019-11-24T15:00:24.948Z - info: Rebuilding 2 pages
2019-11-24T15:00:25.480Z - info: Pages rebuilt
2019-11-24T15:00:25.488Z - info: Site data built
2019-11-24T15:01:20.154Z - info: [23:01:20] Reload for file change: C:\repos\nus-cs3281\cs3281-website\index.mbd
2019-11-24T15:01:21.164Z - info: Rebuilding affected source files
2019-11-24T15:01:21.164Z - info: Rebuilding 1 pages
2019-11-24T15:01:21.416Z - info: Pages rebuilt
2019-11-24T15:01:21.420Z - info: Site data built
2019-11-24T15:06:59.434Z - info: [23:06:59] Reload for file change: C:\repos\nus-cs3281\cs3281-website\admin\cs3282.mbd
2019-11-24T15:07:00.447Z - info: Rebuilding affected source files
2019-11-24T15:07:00.447Z - info: Rebuilding 1 pages
2019-11-24T15:07:00.620Z - info: Pages rebuilt
2019-11-24T15:07:00.620Z - info: Site data built
2019-11-24T15:08:55.611Z - info: [23:08:55] Reload for file change: C:\repos\nus-cs3281\cs3281-website\admin\cs3282.mbd
2019-11-24T15:08:56.615Z - info: Rebuilding affected source files
2019-11-24T15:08:56.615Z - info: Rebuilding 1 pages
2019-11-24T15:08:56.765Z - info: Pages rebuilt
2019-11-24T15:08:56.780Z - info: Site data built
2019-11-24T15:13:29.891Z - info: [23:13:29] Reload for file change: C:\repos\nus-cs3281\cs3281-website\admin\cs3282.mbd
2019-11-24T15:13:30.904Z - info: Rebuilding affected source files
2019-11-24T15:13:30.904Z - info: Rebuilding 1 pages
2019-11-24T15:13:31.013Z - info: Pages rebuilt
2019-11-24T15:13:31.013Z - info: Site data built
2019-11-24T15:14:42.434Z - info: [23:14:42] Reload for file change: C:\repos\nus-cs3281\cs3281-website\admin\cs3282.mbd
2019-11-24T15:14:43.449Z - info: Rebuilding affected source files
2019-11-24T15:14:43.449Z - info: Rebuilding 1 pages
2019-11-24T15:14:43.596Z - info: Pages rebuilt
2019-11-24T15:14:43.604Z - info: Site data built
2019-11-24T15:17:06.388Z - info: [23:17:06] Reload for file change: C:\repos\nus-cs3281\cs3281-website\admin\callForApplications.mbd
2019-11-24T15:17:07.402Z - info: Rebuilding affected source files
2019-11-24T15:17:07.402Z - info: Rebuilding 2 pages
2019-11-24T15:17:07.745Z - info: Pages rebuilt
2019-11-24T15:17:07.781Z - info: Site data built
2019-11-24T15:18:18.561Z - info: [23:18:18] Reload for file change: C:\repos\nus-cs3281\cs3281-website\_markbind\headers\topnav.md
2019-11-24T15:18:19.576Z - info: Rebuilding affected source files
2019-11-24T15:18:19.580Z - info: Rebuilding 7 pages
2019-11-24T15:18:20.370Z - info: Pages rebuilt
2019-11-24T15:18:20.391Z - info: Site data built
2019-11-24T15:20:22.208Z - info: [23:20:22] Reload for file change: C:\repos\nus-cs3281\cs3281-website\admin\cs3281.mbd
2019-11-24T15:20:23.215Z - info: Rebuilding affected source files
2019-11-24T15:20:23.215Z - info: Rebuilding 2 pages
2019-11-24T15:20:23.885Z - info: Pages rebuilt
2019-11-24T15:20:23.893Z - info: Site data built
2019-11-24T15:21:34.357Z - info: [23:21:34] Reload for file change: C:\repos\nus-cs3281\cs3281-website\admin\cs3281.mbd
2019-11-24T15:21:35.362Z - info: Rebuilding affected source files
2019-11-24T15:21:35.362Z - info: Rebuilding 2 pages
2019-11-24T15:21:36.247Z - info: Pages rebuilt
2019-11-24T15:21:36.247Z - info: Site data built
2019-11-24T15:23:28.311Z - info: [23:23:28] Reload for file change: C:\repos\nus-cs3281\cs3281-website\admin\cs3281.mbd
2019-11-24T15:23:29.317Z - info: Rebuilding affected source files
2019-11-24T15:23:29.317Z - info: Rebuilding 2 pages
2019-11-24T15:23:29.943Z - info: Pages rebuilt
2019-11-24T15:23:29.963Z - info: Site data built
2019-11-24T15:24:16.913Z - info: [23:24:16] Reload for file change: C:\repos\nus-cs3281\cs3281-website\admin\cs3281.mbd
2019-11-24T15:24:17.921Z - info: Rebuilding affected source files
2019-11-24T15:24:17.921Z - info: Rebuilding 2 pages
2019-11-24T15:24:18.654Z - info: Pages rebuilt
2019-11-24T15:24:18.658Z - info: Site data built
2019-11-24T15:28:22.002Z - info: [23:28:22] Reload for file change: C:\repos\nus-cs3281\cs3281-website\admin\cs3281.mbd
2019-11-24T15:28:23.003Z - info: Rebuilding affected source files
2019-11-24T15:28:23.004Z - info: Rebuilding 2 pages
2019-11-24T15:28:23.733Z - info: Pages rebuilt
2019-11-24T15:28:23.747Z - info: Site data built
2019-11-24T15:32:05.006Z - info: [23:32:05] Reload for file change: C:\repos\nus-cs3281\cs3281-website\admin\cs3281.mbd
2019-11-24T15:32:06.013Z - info: Rebuilding affected source files
2019-11-24T15:32:06.013Z - info: Rebuilding 2 pages
2019-11-24T15:32:06.750Z - info: Pages rebuilt
2019-11-24T15:32:06.762Z - info: Site data built
2019-11-24T15:38:12.333Z - info: [23:38:12] Reload for file change: C:\repos\nus-cs3281\cs3281-website\admin\cs3281.mbd
2019-11-24T15:38:13.354Z - info: Rebuilding affected source files
2019-11-24T15:38:13.354Z - info: Rebuilding 2 pages
2019-11-24T15:38:14.038Z - info: Pages rebuilt
2019-11-24T15:38:14.042Z - info: Site data built
2019-11-24T15:41:05.168Z - info: [23:41:05] Reload for file change: C:\repos\nus-cs3281\cs3281-website\admin\cs3281.mbd
2019-11-24T15:41:06.178Z - info: Rebuilding affected source files
2019-11-24T15:41:06.178Z - info: Rebuilding 2 pages
2019-11-24T15:41:06.790Z - info: Pages rebuilt
2019-11-24T15:41:06.794Z - info: Site data built
2019-11-24T15:43:32.774Z - info: [23:43:32] Reload for file change: C:\repos\nus-cs3281\cs3281-website\admin\cs3281.mbd
2019-11-24T15:43:33.781Z - info: Rebuilding affected source files
2019-11-24T15:43:33.781Z - info: Rebuilding 2 pages
2019-11-24T15:43:34.548Z - info: Pages rebuilt
2019-11-24T15:43:34.557Z - info: Site data built
2019-11-24T15:44:00.920Z - info: [23:44:00] Reload for file change: C:\repos\nus-cs3281\cs3281-website\admin\cs3281.mbd
2019-11-24T15:44:01.921Z - info: Rebuilding affected source files
2019-11-24T15:44:01.921Z - info: Rebuilding 2 pages
2019-11-24T15:44:02.701Z - info: Pages rebuilt
2019-11-24T15:44:02.705Z - info: Site data built
2019-11-24T15:45:35.451Z - info: [23:45:35] Reload for file change: C:\repos\nus-cs3281\cs3281-website\admin\cs3281.mbd
2019-11-24T15:45:36.470Z - info: Rebuilding affected source files
2019-11-24T15:45:36.470Z - info: Rebuilding 2 pages
2019-11-24T15:45:36.596Z - error:  YAMLException: duplicated mapping key at line 7, column 1:
    pageNav: 3
    ^
    at generateError (C:\Users\damithch\AppData\Roaming\npm\node_modules\markbind-cli\node_modules\js-yaml\lib\js-yaml\loader.js:167:10)
    at throwError (C:\Users\damithch\AppData\Roaming\npm\node_modules\markbind-cli\node_modules\js-yaml\lib\js-yaml\loader.js:173:9)
    at storeMappingPair (C:\Users\damithch\AppData\Roaming\npm\node_modules\markbind-cli\node_modules\js-yaml\lib\js-yaml\loader.js:335:7)
    at readBlockMapping (C:\Users\damithch\AppData\Roaming\npm\node_modules\markbind-cli\node_modules\js-yaml\lib\js-yaml\loader.js:1098:9)
    at composeNode (C:\Users\damithch\AppData\Roaming\npm\node_modules\markbind-cli\node_modules\js-yaml\lib\js-yaml\loader.js:1359:12)
    at readDocument (C:\Users\damithch\AppData\Roaming\npm\node_modules\markbind-cli\node_modules\js-yaml\lib\js-yaml\loader.js:1519:3)
    at loadDocuments (C:\Users\damithch\AppData\Roaming\npm\node_modules\markbind-cli\node_modules\js-yaml\lib\js-yaml\loader.js:1575:5)
    at load (C:\Users\damithch\AppData\Roaming\npm\node_modules\markbind-cli\node_modules\js-yaml\lib\js-yaml\loader.js:1596:19)
    at fastmatter (C:\Users\damithch\AppData\Roaming\npm\node_modules\markbind-cli\node_modules\fastmatter\index.js:48:37)
    at Page.collectFrontMatter (C:\Users\damithch\AppData\Roaming\npm\node_modules\markbind-cli\src\Page.js:475:24)
    at markbinder.includeFile.then (C:\Users\damithch\AppData\Roaming\npm\node_modules\markbind-cli\src\Page.js:795:14)
    at tryCatcher (C:\Users\damithch\AppData\Roaming\npm\node_modules\markbind-cli\node_modules\bluebird\js\release\util.js:16:23)
    at Promise._settlePromiseFromHandler (C:\Users\damithch\AppData\Roaming\npm\node_modules\markbind-cli\node_modules\bluebird\js\release\promise.js:517:31)
    at Promise._settlePromise (C:\Users\damithch\AppData\Roaming\npm\node_modules\markbind-cli\node_modules\bluebird\js\release\promise.js:574:18)
    at Promise._settlePromise0 (C:\Users\damithch\AppData\Roaming\npm\node_modules\markbind-cli\node_modules\bluebird\js\release\promise.js:619:10)
    at Promise._settlePromises (C:\Users\damithch\AppData\Roaming\npm\node_modules\markbind-cli\node_modules\bluebird\js\release\promise.js:699:18)
2019-11-24T15:45:36.596Z - warn:  Error: Error while generating C:\repos\nus-cs3281\cs3281-website\admin\cs3281.mbd
    at processingFiles.push.page.generate.catch (C:\Users\damithch\AppData\Roaming\npm\node_modules\markbind-cli\src\Site.js:1016:33)
    at tryCatcher (C:\Users\damithch\AppData\Roaming\npm\node_modules\markbind-cli\node_modules\bluebird\js\release\util.js:16:23)
    at Promise._settlePromiseFromHandler (C:\Users\damithch\AppData\Roaming\npm\node_modules\markbind-cli\node_modules\bluebird\js\release\promise.js:517:31)
    at Promise._settlePromise (C:\Users\damithch\AppData\Roaming\npm\node_modules\markbind-cli\node_modules\bluebird\js\release\promise.js:574:18)
    at Promise._settlePromise0 (C:\Users\damithch\AppData\Roaming\npm\node_modules\markbind-cli\node_modules\bluebird\js\release\promise.js:619:10)
    at Promise._settlePromises (C:\Users\damithch\AppData\Roaming\npm\node_modules\markbind-cli\node_modules\bluebird\js\release\promise.js:695:18)
    at _drainQueueStep (C:\Users\damithch\AppData\Roaming\npm\node_modules\markbind-cli\node_modules\bluebird\js\release\async.js:138:12)
    at _drainQueue (C:\Users\damithch\AppData\Roaming\npm\node_modules\markbind-cli\node_modules\bluebird\js\release\async.js:131:9)
    at Async._drainQueues (C:\Users\damithch\AppData\Roaming\npm\node_modules\markbind-cli\node_modules\bluebird\js\release\async.js:147:5)
    at Immediate.Async.drainQueues (C:\Users\damithch\AppData\Roaming\npm\node_modules\markbind-cli\node_modules\bluebird\js\release\async.js:17:14)
    at runCallback (timers.js:789:20)
    at tryOnImmediate (timers.js:751:5)
    at processImmediate [as _immediateCallback] (timers.js:722:5)
2019-11-24T15:45:37.325Z - error: Error while generating C:\repos\nus-cs3281\cs3281-website\admin\cs3281.mbd
2019-11-24T15:46:45.964Z - info: Website generation started at 23:46:45
2019-11-24T15:46:46.417Z - info: Building assets...
2019-11-24T15:46:46.934Z - info: Assets built
2019-11-24T15:46:46.934Z - info: Generating pages...
2019-11-24T15:46:47.947Z - info: Pages built
2019-11-24T15:46:48.109Z - info: Website generation complete! Total build time: 2.176s
2019-11-24T15:46:48.503Z - info: Serving "C:\repos\nus-cs3281\cs3281-website\_site" at http://127.0.0.1:8080
2019-11-24T15:46:48.503Z - info: Press CTRL+C to stop ...
2019-11-24T15:46:48.531Z - info: Site data built
2019-11-24T15:52:59.512Z - info: Deployed!
