2022-01-14T16:02:36.152Z - info: [12:02:36 am] Reload for file change: C:\repos\nus-cs3281\cs3281-website\admin\attendees.mbdf
2022-01-14T16:02:36.159Z - info: Synchronizing opened pages list before reload
2022-01-14T16:02:36.159Z - info: Current opened pages, from most-to-least recent:
2022-01-14T16:02:36.159Z - info: 1. admin/code-sprint
2022-01-14T16:02:37.172Z - info: Rebuilding 1 pages
2022-01-14T16:02:37.268Z - info: Site data built
2022-01-14T16:02:37.268Z - info: Pages rebuilt
2022-01-14T16:02:37.268Z - info: Website regeneration complete! Total build time: 0.097s
2022-01-14T16:03:42.608Z - info: [12:03:42 am] Reload for file change: C:\repos\nus-cs3281\cs3281-website\admin\attendees.mbdf
2022-01-14T16:03:42.608Z - info: Synchronizing opened pages list before reload
2022-01-14T16:03:42.609Z - info: Current opened pages, from most-to-least recent:
2022-01-14T16:03:42.609Z - info: 1. admin/code-sprint
2022-01-14T16:03:43.617Z - info: Rebuilding 1 pages
2022-01-14T16:03:43.727Z - info: Site data built
2022-01-14T16:03:43.727Z - info: Pages rebuilt
2022-01-14T16:03:43.727Z - info: Website regeneration complete! Total build time: 0.111s
2022-01-14T16:04:36.149Z - info: [12:04:36 am] Reload for file change: C:\repos\nus-cs3281\cs3281-website\admin\attendees.mbdf
2022-01-14T16:04:36.149Z - info: Synchronizing opened pages list before reload
2022-01-14T16:04:36.149Z - info: Current opened pages, from most-to-least recent:
2022-01-14T16:04:36.149Z - info: 1. admin/code-sprint
2022-01-14T16:04:37.162Z - info: Rebuilding 1 pages
2022-01-14T16:04:37.256Z - info: Site data built
2022-01-14T16:04:37.256Z - info: Pages rebuilt
2022-01-14T16:04:37.256Z - info: Website regeneration complete! Total build time: 0.095s
2022-01-14T16:07:05.901Z - info: [12:07:05 am] Reload for file change: C:\repos\nus-cs3281\cs3281-website\admin\attendees.mbdf
2022-01-14T16:07:05.901Z - info: Synchronizing opened pages list before reload
2022-01-14T16:07:05.901Z - info: Current opened pages, from most-to-least recent:
2022-01-14T16:07:05.901Z - info: 1. admin/code-sprint
2022-01-14T16:07:06.909Z - info: Rebuilding 1 pages
2022-01-14T16:07:06.998Z - info: Site data built
2022-01-14T16:07:06.998Z - info: Pages rebuilt
2022-01-14T16:07:06.998Z - info: Website regeneration complete! Total build time: 0.09s
2022-01-14T16:12:39.250Z - info: [12:12:39 am] Reload for file change: C:\repos\nus-cs3281\cs3281-website\admin\attendees.mbdf
2022-01-14T16:12:39.250Z - info: Synchronizing opened pages list before reload
2022-01-14T16:12:39.250Z - info: Current opened pages, from most-to-least recent:
2022-01-14T16:12:39.250Z - info: 1. admin/code-sprint
2022-01-14T16:12:40.260Z - info: Rebuilding 1 pages
2022-01-14T16:12:40.345Z - info: Site data built
2022-01-14T16:12:40.345Z - info: Pages rebuilt
2022-01-14T16:12:40.345Z - info: Website regeneration complete! Total build time: 0.086s
2022-01-14T16:13:27.012Z - info: [12:13:27 am] Reload for file change: C:\repos\nus-cs3281\cs3281-website\admin\attendees.mbdf
2022-01-14T16:13:27.012Z - info: Synchronizing opened pages list before reload
2022-01-14T16:13:27.013Z - info: Current opened pages, from most-to-least recent:
2022-01-14T16:13:27.013Z - info: 1. admin/code-sprint
2022-01-14T16:13:28.017Z - info: Rebuilding 1 pages
2022-01-14T16:13:28.102Z - info: Site data built
2022-01-14T16:13:28.102Z - info: Pages rebuilt
2022-01-14T16:13:28.103Z - info: Website regeneration complete! Total build time: 0.087s
2022-01-14T16:14:08.804Z - info: [12:14:08 am] Reload for file change: C:\repos\nus-cs3281\cs3281-website\admin\attendees.mbdf
2022-01-14T16:14:08.805Z - info: Synchronizing opened pages list before reload
2022-01-14T16:14:08.805Z - info: Current opened pages, from most-to-least recent:
2022-01-14T16:14:08.805Z - info: 1. admin/code-sprint
2022-01-14T16:14:09.817Z - info: Rebuilding 1 pages
2022-01-14T16:14:09.888Z - info: Site data built
2022-01-14T16:14:09.888Z - info: Pages rebuilt
2022-01-14T16:14:09.888Z - info: Website regeneration complete! Total build time: 0.072s
2022-01-14T16:21:09.433Z - info: [12:21:09 am] Reload for file change: C:\repos\nus-cs3281\cs3281-website\admin\attendees.mbdf
2022-01-14T16:21:09.433Z - info: Synchronizing opened pages list before reload
2022-01-14T16:21:09.433Z - info: Current opened pages, from most-to-least recent:
2022-01-14T16:21:09.434Z - info: 1. admin/code-sprint
2022-01-14T16:21:10.438Z - info: Rebuilding 1 pages
2022-01-14T16:21:10.511Z - info: Site data built
2022-01-14T16:21:10.511Z - info: Pages rebuilt
2022-01-14T16:21:10.511Z - info: Website regeneration complete! Total build time: 0.075s
2022-01-14T16:26:44.297Z - info: [12:26:44 am] Reload for file change: C:\repos\nus-cs3281\cs3281-website\admin\attendees.mbdf
2022-01-14T16:26:44.297Z - info: Synchronizing opened pages list before reload
2022-01-14T16:26:44.298Z - info: Current opened pages, from most-to-least recent:
2022-01-14T16:26:44.298Z - info: 1. admin/code-sprint
2022-01-14T16:26:45.308Z - info: Rebuilding 1 pages
2022-01-14T16:26:45.373Z - info: Site data built
2022-01-14T16:26:45.373Z - info: Pages rebuilt
2022-01-14T16:26:45.373Z - info: Website regeneration complete! Total build time: 0.066s
2022-01-14T16:44:47.667Z - info: [12:44:47 am] Reload for file change: C:\repos\nus-cs3281\cs3281-website\admin\attendees.mbdf
2022-01-14T16:44:47.667Z - info: Synchronizing opened pages list before reload
2022-01-14T16:44:47.667Z - info: Current opened pages, from most-to-least recent:
2022-01-14T16:44:47.667Z - info: 1. admin/code-sprint
2022-01-14T16:44:48.680Z - info: Rebuilding 1 pages
2022-01-14T16:44:48.753Z - info: Site data built
2022-01-14T16:44:48.753Z - info: Pages rebuilt
2022-01-14T16:44:48.753Z - info: Website regeneration complete! Total build time: 0.074s
2022-01-14T16:45:45.894Z - info: [12:45:45 am] Reload for file change: C:\repos\nus-cs3281\cs3281-website\admin\attendees.mbdf
2022-01-14T16:45:45.894Z - info: Synchronizing opened pages list before reload
2022-01-14T16:45:45.894Z - info: Current opened pages, from most-to-least recent:
2022-01-14T16:45:45.894Z - info: 1. admin/code-sprint
2022-01-14T16:45:46.902Z - info: Rebuilding 1 pages
2022-01-14T16:45:46.962Z - info: Site data built
2022-01-14T16:45:46.962Z - info: Pages rebuilt
2022-01-14T16:45:46.962Z - info: Website regeneration complete! Total build time: 0.061s
2022-01-14T16:46:15.018Z - info: [12:46:15 am] Reload for file change: C:\repos\nus-cs3281\cs3281-website\admin\attendees.mbdf
2022-01-14T16:46:15.019Z - info: Synchronizing opened pages list before reload
2022-01-14T16:46:15.019Z - info: Current opened pages, from most-to-least recent:
2022-01-14T16:46:15.019Z - info: 1. admin/code-sprint
2022-01-14T16:46:15.302Z - info: [12:46:15 am] Reload for file change: C:\repos\nus-cs3281\cs3281-website\admin\attendees.mbdf
2022-01-14T16:46:15.303Z - info: Synchronizing opened pages list before reload
2022-01-14T16:46:15.303Z - info: Current opened pages, from most-to-least recent:
2022-01-14T16:46:15.303Z - info: 1. admin/code-sprint
2022-01-14T16:46:16.024Z - info: Rebuilding 1 pages
2022-01-14T16:46:16.118Z - info: Site data built
2022-01-14T16:46:16.118Z - info: Pages rebuilt
2022-01-14T16:46:16.119Z - info: Website regeneration complete! Total build time: 0.094s
2022-01-14T16:46:44.033Z - info: [12:46:44 am] Reload for file change: C:\repos\nus-cs3281\cs3281-website\admin\attendees.mbdf
2022-01-14T16:46:44.033Z - info: Synchronizing opened pages list before reload
2022-01-14T16:46:44.033Z - info: Current opened pages, from most-to-least recent:
2022-01-14T16:46:44.033Z - info: 1. admin/code-sprint
2022-01-14T16:46:45.042Z - info: Rebuilding 1 pages
2022-01-14T16:46:45.131Z - info: Site data built
2022-01-14T16:46:45.132Z - info: Pages rebuilt
2022-01-14T16:46:45.132Z - info: Website regeneration complete! Total build time: 0.091s
2022-01-14T16:47:36.864Z - info: [12:47:36 am] Reload for file change: C:\repos\nus-cs3281\cs3281-website\admin\attendees.mbdf
2022-01-14T16:47:36.864Z - info: Synchronizing opened pages list before reload
2022-01-14T16:47:36.864Z - info: Current opened pages, from most-to-least recent:
2022-01-14T16:47:36.864Z - info: 1. admin/code-sprint
2022-01-14T16:47:37.868Z - info: Rebuilding 1 pages
2022-01-14T16:47:37.940Z - info: Site data built
2022-01-14T16:47:37.940Z - info: Pages rebuilt
2022-01-14T16:47:37.940Z - info: Website regeneration complete! Total build time: 0.072s
2022-01-14T16:48:21.971Z - info: [12:48:21 am] Reload for file change: C:\repos\nus-cs3281\cs3281-website\admin\attendees.mbdf
2022-01-14T16:48:21.971Z - info: Synchronizing opened pages list before reload
2022-01-14T16:48:21.972Z - info: Current opened pages, from most-to-least recent:
2022-01-14T16:48:21.972Z - info: 1. admin/code-sprint
2022-01-14T16:48:22.986Z - info: Rebuilding 1 pages
2022-01-14T16:48:23.053Z - info: Site data built
2022-01-14T16:48:23.053Z - info: Pages rebuilt
2022-01-14T16:48:23.053Z - info: Website regeneration complete! Total build time: 0.069s
2022-01-14T16:52:14.569Z - info: [12:52:14 am] Reload for file change: C:\repos\nus-cs3281\cs3281-website\admin\attendees.mbdf
2022-01-14T16:52:14.570Z - info: Synchronizing opened pages list before reload
2022-01-14T16:52:14.570Z - info: Current opened pages, from most-to-least recent:
2022-01-14T16:52:14.570Z - info: 1. admin/code-sprint
2022-01-14T16:52:15.572Z - info: Rebuilding 1 pages
2022-01-14T16:52:15.653Z - info: Site data built
2022-01-14T16:52:15.654Z - info: Pages rebuilt
2022-01-14T16:52:15.654Z - info: Website regeneration complete! Total build time: 0.083s
2022-01-14T16:52:28.335Z - info: [12:52:28 am] Reload for file change: C:\repos\nus-cs3281\cs3281-website\admin\attendees.mbdf
2022-01-14T16:52:28.336Z - info: Synchronizing opened pages list before reload
2022-01-14T16:52:28.336Z - info: Current opened pages, from most-to-least recent:
2022-01-14T16:52:28.336Z - info: 1. admin/code-sprint
2022-01-14T16:52:29.344Z - info: Rebuilding 1 pages
2022-01-14T16:52:29.425Z - info: Site data built
2022-01-14T16:52:29.425Z - info: Pages rebuilt
2022-01-14T16:52:29.425Z - info: Website regeneration complete! Total build time: 0.082s
2022-01-14T16:54:59.527Z - info: Website generation started at 12:54:59 am
2022-01-14T16:55:01.267Z - info: Building assets...
