2023-11-24T15:30:58.433Z - info: Website generation (lazy) started at 11:30:58 pm
2023-11-24T15:31:00.001Z - info: Building assets...
2023-11-24T15:31:01.189Z - info: Assets built
2023-11-24T15:31:01.190Z - info: Generating landing page...
2023-11-24T15:31:01.453Z - info: Landing page built, other pages will be built as you navigate to them!
2023-11-24T15:31:02.417Z - info: Site data built
2023-11-24T15:31:02.417Z - info: Website generation (lazy) complete! Total build time: 4.322s
2023-11-24T15:31:03.477Z - info: Serving "C:\repos\nus-cs3281\cs3281-website\_site" at http://127.0.0.1:8080
2023-11-24T15:31:03.478Z - info: Press CTRL+C to stop ...
2023-11-24T15:37:22.617Z - info: [11:37:22 pm] Reload for file change: C:\repos\nus-cs3281\cs3281-website\_markbind\variables.md
2023-11-24T15:37:22.619Z - info: Synchronizing opened pages list before reload
2023-11-24T15:37:22.620Z - info: Current opened pages, from most-to-least recent:
2023-11-24T15:37:22.621Z - info: 1. index
2023-11-24T15:37:23.651Z - warn: Rebuilding all pages as variables file was changed, or the --force-reload flag was set
2023-11-24T15:37:23.652Z - info: Rebuilding 1 pages
2023-11-24T15:37:23.795Z - info: Site data built
2023-11-24T15:37:23.795Z - info: Pages rebuilt
2023-11-24T15:37:23.796Z - info: Website regeneration complete! Total build time: 0.166s
2023-11-24T15:39:08.049Z - info: [11:39:08 pm] Reload for file change: C:\repos\nus-cs3281\cs3281-website\admin\callForApplications.md
2023-11-24T15:39:08.049Z - info: Synchronizing opened pages list before reload
2023-11-24T15:39:08.049Z - info: Current opened pages, from most-to-least recent:
2023-11-24T15:39:08.049Z - info: 1. index
2023-11-24T15:39:09.064Z - info: Rebuilding 1 pages
2023-11-24T15:39:09.187Z - info: Site data built
2023-11-24T15:39:09.187Z - info: Pages rebuilt
2023-11-24T15:39:09.188Z - info: Website regeneration complete! Total build time: 0.124s
2023-11-24T15:40:03.338Z - info: [11:40:03 pm] Reload for file change: C:\repos\nus-cs3281\cs3281-website\admin\callForApplications.md
2023-11-24T15:40:03.339Z - info: Synchronizing opened pages list before reload
2023-11-24T15:40:03.339Z - info: Current opened pages, from most-to-least recent:
2023-11-24T15:40:03.339Z - info: 1. index
2023-11-24T15:40:04.351Z - info: Rebuilding 1 pages
2023-11-24T15:40:04.418Z - info: Site data built
2023-11-24T15:40:04.418Z - info: Pages rebuilt
2023-11-24T15:40:04.418Z - info: Website regeneration complete! Total build time: 0.068s
2023-11-24T15:40:25.207Z - info: [11:40:25 pm] Reload for file change: C:\repos\nus-cs3281\cs3281-website\admin\callForApplications.md
2023-11-24T15:40:25.208Z - info: Synchronizing opened pages list before reload
2023-11-24T15:40:25.208Z - info: Current opened pages, from most-to-least recent:
2023-11-24T15:40:25.208Z - info: 1. index
2023-11-24T15:40:26.212Z - info: Rebuilding 1 pages
2023-11-24T15:40:26.284Z - info: Site data built
2023-11-24T15:40:26.284Z - info: Pages rebuilt
2023-11-24T15:40:26.284Z - info: Website regeneration complete! Total build time: 0.075s
2023-11-24T15:42:55.812Z - info: [11:42:55 pm] Reload for file change: C:\repos\nus-cs3281\cs3281-website\admin\callForApplications.md
2023-11-24T15:42:55.813Z - info: Synchronizing opened pages list before reload
2023-11-24T15:42:55.813Z - info: Current opened pages, from most-to-least recent:
2023-11-24T15:42:55.813Z - info: 1. index
2023-11-24T15:42:56.821Z - info: Rebuilding 1 pages
2023-11-24T15:42:56.956Z - info: Site data built
2023-11-24T15:42:56.956Z - info: Pages rebuilt
2023-11-24T15:42:56.956Z - info: Website regeneration complete! Total build time: 0.137s
2023-11-24T15:44:26.272Z - info: [11:44:26 pm] Reload for file change: C:\repos\nus-cs3281\cs3281-website\admin\callForApplications.md
2023-11-24T15:44:26.273Z - info: Synchronizing opened pages list before reload
2023-11-24T15:44:26.273Z - info: Current opened pages, from most-to-least recent:
2023-11-24T15:44:26.273Z - info: 1. index
2023-11-24T15:44:27.291Z - info: Rebuilding 1 pages
2023-11-24T15:44:27.371Z - info: Site data built
2023-11-24T15:44:27.371Z - info: Pages rebuilt
2023-11-24T15:44:27.372Z - info: Website regeneration complete! Total build time: 0.083s
2023-11-24T15:46:29.925Z - info: [11:46:29 pm] Reload for file change: C:\repos\nus-cs3281\cs3281-website\admin\callForApplications.md
2023-11-24T15:46:29.926Z - info: Synchronizing opened pages list before reload
2023-11-24T15:46:29.926Z - info: Current opened pages, from most-to-least recent:
2023-11-24T15:46:29.926Z - info: 1. index
2023-11-24T15:46:30.934Z - info: Rebuilding 1 pages
2023-11-24T15:46:31.019Z - info: Site data built
2023-11-24T15:46:31.020Z - info: Pages rebuilt
2023-11-24T15:46:31.020Z - info: Website regeneration complete! Total build time: 0.087s
2023-11-24T15:46:42.173Z - info: [11:46:42 pm] Reload for file change: C:\repos\nus-cs3281\cs3281-website\admin\callForApplications.md
2023-11-24T15:46:42.174Z - info: Synchronizing opened pages list before reload
2023-11-24T15:46:42.174Z - info: Current opened pages, from most-to-least recent:
2023-11-24T15:46:42.174Z - info: 1. index
2023-11-24T15:46:43.176Z - info: Rebuilding 1 pages
2023-11-24T15:46:43.257Z - info: Site data built
2023-11-24T15:46:43.258Z - info: Pages rebuilt
2023-11-24T15:46:43.258Z - info: Website regeneration complete! Total build time: 0.083s
2023-11-24T15:47:29.008Z - info: [11:47:29 pm] Reload for file change: C:\repos\nus-cs3281\cs3281-website\admin\callForApplications.md
2023-11-24T15:47:29.008Z - info: Synchronizing opened pages list before reload
2023-11-24T15:47:29.008Z - info: Current opened pages, from most-to-least recent:
2023-11-24T15:47:29.008Z - info: 1. index
2023-11-24T15:47:30.010Z - info: Rebuilding 1 pages
2023-11-24T15:47:30.088Z - info: Site data built
2023-11-24T15:47:30.088Z - info: Pages rebuilt
2023-11-24T15:47:30.088Z - info: Website regeneration complete! Total build time: 0.079s
2023-11-24T15:49:46.008Z - info: [11:49:46 pm] Reload for file change: C:\repos\nus-cs3281\cs3281-website\admin\callForApplications.md
2023-11-24T15:49:46.008Z - info: Synchronizing opened pages list before reload
2023-11-24T15:49:46.008Z - info: Current opened pages, from most-to-least recent:
2023-11-24T15:49:46.008Z - info: 1. index
2023-11-24T15:49:47.017Z - info: Rebuilding 1 pages
2023-11-24T15:49:47.106Z - info: Site data built
2023-11-24T15:49:47.107Z - info: Pages rebuilt
2023-11-24T15:49:47.107Z - info: Website regeneration complete! Total build time: 0.091s
2023-11-24T15:50:13.880Z - info: [11:50:13 pm] Reload for file change: C:\repos\nus-cs3281\cs3281-website\admin\callForApplications.md
2023-11-24T15:50:13.880Z - info: Synchronizing opened pages list before reload
2023-11-24T15:50:13.880Z - info: Current opened pages, from most-to-least recent:
2023-11-24T15:50:13.880Z - info: 1. index
2023-11-24T15:50:14.888Z - info: Rebuilding 1 pages
2023-11-24T15:50:14.978Z - info: Site data built
2023-11-24T15:50:14.978Z - info: Pages rebuilt
2023-11-24T15:50:14.978Z - info: Website regeneration complete! Total build time: 0.091s
2023-11-24T15:50:58.331Z - info: [11:50:58 pm] Reload for file change: C:\repos\nus-cs3281\cs3281-website\admin\callForApplications.md
2023-11-24T15:50:58.332Z - info: Synchronizing opened pages list before reload
2023-11-24T15:50:58.332Z - info: Current opened pages, from most-to-least recent:
2023-11-24T15:50:58.332Z - info: 1. index
2023-11-24T15:50:59.348Z - info: Rebuilding 1 pages
2023-11-24T15:50:59.422Z - info: Site data built
2023-11-24T15:50:59.422Z - info: Pages rebuilt
2023-11-24T15:50:59.422Z - info: Website regeneration complete! Total build time: 0.076s
2023-11-24T15:51:35.631Z - info: [11:51:35 pm] Reload for file change: C:\repos\nus-cs3281\cs3281-website\admin\callForApplications.md
2023-11-24T15:51:35.631Z - info: Synchronizing opened pages list before reload
2023-11-24T15:51:35.632Z - info: Current opened pages, from most-to-least recent:
2023-11-24T15:51:35.632Z - info: 1. index
2023-11-24T15:51:36.642Z - info: Rebuilding 1 pages
2023-11-24T15:51:36.733Z - info: Site data built
2023-11-24T15:51:36.733Z - info: Pages rebuilt
2023-11-24T15:51:36.733Z - info: Website regeneration complete! Total build time: 0.093s
2023-11-24T15:52:20.600Z - info: [11:52:20 pm] Reload for file change: C:\repos\nus-cs3281\cs3281-website\admin\callForApplications.md
2023-11-24T15:52:20.600Z - info: Synchronizing opened pages list before reload
2023-11-24T15:52:20.600Z - info: Current opened pages, from most-to-least recent:
2023-11-24T15:52:20.601Z - info: 1. index
2023-11-24T15:52:21.612Z - info: Rebuilding 1 pages
2023-11-24T15:52:21.685Z - info: Site data built
2023-11-24T15:52:21.686Z - info: Pages rebuilt
2023-11-24T15:52:21.686Z - info: Website regeneration complete! Total build time: 0.075s
