2022-01-14T15:22:25.224Z - info: Website generation (lazy) started at 11:22:24 pm
2022-01-14T15:22:26.349Z - info: Building assets...
2022-01-14T15:22:27.183Z - info: Assets built
2022-01-14T15:22:27.184Z - info: Generating landing page...
2022-01-14T15:22:27.487Z - info: Landing page built, other pages will be built as you navigate to them!
2022-01-14T15:22:28.521Z - info: Site data built
2022-01-14T15:22:28.521Z - info: Website generation (lazy) complete! Total build time: 3.565s
2022-01-14T15:22:29.420Z - info: Serving "C:\repos\nus-cs3281\cs3281-website\_site" at http://127.0.0.1:8080
2022-01-14T15:22:29.420Z - info: Press CTRL+C to stop ...
2022-01-14T15:22:38.913Z - info: Building C:\repos\nus-cs3281\cs3281-website\schedule\index-cs3281 as some of its dependencies were changed since the last visit
2022-01-14T15:22:39.402Z - info: Site data built
2022-01-14T15:22:39.402Z - info: Lazy website regeneration complete! Total build time: 0.489s
2022-01-14T15:22:40.208Z - info: Building C:\repos\nus-cs3281\cs3281-website\schedule\index-cs3281 as some of its dependencies were changed since the last visit
2022-01-14T15:22:40.358Z - info: Site data built
2022-01-14T15:22:40.358Z - info: Lazy website regeneration complete! Total build time: 0.15s
2022-01-14T15:22:55.025Z - info: Building C:\repos\nus-cs3281\cs3281-website\admin\cs3281 as some of its dependencies were changed since the last visit
2022-01-14T15:22:55.416Z - info: Site data built
2022-01-14T15:22:55.416Z - info: Lazy website regeneration complete! Total build time: 0.391s
2022-01-14T15:22:56.274Z - info: Building C:\repos\nus-cs3281\cs3281-website\admin\cs3281 as some of its dependencies were changed since the last visit
2022-01-14T15:22:56.398Z - info: Site data built
2022-01-14T15:22:56.398Z - info: Lazy website regeneration complete! Total build time: 0.125s
2022-01-14T15:23:03.232Z - info: Building C:\repos\nus-cs3281\cs3281-website\admin\code-sprint as some of its dependencies were changed since the last visit
2022-01-14T15:23:03.304Z - info: Site data built
2022-01-14T15:23:03.305Z - info: Lazy website regeneration complete! Total build time: 0.073s
2022-01-14T15:23:22.558Z - info: [11:23:22 pm] Reload for file change: C:\repos\nus-cs3281\cs3281-website\admin\code-sprint.md
2022-01-14T15:23:22.558Z - info: Synchronizing opened pages list before reload
2022-01-14T15:23:22.559Z - info: Current opened pages, from most-to-least recent:
2022-01-14T15:23:22.559Z - info: 1. admin/code-sprint
2022-01-14T15:23:23.571Z - info: Rebuilding 1 pages
2022-01-14T15:23:23.640Z - info: Site data built
2022-01-14T15:23:23.640Z - info: Pages rebuilt
2022-01-14T15:23:23.640Z - info: Website regeneration complete! Total build time: 0.07s
2022-01-14T15:23:31.321Z - info: [11:23:31 pm] Reload for file change: C:\repos\nus-cs3281\cs3281-website\admin\code-sprint.md
2022-01-14T15:23:31.321Z - info: Synchronizing opened pages list before reload
2022-01-14T15:23:31.321Z - info: Current opened pages, from most-to-least recent:
2022-01-14T15:23:31.321Z - info: 1. admin/code-sprint
2022-01-14T15:23:32.332Z - info: Rebuilding 1 pages
2022-01-14T15:23:32.407Z - info: Site data built
2022-01-14T15:23:32.407Z - info: Pages rebuilt
2022-01-14T15:23:32.407Z - info: Website regeneration complete! Total build time: 0.077s
2022-01-14T15:23:48.869Z - info: [11:23:48 pm] Reload for file change: C:\repos\nus-cs3281\cs3281-website\admin\code-sprint.md
2022-01-14T15:23:48.870Z - info: Synchronizing opened pages list before reload
2022-01-14T15:23:48.870Z - info: Current opened pages, from most-to-least recent:
2022-01-14T15:23:48.870Z - info: 1. admin/code-sprint
2022-01-14T15:23:49.874Z - info: Rebuilding 1 pages
2022-01-14T15:23:49.909Z - info: Site data built
2022-01-14T15:23:49.909Z - info: Pages rebuilt
2022-01-14T15:23:49.909Z - info: Website regeneration complete! Total build time: 0.035s
2022-01-14T15:24:52.252Z - info: [11:24:52 pm] Reload for file change: C:\repos\nus-cs3281\cs3281-website\admin\code-sprint.md
2022-01-14T15:24:52.252Z - info: Synchronizing opened pages list before reload
2022-01-14T15:24:52.252Z - info: Current opened pages, from most-to-least recent:
2022-01-14T15:24:52.252Z - info: 1. admin/code-sprint
2022-01-14T15:24:53.258Z - info: Rebuilding 1 pages
2022-01-14T15:24:53.310Z - info: Site data built
2022-01-14T15:24:53.310Z - info: Pages rebuilt
2022-01-14T15:24:53.310Z - info: Website regeneration complete! Total build time: 0.052s
2022-01-14T15:25:05.030Z - info: [11:25:05 pm] Reload for file change: C:\repos\nus-cs3281\cs3281-website\admin\code-sprint.md
2022-01-14T15:25:05.031Z - info: Synchronizing opened pages list before reload
2022-01-14T15:25:05.031Z - info: Current opened pages, from most-to-least recent:
2022-01-14T15:25:05.031Z - info: 1. admin/code-sprint
2022-01-14T15:25:06.043Z - info: Rebuilding 1 pages
2022-01-14T15:25:06.109Z - info: Site data built
2022-01-14T15:25:06.109Z - info: Pages rebuilt
2022-01-14T15:25:06.109Z - info: Website regeneration complete! Total build time: 0.068s
2022-01-14T15:25:20.082Z - info: [11:25:20 pm] Reload for file change: C:\repos\nus-cs3281\cs3281-website\admin\code-sprint.md
2022-01-14T15:25:20.082Z - info: Synchronizing opened pages list before reload
2022-01-14T15:25:20.082Z - info: Current opened pages, from most-to-least recent:
2022-01-14T15:25:20.082Z - info: 1. admin/code-sprint
2022-01-14T15:25:21.089Z - info: Rebuilding 1 pages
2022-01-14T15:25:21.125Z - info: Site data built
2022-01-14T15:25:21.125Z - info: Pages rebuilt
2022-01-14T15:25:21.125Z - info: Website regeneration complete! Total build time: 0.037s
2022-01-14T15:25:31.335Z - info: [11:25:31 pm] Reload for file change: C:\repos\nus-cs3281\cs3281-website\admin\code-sprint.md
2022-01-14T15:25:31.335Z - info: Synchronizing opened pages list before reload
2022-01-14T15:25:31.335Z - info: Current opened pages, from most-to-least recent:
2022-01-14T15:25:31.335Z - info: 1. admin/code-sprint
2022-01-14T15:25:32.353Z - info: Rebuilding 1 pages
2022-01-14T15:25:32.427Z - info: Site data built
2022-01-14T15:25:32.428Z - info: Pages rebuilt
2022-01-14T15:25:32.428Z - info: Website regeneration complete! Total build time: 0.077s
2022-01-14T15:25:41.238Z - info: [11:25:41 pm] Reload for file change: C:\repos\nus-cs3281\cs3281-website\admin\code-sprint.md
2022-01-14T15:25:41.238Z - info: Synchronizing opened pages list before reload
2022-01-14T15:25:41.239Z - info: Current opened pages, from most-to-least recent:
2022-01-14T15:25:41.239Z - info: 1. admin/code-sprint
2022-01-14T15:25:42.255Z - info: Rebuilding 1 pages
2022-01-14T15:25:42.300Z - info: Site data built
2022-01-14T15:25:42.300Z - info: Pages rebuilt
2022-01-14T15:25:42.300Z - info: Website regeneration complete! Total build time: 0.046s
2022-01-14T15:26:22.013Z - info: [11:26:22 pm] Reload for file change: C:\repos\nus-cs3281\cs3281-website\admin\code-sprint.md
2022-01-14T15:26:22.013Z - info: Synchronizing opened pages list before reload
2022-01-14T15:26:22.013Z - info: Current opened pages, from most-to-least recent:
2022-01-14T15:26:22.013Z - info: 1. admin/code-sprint
2022-01-14T15:26:23.022Z - info: Rebuilding 1 pages
2022-01-14T15:26:23.073Z - info: Site data built
2022-01-14T15:26:23.073Z - info: Pages rebuilt
2022-01-14T15:26:23.073Z - info: Website regeneration complete! Total build time: 0.052s
2022-01-14T15:26:31.417Z - info: [11:26:31 pm] Reload for file change: C:\repos\nus-cs3281\cs3281-website\admin\code-sprint.md
2022-01-14T15:26:31.418Z - info: Synchronizing opened pages list before reload
2022-01-14T15:26:31.418Z - info: Current opened pages, from most-to-least recent:
2022-01-14T15:26:31.418Z - info: 1. admin/code-sprint
2022-01-14T15:26:32.432Z - info: Rebuilding 1 pages
2022-01-14T15:26:32.483Z - info: Site data built
2022-01-14T15:26:32.483Z - info: Pages rebuilt
2022-01-14T15:26:32.483Z - info: Website regeneration complete! Total build time: 0.051s
2022-01-14T15:26:39.292Z - info: [11:26:39 pm] Reload for file change: C:\repos\nus-cs3281\cs3281-website\admin\code-sprint.md
2022-01-14T15:26:39.292Z - info: Synchronizing opened pages list before reload
2022-01-14T15:26:39.292Z - info: Current opened pages, from most-to-least recent:
2022-01-14T15:26:39.292Z - info: 1. admin/code-sprint
2022-01-14T15:26:40.298Z - info: Rebuilding 1 pages
2022-01-14T15:26:40.378Z - info: Site data built
2022-01-14T15:26:40.378Z - info: Pages rebuilt
2022-01-14T15:26:40.378Z - info: Website regeneration complete! Total build time: 0.081s
2022-01-14T15:26:57.849Z - info: [11:26:57 pm] Reload for file change: C:\repos\nus-cs3281\cs3281-website\admin\code-sprint.md
2022-01-14T15:26:57.849Z - info: Synchronizing opened pages list before reload
2022-01-14T15:26:57.849Z - info: Current opened pages, from most-to-least recent:
2022-01-14T15:26:57.849Z - info: 1. admin/code-sprint
2022-01-14T15:26:58.856Z - info: Rebuilding 1 pages
2022-01-14T15:26:58.927Z - info: Site data built
2022-01-14T15:26:58.927Z - info: Pages rebuilt
2022-01-14T15:26:58.927Z - info: Website regeneration complete! Total build time: 0.072s
2022-01-14T15:28:30.590Z - info: [11:28:30 pm] Reload for file change: C:\repos\nus-cs3281\cs3281-website\admin\code-sprint.md
2022-01-14T15:28:30.590Z - info: Synchronizing opened pages list before reload
2022-01-14T15:28:30.590Z - info: Current opened pages, from most-to-least recent:
2022-01-14T15:28:30.590Z - info: 1. admin/code-sprint
2022-01-14T15:28:31.591Z - info: Rebuilding 1 pages
2022-01-14T15:28:31.656Z - info: Site data built
2022-01-14T15:28:31.656Z - info: Pages rebuilt
2022-01-14T15:28:31.656Z - info: Website regeneration complete! Total build time: 0.065s
2022-01-14T15:38:52.954Z - info: [11:38:52 pm] Reload for file change: C:\repos\nus-cs3281\cs3281-website\admin\code-sprint.md
2022-01-14T15:38:52.954Z - info: Synchronizing opened pages list before reload
2022-01-14T15:38:52.955Z - info: Current opened pages, from most-to-least recent:
2022-01-14T15:38:52.955Z - info: 1. admin/code-sprint
2022-01-14T15:38:53.964Z - info: Rebuilding 1 pages
2022-01-14T15:38:54.042Z - info: Site data built
2022-01-14T15:38:54.042Z - info: Pages rebuilt
2022-01-14T15:38:54.043Z - info: Website regeneration complete! Total build time: 0.079s
2022-01-14T15:39:57.807Z - info: [11:39:57 pm] Reload for file change: C:\repos\nus-cs3281\cs3281-website\admin\code-sprint.md
2022-01-14T15:39:57.807Z - info: Synchronizing opened pages list before reload
2022-01-14T15:39:57.807Z - info: Current opened pages, from most-to-least recent:
2022-01-14T15:39:57.807Z - info: 1. admin/code-sprint
2022-01-14T15:39:58.821Z - info: Rebuilding 1 pages
2022-01-14T15:39:58.895Z - info: Site data built
2022-01-14T15:39:58.895Z - info: Pages rebuilt
2022-01-14T15:39:58.895Z - info: Website regeneration complete! Total build time: 0.076s
2022-01-14T15:46:05.226Z - info: [11:46:05 pm] Reload for file change: C:\repos\nus-cs3281\cs3281-website\admin\code-sprint.md
2022-01-14T15:46:05.227Z - info: Synchronizing opened pages list before reload
2022-01-14T15:46:05.227Z - info: Current opened pages, from most-to-least recent:
2022-01-14T15:46:05.227Z - info: 1. admin/code-sprint
2022-01-14T15:46:06.239Z - info: Rebuilding 1 pages
2022-01-14T15:46:06.341Z - info: Site data built
2022-01-14T15:46:06.341Z - info: Pages rebuilt
2022-01-14T15:46:06.341Z - info: Website regeneration complete! Total build time: 0.104s
2022-01-14T15:50:18.474Z - info: [11:50:18 pm] Reload for file add: C:\repos\nus-cs3281\cs3281-website\admin\attendees.mbdf
2022-01-14T15:50:18.474Z - info: Synchronizing opened pages list before reload
2022-01-14T15:50:18.474Z - info: Current opened pages, from most-to-least recent:
2022-01-14T15:50:18.474Z - info: 1. admin/code-sprint
2022-01-14T15:50:19.513Z - info: Assets built
2022-01-14T15:50:43.786Z - info: [11:50:43 pm] Reload for file change: C:\repos\nus-cs3281\cs3281-website\admin\attendees.mbdf
2022-01-14T15:50:43.786Z - info: Synchronizing opened pages list before reload
2022-01-14T15:50:43.786Z - info: Current opened pages, from most-to-least recent:
2022-01-14T15:50:43.787Z - info: 1. admin/code-sprint
2022-01-14T15:50:43.801Z - info: [11:50:43 pm] Reload for file change: C:\repos\nus-cs3281\cs3281-website\admin\code-sprint.md
2022-01-14T15:50:43.801Z - info: Synchronizing opened pages list before reload
2022-01-14T15:50:43.801Z - info: Current opened pages, from most-to-least recent:
2022-01-14T15:50:43.801Z - info: 1. admin/code-sprint
2022-01-14T15:50:44.799Z - info: Assets built
2022-01-14T15:50:44.815Z - info: Rebuilding 1 pages
2022-01-14T15:50:44.927Z - info: Site data built
2022-01-14T15:50:44.927Z - info: Pages rebuilt
2022-01-14T15:50:44.927Z - info: Website regeneration complete! Total build time: 0.113s
2022-01-14T15:52:54.901Z - info: [11:52:54 pm] Reload for file change: C:\repos\nus-cs3281\cs3281-website\admin\attendees.mbdf
2022-01-14T15:52:54.902Z - info: Synchronizing opened pages list before reload
2022-01-14T15:52:54.902Z - info: Current opened pages, from most-to-least recent:
2022-01-14T15:52:54.902Z - info: 1. admin/code-sprint
2022-01-14T15:52:55.910Z - info: Rebuilding 1 pages
2022-01-14T15:52:56.171Z - info: Site data built
2022-01-14T15:52:56.171Z - info: Pages rebuilt
2022-01-14T15:52:56.172Z - info: Website regeneration complete! Total build time: 0.262s
2022-01-14T15:55:54.971Z - info: [11:55:54 pm] Reload for file change: C:\repos\nus-cs3281\cs3281-website\admin\attendees.mbdf
2022-01-14T15:55:54.971Z - info: Synchronizing opened pages list before reload
2022-01-14T15:55:54.971Z - info: Current opened pages, from most-to-least recent:
2022-01-14T15:55:54.971Z - info: 1. admin/code-sprint
2022-01-14T15:55:55.981Z - info: Rebuilding 1 pages
2022-01-14T15:55:56.059Z - info: Site data built
2022-01-14T15:55:56.059Z - info: Pages rebuilt
2022-01-14T15:55:56.059Z - info: Website regeneration complete! Total build time: 0.08s
2022-01-14T15:59:27.073Z - info: [11:59:27 pm] Reload for file change: C:\repos\nus-cs3281\cs3281-website\admin\attendees.mbdf
2022-01-14T15:59:27.073Z - info: Synchronizing opened pages list before reload
2022-01-14T15:59:27.073Z - info: Current opened pages, from most-to-least recent:
2022-01-14T15:59:27.073Z - info: 1. admin/code-sprint
2022-01-14T15:59:28.082Z - info: Rebuilding 1 pages
2022-01-14T15:59:28.150Z - info: Site data built
2022-01-14T15:59:28.150Z - info: Pages rebuilt
2022-01-14T15:59:28.151Z - info: Website regeneration complete! Total build time: 0.07s
2022-01-14T15:59:38.917Z - info: [11:59:38 pm] Reload for file change: C:\repos\nus-cs3281\cs3281-website\admin\attendees.mbdf
2022-01-14T15:59:38.918Z - info: Synchronizing opened pages list before reload
2022-01-14T15:59:38.918Z - info: Current opened pages, from most-to-least recent:
2022-01-14T15:59:38.918Z - info: 1. admin/code-sprint
2022-01-14T15:59:39.933Z - info: Rebuilding 1 pages
2022-01-14T15:59:39.996Z - info: Site data built
2022-01-14T15:59:39.996Z - info: Pages rebuilt
2022-01-14T15:59:39.996Z - info: Website regeneration complete! Total build time: 0.063s
