2021-11-18T07:45:02.863Z - info: Website generation (lazy) started at 3:45:02 pm
2021-11-18T07:45:04.116Z - info: Building assets...
2021-11-18T07:45:04.804Z - info: Assets built
2021-11-18T07:45:04.805Z - info: Generating landing page...
2021-11-18T07:45:04.915Z - error: 'default.md' layout does not exist
2021-11-18T07:45:04.988Z - warn:  TypeError: Cannot read property 'join' of undefined
    at Page.prepareTemplateData (C:\Users\dcsdcr\AppData\Roaming\npm\node_modules\markbind-cli\node_modules\@markbind\core\src\Page\index.js:140:73)
    at Page.outputPageHtml (C:\Users\dcsdcr\AppData\Roaming\npm\node_modules\markbind-cli\node_modules\@markbind\core\src\Page\index.js:525:12)
    at Page.generate (C:\Users\dcsdcr\AppData\Roaming\npm\node_modules\markbind-cli\node_modules\@markbind\core\src\Page\index.js:519:18)
    at async Site.generateLandingPage (C:\Users\dcsdcr\AppData\Roaming\npm\node_modules\markbind-cli\node_modules\@markbind\core\src\Site\index.js:1248:5)
    at async Site.lazyBuildSourceFiles (C:\Users\dcsdcr\AppData\Roaming\npm\node_modules\markbind-cli\node_modules\@markbind\core\src\Site\index.js:711:7)
    at async Site.generate (C:\Users\dcsdcr\AppData\Roaming\npm\node_modules\markbind-cli\node_modules\@markbind\core\src\Site\index.js:644:7)
2021-11-18T07:45:05.868Z - info: Site data built
2021-11-18T07:45:05.868Z - info: Website generation (lazy) complete! Total build time: 3.227s
2021-11-18T07:45:06.780Z - info: Serving "C:\repos\nus-cs3281\cs3281-website\_site" at http://127.0.0.1:8080
2021-11-18T07:45:06.780Z - info: Press CTRL+C to stop ...
2021-11-18T07:54:17.462Z - info: Website generation (lazy) started at 3:54:17 pm
2021-11-18T07:54:18.143Z - info: Building assets...
2021-11-18T07:54:18.759Z - info: Assets built
2021-11-18T07:54:18.760Z - info: Generating landing page...
2021-11-18T07:54:18.979Z - info: Landing page built, other pages will be built as you navigate to them!
2021-11-18T07:54:19.442Z - info: Site data built
2021-11-18T07:54:19.442Z - info: Website generation (lazy) complete! Total build time: 2.105s
2021-11-18T07:54:20.178Z - info: Serving "C:\repos\nus-cs3281\cs3281-website\_site" at http://127.0.0.1:8080
2021-11-18T07:54:20.179Z - info: Press CTRL+C to stop ...
2021-11-18T07:54:37.357Z - info: Building C:\repos\nus-cs3281\cs3281-website\admin\callForApplications as some of its dependencies were changed since the last visit
2021-11-18T07:54:37.485Z - info: Site data built
2021-11-18T07:54:37.486Z - info: Lazy website regeneration complete! Total build time: 0.13s
2021-11-18T07:56:00.437Z - info: [3:56:00 pm] Reload for file change: C:\repos\nus-cs3281\cs3281-website\_markbind\layouts\default.md
2021-11-18T07:56:00.438Z - info: Synchronizing opened pages list before reload
2021-11-18T07:56:00.438Z - info: Current opened pages, from most-to-least recent:
2021-11-18T07:56:00.438Z - info: 1. admin/callForApplications
2021-11-18T07:56:01.457Z - info: Rebuilding 1 pages
2021-11-18T07:56:01.537Z - info: Site data built
2021-11-18T07:56:01.538Z - info: Pages rebuilt
2021-11-18T07:56:01.538Z - info: Website regeneration complete! Total build time: 0.082s
2021-11-18T07:56:41.060Z - info: Building C:\repos\nus-cs3281\cs3281-website\admin\mentors as some of its dependencies were changed since the last visit
2021-11-18T07:56:41.302Z - info: Site data built
2021-11-18T07:56:41.302Z - info: Lazy website regeneration complete! Total build time: 0.242s
2021-11-18T07:56:42.246Z - info: Building C:\repos\nus-cs3281\cs3281-website\admin\mentors as some of its dependencies were changed since the last visit
2021-11-18T07:56:42.297Z - info: Site data built
2021-11-18T07:56:42.297Z - info: Lazy website regeneration complete! Total build time: 0.051s
2021-11-18T07:57:58.980Z - info: [3:57:58 pm] Reload for file change: C:\repos\nus-cs3281\cs3281-website\css\main.css
2021-11-18T07:57:58.980Z - info: Synchronizing opened pages list before reload
2021-11-18T07:57:58.980Z - info: Current opened pages, from most-to-least recent:
2021-11-18T07:57:58.980Z - info: 1. admin/mentors
2021-11-18T07:58:00.006Z - info: Assets built
2021-11-18T07:58:11.180Z - info: Building C:\repos\nus-cs3281\cs3281-website\index as some of its dependencies were changed since the last visit
2021-11-18T07:58:11.314Z - info: Site data built
2021-11-18T07:58:11.314Z - info: Lazy website regeneration complete! Total build time: 0.134s
2021-11-18T07:59:39.835Z - info: [3:59:39 pm] Reload for file change: C:\repos\nus-cs3281\cs3281-website\admin\callForApplications.mbd
2021-11-18T07:59:39.835Z - info: Synchronizing opened pages list before reload
2021-11-18T07:59:39.835Z - info: Current opened pages, from most-to-least recent:
2021-11-18T07:59:39.835Z - info: 1. admin/callForApplications
2021-11-18T07:59:40.843Z - info: Rebuilding 1 pages
2021-11-18T07:59:40.925Z - info: Site data built
2021-11-18T07:59:40.925Z - info: Pages rebuilt
2021-11-18T07:59:40.925Z - info: Website regeneration complete! Total build time: 0.084s
2021-11-18T08:00:00.642Z - info: [4:00:00 pm] Reload for file change: C:\repos\nus-cs3281\cs3281-website\admin\callForApplications.mbd
2021-11-18T08:00:00.642Z - info: Synchronizing opened pages list before reload
2021-11-18T08:00:00.642Z - info: Current opened pages, from most-to-least recent:
2021-11-18T08:00:00.642Z - info: 1. admin/callForApplications
2021-11-18T08:00:01.651Z - info: Rebuilding 1 pages
2021-11-18T08:00:01.715Z - info: Site data built
2021-11-18T08:00:01.715Z - info: Pages rebuilt
2021-11-18T08:00:01.715Z - info: Website regeneration complete! Total build time: 0.065s
2021-11-18T08:02:10.558Z - info: [4:02:10 pm] Reload for file change: C:\repos\nus-cs3281\cs3281-website\admin\callForApplications.mbd
2021-11-18T08:02:10.558Z - info: Synchronizing opened pages list before reload
2021-11-18T08:02:10.558Z - info: Current opened pages, from most-to-least recent:
2021-11-18T08:02:10.558Z - info: 1. admin/callForApplications
2021-11-18T08:02:11.569Z - info: Rebuilding 1 pages
2021-11-18T08:02:11.636Z - info: Site data built
2021-11-18T08:02:11.637Z - info: Pages rebuilt
2021-11-18T08:02:11.637Z - info: Website regeneration complete! Total build time: 0.069s
2021-11-18T08:04:03.426Z - info: [4:04:03 pm] Reload for file change: C:\repos\nus-cs3281\cs3281-website\admin\callForApplications.mbd
2021-11-18T08:04:03.426Z - info: Synchronizing opened pages list before reload
2021-11-18T08:04:03.426Z - info: Current opened pages, from most-to-least recent:
2021-11-18T08:04:03.426Z - info: 1. admin/callForApplications
2021-11-18T08:04:04.440Z - info: Rebuilding 1 pages
2021-11-18T08:04:04.513Z - info: Site data built
2021-11-18T08:04:04.513Z - info: Pages rebuilt
2021-11-18T08:04:04.513Z - info: Website regeneration complete! Total build time: 0.074s
2021-11-18T08:06:25.872Z - info: [4:06:25 pm] Reload for file change: C:\repos\nus-cs3281\cs3281-website\_markbind\variables.md
2021-11-18T08:06:25.872Z - info: Synchronizing opened pages list before reload
2021-11-18T08:06:25.872Z - info: Current opened pages, from most-to-least recent:
2021-11-18T08:06:25.872Z - info: 1. admin/callForApplications
2021-11-18T08:06:26.898Z - warn: Rebuilding all pages as variables file was changed, or the --force-reload flag was set
2021-11-18T08:06:26.899Z - info: Rebuilding 1 pages
2021-11-18T08:06:26.965Z - info: Site data built
2021-11-18T08:06:26.965Z - info: Pages rebuilt
2021-11-18T08:06:26.965Z - info: Website regeneration complete! Total build time: 0.082s
2021-11-18T08:06:47.911Z - info: [4:06:47 pm] Reload for file change: C:\repos\nus-cs3281\cs3281-website\_markbind\variables.md
2021-11-18T08:06:47.911Z - info: Synchronizing opened pages list before reload
2021-11-18T08:06:47.911Z - info: Current opened pages, from most-to-least recent:
2021-11-18T08:06:47.912Z - info: 1. admin/callForApplications
2021-11-18T08:06:48.927Z - warn: Rebuilding all pages as variables file was changed, or the --force-reload flag was set
2021-11-18T08:06:48.927Z - info: Rebuilding 1 pages
2021-11-18T08:06:48.987Z - info: Site data built
2021-11-18T08:06:48.987Z - info: Pages rebuilt
2021-11-18T08:06:48.987Z - info: Website regeneration complete! Total build time: 0.068s
2021-11-18T08:08:33.809Z - info: [4:08:33 pm] Reload for file change: C:\repos\nus-cs3281\cs3281-website\admin\callForApplications.mbd
2021-11-18T08:08:33.809Z - info: Synchronizing opened pages list before reload
2021-11-18T08:08:33.809Z - info: Current opened pages, from most-to-least recent:
2021-11-18T08:08:33.809Z - info: 1. admin/callForApplications
2021-11-18T08:08:34.811Z - info: Rebuilding 1 pages
2021-11-18T08:08:34.873Z - info: Site data built
2021-11-18T08:08:34.873Z - info: Pages rebuilt
2021-11-18T08:08:34.873Z - info: Website regeneration complete! Total build time: 0.062s
2021-11-18T08:10:22.734Z - info: [4:10:22 pm] Reload for file change: C:\repos\nus-cs3281\cs3281-website\admin\callForApplications.mbd
2021-11-18T08:10:22.734Z - info: Synchronizing opened pages list before reload
2021-11-18T08:10:22.734Z - info: Current opened pages, from most-to-least recent:
2021-11-18T08:10:22.735Z - info: 1. admin/callForApplications
2021-11-18T08:10:23.746Z - info: Rebuilding 1 pages
2021-11-18T08:10:23.820Z - info: Site data built
2021-11-18T08:10:23.820Z - info: Pages rebuilt
2021-11-18T08:10:23.820Z - info: Website regeneration complete! Total build time: 0.075s
2021-11-18T08:12:01.031Z - info: [4:12:01 pm] Reload for file change: C:\repos\nus-cs3281\cs3281-website\admin\callForApplications.mbd
2021-11-18T08:12:01.031Z - info: Synchronizing opened pages list before reload
2021-11-18T08:12:01.032Z - info: Current opened pages, from most-to-least recent:
2021-11-18T08:12:01.032Z - info: 1. admin/callForApplications
2021-11-18T08:12:02.033Z - info: Rebuilding 1 pages
2021-11-18T08:12:02.095Z - info: Site data built
2021-11-18T08:12:02.095Z - info: Pages rebuilt
2021-11-18T08:12:02.095Z - info: Website regeneration complete! Total build time: 0.063s
2021-11-18T08:12:34.478Z - info: [4:12:34 pm] Reload for file change: C:\repos\nus-cs3281\cs3281-website\_markbind\variables.md
2021-11-18T08:12:34.478Z - info: Synchronizing opened pages list before reload
2021-11-18T08:12:34.478Z - info: Current opened pages, from most-to-least recent:
2021-11-18T08:12:34.478Z - info: 1. admin/callForApplications
2021-11-18T08:12:35.490Z - warn: Rebuilding all pages as variables file was changed, or the --force-reload flag was set
2021-11-18T08:12:35.491Z - info: Rebuilding 1 pages
2021-11-18T08:12:35.552Z - info: Site data built
2021-11-18T08:12:35.552Z - info: Pages rebuilt
2021-11-18T08:12:35.552Z - info: Website regeneration complete! Total build time: 0.074s
2021-11-18T08:12:44.037Z - info: [4:12:44 pm] Reload for file change: C:\repos\nus-cs3281\cs3281-website\_markbind\variables.md
2021-11-18T08:12:44.037Z - info: Synchronizing opened pages list before reload
2021-11-18T08:12:44.037Z - info: Current opened pages, from most-to-least recent:
2021-11-18T08:12:44.037Z - info: 1. admin/callForApplications
2021-11-18T08:12:45.051Z - warn: Rebuilding all pages as variables file was changed, or the --force-reload flag was set
2021-11-18T08:12:45.052Z - info: Rebuilding 1 pages
2021-11-18T08:12:45.104Z - info: Site data built
2021-11-18T08:12:45.104Z - info: Pages rebuilt
2021-11-18T08:12:45.104Z - info: Website regeneration complete! Total build time: 0.06s
2021-11-18T08:12:59.534Z - info: [4:12:59 pm] Reload for file change: C:\repos\nus-cs3281\cs3281-website\_markbind\variables.md
2021-11-18T08:12:59.534Z - info: Synchronizing opened pages list before reload
2021-11-18T08:12:59.534Z - info: Current opened pages, from most-to-least recent:
2021-11-18T08:12:59.534Z - info: 1. admin/callForApplications
2021-11-18T08:13:00.552Z - warn: Rebuilding all pages as variables file was changed, or the --force-reload flag was set
2021-11-18T08:13:00.553Z - info: Rebuilding 1 pages
2021-11-18T08:13:00.605Z - info: Site data built
2021-11-18T08:13:00.605Z - info: Pages rebuilt
2021-11-18T08:13:00.605Z - info: Website regeneration complete! Total build time: 0.061s
2021-11-18T08:14:01.991Z - info: [4:14:01 pm] Reload for file change: C:\repos\nus-cs3281\cs3281-website\_markbind\variables.md
2021-11-18T08:14:01.992Z - info: Synchronizing opened pages list before reload
2021-11-18T08:14:01.992Z - info: Current opened pages, from most-to-least recent:
2021-11-18T08:14:01.992Z - info: 1. admin/callForApplications
2021-11-18T08:14:03.001Z - warn: Rebuilding all pages as variables file was changed, or the --force-reload flag was set
2021-11-18T08:14:03.001Z - info: Rebuilding 1 pages
2021-11-18T08:14:03.044Z - info: Site data built
2021-11-18T08:14:03.044Z - info: Pages rebuilt
2021-11-18T08:14:03.044Z - info: Website regeneration complete! Total build time: 0.05s
2021-11-18T08:14:38.699Z - info: [4:14:38 pm] Reload for file change: C:\repos\nus-cs3281\cs3281-website\admin\callForApplications.mbd
2021-11-18T08:14:38.699Z - info: Synchronizing opened pages list before reload
2021-11-18T08:14:38.699Z - info: Current opened pages, from most-to-least recent:
2021-11-18T08:14:38.699Z - info: 1. admin/callForApplications
2021-11-18T08:14:39.704Z - info: Rebuilding 1 pages
2021-11-18T08:14:39.782Z - info: Site data built
2021-11-18T08:14:39.782Z - info: Pages rebuilt
2021-11-18T08:14:39.782Z - info: Website regeneration complete! Total build time: 0.079s
2021-11-18T08:16:26.111Z - info: [4:16:26 pm] Reload for file change: C:\repos\nus-cs3281\cs3281-website\_markbind\layouts\default.md
2021-11-18T08:16:26.112Z - info: Synchronizing opened pages list before reload
2021-11-18T08:16:26.112Z - info: Current opened pages, from most-to-least recent:
2021-11-18T08:16:26.112Z - info: 1. admin/callForApplications
2021-11-18T08:16:27.122Z - info: Rebuilding 1 pages
2021-11-18T08:16:27.170Z - info: Site data built
2021-11-18T08:16:27.170Z - info: Pages rebuilt
2021-11-18T08:16:27.170Z - info: Website regeneration complete! Total build time: 0.049s
2021-11-18T08:16:39.357Z - info: Building C:\repos\nus-cs3281\cs3281-website\admin\cs3281 as some of its dependencies were changed since the last visit
2021-11-18T08:16:39.729Z - info: Site data built
2021-11-18T08:16:39.730Z - info: Lazy website regeneration complete! Total build time: 0.373s
2021-11-18T08:16:40.555Z - info: Building C:\repos\nus-cs3281\cs3281-website\admin\cs3281 as some of its dependencies were changed since the last visit
2021-11-18T08:16:40.615Z - info: Site data built
2021-11-18T08:16:40.616Z - info: Lazy website regeneration complete! Total build time: 0.061s
2021-11-18T08:18:41.503Z - info: [4:18:41 pm] Reload for file change: C:\repos\nus-cs3281\cs3281-website\_markbind\variables.md
2021-11-18T08:18:41.503Z - info: Synchronizing opened pages list before reload
2021-11-18T08:18:41.503Z - info: Current opened pages, from most-to-least recent:
2021-11-18T08:18:41.503Z - info: 1. admin/cs3281
2021-11-18T08:18:42.512Z - warn: Rebuilding all pages as variables file was changed, or the --force-reload flag was set
2021-11-18T08:18:42.513Z - info: Rebuilding 1 pages
2021-11-18T08:18:42.581Z - info: Site data built
2021-11-18T08:18:42.581Z - info: Pages rebuilt
2021-11-18T08:18:42.581Z - info: Website regeneration complete! Total build time: 0.076s
2021-11-18T08:19:40.116Z - info: [4:19:40 pm] Reload for file change: C:\repos\nus-cs3281\cs3281-website\admin\cs3281.mbd
2021-11-18T08:19:40.116Z - info: Synchronizing opened pages list before reload
2021-11-18T08:19:40.116Z - info: Current opened pages, from most-to-least recent:
2021-11-18T08:19:40.117Z - info: 1. admin/cs3281
2021-11-18T08:19:41.129Z - info: Rebuilding 1 pages
2021-11-18T08:19:41.196Z - info: Site data built
2021-11-18T08:19:41.196Z - info: Pages rebuilt
2021-11-18T08:19:41.196Z - info: Website regeneration complete! Total build time: 0.067s
2021-11-18T08:19:57.081Z - info: [4:19:57 pm] Reload for file change: C:\repos\nus-cs3281\cs3281-website\admin\cs3281.mbd
2021-11-18T08:19:57.081Z - info: Synchronizing opened pages list before reload
2021-11-18T08:19:57.081Z - info: Current opened pages, from most-to-least recent:
2021-11-18T08:19:57.081Z - info: 1. admin/cs3281
2021-11-18T08:19:58.095Z - info: Rebuilding 1 pages
2021-11-18T08:19:58.160Z - info: Site data built
2021-11-18T08:19:58.160Z - info: Pages rebuilt
2021-11-18T08:19:58.160Z - info: Website regeneration complete! Total build time: 0.066s
2021-11-18T08:21:28.138Z - info: [4:21:28 pm] Reload for file change: C:\repos\nus-cs3281\cs3281-website\admin\cs3281.mbd
2021-11-18T08:21:28.138Z - info: Synchronizing opened pages list before reload
2021-11-18T08:21:28.138Z - info: Current opened pages, from most-to-least recent:
2021-11-18T08:21:28.139Z - info: 1. admin/cs3281
2021-11-18T08:21:28.150Z - info: [4:21:28 pm] Reload for file change: C:\repos\nus-cs3281\cs3281-website\_markbind\variables.md
2021-11-18T08:21:28.150Z - info: Synchronizing opened pages list before reload
2021-11-18T08:21:28.150Z - info: Current opened pages, from most-to-least recent:
2021-11-18T08:21:28.150Z - info: 1. admin/cs3281
2021-11-18T08:21:29.157Z - warn: Rebuilding all pages as variables file was changed, or the --force-reload flag was set
2021-11-18T08:21:29.157Z - info: Rebuilding 1 pages
2021-11-18T08:21:29.215Z - info: Site data built
2021-11-18T08:21:29.215Z - info: Pages rebuilt
2021-11-18T08:21:29.215Z - info: Website regeneration complete! Total build time: 0.075s
2021-11-18T08:21:36.060Z - info: [4:21:36 pm] Reload for file change: C:\repos\nus-cs3281\cs3281-website\_markbind\variables.md
2021-11-18T08:21:36.060Z - info: Synchronizing opened pages list before reload
2021-11-18T08:21:36.060Z - info: Current opened pages, from most-to-least recent:
2021-11-18T08:21:36.060Z - info: 1. admin/cs3281
2021-11-18T08:21:37.081Z - warn: Rebuilding all pages as variables file was changed, or the --force-reload flag was set
2021-11-18T08:21:37.081Z - info: Rebuilding 1 pages
2021-11-18T08:21:37.133Z - info: Site data built
2021-11-18T08:21:37.134Z - info: Pages rebuilt
2021-11-18T08:21:37.134Z - info: Website regeneration complete! Total build time: 0.061s
2021-11-18T08:21:40.509Z - info: [4:21:40 pm] Reload for file change: C:\repos\nus-cs3281\cs3281-website\_markbind\variables.md
2021-11-18T08:21:40.509Z - info: Synchronizing opened pages list before reload
2021-11-18T08:21:40.509Z - info: Current opened pages, from most-to-least recent:
2021-11-18T08:21:40.509Z - info: 1. admin/cs3281
2021-11-18T08:21:41.521Z - warn: Rebuilding all pages as variables file was changed, or the --force-reload flag was set
2021-11-18T08:21:41.521Z - info: Rebuilding 1 pages
2021-11-18T08:21:41.572Z - info: Site data built
2021-11-18T08:21:41.572Z - info: Pages rebuilt
2021-11-18T08:21:41.572Z - info: Website regeneration complete! Total build time: 0.06s
2021-11-18T08:23:33.313Z - info: [4:23:33 pm] Reload for file change: C:\repos\nus-cs3281\cs3281-website\admin\cs3281.mbd
2021-11-18T08:23:33.313Z - info: Synchronizing opened pages list before reload
2021-11-18T08:23:33.314Z - info: Current opened pages, from most-to-least recent:
2021-11-18T08:23:33.314Z - info: 1. admin/cs3281
2021-11-18T08:23:34.329Z - info: Rebuilding 1 pages
2021-11-18T08:23:34.430Z - info: Site data built
2021-11-18T08:23:34.430Z - info: Pages rebuilt
2021-11-18T08:23:34.431Z - info: Website regeneration complete! Total build time: 0.103s
2021-11-18T08:23:42.157Z - info: [4:23:42 pm] Reload for file change: C:\repos\nus-cs3281\cs3281-website\admin\cs3281.mbd
2021-11-18T08:23:42.157Z - info: Synchronizing opened pages list before reload
2021-11-18T08:23:42.158Z - info: Current opened pages, from most-to-least recent:
2021-11-18T08:23:42.158Z - info: 1. admin/cs3281
2021-11-18T08:23:43.169Z - info: Rebuilding 1 pages
2021-11-18T08:23:43.243Z - info: Site data built
2021-11-18T08:23:43.244Z - info: Pages rebuilt
2021-11-18T08:23:43.244Z - info: Website regeneration complete! Total build time: 0.076s
2021-11-18T08:29:22.956Z - info: [4:29:22 pm] Reload for file change: C:\repos\nus-cs3281\cs3281-website\admin\cs3281.mbd
2021-11-18T08:29:22.956Z - info: Synchronizing opened pages list before reload
2021-11-18T08:29:22.956Z - info: Current opened pages, from most-to-least recent:
2021-11-18T08:29:22.956Z - info: 1. admin/cs3281
2021-11-18T08:29:23.972Z - info: Rebuilding 1 pages
2021-11-18T08:29:24.060Z - info: Site data built
2021-11-18T08:29:24.061Z - info: Pages rebuilt
2021-11-18T08:29:24.061Z - info: Website regeneration complete! Total build time: 0.09s
2021-11-18T08:29:48.866Z - info: [4:29:48 pm] Reload for file change: C:\repos\nus-cs3281\cs3281-website\admin\cs3281.mbd
2021-11-18T08:29:48.867Z - info: Synchronizing opened pages list before reload
2021-11-18T08:29:48.867Z - info: Current opened pages, from most-to-least recent:
2021-11-18T08:29:48.867Z - info: 1. admin/cs3281
2021-11-18T08:29:49.873Z - info: Rebuilding 1 pages
2021-11-18T08:29:49.939Z - info: Site data built
2021-11-18T08:29:49.939Z - info: Pages rebuilt
2021-11-18T08:29:49.940Z - info: Website regeneration complete! Total build time: 0.067s
2021-11-18T08:30:09.837Z - info: [4:30:09 pm] Reload for file change: C:\repos\nus-cs3281\cs3281-website\admin\cs3281.mbd
2021-11-18T08:30:09.837Z - info: Synchronizing opened pages list before reload
2021-11-18T08:30:09.837Z - info: Current opened pages, from most-to-least recent:
2021-11-18T08:30:09.837Z - info: 1. admin/cs3281
2021-11-18T08:30:10.849Z - info: Rebuilding 1 pages
2021-11-18T08:30:10.920Z - info: Site data built
2021-11-18T08:30:10.920Z - info: Pages rebuilt
2021-11-18T08:30:10.920Z - info: Website regeneration complete! Total build time: 0.072s
2021-11-18T08:32:03.212Z - info: Building C:\repos\nus-cs3281\cs3281-website\admin\callForApplications as some of its dependencies were changed since the last visit
2021-11-18T08:32:03.275Z - info: Site data built
2021-11-18T08:32:03.275Z - info: Lazy website regeneration complete! Total build time: 0.064s
2021-11-18T08:32:31.930Z - info: Building C:\repos\nus-cs3281\cs3281-website\admin\cs3282 as some of its dependencies were changed since the last visit
2021-11-18T08:32:32.009Z - info: Site data built
2021-11-18T08:32:32.009Z - info: Lazy website regeneration complete! Total build time: 0.079s
2021-11-18T08:35:25.229Z - info: [4:35:25 pm] Reload for file add: C:\repos\nus-cs3281\cs3281-website\_markbind\layouts\cfa-layout.md
2021-11-18T08:35:25.230Z - info: Synchronizing opened pages list before reload
2021-11-18T08:35:25.230Z - info: Current opened pages, from most-to-least recent:
2021-11-18T08:35:25.230Z - info: 1. admin/cs3282
2021-11-18T08:35:26.262Z - info: Assets built
2021-11-18T08:35:47.759Z - info: [4:35:47 pm] Reload for file add: C:\repos\nus-cs3281\cs3281-website\_markbind\layouts\footer.md
2021-11-18T08:35:47.759Z - info: Synchronizing opened pages list before reload
2021-11-18T08:35:47.759Z - info: Current opened pages, from most-to-least recent:
2021-11-18T08:35:47.759Z - info: 1. admin/cs3282
2021-11-18T08:35:48.793Z - info: Assets built
2021-11-18T08:36:08.500Z - info: [4:36:08 pm] Reload for file change: C:\repos\nus-cs3281\cs3281-website\_markbind\layouts\footer.md
2021-11-18T08:36:08.500Z - info: Synchronizing opened pages list before reload
2021-11-18T08:36:08.500Z - info: Current opened pages, from most-to-least recent:
2021-11-18T08:36:08.500Z - info: 1. admin/cs3282
2021-11-18T08:36:08.514Z - info: [4:36:08 pm] Reload for file change: C:\repos\nus-cs3281\cs3281-website\_markbind\layouts\default.md
2021-11-18T08:36:08.514Z - info: Synchronizing opened pages list before reload
2021-11-18T08:36:08.514Z - info: Current opened pages, from most-to-least recent:
2021-11-18T08:36:08.515Z - info: 1. admin/cs3282
2021-11-18T08:36:09.508Z - info: Assets built
2021-11-18T08:36:09.538Z - info: Rebuilding 1 pages
2021-11-18T08:36:09.613Z - info: Site data built
2021-11-18T08:36:09.613Z - info: Pages rebuilt
2021-11-18T08:36:09.614Z - info: Website regeneration complete! Total build time: 0.076s
2021-11-18T08:36:21.456Z - info: [4:36:21 pm] Reload for file change: C:\repos\nus-cs3281\cs3281-website\_markbind\layouts\default.md
2021-11-18T08:36:21.456Z - info: Synchronizing opened pages list before reload
2021-11-18T08:36:21.456Z - info: Current opened pages, from most-to-least recent:
2021-11-18T08:36:21.456Z - info: 1. admin/cs3282
2021-11-18T08:36:22.480Z - info: Rebuilding 1 pages
2021-11-18T08:36:22.544Z - info: Site data built
2021-11-18T08:36:22.544Z - info: Pages rebuilt
2021-11-18T08:36:22.544Z - info: Website regeneration complete! Total build time: 0.064s
2021-11-18T08:36:54.369Z - info: [4:36:54 pm] Reload for file add: C:\repos\nus-cs3281\cs3281-website\_markbind\layouts\css.md
2021-11-18T08:36:54.369Z - info: Synchronizing opened pages list before reload
2021-11-18T08:36:54.369Z - info: Current opened pages, from most-to-least recent:
2021-11-18T08:36:54.369Z - info: 1. admin/cs3282
2021-11-18T08:36:55.400Z - info: Assets built
2021-11-18T08:37:17.989Z - info: [4:37:17 pm] Reload for file change: C:\repos\nus-cs3281\cs3281-website\_markbind\layouts\css.md
2021-11-18T08:37:17.989Z - info: Synchronizing opened pages list before reload
2021-11-18T08:37:17.989Z - info: Current opened pages, from most-to-least recent:
2021-11-18T08:37:17.989Z - info: 1. admin/cs3282
2021-11-18T08:37:17.999Z - info: [4:37:17 pm] Reload for file change: C:\repos\nus-cs3281\cs3281-website\_markbind\layouts\default.md
2021-11-18T08:37:17.999Z - info: Synchronizing opened pages list before reload
2021-11-18T08:37:17.999Z - info: Current opened pages, from most-to-least recent:
2021-11-18T08:37:18.000Z - info: 1. admin/cs3282
2021-11-18T08:37:18.995Z - info: Assets built
2021-11-18T08:37:19.021Z - info: Rebuilding 1 pages
2021-11-18T08:37:19.082Z - info: Site data built
2021-11-18T08:37:19.082Z - info: Pages rebuilt
2021-11-18T08:37:19.082Z - info: Website regeneration complete! Total build time: 0.062s
2021-11-18T08:37:36.282Z - info: [4:37:36 pm] Reload for file add: C:\repos\nus-cs3281\cs3281-website\_markbind\layouts\header.md
2021-11-18T08:37:36.282Z - info: Synchronizing opened pages list before reload
2021-11-18T08:37:36.282Z - info: Current opened pages, from most-to-least recent:
2021-11-18T08:37:36.282Z - info: 1. admin/cs3282
2021-11-18T08:37:37.311Z - info: Assets built
2021-11-18T08:38:08.064Z - info: [4:38:08 pm] Reload for file change: C:\repos\nus-cs3281\cs3281-website\_markbind\layouts\default.md
2021-11-18T08:38:08.064Z - info: Synchronizing opened pages list before reload
2021-11-18T08:38:08.065Z - info: Current opened pages, from most-to-least recent:
2021-11-18T08:38:08.065Z - info: 1. admin/cs3282
2021-11-18T08:38:08.072Z - info: [4:38:08 pm] Reload for file change: C:\repos\nus-cs3281\cs3281-website\_markbind\layouts\header.md
2021-11-18T08:38:08.072Z - info: Synchronizing opened pages list before reload
2021-11-18T08:38:08.072Z - info: Current opened pages, from most-to-least recent:
2021-11-18T08:38:08.073Z - info: 1. admin/cs3282
2021-11-18T08:38:09.081Z - info: Rebuilding 1 pages
2021-11-18T08:38:09.094Z - info: Assets built
2021-11-18T08:38:09.140Z - info: Site data built
2021-11-18T08:38:09.140Z - info: Pages rebuilt
2021-11-18T08:38:09.140Z - info: Website regeneration complete! Total build time: 0.06s
2021-11-18T08:39:08.198Z - info: [4:39:08 pm] Reload for file add: C:\repos\nus-cs3281\cs3281-website\_markbind\layouts\body.md
2021-11-18T08:39:08.198Z - info: Synchronizing opened pages list before reload
2021-11-18T08:39:08.199Z - info: Current opened pages, from most-to-least recent:
2021-11-18T08:39:08.199Z - info: 1. admin/cs3282
2021-11-18T08:39:09.227Z - info: Assets built
2021-11-18T08:40:02.359Z - info: [4:40:02 pm] Reload for file change: C:\repos\nus-cs3281\cs3281-website\_markbind\layouts\body.md
2021-11-18T08:40:02.359Z - info: Synchronizing opened pages list before reload
2021-11-18T08:40:02.360Z - info: Current opened pages, from most-to-least recent:
2021-11-18T08:40:02.360Z - info: 1. admin/cs3282
2021-11-18T08:40:02.520Z - info: [4:40:02 pm] Reload for file change: C:\repos\nus-cs3281\cs3281-website\_markbind\layouts\default.md
2021-11-18T08:40:02.520Z - info: Synchronizing opened pages list before reload
2021-11-18T08:40:02.521Z - info: Current opened pages, from most-to-least recent:
2021-11-18T08:40:02.521Z - info: 1. admin/cs3282
2021-11-18T08:40:03.367Z - info: Assets built
2021-11-18T08:40:03.562Z - info: Rebuilding 1 pages
2021-11-18T08:40:03.647Z - info: Site data built
2021-11-18T08:40:03.647Z - info: Pages rebuilt
2021-11-18T08:40:03.647Z - info: Website regeneration complete! Total build time: 0.086s
2021-11-18T08:42:25.619Z - info: [4:42:25 pm] Reload for file change: C:\repos\nus-cs3281\cs3281-website\_markbind\layouts\body.md
2021-11-18T08:42:25.620Z - info: Synchronizing opened pages list before reload
2021-11-18T08:42:25.620Z - info: Current opened pages, from most-to-least recent:
2021-11-18T08:42:25.620Z - info: 1. admin/cs3282
2021-11-18T08:42:25.630Z - info: [4:42:25 pm] Reload for file change: C:\repos\nus-cs3281\cs3281-website\_markbind\layouts\default.md
2021-11-18T08:42:25.630Z - info: Synchronizing opened pages list before reload
2021-11-18T08:42:25.630Z - info: Current opened pages, from most-to-least recent:
2021-11-18T08:42:25.631Z - info: 1. admin/cs3282
2021-11-18T08:42:26.656Z - info: Rebuilding 1 pages
2021-11-18T08:42:26.766Z - info: Site data built
2021-11-18T08:42:26.766Z - info: Pages rebuilt
2021-11-18T08:42:26.766Z - info: Website regeneration complete! Total build time: 0.111s
2021-11-18T08:43:18.482Z - info: Building C:\repos\nus-cs3281\cs3281-website\admin\callForApplications as some of its dependencies were changed since the last visit
2021-11-18T08:43:18.576Z - info: Site data built
2021-11-18T08:43:18.576Z - info: Lazy website regeneration complete! Total build time: 0.095s
2021-11-18T08:43:42.529Z - info: [4:43:42 pm] Reload for file add: C:\repos\nus-cs3281\cs3281-website\_markbind\layouts\cs3281-layout.md
2021-11-18T08:43:42.529Z - info: Synchronizing opened pages list before reload
2021-11-18T08:43:42.529Z - info: Current opened pages, from most-to-least recent:
2021-11-18T08:43:42.529Z - info: 1. admin/callForApplications
2021-11-18T08:43:42.625Z - info: [4:43:42 pm] Reload for file deletion: C:\repos\nus-cs3281\cs3281-website\_markbind\layouts\cfa-layout.md
2021-11-18T08:43:42.626Z - info: Synchronizing opened pages list before reload
2021-11-18T08:43:42.626Z - info: Current opened pages, from most-to-least recent:
2021-11-18T08:43:42.626Z - info: 1. admin/callForApplications
2021-11-18T08:43:43.573Z - info: Assets built
2021-11-18T08:43:43.671Z - debug: Assets removed
2021-11-18T08:43:53.168Z - info: [4:43:53 pm] Reload for file change: C:\repos\nus-cs3281\cs3281-website\_markbind\layouts\default.md
2021-11-18T08:43:53.168Z - info: Synchronizing opened pages list before reload
2021-11-18T08:43:53.169Z - info: Current opened pages, from most-to-least recent:
2021-11-18T08:43:53.169Z - info: 1. admin/callForApplications
2021-11-18T08:43:54.230Z - info: Rebuilding 1 pages
2021-11-18T08:43:54.323Z - info: Site data built
2021-11-18T08:43:54.323Z - info: Pages rebuilt
2021-11-18T08:43:54.323Z - info: Website regeneration complete! Total build time: 0.093s
2021-11-18T08:44:18.209Z - info: [4:44:18 pm] Reload for file change: C:\repos\nus-cs3281\cs3281-website\_markbind\layouts\cs3281-layout.md
2021-11-18T08:44:18.209Z - info: Synchronizing opened pages list before reload
2021-11-18T08:44:18.210Z - info: Current opened pages, from most-to-least recent:
2021-11-18T08:44:18.210Z - info: 1. admin/callForApplications
2021-11-18T08:44:18.222Z - info: [4:44:18 pm] Reload for file change: C:\repos\nus-cs3281\cs3281-website\_markbind\layouts\default.md
2021-11-18T08:44:18.222Z - info: Synchronizing opened pages list before reload
2021-11-18T08:44:18.222Z - info: Current opened pages, from most-to-least recent:
2021-11-18T08:44:18.222Z - info: 1. admin/callForApplications
2021-11-18T08:44:19.221Z - info: Assets built
2021-11-18T08:44:19.249Z - info: Rebuilding 1 pages
2021-11-18T08:44:19.347Z - info: Site data built
2021-11-18T08:44:19.348Z - info: Pages rebuilt
2021-11-18T08:44:19.348Z - info: Website regeneration complete! Total build time: 0.1s
2021-11-18T08:44:25.586Z - info: Building C:\repos\nus-cs3281\cs3281-website\admin\cs3281 as some of its dependencies were changed since the last visit
2021-11-18T08:44:25.690Z - info: Site data built
2021-11-18T08:44:25.690Z - info: Lazy website regeneration complete! Total build time: 0.104s
2021-11-18T08:44:53.668Z - info: [4:44:53 pm] Reload for file change: C:\repos\nus-cs3281\cs3281-website\admin\cs3281.mbd
2021-11-18T08:44:53.668Z - info: Synchronizing opened pages list before reload
2021-11-18T08:44:53.668Z - info: Current opened pages, from most-to-least recent:
2021-11-18T08:44:53.668Z - info: 1. admin/cs3281
2021-11-18T08:44:54.685Z - info: Rebuilding 1 pages
2021-11-18T08:44:54.785Z - info: Site data built
2021-11-18T08:44:54.785Z - info: Pages rebuilt
2021-11-18T08:44:54.785Z - info: Website regeneration complete! Total build time: 0.102s
2021-11-18T08:45:21.753Z - info: Building C:\repos\nus-cs3281\cs3281-website\schedule\index-cs3281 as some of its dependencies were changed since the last visit
2021-11-18T08:45:21.896Z - info: Site data built
2021-11-18T08:45:21.896Z - info: Lazy website regeneration complete! Total build time: 0.143s
2021-11-18T08:47:15.249Z - info: [4:47:15 pm] Reload for file change: C:\repos\nus-cs3281\cs3281-website\_markbind\layouts\body.md
2021-11-18T08:47:15.249Z - info: Synchronizing opened pages list before reload
2021-11-18T08:47:15.249Z - info: Current opened pages, from most-to-least recent:
2021-11-18T08:47:15.249Z - info: 1. schedule/index-cs3281
2021-11-18T08:47:15.261Z - info: [4:47:15 pm] Reload for file change: C:\repos\nus-cs3281\cs3281-website\_markbind\layouts\cs3281-layout.md
2021-11-18T08:47:15.261Z - info: Synchronizing opened pages list before reload
2021-11-18T08:47:15.261Z - info: Current opened pages, from most-to-least recent:
2021-11-18T08:47:15.261Z - info: 1. schedule/index-cs3281
2021-11-18T08:47:15.275Z - info: [4:47:15 pm] Reload for file change: C:\repos\nus-cs3281\cs3281-website\_markbind\layouts\default.md
2021-11-18T08:47:15.275Z - info: Synchronizing opened pages list before reload
2021-11-18T08:47:15.275Z - info: Current opened pages, from most-to-least recent:
2021-11-18T08:47:15.275Z - info: 1. schedule/index-cs3281
2021-11-18T08:47:16.316Z - info: Rebuilding 1 pages
2021-11-18T08:47:16.439Z - info: Site data built
2021-11-18T08:47:16.439Z - info: Pages rebuilt
2021-11-18T08:47:16.439Z - info: Website regeneration complete! Total build time: 0.125s
2021-11-18T08:47:53.348Z - info: [4:47:53 pm] Reload for file change: C:\repos\nus-cs3281\cs3281-website\_markbind\variables.md
2021-11-18T08:47:53.348Z - info: Synchronizing opened pages list before reload
2021-11-18T08:47:53.348Z - info: Current opened pages, from most-to-least recent:
2021-11-18T08:47:53.349Z - info: 1. schedule/index-cs3281
2021-11-18T08:47:54.210Z - info: [4:47:54 pm] Reload for file change: C:\repos\nus-cs3281\cs3281-website\_markbind\variables.md
2021-11-18T08:47:54.210Z - info: Synchronizing opened pages list before reload
2021-11-18T08:47:54.210Z - info: Current opened pages, from most-to-least recent:
2021-11-18T08:47:54.210Z - info: 1. schedule/index-cs3281
2021-11-18T08:47:54.369Z - warn: Rebuilding all pages as variables file was changed, or the --force-reload flag was set
2021-11-18T08:47:54.369Z - info: Rebuilding 1 pages
2021-11-18T08:47:54.449Z - info: Site data built
2021-11-18T08:47:54.449Z - info: Pages rebuilt
2021-11-18T08:47:54.449Z - info: Website regeneration complete! Total build time: 0.097s
2021-11-18T08:48:16.558Z - info: Website generation (lazy) started at 4:48:16 pm
2021-11-18T08:48:17.635Z - info: Building assets...
2021-11-18T08:48:18.382Z - info: Assets built
2021-11-18T08:48:18.382Z - info: Generating landing page...
2021-11-18T08:48:18.649Z - info: Landing page built, other pages will be built as you navigate to them!
2021-11-18T08:48:19.564Z - info: Site data built
2021-11-18T08:48:19.564Z - info: Website generation (lazy) complete! Total build time: 3.246s
2021-11-18T08:48:20.432Z - info: Serving "C:\repos\nus-cs3281\cs3281-website\_site" at http://127.0.0.1:8080
2021-11-18T08:48:20.432Z - info: Press CTRL+C to stop ...
2021-11-18T08:48:28.290Z - info: Building C:\repos\nus-cs3281\cs3281-website\admin\callForApplications as some of its dependencies were changed since the last visit
2021-11-18T08:48:28.455Z - info: Site data built
2021-11-18T08:48:28.455Z - info: Lazy website regeneration complete! Total build time: 0.166s
2021-11-18T08:49:38.121Z - info: [4:49:38 pm] Reload for file change: C:\repos\nus-cs3281\cs3281-website\schedule\index-cs3281.mbd
2021-11-18T08:49:38.121Z - info: Synchronizing opened pages list before reload
2021-11-18T08:49:38.121Z - info: Current opened pages, from most-to-least recent:
2021-11-18T08:49:38.122Z - info: 1. index
2021-11-18T08:49:39.124Z - info: Rebuilding 1 pages
2021-11-18T08:49:39.180Z - error: 'cs3281-layout.mbdf' layout does not exist
2021-11-18T08:49:39.228Z - error:  TypeError: Cannot read property 'join' of undefined
    at Page.prepareTemplateData (C:\Users\dcsdcr\AppData\Roaming\npm\node_modules\markbind-cli\node_modules\@markbind\core\src\Page\index.js:140:73)
    at Page.outputPageHtml (C:\Users\dcsdcr\AppData\Roaming\npm\node_modules\markbind-cli\node_modules\@markbind\core\src\Page\index.js:525:12)
    at Page.generate (C:\Users\dcsdcr\AppData\Roaming\npm\node_modules\markbind-cli\node_modules\@markbind\core\src\Page\index.js:519:18)
    at async C:\Users\dcsdcr\AppData\Roaming\npm\node_modules\markbind-cli\node_modules\@markbind\core\src\Site\index.js:1122:9
    at async sequentialAsyncForEach (C:\Users\dcsdcr\AppData\Roaming\npm\node_modules\markbind-cli\node_modules\@markbind\core\src\utils\async.js:15:7)
    at async Site.generatePagesSequential (C:\Users\dcsdcr\AppData\Roaming\npm\node_modules\markbind-cli\node_modules\@markbind\core\src\Site\index.js:1113:5)
    at async C:\Users\dcsdcr\AppData\Roaming\npm\node_modules\markbind-cli\node_modules\@markbind\core\src\Site\index.js:1094:23
    at async sequentialAsyncForEach (C:\Users\dcsdcr\AppData\Roaming\npm\node_modules\markbind-cli\node_modules\@markbind\core\src\utils\async.js:15:7)
    at async Site.runPageGenerationTasks (C:\Users\dcsdcr\AppData\Roaming\npm\node_modules\markbind-cli\node_modules\@markbind\core\src\Site\index.js:1085:5)
    at async Site.regenerateAffectedPages (C:\Users\dcsdcr\AppData\Roaming\npm\node_modules\markbind-cli\node_modules\@markbind\core\src\Site\index.js:1316:7)
    at async Site._rebuildAffectedSourceFiles (C:\Users\dcsdcr\AppData\Roaming\npm\node_modules\markbind-cli\node_modules\@markbind\core\src\Site\index.js:742:7)
2021-11-18T08:49:39.229Z - warn:  Error: Error while generating undefined
    at C:\Users\dcsdcr\AppData\Roaming\npm\node_modules\markbind-cli\node_modules\@markbind\core\src\Site\index.js:1130:15
    at async sequentialAsyncForEach (C:\Users\dcsdcr\AppData\Roaming\npm\node_modules\markbind-cli\node_modules\@markbind\core\src\utils\async.js:15:7)
    at async Site.generatePagesSequential (C:\Users\dcsdcr\AppData\Roaming\npm\node_modules\markbind-cli\node_modules\@markbind\core\src\Site\index.js:1113:5)
    at async C:\Users\dcsdcr\AppData\Roaming\npm\node_modules\markbind-cli\node_modules\@markbind\core\src\Site\index.js:1094:23
    at async sequentialAsyncForEach (C:\Users\dcsdcr\AppData\Roaming\npm\node_modules\markbind-cli\node_modules\@markbind\core\src\utils\async.js:15:7)
    at async Site.runPageGenerationTasks (C:\Users\dcsdcr\AppData\Roaming\npm\node_modules\markbind-cli\node_modules\@markbind\core\src\Site\index.js:1085:5)
    at async Site.regenerateAffectedPages (C:\Users\dcsdcr\AppData\Roaming\npm\node_modules\markbind-cli\node_modules\@markbind\core\src\Site\index.js:1316:7)
    at async Site._rebuildAffectedSourceFiles (C:\Users\dcsdcr\AppData\Roaming\npm\node_modules\markbind-cli\node_modules\@markbind\core\src\Site\index.js:742:7)
2021-11-18T08:49:46.430Z - info: [4:49:46 pm] Reload for file change: C:\repos\nus-cs3281\cs3281-website\schedule\index-cs3281.mbd
2021-11-18T08:49:46.430Z - info: Synchronizing opened pages list before reload
2021-11-18T08:49:46.430Z - info: Current opened pages, from most-to-least recent:
2021-11-18T08:49:46.430Z - info: 1. index
2021-11-18T08:49:47.445Z - info: Rebuilding 1 pages
2021-11-18T08:49:47.610Z - info: Site data built
2021-11-18T08:49:47.610Z - info: Pages rebuilt
2021-11-18T08:49:47.610Z - info: Website regeneration complete! Total build time: 0.166s
2021-11-18T08:49:55.512Z - info: Building C:\repos\nus-cs3281\cs3281-website\admin\cs3281 as some of its dependencies were changed since the last visit
2021-11-18T08:49:55.657Z - info: Site data built
2021-11-18T08:49:55.658Z - info: Lazy website regeneration complete! Total build time: 0.145s
2021-11-18T08:49:59.217Z - info: Building C:\repos\nus-cs3281\cs3281-website\schedule\index-cs3281 as some of its dependencies were changed since the last visit
2021-11-18T08:49:59.371Z - info: Site data built
2021-11-18T08:49:59.371Z - info: Lazy website regeneration complete! Total build time: 0.154s
2021-11-18T08:50:07.415Z - info: Building C:\repos\nus-cs3281\cs3281-website\admin\mentors as some of its dependencies were changed since the last visit
2021-11-18T08:50:07.559Z - info: Site data built
2021-11-18T08:50:07.560Z - info: Lazy website regeneration complete! Total build time: 0.144s
2021-11-18T08:50:29.556Z - info: Building C:\repos\nus-cs3281\cs3281-website\admin\cs3282 as some of its dependencies were changed since the last visit
2021-11-18T08:50:29.636Z - info: Site data built
2021-11-18T08:50:29.636Z - info: Lazy website regeneration complete! Total build time: 0.081s
2021-11-18T08:50:43.115Z - info: [4:50:43 pm] Reload for file add: C:\repos\nus-cs3281\cs3281-website\_markbind\layouts\cs3282-layout.md
2021-11-18T08:50:43.116Z - info: Synchronizing opened pages list before reload
2021-11-18T08:50:43.116Z - info: Current opened pages, from most-to-least recent:
2021-11-18T08:50:43.116Z - info: 1. admin/cs3282
2021-11-18T08:50:44.145Z - info: Assets built
2021-11-18T08:50:53.013Z - info: [4:50:53 pm] Reload for file change: C:\repos\nus-cs3281\cs3281-website\_markbind\layouts\cs3282-layout.md
2021-11-18T08:50:53.013Z - info: Synchronizing opened pages list before reload
2021-11-18T08:50:53.013Z - info: Current opened pages, from most-to-least recent:
2021-11-18T08:50:53.013Z - info: 1. admin/cs3282
2021-11-18T08:50:54.016Z - info: Assets built
2021-11-18T08:51:29.896Z - info: [4:51:29 pm] Reload for file change: C:\repos\nus-cs3281\cs3281-website\schedule\index-cs3282.mbd
2021-11-18T08:51:29.896Z - info: Synchronizing opened pages list before reload
2021-11-18T08:51:29.897Z - info: Current opened pages, from most-to-least recent:
2021-11-18T08:51:29.897Z - info: 1. admin/cs3282
2021-11-18T08:51:30.906Z - info: Assets built
2021-11-18T08:54:13.468Z - info: [4:54:13 pm] Reload for file change: C:\repos\nus-cs3281\cs3281-website\admin\cs3282.mbd
2021-11-18T08:54:13.469Z - info: Synchronizing opened pages list before reload
2021-11-18T08:54:13.469Z - info: Current opened pages, from most-to-least recent:
2021-11-18T08:54:13.469Z - info: 1. admin/cs3282
2021-11-18T08:54:14.480Z - info: Rebuilding 1 pages
2021-11-18T08:54:14.615Z - info: Site data built
2021-11-18T08:54:14.615Z - info: Pages rebuilt
2021-11-18T08:54:14.615Z - info: Website regeneration complete! Total build time: 0.137s
2021-11-18T09:01:03.805Z - info: Building C:\repos\nus-cs3281\cs3281-website\schedule\index-cs3282 as some of its dependencies were changed since the last visit
2021-11-18T09:01:04.175Z - info: Site data built
2021-11-18T09:01:04.175Z - info: Lazy website regeneration complete! Total build time: 0.37s
2021-11-18T09:12:07.486Z - info: [5:12:07 pm] Reload for file change: C:\repos\nus-cs3281\cs3281-website\admin\callForApplications.mbd
2021-11-18T09:12:07.486Z - info: Synchronizing opened pages list before reload
2021-11-18T09:12:07.486Z - info: Current opened pages, from most-to-least recent:
2021-11-18T09:12:07.486Z - info: 1. admin/callForApplications
2021-11-18T09:12:08.503Z - info: Rebuilding 1 pages
2021-11-18T09:12:08.585Z - info: Site data built
2021-11-18T09:12:08.585Z - info: Pages rebuilt
2021-11-18T09:12:08.585Z - info: Website regeneration complete! Total build time: 0.083s
2021-11-18T09:26:31.744Z - info: Website generation started at 5:26:31 pm
2021-11-18T09:26:32.736Z - info: Building assets...
2021-11-18T09:26:33.440Z - info: Assets built
2021-11-18T09:26:33.441Z - info: Generating pages...
2021-11-18T09:26:34.242Z - info: Pages built
2021-11-18T09:26:35.038Z - info: Site data built
2021-11-18T09:26:35.039Z - info: Website generation complete! Total build time: 3.502s
2021-11-18T09:26:35.039Z - info: Build success!
2021-11-18T09:26:38.608Z - info: Deployed at https://nus-cs3281.github.io/website!
2021-11-18T09:39:11.459Z - info: Website generation (lazy) started at 5:39:11 pm
2021-11-18T09:39:12.252Z - info: Building assets...
2021-11-18T09:39:12.964Z - info: Assets built
2021-11-18T09:39:12.964Z - info: Generating landing page...
2021-11-18T09:39:13.247Z - info: Landing page built, other pages will be built as you navigate to them!
2021-11-18T09:39:13.801Z - info: Site data built
2021-11-18T09:39:13.802Z - info: Website generation (lazy) complete! Total build time: 2.6s
2021-11-18T09:39:14.642Z - info: Serving "C:\repos\nus-cs3281\cs3281-website\_site" at http://127.0.0.1:8080
2021-11-18T09:39:14.642Z - info: Press CTRL+C to stop ...
2021-11-18T09:42:44.879Z - info: [5:42:44 pm] Reload for file change: C:\repos\nus-cs3281\cs3281-website\admin\callForApplications.mbd
2021-11-18T09:42:44.881Z - info: Synchronizing opened pages list before reload
2021-11-18T09:42:44.882Z - info: Current opened pages, from most-to-least recent:
2021-11-18T09:42:44.882Z - info: 1. index
2021-11-18T09:42:45.885Z - info: Assets built
2021-11-18T09:43:45.948Z - info: [5:43:45 pm] Reload for file change: C:\repos\nus-cs3281\cs3281-website\index.md
2021-11-18T09:43:45.948Z - info: Synchronizing opened pages list before reload
2021-11-18T09:43:45.949Z - info: Current opened pages, from most-to-least recent:
2021-11-18T09:43:45.949Z - info: 1. index
2021-11-18T09:43:46.966Z - info: Rebuilding 1 pages
2021-11-18T09:43:47.260Z - info: Site data built
2021-11-18T09:43:47.260Z - info: Pages rebuilt
2021-11-18T09:43:47.261Z - info: Website regeneration complete! Total build time: 0.295s
2021-11-18T09:44:29.601Z - info: [5:44:29 pm] Reload for file change: C:\repos\nus-cs3281\cs3281-website\admin\callForApplications.mbd
2021-11-18T09:44:29.602Z - info: Synchronizing opened pages list before reload
2021-11-18T09:44:29.603Z - info: Current opened pages, from most-to-least recent:
2021-11-18T09:44:29.603Z - info: 1. index
2021-11-18T09:44:30.611Z - info: Rebuilding 1 pages
2021-11-18T09:44:30.706Z - info: Site data built
2021-11-18T09:44:30.707Z - info: Pages rebuilt
2021-11-18T09:44:30.707Z - info: Website regeneration complete! Total build time: 0.096s
2021-11-18T09:46:07.532Z - info: [5:46:07 pm] Reload for file change: C:\repos\nus-cs3281\cs3281-website\admin\callForApplications.mbd
2021-11-18T09:46:07.532Z - info: Synchronizing opened pages list before reload
2021-11-18T09:46:07.532Z - info: Current opened pages, from most-to-least recent:
2021-11-18T09:46:07.532Z - info: 1. index
2021-11-18T09:46:08.546Z - info: Rebuilding 1 pages
2021-11-18T09:46:08.659Z - info: Site data built
2021-11-18T09:46:08.659Z - info: Pages rebuilt
2021-11-18T09:46:08.659Z - info: Website regeneration complete! Total build time: 0.115s
2021-11-18T09:46:45.244Z - info: Website generation started at 5:46:44 pm
2021-11-18T09:46:46.287Z - info: Building assets...
2021-11-18T09:46:47.005Z - info: Assets built
2021-11-18T09:46:47.006Z - info: Generating pages...
2021-11-18T09:46:47.869Z - info: Pages built
2021-11-18T09:46:48.757Z - info: Site data built
2021-11-18T09:46:48.757Z - info: Website generation complete! Total build time: 3.799s
2021-11-18T09:46:48.758Z - info: Build success!
2021-11-18T09:46:52.665Z - info: Deployed at https://nus-cs3281.github.io/website!
2021-11-18T11:17:06.809Z - info: Website generation (lazy) started at 7:17:06 pm
2021-11-18T11:17:07.796Z - info: Building assets...
2021-11-18T11:17:08.387Z - info: Assets built
2021-11-18T11:17:08.387Z - info: Generating landing page...
2021-11-18T11:17:08.604Z - info: Landing page built, other pages will be built as you navigate to them!
2021-11-18T11:17:09.335Z - info: Site data built
2021-11-18T11:17:09.335Z - info: Website generation (lazy) complete! Total build time: 2.705s
2021-11-18T11:17:10.093Z - info: Serving "C:\repos\nus-cs3281\cs3281-website\_site" at http://127.0.0.1:8080
2021-11-18T11:17:10.093Z - info: Press CTRL+C to stop ...
2021-11-18T11:20:09.650Z - info: Website generation started at 7:20:09 pm
2021-11-18T11:20:10.361Z - info: Building assets...
2021-11-18T11:20:10.997Z - info: Assets built
2021-11-18T11:20:10.997Z - info: Generating pages...
2021-11-18T11:20:11.706Z - info: Pages built
2021-11-18T11:20:12.197Z - info: Site data built
2021-11-18T11:20:12.197Z - info: Website generation complete! Total build time: 2.729s
2021-11-18T11:20:12.197Z - info: Build success!
2021-11-18T11:20:15.320Z - info: Deployed at https://nus-cs3281.github.io/website!
