2021-12-04T06:10:29.692Z - info: Website generation (lazy) started at 2:10:29 pm
2021-12-04T06:10:30.812Z - info: Building assets...
2021-12-04T06:10:31.665Z - info: Assets built
2021-12-04T06:10:31.665Z - info: Generating landing page...
2021-12-04T06:10:32.104Z - info: Landing page built, other pages will be built as you navigate to them!
2021-12-04T06:10:33.219Z - info: Site data built
2021-12-04T06:10:33.219Z - info: Website generation (lazy) complete! Total build time: 3.757s
2021-12-04T06:10:34.095Z - info: Serving "C:\repos\nus-cs3281\cs3281-website\_site" at http://127.0.0.1:8080
2021-12-04T06:10:34.095Z - info: Press CTRL+C to stop ...
2021-12-04T06:13:24.508Z - info: [2:13:24 pm] Reload for file change: C:\repos\nus-cs3281\cs3281-website\admin\callForApplications.mbd
2021-12-04T06:13:24.508Z - info: Synchronizing opened pages list before reload
2021-12-04T06:13:24.508Z - info: Current opened pages, from most-to-least recent:
2021-12-04T06:13:24.508Z - info: 1. index
2021-12-04T06:13:25.528Z - info: Rebuilding 1 pages
2021-12-04T06:13:25.668Z - info: Site data built
2021-12-04T06:13:25.669Z - info: Pages rebuilt
2021-12-04T06:13:25.669Z - info: Website regeneration complete! Total build time: 0.143s
2021-12-04T06:14:36.713Z - info: [2:14:36 pm] Reload for file change: C:\repos\nus-cs3281\cs3281-website\admin\callForApplications.mbd
2021-12-04T06:14:36.713Z - info: Synchronizing opened pages list before reload
2021-12-04T06:14:36.713Z - info: Current opened pages, from most-to-least recent:
2021-12-04T06:14:36.713Z - info: 1. index
2021-12-04T06:14:37.721Z - info: Rebuilding 1 pages
2021-12-04T06:14:37.824Z - info: Site data built
2021-12-04T06:14:37.824Z - info: Pages rebuilt
2021-12-04T06:14:37.824Z - info: Website regeneration complete! Total build time: 0.104s
2021-12-04T06:23:01.508Z - info: [2:23:01 pm] Reload for file change: C:\repos\nus-cs3281\cs3281-website\admin\callForApplications.mbd
2021-12-04T06:23:01.508Z - info: Synchronizing opened pages list before reload
2021-12-04T06:23:01.508Z - info: Current opened pages, from most-to-least recent:
2021-12-04T06:23:01.509Z - info: 1. index
2021-12-04T06:23:02.518Z - info: Rebuilding 1 pages
2021-12-04T06:23:02.607Z - info: Site data built
2021-12-04T06:23:02.607Z - info: Pages rebuilt
2021-12-04T06:23:02.607Z - info: Website regeneration complete! Total build time: 0.09s
2021-12-04T06:23:32.482Z - info: [2:23:32 pm] Reload for file change: C:\repos\nus-cs3281\cs3281-website\admin\callForApplications.mbd
2021-12-04T06:23:32.482Z - info: Synchronizing opened pages list before reload
2021-12-04T06:23:32.482Z - info: Current opened pages, from most-to-least recent:
2021-12-04T06:23:32.482Z - info: 1. index
2021-12-04T06:23:33.499Z - info: Rebuilding 1 pages
2021-12-04T06:23:33.598Z - info: Site data built
2021-12-04T06:23:33.598Z - info: Pages rebuilt
2021-12-04T06:23:33.598Z - info: Website regeneration complete! Total build time: 0.1s
2021-12-04T06:24:58.949Z - info: [2:24:58 pm] Reload for file change: C:\repos\nus-cs3281\cs3281-website\admin\callForApplications.mbd
2021-12-04T06:24:58.950Z - info: Synchronizing opened pages list before reload
2021-12-04T06:24:58.950Z - info: Current opened pages, from most-to-least recent:
2021-12-04T06:24:58.950Z - info: 1. index
2021-12-04T06:24:59.956Z - info: Rebuilding 1 pages
2021-12-04T06:25:00.077Z - info: Site data built
2021-12-04T06:25:00.077Z - info: Pages rebuilt
2021-12-04T06:25:00.077Z - info: Website regeneration complete! Total build time: 0.122s
2021-12-04T06:25:34.797Z - info: [2:25:34 pm] Reload for file change: C:\repos\nus-cs3281\cs3281-website\admin\callForApplications.mbd
2021-12-04T06:25:34.798Z - info: Synchronizing opened pages list before reload
2021-12-04T06:25:34.798Z - info: Current opened pages, from most-to-least recent:
2021-12-04T06:25:34.798Z - info: 1. index
2021-12-04T06:25:35.803Z - info: Rebuilding 1 pages
2021-12-04T06:25:35.909Z - info: Site data built
2021-12-04T06:25:35.909Z - info: Pages rebuilt
2021-12-04T06:25:35.909Z - info: Website regeneration complete! Total build time: 0.108s
2021-12-04T06:28:05.386Z - info: [2:28:05 pm] Reload for file change: C:\repos\nus-cs3281\cs3281-website\admin\callForApplications.mbd
2021-12-04T06:28:05.386Z - info: Synchronizing opened pages list before reload
2021-12-04T06:28:05.386Z - info: Current opened pages, from most-to-least recent:
2021-12-04T06:28:05.387Z - info: 1. index
2021-12-04T06:28:06.393Z - info: Rebuilding 1 pages
2021-12-04T06:28:06.502Z - info: Site data built
2021-12-04T06:28:06.502Z - info: Pages rebuilt
2021-12-04T06:28:06.502Z - info: Website regeneration complete! Total build time: 0.111s
2021-12-04T06:29:40.673Z - info: [2:29:40 pm] Reload for file change: C:\repos\nus-cs3281\cs3281-website\admin\callForApplications.mbd
2021-12-04T06:29:40.673Z - info: Synchronizing opened pages list before reload
2021-12-04T06:29:40.673Z - info: Current opened pages, from most-to-least recent:
2021-12-04T06:29:40.673Z - info: 1. index
2021-12-04T06:29:41.689Z - info: Rebuilding 1 pages
2021-12-04T06:29:41.806Z - info: Site data built
2021-12-04T06:29:41.806Z - info: Pages rebuilt
2021-12-04T06:29:41.807Z - info: Website regeneration complete! Total build time: 0.12s
2021-12-04T06:31:45.572Z - info: [2:31:45 pm] Reload for file change: C:\repos\nus-cs3281\cs3281-website\admin\callForApplications.mbd
2021-12-04T06:31:45.572Z - info: Synchronizing opened pages list before reload
2021-12-04T06:31:45.572Z - info: Current opened pages, from most-to-least recent:
2021-12-04T06:31:45.572Z - info: 1. index
2021-12-04T06:31:46.581Z - info: Rebuilding 1 pages
2021-12-04T06:31:46.710Z - info: Site data built
2021-12-04T06:31:46.710Z - info: Pages rebuilt
2021-12-04T06:31:46.710Z - info: Website regeneration complete! Total build time: 0.13s
2021-12-04T06:32:36.935Z - info: [2:32:36 pm] Reload for file change: C:\repos\nus-cs3281\cs3281-website\admin\callForApplications.mbd
2021-12-04T06:32:36.936Z - info: Synchronizing opened pages list before reload
2021-12-04T06:32:36.936Z - info: Current opened pages, from most-to-least recent:
2021-12-04T06:32:36.936Z - info: 1. index
2021-12-04T06:32:37.942Z - info: Rebuilding 1 pages
2021-12-04T06:32:38.050Z - info: Site data built
2021-12-04T06:32:38.050Z - info: Pages rebuilt
2021-12-04T06:32:38.050Z - info: Website regeneration complete! Total build time: 0.11s
2021-12-04T06:33:37.279Z - info: [2:33:37 pm] Reload for file change: C:\repos\nus-cs3281\cs3281-website\admin\callForApplications.mbd
2021-12-04T06:33:37.279Z - info: Synchronizing opened pages list before reload
2021-12-04T06:33:37.279Z - info: Current opened pages, from most-to-least recent:
2021-12-04T06:33:37.279Z - info: 1. index
2021-12-04T06:33:38.283Z - info: Rebuilding 1 pages
2021-12-04T06:33:38.394Z - info: Site data built
2021-12-04T06:33:38.395Z - info: Pages rebuilt
2021-12-04T06:33:38.395Z - info: Website regeneration complete! Total build time: 0.113s
2021-12-04T06:34:07.215Z - info: Website generation started at 2:34:07 pm
2021-12-04T06:34:08.183Z - info: Building assets...
2021-12-04T06:34:08.895Z - info: Assets built
2021-12-04T06:34:08.895Z - info: Generating pages...
2021-12-04T06:34:09.806Z - info: Pages built
2021-12-04T06:34:10.610Z - info: Site data built
2021-12-04T06:34:10.611Z - info: Website generation complete! Total build time: 3.599s
2021-12-04T06:34:10.611Z - info: Build success!
2021-12-04T06:34:14.464Z - info: Deployed at https://nus-cs3281.github.io/website!
2021-12-04T07:09:52.212Z - info: Website generation started at 3:09:51 pm
2021-12-04T07:09:53.488Z - info: Building assets...
2021-12-04T07:09:54.318Z - info: Assets built
2021-12-04T07:09:54.319Z - info: Generating pages...
2021-12-04T07:09:55.317Z - info: Pages built
2021-12-04T07:09:56.192Z - info: Site data built
2021-12-04T07:09:56.192Z - info: Website generation complete! Total build time: 4.27s
2021-12-04T07:09:56.192Z - info: Build success!
2021-12-04T07:10:00.410Z - info: Deployed at https://nus-cs3281.github.io/website!
2021-12-04T07:29:42.186Z - info: Website generation started at 3:29:41 pm
2021-12-04T07:29:43.225Z - info: Building assets...
2021-12-04T07:29:44.137Z - info: Assets built
2021-12-04T07:29:44.138Z - info: Generating pages...
2021-12-04T07:29:45.150Z - info: Pages built
2021-12-04T07:29:46.136Z - info: Site data built
2021-12-04T07:29:46.136Z - info: Website generation complete! Total build time: 4.223s
2021-12-04T07:29:46.136Z - info: Build success!
2021-12-04T07:29:50.649Z - info: Deployed at https://nus-cs3281.github.io/website!
2021-12-04T08:15:33.921Z - info: Website generation started at 4:15:33 pm
2021-12-04T08:15:35.007Z - info: Building assets...
2021-12-04T08:15:35.752Z - info: Assets built
2021-12-04T08:15:35.752Z - info: Generating pages...
2021-12-04T08:15:36.555Z - info: Pages built
2021-12-04T08:15:37.412Z - info: Site data built
2021-12-04T08:15:37.413Z - info: Website generation complete! Total build time: 3.72s
2021-12-04T08:15:37.413Z - info: Build success!
2021-12-04T08:15:41.076Z - info: Deployed at https://nus-cs3281.github.io/website!
