2024-01-25T09:34:04.345Z - info: Website generation started at 5:34:03 pm
2024-01-25T09:34:05.595Z - info: Building assets...
2024-01-25T09:34:06.391Z - info: Assets built
2024-01-25T09:34:06.392Z - info: Generating pages...
2024-01-25T09:34:07.281Z - info: Pages built
2024-01-25T09:34:09.064Z - info: Site data built
2024-01-25T09:34:09.065Z - info: Website generation complete! Total build time: 5.188s
2024-01-25T09:34:09.564Z - info: Serving "C:\repos\nus-cs3281\cs3281-website\_site" at http://127.0.0.1:8080
2024-01-25T09:34:09.565Z - info: Press CTRL+C to stop ...
2024-01-25T09:34:49.985Z - info: Website generation started at 5:34:49 pm
2024-01-25T09:34:50.834Z - info: Building assets...
2024-01-25T09:34:51.616Z - info: Assets built
2024-01-25T09:34:51.617Z - info: Generating pages...
2024-01-25T09:34:52.411Z - info: Pages built
2024-01-25T09:34:53.267Z - info: Site data built
2024-01-25T09:34:53.267Z - info: Website generation complete! Total build time: 3.653s
2024-01-25T09:34:53.268Z - info: Build success!
2024-01-25T09:35:07.780Z - info: The website has been deployed at: https://nus-cs3281.github.io/website
2024-01-25T09:41:01.870Z - info: Website generation started at 5:41:01 pm
2024-01-25T09:41:02.959Z - info: Building assets...
