2021-12-19T08:44:22.162Z - info: Website generation (lazy) started at 4:44:21 pm
2021-12-19T08:44:23.685Z - info: Building assets...
2021-12-19T08:44:24.557Z - info: Assets built
2021-12-19T08:44:24.557Z - info: Generating landing page...
2021-12-19T08:44:25.114Z - info: Landing page built, other pages will be built as you navigate to them!
2021-12-19T08:44:26.143Z - info: Site data built
2021-12-19T08:44:26.143Z - info: Website generation (lazy) complete! Total build time: 4.208s
2021-12-19T08:44:27.044Z - info: Serving "C:\repos\nus-cs3281\cs3281-website\_site" at http://127.0.0.1:8080
2021-12-19T08:44:27.044Z - info: Press CTRL+C to stop ...
2021-12-19T08:48:19.995Z - info: [4:48:19 pm] Reload for file change: C:\repos\nus-cs3281\cs3281-website\admin\callForApplications.mbd
2021-12-19T08:48:19.995Z - info: Synchronizing opened pages list before reload
2021-12-19T08:48:19.995Z - info: Current opened pages, from most-to-least recent:
2021-12-19T08:48:19.995Z - info: 1. index
2021-12-19T08:48:21.014Z - info: Rebuilding 1 pages
2021-12-19T08:48:21.144Z - info: Site data built
2021-12-19T08:48:21.144Z - info: Pages rebuilt
2021-12-19T08:48:21.144Z - info: Website regeneration complete! Total build time: 0.132s
2021-12-19T08:48:35.521Z - info: [4:48:35 pm] Reload for file change: C:\repos\nus-cs3281\cs3281-website\admin\callForApplications.mbd
2021-12-19T08:48:35.521Z - info: Synchronizing opened pages list before reload
2021-12-19T08:48:35.521Z - info: Current opened pages, from most-to-least recent:
2021-12-19T08:48:35.521Z - info: 1. index
2021-12-19T08:48:36.526Z - info: Rebuilding 1 pages
2021-12-19T08:48:36.605Z - info: Site data built
2021-12-19T08:48:36.605Z - info: Pages rebuilt
2021-12-19T08:48:36.605Z - info: Website regeneration complete! Total build time: 0.08s
2021-12-19T08:51:01.346Z - info: [4:51:01 pm] Reload for file change: C:\repos\nus-cs3281\cs3281-website\admin\callForApplications.mbd
2021-12-19T08:51:01.346Z - info: Synchronizing opened pages list before reload
2021-12-19T08:51:01.347Z - info: Current opened pages, from most-to-least recent:
2021-12-19T08:51:01.347Z - info: 1. index
2021-12-19T08:51:02.351Z - info: Rebuilding 1 pages
2021-12-19T08:51:02.436Z - info: Site data built
2021-12-19T08:51:02.436Z - info: Pages rebuilt
2021-12-19T08:51:02.436Z - info: Website regeneration complete! Total build time: 0.085s
2021-12-19T08:51:32.393Z - info: [4:51:32 pm] Reload for file change: C:\repos\nus-cs3281\cs3281-website\admin\callForApplications.mbd
2021-12-19T08:51:32.393Z - info: Synchronizing opened pages list before reload
2021-12-19T08:51:32.393Z - info: Current opened pages, from most-to-least recent:
2021-12-19T08:51:32.393Z - info: 1. index
2021-12-19T08:51:33.405Z - info: Rebuilding 1 pages
2021-12-19T08:51:33.476Z - info: Site data built
2021-12-19T08:51:33.477Z - info: Pages rebuilt
2021-12-19T08:51:33.477Z - info: Website regeneration complete! Total build time: 0.072s
2021-12-19T08:52:16.623Z - info: [4:52:16 pm] Reload for file change: C:\repos\nus-cs3281\cs3281-website\admin\callForApplications.mbd
2021-12-19T08:52:16.624Z - info: Synchronizing opened pages list before reload
2021-12-19T08:52:16.624Z - info: Current opened pages, from most-to-least recent:
2021-12-19T08:52:16.624Z - info: 1. index
2021-12-19T08:52:17.632Z - info: Rebuilding 1 pages
2021-12-19T08:52:17.716Z - info: Site data built
2021-12-19T08:52:17.716Z - info: Pages rebuilt
2021-12-19T08:52:17.716Z - info: Website regeneration complete! Total build time: 0.086s
2021-12-19T08:53:15.866Z - info: Building C:\repos\nus-cs3281\cs3281-website\admin\cs3281 as some of its dependencies were changed since the last visit
2021-12-19T08:53:16.008Z - info: Site data built
2021-12-19T08:53:16.008Z - info: Lazy website regeneration complete! Total build time: 0.142s
2021-12-19T08:54:46.157Z - info: [4:54:46 pm] Reload for file change: C:\repos\nus-cs3281\cs3281-website\admin\cs3281.mbd
2021-12-19T08:54:46.157Z - info: Synchronizing opened pages list before reload
2021-12-19T08:54:46.157Z - info: Current opened pages, from most-to-least recent:
2021-12-19T08:54:46.158Z - info: 1. admin/cs3281
2021-12-19T08:54:47.166Z - info: Rebuilding 1 pages
2021-12-19T08:54:47.261Z - info: Site data built
2021-12-19T08:54:47.261Z - info: Pages rebuilt
2021-12-19T08:54:47.261Z - info: Website regeneration complete! Total build time: 0.096s
2021-12-19T08:55:36.150Z - info: [4:55:36 pm] Reload for file change: C:\repos\nus-cs3281\cs3281-website\admin\cs3281.mbd
2021-12-19T08:55:36.150Z - info: Synchronizing opened pages list before reload
2021-12-19T08:55:36.150Z - info: Current opened pages, from most-to-least recent:
2021-12-19T08:55:36.151Z - info: 1. admin/cs3281
2021-12-19T08:55:37.179Z - info: Rebuilding 1 pages
2021-12-19T08:55:37.261Z - info: Site data built
2021-12-19T08:55:37.261Z - info: Pages rebuilt
2021-12-19T08:55:37.261Z - info: Website regeneration complete! Total build time: 0.083s
2021-12-19T08:57:01.586Z - info: [4:57:01 pm] Reload for file change: C:\repos\nus-cs3281\cs3281-website\admin\cs3281.mbd
2021-12-19T08:57:01.586Z - info: Synchronizing opened pages list before reload
2021-12-19T08:57:01.586Z - info: Current opened pages, from most-to-least recent:
2021-12-19T08:57:01.586Z - info: 1. admin/cs3281
2021-12-19T08:57:02.601Z - info: Rebuilding 1 pages
2021-12-19T08:57:02.682Z - info: Site data built
2021-12-19T08:57:02.682Z - info: Pages rebuilt
2021-12-19T08:57:02.682Z - info: Website regeneration complete! Total build time: 0.081s
2021-12-19T09:00:11.247Z - info: [5:00:11 pm] Reload for file change: C:\repos\nus-cs3281\cs3281-website\admin\cs3281.mbd
2021-12-19T09:00:11.247Z - info: Synchronizing opened pages list before reload
2021-12-19T09:00:11.247Z - info: Current opened pages, from most-to-least recent:
2021-12-19T09:00:11.247Z - info: 1. admin/cs3281
2021-12-19T09:00:12.251Z - info: Rebuilding 1 pages
2021-12-19T09:00:12.325Z - info: Site data built
2021-12-19T09:00:12.325Z - info: Pages rebuilt
2021-12-19T09:00:12.325Z - info: Website regeneration complete! Total build time: 0.075s
2021-12-19T09:01:23.666Z - info: [5:01:23 pm] Reload for file change: C:\repos\nus-cs3281\cs3281-website\admin\cs3281.mbd
2021-12-19T09:01:23.666Z - info: Synchronizing opened pages list before reload
2021-12-19T09:01:23.666Z - info: Current opened pages, from most-to-least recent:
2021-12-19T09:01:23.666Z - info: 1. admin/cs3281
2021-12-19T09:01:24.681Z - info: Rebuilding 1 pages
2021-12-19T09:01:24.774Z - info: Site data built
2021-12-19T09:01:24.774Z - info: Pages rebuilt
2021-12-19T09:01:24.774Z - info: Website regeneration complete! Total build time: 0.094s
2021-12-19T09:01:32.275Z - info: Building C:\repos\nus-cs3281\cs3281-website\admin\mentors as some of its dependencies were changed since the last visit
2021-12-19T09:01:32.668Z - info: Site data built
2021-12-19T09:01:32.668Z - info: Lazy website regeneration complete! Total build time: 0.393s
2021-12-19T09:01:33.467Z - info: Building C:\repos\nus-cs3281\cs3281-website\admin\mentors as some of its dependencies were changed since the last visit
2021-12-19T09:01:33.521Z - info: Site data built
2021-12-19T09:01:33.521Z - info: Lazy website regeneration complete! Total build time: 0.054s
2021-12-19T09:02:02.728Z - info: Building C:\repos\nus-cs3281\cs3281-website\schedule\index-cs3281 as some of its dependencies were changed since the last visit
2021-12-19T09:02:02.831Z - info: Site data built
2021-12-19T09:02:02.831Z - info: Lazy website regeneration complete! Total build time: 0.103s
2021-12-19T09:02:36.828Z - info: Building C:\repos\nus-cs3281\cs3281-website\admin\callForApplications as some of its dependencies were changed since the last visit
2021-12-19T09:02:36.902Z - info: Site data built
2021-12-19T09:02:36.902Z - info: Lazy website regeneration complete! Total build time: 0.075s
2021-12-19T09:03:21.719Z - info: [5:03:21 pm] Reload for file change: C:\repos\nus-cs3281\cs3281-website\admin\mentors.mbd
2021-12-19T09:03:21.719Z - info: Synchronizing opened pages list before reload
2021-12-19T09:03:21.719Z - info: Current opened pages, from most-to-least recent:
2021-12-19T09:03:21.720Z - info: 1. admin/mentors
2021-12-19T09:03:22.737Z - info: Rebuilding 1 pages
2021-12-19T09:03:22.802Z - info: Site data built
2021-12-19T09:03:22.802Z - info: Pages rebuilt
2021-12-19T09:03:22.802Z - info: Website regeneration complete! Total build time: 0.066s
2021-12-19T09:07:11.986Z - info: [5:07:11 pm] Reload for file change: C:\repos\nus-cs3281\cs3281-website\schedule\index-cs3281.mbd
2021-12-19T09:07:11.986Z - info: Synchronizing opened pages list before reload
2021-12-19T09:07:11.986Z - info: Current opened pages, from most-to-least recent:
2021-12-19T09:07:11.986Z - info: 1. admin/mentors
2021-12-19T09:07:12.999Z - info: No pages needed to be rebuilt
2021-12-19T09:07:18.046Z - info: Building C:\repos\nus-cs3281\cs3281-website\schedule\index-cs3281 as some of its dependencies were changed since the last visit
2021-12-19T09:07:18.158Z - info: Site data built
2021-12-19T09:07:18.159Z - info: Lazy website regeneration complete! Total build time: 0.113s
2021-12-19T09:07:55.340Z - info: [5:07:55 pm] Reload for file change: C:\repos\nus-cs3281\cs3281-website\schedule\index-cs3281.mbd
2021-12-19T09:07:55.341Z - info: Synchronizing opened pages list before reload
2021-12-19T09:07:55.341Z - info: Current opened pages, from most-to-least recent:
2021-12-19T09:07:55.341Z - info: 1. schedule/index-cs3281
2021-12-19T09:07:56.360Z - info: Rebuilding 1 pages
2021-12-19T09:07:56.511Z - info: Site data built
2021-12-19T09:07:56.512Z - info: Pages rebuilt
2021-12-19T09:07:56.512Z - info: Website regeneration complete! Total build time: 0.152s
2021-12-19T09:09:13.991Z - info: [5:09:13 pm] Reload for file change: C:\repos\nus-cs3281\cs3281-website\schedule\index-cs3281.mbd
2021-12-19T09:09:13.991Z - info: Synchronizing opened pages list before reload
2021-12-19T09:09:13.992Z - info: Current opened pages, from most-to-least recent:
2021-12-19T09:09:13.992Z - info: 1. schedule/index-cs3281
2021-12-19T09:09:15.002Z - info: Rebuilding 1 pages
2021-12-19T09:09:15.115Z - info: Site data built
2021-12-19T09:09:15.116Z - info: Pages rebuilt
2021-12-19T09:09:15.116Z - info: Website regeneration complete! Total build time: 0.114s
2021-12-19T09:09:20.866Z - info: [5:09:20 pm] Reload for file change: C:\repos\nus-cs3281\cs3281-website\schedule\index-cs3281.mbd
2021-12-19T09:09:20.866Z - info: Synchronizing opened pages list before reload
2021-12-19T09:09:20.866Z - info: Current opened pages, from most-to-least recent:
2021-12-19T09:09:20.867Z - info: 1. schedule/index-cs3281
2021-12-19T09:09:21.879Z - info: Rebuilding 1 pages
2021-12-19T09:09:22.022Z - info: Site data built
2021-12-19T09:09:22.022Z - info: Pages rebuilt
2021-12-19T09:09:22.022Z - info: Website regeneration complete! Total build time: 0.144s
2021-12-19T09:11:08.068Z - info: [5:11:08 pm] Reload for file change: C:\repos\nus-cs3281\cs3281-website\schedule\index-cs3281.mbd
2021-12-19T09:11:08.068Z - info: Synchronizing opened pages list before reload
2021-12-19T09:11:08.068Z - info: Current opened pages, from most-to-least recent:
2021-12-19T09:11:08.068Z - info: 1. schedule/index-cs3281
2021-12-19T09:11:09.078Z - info: Rebuilding 1 pages
2021-12-19T09:11:09.181Z - info: Site data built
2021-12-19T09:11:09.181Z - info: Pages rebuilt
2021-12-19T09:11:09.181Z - info: Website regeneration complete! Total build time: 0.104s
2021-12-19T09:13:37.398Z - info: [5:13:37 pm] Reload for file change: C:\repos\nus-cs3281\cs3281-website\schedule\index-cs3281.mbd
2021-12-19T09:13:37.398Z - info: Synchronizing opened pages list before reload
2021-12-19T09:13:37.398Z - info: Current opened pages, from most-to-least recent:
2021-12-19T09:13:37.398Z - info: 1. schedule/index-cs3281
2021-12-19T09:13:38.401Z - info: Rebuilding 1 pages
2021-12-19T09:13:38.482Z - info: Site data built
2021-12-19T09:13:38.482Z - info: Pages rebuilt
2021-12-19T09:13:38.482Z - info: Website regeneration complete! Total build time: 0.082s
2021-12-19T09:14:20.354Z - info: [5:14:20 pm] Reload for file change: C:\repos\nus-cs3281\cs3281-website\schedule\index-cs3281.mbd
2021-12-19T09:14:20.354Z - info: Synchronizing opened pages list before reload
2021-12-19T09:14:20.354Z - info: Current opened pages, from most-to-least recent:
2021-12-19T09:14:20.354Z - info: 1. schedule/index-cs3281
2021-12-19T09:14:21.362Z - info: Rebuilding 1 pages
2021-12-19T09:14:21.482Z - info: Site data built
2021-12-19T09:14:21.483Z - info: Pages rebuilt
2021-12-19T09:14:21.483Z - info: Website regeneration complete! Total build time: 0.122s
2021-12-19T09:14:49.728Z - info: [5:14:49 pm] Reload for file change: C:\repos\nus-cs3281\cs3281-website\schedule\index-cs3281.mbd
2021-12-19T09:14:49.728Z - info: Synchronizing opened pages list before reload
2021-12-19T09:14:49.728Z - info: Current opened pages, from most-to-least recent:
2021-12-19T09:14:49.728Z - info: 1. schedule/index-cs3281
2021-12-19T09:14:50.739Z - info: Rebuilding 1 pages
2021-12-19T09:14:50.859Z - info: Site data built
2021-12-19T09:14:50.859Z - info: Pages rebuilt
2021-12-19T09:14:50.859Z - info: Website regeneration complete! Total build time: 0.121s
2021-12-19T09:16:44.426Z - info: [5:16:44 pm] Reload for file change: C:\repos\nus-cs3281\cs3281-website\schedule\index-cs3281.mbd
2021-12-19T09:16:44.426Z - info: Synchronizing opened pages list before reload
2021-12-19T09:16:44.426Z - info: Current opened pages, from most-to-least recent:
2021-12-19T09:16:44.426Z - info: 1. schedule/index-cs3281
2021-12-19T09:16:45.441Z - info: Rebuilding 1 pages
2021-12-19T09:16:45.565Z - info: Site data built
2021-12-19T09:16:45.565Z - info: Pages rebuilt
2021-12-19T09:16:45.565Z - info: Website regeneration complete! Total build time: 0.125s
2021-12-19T09:19:29.415Z - info: [5:19:29 pm] Reload for file change: C:\repos\nus-cs3281\cs3281-website\admin\cs3281.mbd
2021-12-19T09:19:29.415Z - info: Synchronizing opened pages list before reload
2021-12-19T09:19:29.415Z - info: Current opened pages, from most-to-least recent:
2021-12-19T09:19:29.415Z - info: 1. admin/cs3281
2021-12-19T09:19:30.417Z - info: Rebuilding 1 pages
2021-12-19T09:19:30.501Z - info: Site data built
2021-12-19T09:19:30.501Z - info: Pages rebuilt
2021-12-19T09:19:30.501Z - info: Website regeneration complete! Total build time: 0.084s
2021-12-19T09:20:42.559Z - info: Building C:\repos\nus-cs3281\cs3281-website\admin\cs3282 as some of its dependencies were changed since the last visit
2021-12-19T09:20:42.733Z - info: Site data built
2021-12-19T09:20:42.734Z - info: Lazy website regeneration complete! Total build time: 0.175s
2021-12-19T09:23:33.899Z - info: [5:23:33 pm] Reload for file change: C:\repos\nus-cs3281\cs3281-website\admin\cs3282.mbd
2021-12-19T09:23:33.899Z - info: Synchronizing opened pages list before reload
2021-12-19T09:23:33.900Z - info: Current opened pages, from most-to-least recent:
2021-12-19T09:23:33.900Z - info: 1. admin/cs3282
2021-12-19T09:23:34.911Z - info: Rebuilding 1 pages
2021-12-19T09:23:34.978Z - info: Site data built
2021-12-19T09:23:34.978Z - info: Pages rebuilt
2021-12-19T09:23:34.978Z - info: Website regeneration complete! Total build time: 0.067s
2021-12-19T09:25:53.490Z - info: [5:25:53 pm] Reload for file change: C:\repos\nus-cs3281\cs3281-website\admin\cs3282.mbd
2021-12-19T09:25:53.490Z - info: Synchronizing opened pages list before reload
2021-12-19T09:25:53.490Z - info: Current opened pages, from most-to-least recent:
2021-12-19T09:25:53.490Z - info: 1. admin/cs3282
2021-12-19T09:25:54.501Z - info: Rebuilding 1 pages
2021-12-19T09:25:54.596Z - info: Site data built
2021-12-19T09:25:54.596Z - info: Pages rebuilt
2021-12-19T09:25:54.597Z - info: Website regeneration complete! Total build time: 0.096s
2021-12-19T09:26:14.213Z - info: [5:26:14 pm] Reload for file change: C:\repos\nus-cs3281\cs3281-website\admin\cs3282.mbd
2021-12-19T09:26:14.213Z - info: Synchronizing opened pages list before reload
2021-12-19T09:26:14.213Z - info: Current opened pages, from most-to-least recent:
2021-12-19T09:26:14.213Z - info: 1. admin/cs3282
2021-12-19T09:26:15.215Z - info: Rebuilding 1 pages
2021-12-19T09:26:15.274Z - info: Site data built
2021-12-19T09:26:15.274Z - info: Pages rebuilt
2021-12-19T09:26:15.274Z - info: Website regeneration complete! Total build time: 0.059s
2021-12-19T09:27:07.189Z - info: [5:27:07 pm] Reload for file change: C:\repos\nus-cs3281\cs3281-website\admin\cs3282.mbd
2021-12-19T09:27:07.189Z - info: Synchronizing opened pages list before reload
2021-12-19T09:27:07.189Z - info: Current opened pages, from most-to-least recent:
2021-12-19T09:27:07.189Z - info: 1. admin/cs3282
2021-12-19T09:27:08.203Z - info: Rebuilding 1 pages
2021-12-19T09:27:08.298Z - info: Site data built
2021-12-19T09:27:08.299Z - info: Pages rebuilt
2021-12-19T09:27:08.299Z - info: Website regeneration complete! Total build time: 0.097s
2021-12-19T09:30:27.572Z - info: [5:30:27 pm] Reload for file change: C:\repos\nus-cs3281\cs3281-website\admin\cs3282.mbd
2021-12-19T09:30:27.572Z - info: Synchronizing opened pages list before reload
2021-12-19T09:30:27.572Z - info: Current opened pages, from most-to-least recent:
2021-12-19T09:30:27.572Z - info: 1. admin/cs3282
2021-12-19T09:30:28.586Z - info: Rebuilding 1 pages
2021-12-19T09:30:28.677Z - info: Site data built
2021-12-19T09:30:28.677Z - info: Pages rebuilt
2021-12-19T09:30:28.677Z - info: Website regeneration complete! Total build time: 0.092s
2021-12-19T09:31:46.450Z - info: Website generation started at 5:31:46 pm
2021-12-19T09:31:47.537Z - info: Building assets...
2021-12-19T09:31:48.256Z - info: Assets built
2021-12-19T09:31:48.256Z - info: Generating pages...
2021-12-19T09:31:48.670Z - error:  Error: No such segment '#expertiseAreas' in file: C:\repos\nus-cs3281\cs3281-website\admin\cs3282.mbd
Missing reference in C:\repos\nus-cs3281\cs3281-website\schedule\index-cs3282.mbd
    at processInclude (C:\Users\dcsdcr\AppData\Roaming\npm\node_modules\markbind-cli\node_modules\@markbind\core\src\html\includePanelProcessor.js:225:23)
    at NodeProcessor.processNode (C:\Users\dcsdcr\AppData\Roaming\npm\node_modules\markbind-cli\node_modules\@markbind\core\src\html\NodeProcessor.js:147:16)
    at NodeProcessor._process (C:\Users\dcsdcr\AppData\Roaming\npm\node_modules\markbind-cli\node_modules\@markbind\core\src\html\NodeProcessor.js:289:20)
    at C:\Users\dcsdcr\AppData\Roaming\npm\node_modules\markbind-cli\node_modules\@markbind\core\src\html\NodeProcessor.js:294:14
    at Array.forEach (<anonymous>)
    at NodeProcessor._process (C:\Users\dcsdcr\AppData\Roaming\npm\node_modules\markbind-cli\node_modules\@markbind\core\src\html\NodeProcessor.js:293:21)
    at C:\Users\dcsdcr\AppData\Roaming\npm\node_modules\markbind-cli\node_modules\@markbind\core\src\html\NodeProcessor.js:294:14
    at Array.forEach (<anonymous>)
    at NodeProcessor._process (C:\Users\dcsdcr\AppData\Roaming\npm\node_modules\markbind-cli\node_modules\@markbind\core\src\html\NodeProcessor.js:293:21)
    at C:\Users\dcsdcr\AppData\Roaming\npm\node_modules\markbind-cli\node_modules\@markbind\core\src\html\NodeProcessor.js:294:14
    at Array.forEach (<anonymous>)
    at NodeProcessor._process (C:\Users\dcsdcr\AppData\Roaming\npm\node_modules\markbind-cli\node_modules\@markbind\core\src\html\NodeProcessor.js:293:21)
    at C:\Users\dcsdcr\AppData\Roaming\npm\node_modules\markbind-cli\node_modules\@markbind\core\src\html\NodeProcessor.js:329:30
    at Array.map (<anonymous>)
    at DomHandler._callback (C:\Users\dcsdcr\AppData\Roaming\npm\node_modules\markbind-cli\node_modules\@markbind\core\src\html\NodeProcessor.js:326:35)
    at DomHandler._handleCallback.DomHandler.onerror (C:\Users\dcsdcr\AppData\Roaming\npm\node_modules\markbind-cli\node_modules\domhandler\index.js:52:8)
2021-12-19T09:31:48.686Z - error:  Error: No such segment '#deliverable-book-chapter' in file: C:\repos\nus-cs3281\cs3281-website\admin\cs3282.mbd
Missing reference in C:\repos\nus-cs3281\cs3281-website\schedule\index-cs3282.mbd
    at processInclude (C:\Users\dcsdcr\AppData\Roaming\npm\node_modules\markbind-cli\node_modules\@markbind\core\src\html\includePanelProcessor.js:225:23)
    at NodeProcessor.processNode (C:\Users\dcsdcr\AppData\Roaming\npm\node_modules\markbind-cli\node_modules\@markbind\core\src\html\NodeProcessor.js:147:16)
    at NodeProcessor._process (C:\Users\dcsdcr\AppData\Roaming\npm\node_modules\markbind-cli\node_modules\@markbind\core\src\html\NodeProcessor.js:289:20)
    at C:\Users\dcsdcr\AppData\Roaming\npm\node_modules\markbind-cli\node_modules\@markbind\core\src\html\NodeProcessor.js:294:14
    at Array.forEach (<anonymous>)
    at NodeProcessor._process (C:\Users\dcsdcr\AppData\Roaming\npm\node_modules\markbind-cli\node_modules\@markbind\core\src\html\NodeProcessor.js:293:21)
    at C:\Users\dcsdcr\AppData\Roaming\npm\node_modules\markbind-cli\node_modules\@markbind\core\src\html\NodeProcessor.js:294:14
    at Array.forEach (<anonymous>)
    at NodeProcessor._process (C:\Users\dcsdcr\AppData\Roaming\npm\node_modules\markbind-cli\node_modules\@markbind\core\src\html\NodeProcessor.js:293:21)
    at C:\Users\dcsdcr\AppData\Roaming\npm\node_modules\markbind-cli\node_modules\@markbind\core\src\html\NodeProcessor.js:294:14
    at Array.forEach (<anonymous>)
    at NodeProcessor._process (C:\Users\dcsdcr\AppData\Roaming\npm\node_modules\markbind-cli\node_modules\@markbind\core\src\html\NodeProcessor.js:293:21)
    at C:\Users\dcsdcr\AppData\Roaming\npm\node_modules\markbind-cli\node_modules\@markbind\core\src\html\NodeProcessor.js:294:14
    at Array.forEach (<anonymous>)
    at NodeProcessor._process (C:\Users\dcsdcr\AppData\Roaming\npm\node_modules\markbind-cli\node_modules\@markbind\core\src\html\NodeProcessor.js:293:21)
    at C:\Users\dcsdcr\AppData\Roaming\npm\node_modules\markbind-cli\node_modules\@markbind\core\src\html\NodeProcessor.js:329:30
2021-12-19T09:31:49.045Z - info: Pages built
2021-12-19T09:31:49.823Z - info: Site data built
2021-12-19T09:31:49.823Z - info: Website generation complete! Total build time: 3.593s
2021-12-19T09:31:49.823Z - info: Build success!
2021-12-19T09:32:47.256Z - info: Website generation started at 5:32:47 pm
2021-12-19T09:32:48.189Z - info: Building assets...
2021-12-19T09:32:49.050Z - info: Assets built
2021-12-19T09:32:49.050Z - info: Generating pages...
2021-12-19T09:32:49.447Z - error:  Error: No such segment '#expertiseAreas' in file: C:\repos\nus-cs3281\cs3281-website\admin\cs3282.mbd
Missing reference in C:\repos\nus-cs3281\cs3281-website\schedule\index-cs3282.mbd
    at processInclude (C:\Users\dcsdcr\AppData\Roaming\npm\node_modules\markbind-cli\node_modules\@markbind\core\src\html\includePanelProcessor.js:225:23)
    at NodeProcessor.processNode (C:\Users\dcsdcr\AppData\Roaming\npm\node_modules\markbind-cli\node_modules\@markbind\core\src\html\NodeProcessor.js:147:16)
    at NodeProcessor._process (C:\Users\dcsdcr\AppData\Roaming\npm\node_modules\markbind-cli\node_modules\@markbind\core\src\html\NodeProcessor.js:289:20)
    at C:\Users\dcsdcr\AppData\Roaming\npm\node_modules\markbind-cli\node_modules\@markbind\core\src\html\NodeProcessor.js:294:14
    at Array.forEach (<anonymous>)
    at NodeProcessor._process (C:\Users\dcsdcr\AppData\Roaming\npm\node_modules\markbind-cli\node_modules\@markbind\core\src\html\NodeProcessor.js:293:21)
    at C:\Users\dcsdcr\AppData\Roaming\npm\node_modules\markbind-cli\node_modules\@markbind\core\src\html\NodeProcessor.js:294:14
    at Array.forEach (<anonymous>)
    at NodeProcessor._process (C:\Users\dcsdcr\AppData\Roaming\npm\node_modules\markbind-cli\node_modules\@markbind\core\src\html\NodeProcessor.js:293:21)
    at C:\Users\dcsdcr\AppData\Roaming\npm\node_modules\markbind-cli\node_modules\@markbind\core\src\html\NodeProcessor.js:294:14
    at Array.forEach (<anonymous>)
    at NodeProcessor._process (C:\Users\dcsdcr\AppData\Roaming\npm\node_modules\markbind-cli\node_modules\@markbind\core\src\html\NodeProcessor.js:293:21)
    at C:\Users\dcsdcr\AppData\Roaming\npm\node_modules\markbind-cli\node_modules\@markbind\core\src\html\NodeProcessor.js:329:30
    at Array.map (<anonymous>)
    at DomHandler._callback (C:\Users\dcsdcr\AppData\Roaming\npm\node_modules\markbind-cli\node_modules\@markbind\core\src\html\NodeProcessor.js:326:35)
    at DomHandler._handleCallback.DomHandler.onerror (C:\Users\dcsdcr\AppData\Roaming\npm\node_modules\markbind-cli\node_modules\domhandler\index.js:52:8)
2021-12-19T09:32:49.807Z - info: Pages built
2021-12-19T09:32:50.332Z - info: Site data built
2021-12-19T09:32:50.333Z - info: Website generation complete! Total build time: 3.292s
2021-12-19T09:32:50.333Z - info: Build success!
2021-12-19T09:34:02.479Z - info: Website generation started at 5:34:02 pm
2021-12-19T09:34:03.302Z - info: Building assets...
2021-12-19T09:34:04.044Z - info: Assets built
2021-12-19T09:34:04.044Z - info: Generating pages...
2021-12-19T09:34:04.804Z - info: Pages built
2021-12-19T09:34:05.323Z - info: Site data built
2021-12-19T09:34:05.323Z - info: Website generation complete! Total build time: 3.058s
2021-12-19T09:34:05.323Z - info: Build success!
2021-12-19T09:34:19.291Z - info: Website generation (lazy) started at 5:34:19 pm
2021-12-19T09:34:20.105Z - info: Building assets...
2021-12-19T09:34:20.824Z - info: Assets built
2021-12-19T09:34:20.825Z - info: Generating landing page...
2021-12-19T09:34:21.048Z - info: Landing page built, other pages will be built as you navigate to them!
2021-12-19T09:34:21.557Z - info: Site data built
2021-12-19T09:34:21.557Z - info: Website generation (lazy) complete! Total build time: 2.483s
2021-12-19T09:34:22.383Z - info: Serving "C:\repos\nus-cs3281\cs3281-website\_site" at http://127.0.0.1:8080
2021-12-19T09:34:22.383Z - info: Press CTRL+C to stop ...
2021-12-19T09:34:45.173Z - info: Building C:\repos\nus-cs3281\cs3281-website\schedule\index-cs3282 as some of its dependencies were changed since the last visit
2021-12-19T09:34:45.632Z - info: Site data built
2021-12-19T09:34:45.632Z - info: Lazy website regeneration complete! Total build time: 0.459s
2021-12-19T09:35:09.442Z - info: Deployed at https://nus-cs3281.github.io/website!
