2019-03-11T03:55:39.257Z - info: Website generation started at 11:55:39 AM
2019-03-11T03:55:39.516Z - info: Building assets...
2019-03-11T03:55:39.798Z - info: Assets built
2019-03-11T03:55:39.798Z - info: Generating pages...
2019-03-11T03:55:40.421Z - info: Pages built
2019-03-11T03:55:40.659Z - info: Website generation complete! Total build time: 1.557s
2019-03-11T03:55:40.659Z - info: Build success!
2019-03-11T03:55:40.659Z - info: Generate Site durationMs=1557
2019-03-11T03:55:40.666Z - info: Site data built
2019-03-11T03:55:55.465Z - info: Deployed!
2019-03-11T07:58:16.177Z - info: Website generation started at 3:58:16 PM
2019-03-11T07:58:16.409Z - info: Building assets...
2019-03-11T07:58:16.746Z - info: Assets built
2019-03-11T07:58:16.747Z - info: Generating pages...
2019-03-11T07:58:17.491Z - info: Pages built
2019-03-11T07:58:17.780Z - info: Website generation complete! Total build time: 1.776s
2019-03-11T07:58:18.457Z - info: Serving "C:\repos\nus-cs3281\cs3281-website\_site" at http://127.0.0.1:8080
2019-03-11T07:58:18.458Z - info: Press CTRL+C to stop ...
2019-03-11T07:58:18.503Z - info: Site data built
2019-03-11T08:00:52.225Z - info: [4:00:52 PM] Reload for file change: C:\repos\nus-cs3281\cs3281-website\_markbind\variables.md
2019-03-11T08:00:53.228Z - info: Rebuilding affected source files
2019-03-11T08:00:53.236Z - warn: Rebuilding all pages as variables file was changed, or the --force-reload flag was set
2019-03-11T08:00:53.238Z - info: Rebuilding 7 pages
2019-03-11T08:00:53.872Z - info: Pages rebuilt
2019-03-11T08:00:53.881Z - info: Site data built
2019-03-11T08:00:57.206Z - info: [4:00:57 PM] Reload for file change: C:\repos\nus-cs3281\cs3281-website\_markbind\variables.md
2019-03-11T08:00:58.206Z - info: Rebuilding affected source files
2019-03-11T08:00:58.211Z - warn: Rebuilding all pages as variables file was changed, or the --force-reload flag was set
2019-03-11T08:00:58.212Z - info: Rebuilding 7 pages
2019-03-11T08:00:58.656Z - info: Pages rebuilt
2019-03-11T08:00:58.665Z - info: Site data built
2019-03-11T08:01:20.987Z - info: [4:01:20 PM] Reload for file change: C:\repos\nus-cs3281\cs3281-website\_markbind\variables.md
2019-03-11T08:01:21.986Z - info: Rebuilding affected source files
2019-03-11T08:01:22.029Z - warn: Rebuilding all pages as variables file was changed, or the --force-reload flag was set
2019-03-11T08:01:22.031Z - info: Rebuilding 7 pages
2019-03-11T08:01:22.630Z - info: Pages rebuilt
2019-03-11T08:01:22.639Z - info: Site data built
2019-03-11T08:03:11.628Z - info: [4:03:11 PM] Reload for file change: C:\repos\nus-cs3281\cs3281-website\_markbind\variables.md
2019-03-11T08:03:12.629Z - info: Rebuilding affected source files
2019-03-11T08:03:12.684Z - warn: Rebuilding all pages as variables file was changed, or the --force-reload flag was set
2019-03-11T08:03:12.687Z - info: Rebuilding 7 pages
2019-03-11T08:03:13.338Z - info: Pages rebuilt
2019-03-11T08:03:13.349Z - info: Site data built
2019-03-11T08:03:49.156Z - info: [4:03:49 PM] Reload for file change: C:\repos\nus-cs3281\cs3281-website\_markbind\variables.md
2019-03-11T08:03:50.157Z - info: Rebuilding affected source files
2019-03-11T08:03:50.200Z - warn: Rebuilding all pages as variables file was changed, or the --force-reload flag was set
2019-03-11T08:03:50.202Z - info: Rebuilding 7 pages
2019-03-11T08:03:50.811Z - info: Pages rebuilt
2019-03-11T08:03:50.821Z - info: Site data built
2019-03-11T08:10:09.600Z - info: [4:10:09 PM] Reload for file change: C:\repos\nus-cs3281\cs3281-website\_markbind\variables.md
2019-03-11T08:10:09.609Z - info: [4:10:09 PM] Reload for file change: C:\repos\nus-cs3281\cs3281-website\schedule\index.mbd
2019-03-11T08:10:10.601Z - info: Rebuilding affected source files
2019-03-11T08:10:10.636Z - error: (unknown path) [Line 1, Column 23]
  expected variable end
2019-03-11T08:10:10.636Z - error: (unknown path) [Line 1, Column 23]
  expected variable end
2019-03-11T08:17:47.666Z - info: Website generation started at 4:17:47 PM
2019-03-11T08:17:47.915Z - warn:  Template render error: (unknown path) [Line 1, Column 23]
  expected variable end
    at Object._prettifyError (C:\Users\dcsdcr\AppData\Roaming\npm\node_modules\markbind-cli\node_modules\nunjucks\src\lib.js:36:11)
    at Template.render (C:\Users\dcsdcr\AppData\Roaming\npm\node_modules\markbind-cli\node_modules\nunjucks\src\environment.js:542:21)
    at Environment.renderString (C:\Users\dcsdcr\AppData\Roaming\npm\node_modules\markbind-cli\node_modules\nunjucks\src\environment.js:380:17)
    at Object.renderString (C:\Users\dcsdcr\AppData\Roaming\npm\node_modules\markbind-cli\node_modules\nunjucks\index.js:99:14)
    at Object.<anonymous> (C:\Users\dcsdcr\AppData\Roaming\npm\node_modules\markbind-cli\src\Site.js:487:29)
    at initialize.exports.each (C:\Users\dcsdcr\AppData\Roaming\npm\node_modules\markbind-cli\node_modules\cheerio\lib\api\traversing.js:300:24)
    at Object.keys.forEach (C:\Users\dcsdcr\AppData\Roaming\npm\node_modules\markbind-cli\src\Site.js:484:24)
    at Array.forEach (<anonymous>)
    at Site.collectUserDefinedVariablesMap (C:\Users\dcsdcr\AppData\Roaming\npm\node_modules\markbind-cli\src\Site.js:465:32)
    at readSiteConfig.then.then.then (C:\Users\dcsdcr\AppData\Roaming\npm\node_modules\markbind-cli\src\Site.js:518:24)
    at tryCatcher (C:\Users\dcsdcr\AppData\Roaming\npm\node_modules\markbind-cli\node_modules\bluebird\js\release\util.js:16:23)
    at Promise._settlePromiseFromHandler (C:\Users\dcsdcr\AppData\Roaming\npm\node_modules\markbind-cli\node_modules\bluebird\js\release\promise.js:512:31)
    at Promise._settlePromise (C:\Users\dcsdcr\AppData\Roaming\npm\node_modules\markbind-cli\node_modules\bluebird\js\release\promise.js:569:18)
    at Promise._settlePromise0 (C:\Users\dcsdcr\AppData\Roaming\npm\node_modules\markbind-cli\node_modules\bluebird\js\release\promise.js:614:10)
    at Promise._settlePromises (C:\Users\dcsdcr\AppData\Roaming\npm\node_modules\markbind-cli\node_modules\bluebird\js\release\promise.js:694:18)
    at _drainQueueStep (C:\Users\dcsdcr\AppData\Roaming\npm\node_modules\markbind-cli\node_modules\bluebird\js\release\async.js:138:12)
2019-03-11T08:17:47.921Z - error: (unknown path) [Line 1, Column 23]
  expected variable end
2019-03-11T08:18:27.461Z - info: Website generation started at 4:18:27 PM
2019-03-11T08:18:27.677Z - warn:  Template render error: (unknown path) [Line 1, Column 23]
  expected variable end
    at Object._prettifyError (C:\Users\dcsdcr\AppData\Roaming\npm\node_modules\markbind-cli\node_modules\nunjucks\src\lib.js:36:11)
    at Template.render (C:\Users\dcsdcr\AppData\Roaming\npm\node_modules\markbind-cli\node_modules\nunjucks\src\environment.js:542:21)
    at Environment.renderString (C:\Users\dcsdcr\AppData\Roaming\npm\node_modules\markbind-cli\node_modules\nunjucks\src\environment.js:380:17)
    at Object.renderString (C:\Users\dcsdcr\AppData\Roaming\npm\node_modules\markbind-cli\node_modules\nunjucks\index.js:99:14)
    at Object.<anonymous> (C:\Users\dcsdcr\AppData\Roaming\npm\node_modules\markbind-cli\src\Site.js:487:29)
    at initialize.exports.each (C:\Users\dcsdcr\AppData\Roaming\npm\node_modules\markbind-cli\node_modules\cheerio\lib\api\traversing.js:300:24)
    at Object.keys.forEach (C:\Users\dcsdcr\AppData\Roaming\npm\node_modules\markbind-cli\src\Site.js:484:24)
    at Array.forEach (<anonymous>)
    at Site.collectUserDefinedVariablesMap (C:\Users\dcsdcr\AppData\Roaming\npm\node_modules\markbind-cli\src\Site.js:465:32)
    at readSiteConfig.then.then.then (C:\Users\dcsdcr\AppData\Roaming\npm\node_modules\markbind-cli\src\Site.js:518:24)
    at tryCatcher (C:\Users\dcsdcr\AppData\Roaming\npm\node_modules\markbind-cli\node_modules\bluebird\js\release\util.js:16:23)
    at Promise._settlePromiseFromHandler (C:\Users\dcsdcr\AppData\Roaming\npm\node_modules\markbind-cli\node_modules\bluebird\js\release\promise.js:512:31)
    at Promise._settlePromise (C:\Users\dcsdcr\AppData\Roaming\npm\node_modules\markbind-cli\node_modules\bluebird\js\release\promise.js:569:18)
    at Promise._settlePromise0 (C:\Users\dcsdcr\AppData\Roaming\npm\node_modules\markbind-cli\node_modules\bluebird\js\release\promise.js:614:10)
    at Promise._settlePromises (C:\Users\dcsdcr\AppData\Roaming\npm\node_modules\markbind-cli\node_modules\bluebird\js\release\promise.js:694:18)
    at _drainQueueStep (C:\Users\dcsdcr\AppData\Roaming\npm\node_modules\markbind-cli\node_modules\bluebird\js\release\async.js:138:12)
2019-03-11T08:18:27.681Z - error: (unknown path) [Line 1, Column 23]
  expected variable end
2019-03-11T08:19:59.080Z - info: Website generation started at 4:19:59 PM
2019-03-11T08:19:59.324Z - info: Building assets...
2019-03-11T08:19:59.608Z - info: Assets built
2019-03-11T08:19:59.608Z - info: Generating pages...
2019-03-11T08:20:00.279Z - info: Pages built
2019-03-11T08:20:00.517Z - info: Website generation complete! Total build time: 1.447s
2019-03-11T08:20:00.874Z - info: Serving "C:\repos\nus-cs3281\cs3281-website\_site" at http://127.0.0.1:8080
2019-03-11T08:20:00.874Z - info: Press CTRL+C to stop ...
2019-03-11T08:20:00.898Z - info: Site data built
2019-03-11T08:21:08.098Z - info: [4:21:08 PM] Reload for file change: C:\repos\nus-cs3281\cs3281-website\_markbind\variables.md
2019-03-11T08:21:09.098Z - info: Rebuilding affected source files
2019-03-11T08:21:09.128Z - error: (unknown path) [Line 1, Column 23]
  expected variable end
2019-03-11T08:21:45.122Z - info: [4:21:45 PM] Reload for file change: C:\repos\nus-cs3281\cs3281-website\_markbind\variables.md
2019-03-11T08:21:45.123Z - info: Rebuilding affected source files
2019-03-11T08:21:45.140Z - warn: Rebuilding all pages as variables file was changed, or the --force-reload flag was set
2019-03-11T08:21:45.141Z - info: Rebuilding 7 pages
2019-03-11T08:21:45.800Z - info: Pages rebuilt
2019-03-11T08:21:45.812Z - info: Site data built
2019-03-11T08:21:45.824Z - error: (unknown path) [Line 1, Column 23]
  expected variable end
2019-03-11T08:22:05.325Z - info: Website generation started at 4:22:05 PM
2019-03-11T08:22:05.544Z - info: Building assets...
2019-03-11T08:22:05.759Z - info: Assets built
2019-03-11T08:22:05.759Z - info: Generating pages...
2019-03-11T08:22:06.507Z - info: Pages built
2019-03-11T08:22:06.689Z - info: Website generation complete! Total build time: 1.531s
2019-03-11T08:22:07.036Z - info: Serving "C:\repos\nus-cs3281\cs3281-website\_site" at http://127.0.0.1:8080
2019-03-11T08:22:07.036Z - info: Press CTRL+C to stop ...
2019-03-11T08:22:07.064Z - info: Site data built
2019-03-11T08:24:24.655Z - info: [4:24:24 PM] Reload for file change: C:\repos\nus-cs3281\cs3281-website\_markbind\variables.md
2019-03-11T08:24:25.659Z - info: Rebuilding affected source files
2019-03-11T08:24:25.683Z - warn: Rebuilding all pages as variables file was changed, or the --force-reload flag was set
2019-03-11T08:24:25.685Z - info: Rebuilding 7 pages
2019-03-11T08:24:26.306Z - info: Pages rebuilt
2019-03-11T08:24:26.316Z - info: Site data built
2019-03-11T08:24:40.100Z - info: [4:24:40 PM] Reload for file change: C:\repos\nus-cs3281\cs3281-website\_markbind\variables.md
2019-03-11T08:24:41.102Z - info: Rebuilding affected source files
2019-03-11T08:24:41.113Z - warn: Rebuilding all pages as variables file was changed, or the --force-reload flag was set
2019-03-11T08:24:41.114Z - info: Rebuilding 7 pages
2019-03-11T08:24:41.620Z - info: Pages rebuilt
2019-03-11T08:24:41.635Z - info: Site data built
2019-03-11T08:24:52.958Z - info: [4:24:52 PM] Reload for file change: C:\repos\nus-cs3281\cs3281-website\_markbind\variables.md
2019-03-11T08:24:53.959Z - info: Rebuilding affected source files
2019-03-11T08:24:53.976Z - warn: Rebuilding all pages as variables file was changed, or the --force-reload flag was set
2019-03-11T08:24:53.977Z - info: Rebuilding 7 pages
2019-03-11T08:24:54.575Z - info: Pages rebuilt
2019-03-11T08:24:54.584Z - info: Site data built
2019-03-11T08:25:37.430Z - info: [4:25:37 PM] Reload for file change: C:\repos\nus-cs3281\cs3281-website\_markbind\variables.md
2019-03-11T08:25:38.431Z - info: Rebuilding affected source files
2019-03-11T08:25:38.448Z - warn: Rebuilding all pages as variables file was changed, or the --force-reload flag was set
2019-03-11T08:25:38.449Z - info: Rebuilding 7 pages
2019-03-11T08:25:39.009Z - info: Pages rebuilt
2019-03-11T08:25:39.018Z - info: Site data built
2019-03-11T08:25:48.596Z - info: [4:25:48 PM] Reload for file change: C:\repos\nus-cs3281\cs3281-website\_markbind\variables.md
2019-03-11T08:25:49.606Z - info: Rebuilding affected source files
2019-03-11T08:25:49.620Z - warn: Rebuilding all pages as variables file was changed, or the --force-reload flag was set
2019-03-11T08:25:49.622Z - info: Rebuilding 7 pages
2019-03-11T08:25:50.062Z - info: Pages rebuilt
2019-03-11T08:25:50.070Z - info: Site data built
2019-03-11T08:26:19.033Z - info: [4:26:19 PM] Reload for file change: C:\repos\nus-cs3281\cs3281-website\_markbind\variables.md
2019-03-11T08:26:20.037Z - info: Rebuilding affected source files
2019-03-11T08:26:20.053Z - warn: Rebuilding all pages as variables file was changed, or the --force-reload flag was set
2019-03-11T08:26:20.054Z - info: Rebuilding 7 pages
2019-03-11T08:26:20.656Z - info: Pages rebuilt
2019-03-11T08:26:20.664Z - info: Site data built
2019-03-11T08:27:18.594Z - info: [4:27:18 PM] Reload for file change: C:\repos\nus-cs3281\cs3281-website\_markbind\variables.md
2019-03-11T08:27:19.605Z - info: Rebuilding affected source files
2019-03-11T08:27:19.644Z - warn: Rebuilding all pages as variables file was changed, or the --force-reload flag was set
2019-03-11T08:27:19.646Z - info: Rebuilding 7 pages
2019-03-11T08:27:20.289Z - info: Pages rebuilt
2019-03-11T08:27:20.298Z - info: Site data built
2019-03-11T08:29:26.765Z - info: [4:29:26 PM] Reload for file change: C:\repos\nus-cs3281\cs3281-website\_markbind\variables.md
2019-03-11T08:29:26.776Z - info: [4:29:26 PM] Reload for file change: C:\repos\nus-cs3281\cs3281-website\schedule\index.mbd
2019-03-11T08:29:27.767Z - info: Rebuilding affected source files
2019-03-11T08:29:27.810Z - warn: Rebuilding all pages as variables file was changed, or the --force-reload flag was set
2019-03-11T08:29:27.811Z - info: Rebuilding 7 pages
2019-03-11T08:29:28.366Z - info: Pages rebuilt
2019-03-11T08:29:28.388Z - info: Site data built
2019-03-11T08:30:17.681Z - info: [4:30:17 PM] Reload for file change: C:\repos\nus-cs3281\cs3281-website\_markbind\variables.md
2019-03-11T08:30:17.687Z - info: [4:30:17 PM] Reload for file change: C:\repos\nus-cs3281\cs3281-website\schedule\index.mbd
2019-03-11T08:30:18.693Z - info: Rebuilding affected source files
2019-03-11T08:30:18.747Z - warn: Rebuilding all pages as variables file was changed, or the --force-reload flag was set
2019-03-11T08:30:18.749Z - info: Rebuilding 7 pages
2019-03-11T08:30:19.359Z - info: Pages rebuilt
2019-03-11T08:30:19.377Z - info: Site data built
2019-03-11T08:30:58.954Z - info: [4:30:58 PM] Reload for file change: C:\repos\nus-cs3281\cs3281-website\_markbind\variables.md
2019-03-11T08:30:59.957Z - info: Rebuilding affected source files
2019-03-11T08:31:00.005Z - warn: Rebuilding all pages as variables file was changed, or the --force-reload flag was set
2019-03-11T08:31:00.006Z - info: Rebuilding 7 pages
2019-03-11T08:31:00.561Z - info: Pages rebuilt
2019-03-11T08:31:00.574Z - info: Site data built
2019-03-11T08:31:09.620Z - info: [4:31:09 PM] Reload for file change: C:\repos\nus-cs3281\cs3281-website\_markbind\variables.md
2019-03-11T08:31:10.620Z - info: Rebuilding affected source files
2019-03-11T08:31:10.675Z - warn: Rebuilding all pages as variables file was changed, or the --force-reload flag was set
2019-03-11T08:31:10.676Z - info: Rebuilding 7 pages
2019-03-11T08:31:11.242Z - info: Pages rebuilt
2019-03-11T08:31:11.250Z - info: Site data built
2019-03-11T08:31:22.890Z - info: [4:31:22 PM] Reload for file change: C:\repos\nus-cs3281\cs3281-website\_markbind\variables.md
2019-03-11T08:31:23.892Z - info: Rebuilding affected source files
2019-03-11T08:31:23.922Z - warn: Rebuilding all pages as variables file was changed, or the --force-reload flag was set
2019-03-11T08:31:23.924Z - info: Rebuilding 7 pages
2019-03-11T08:31:24.336Z - info: Pages rebuilt
2019-03-11T08:31:24.344Z - info: Site data built
2019-03-11T08:31:44.229Z - info: [4:31:44 PM] Reload for file change: C:\repos\nus-cs3281\cs3281-website\_markbind\variables.md
2019-03-11T08:31:45.230Z - info: Rebuilding affected source files
2019-03-11T08:31:45.286Z - warn: Rebuilding all pages as variables file was changed, or the --force-reload flag was set
2019-03-11T08:31:45.288Z - info: Rebuilding 7 pages
2019-03-11T08:31:45.832Z - info: Pages rebuilt
2019-03-11T08:31:45.840Z - info: Site data built
2019-03-11T08:32:17.972Z - info: [4:32:17 PM] Reload for file change: C:\repos\nus-cs3281\cs3281-website\schedule\index.mbd
2019-03-11T08:32:18.972Z - info: Rebuilding affected source files
2019-03-11T08:32:18.972Z - info: Rebuilding 2 pages
2019-03-11T08:32:19.287Z - info: Pages rebuilt
2019-03-11T08:32:19.295Z - info: Site data built
2019-03-11T08:32:27.252Z - info: [4:32:27 PM] Reload for file change: C:\repos\nus-cs3281\cs3281-website\_markbind\variables.md
2019-03-11T08:32:27.255Z - info: [4:32:27 PM] Reload for file change: C:\repos\nus-cs3281\cs3281-website\schedule\index.mbd
2019-03-11T08:32:28.252Z - info: Rebuilding affected source files
2019-03-11T08:32:28.304Z - warn: Rebuilding all pages as variables file was changed, or the --force-reload flag was set
2019-03-11T08:32:28.306Z - info: Rebuilding 7 pages
2019-03-11T08:32:28.880Z - info: Pages rebuilt
2019-03-11T08:32:28.888Z - info: Site data built
2019-03-11T08:32:41.652Z - info: [4:32:41 PM] Reload for file change: C:\repos\nus-cs3281\cs3281-website\_markbind\variables.md
2019-03-11T08:32:42.653Z - info: Rebuilding affected source files
2019-03-11T08:32:42.663Z - warn: Rebuilding all pages as variables file was changed, or the --force-reload flag was set
2019-03-11T08:32:42.664Z - info: Rebuilding 7 pages
2019-03-11T08:32:43.180Z - info: Pages rebuilt
2019-03-11T08:32:43.188Z - info: Site data built
2019-03-11T08:32:54.021Z - info: [4:32:54 PM] Reload for file change: C:\repos\nus-cs3281\cs3281-website\_markbind\variables.md
2019-03-11T08:32:55.023Z - info: Rebuilding affected source files
2019-03-11T08:32:55.033Z - warn: Rebuilding all pages as variables file was changed, or the --force-reload flag was set
2019-03-11T08:32:55.034Z - info: Rebuilding 7 pages
2019-03-11T08:32:55.621Z - info: Pages rebuilt
2019-03-11T08:32:55.629Z - info: Site data built
2019-03-11T08:33:07.284Z - info: [4:33:07 PM] Reload for file change: C:\repos\nus-cs3281\cs3281-website\_markbind\variables.md
2019-03-11T08:33:08.284Z - info: Rebuilding affected source files
2019-03-11T08:33:08.294Z - warn: Rebuilding all pages as variables file was changed, or the --force-reload flag was set
2019-03-11T08:33:08.295Z - info: Rebuilding 7 pages
2019-03-11T08:33:08.709Z - info: Pages rebuilt
2019-03-11T08:33:08.719Z - info: Site data built
2019-03-11T08:33:38.391Z - info: [4:33:38 PM] Reload for file change: C:\repos\nus-cs3281\cs3281-website\_markbind\variables.md
2019-03-11T08:33:39.393Z - info: Rebuilding affected source files
2019-03-11T08:33:39.404Z - warn: Rebuilding all pages as variables file was changed, or the --force-reload flag was set
2019-03-11T08:33:39.406Z - info: Rebuilding 7 pages
2019-03-11T08:33:39.983Z - info: Pages rebuilt
2019-03-11T08:33:39.990Z - info: Site data built
2019-03-11T08:34:09.116Z - info: [4:34:09 PM] Reload for file change: C:\repos\nus-cs3281\cs3281-website\_markbind\variables.md
2019-03-11T08:34:10.120Z - info: Rebuilding affected source files
2019-03-11T08:34:10.137Z - warn: Rebuilding all pages as variables file was changed, or the --force-reload flag was set
2019-03-11T08:34:10.138Z - info: Rebuilding 7 pages
2019-03-11T08:34:10.715Z - info: Pages rebuilt
2019-03-11T08:34:10.722Z - info: Site data built
2019-03-11T08:34:35.452Z - info: [4:34:35 PM] Reload for file change: C:\repos\nus-cs3281\cs3281-website\_markbind\variables.md
2019-03-11T08:34:36.455Z - info: Rebuilding affected source files
2019-03-11T08:34:36.466Z - warn: Rebuilding all pages as variables file was changed, or the --force-reload flag was set
2019-03-11T08:34:36.467Z - info: Rebuilding 7 pages
2019-03-11T08:34:36.997Z - info: Pages rebuilt
2019-03-11T08:34:37.004Z - info: Site data built
2019-03-11T08:34:48.425Z - info: [4:34:48 PM] Reload for file change: C:\repos\nus-cs3281\cs3281-website\_markbind\variables.md
2019-03-11T08:34:49.425Z - info: Rebuilding affected source files
2019-03-11T08:34:49.439Z - warn: Rebuilding all pages as variables file was changed, or the --force-reload flag was set
2019-03-11T08:34:49.441Z - info: Rebuilding 7 pages
2019-03-11T08:34:49.846Z - info: Pages rebuilt
2019-03-11T08:34:49.853Z - info: Site data built
2019-03-11T08:35:28.616Z - info: [4:35:28 PM] Reload for file change: C:\repos\nus-cs3281\cs3281-website\_markbind\variables.md
2019-03-11T08:35:29.622Z - info: Rebuilding affected source files
2019-03-11T08:35:29.633Z - warn: Rebuilding all pages as variables file was changed, or the --force-reload flag was set
2019-03-11T08:35:29.634Z - info: Rebuilding 7 pages
2019-03-11T08:35:30.196Z - info: Pages rebuilt
2019-03-11T08:35:30.203Z - info: Site data built
2019-03-11T08:36:08.250Z - info: [4:36:08 PM] Reload for file change: C:\repos\nus-cs3281\cs3281-website\_markbind\variables.md
2019-03-11T08:36:09.252Z - info: Rebuilding affected source files
2019-03-11T08:36:09.262Z - warn: Rebuilding all pages as variables file was changed, or the --force-reload flag was set
2019-03-11T08:36:09.263Z - info: Rebuilding 7 pages
2019-03-11T08:36:09.764Z - info: Pages rebuilt
2019-03-11T08:36:09.771Z - info: Site data built
2019-03-11T08:36:18.988Z - info: [4:36:18 PM] Reload for file change: C:\repos\nus-cs3281\cs3281-website\_markbind\variables.md
2019-03-11T08:36:19.990Z - info: Rebuilding affected source files
2019-03-11T08:36:20.001Z - warn: Rebuilding all pages as variables file was changed, or the --force-reload flag was set
2019-03-11T08:36:20.002Z - info: Rebuilding 7 pages
2019-03-11T08:36:20.583Z - info: Pages rebuilt
2019-03-11T08:36:20.591Z - info: Site data built
2019-03-11T08:36:44.013Z - info: [4:36:44 PM] Reload for file change: C:\repos\nus-cs3281\cs3281-website\schedule\index.mbd
2019-03-11T08:36:45.016Z - info: Rebuilding affected source files
2019-03-11T08:36:45.016Z - info: Rebuilding 2 pages
2019-03-11T08:36:45.487Z - info: Pages rebuilt
2019-03-11T08:36:45.497Z - info: Site data built
2019-03-11T08:37:15.571Z - info: [4:37:15 PM] Reload for file change: C:\repos\nus-cs3281\cs3281-website\schedule\index.mbd
2019-03-11T08:37:16.577Z - info: Rebuilding affected source files
2019-03-11T08:37:16.578Z - info: Rebuilding 2 pages
2019-03-11T08:37:16.976Z - info: Pages rebuilt
2019-03-11T08:37:16.984Z - info: Site data built
2019-03-11T08:38:03.938Z - info: [4:38:03 PM] Reload for file change: C:\repos\nus-cs3281\cs3281-website\_markbind\variables.md
2019-03-11T08:38:04.939Z - info: Rebuilding affected source files
2019-03-11T08:38:04.949Z - warn: Rebuilding all pages as variables file was changed, or the --force-reload flag was set
2019-03-11T08:38:04.950Z - info: Rebuilding 7 pages
2019-03-11T08:38:05.556Z - info: Pages rebuilt
2019-03-11T08:38:05.564Z - info: Site data built
2019-03-11T08:38:41.389Z - info: [4:38:41 PM] Reload for file change: C:\repos\nus-cs3281\cs3281-website\schedule\index.mbd
2019-03-11T08:38:42.389Z - info: Rebuilding affected source files
2019-03-11T08:38:42.390Z - info: Rebuilding 2 pages
2019-03-11T08:38:42.676Z - info: Pages rebuilt
2019-03-11T08:38:42.684Z - info: Site data built
2019-03-11T08:39:35.852Z - info: Website generation started at 4:39:35 PM
2019-03-11T08:39:36.064Z - info: Building assets...
2019-03-11T08:39:36.302Z - info: Assets built
2019-03-11T08:39:36.302Z - info: Generating pages...
2019-03-11T08:39:36.955Z - info: Pages built
2019-03-11T08:39:37.140Z - info: Website generation complete! Total build time: 1.434s
2019-03-11T08:39:37.508Z - info: Serving "C:\repos\nus-cs3281\cs3281-website\_site" at http://127.0.0.1:8080
2019-03-11T08:39:37.508Z - info: Press CTRL+C to stop ...
2019-03-11T08:39:37.529Z - info: Site data built
2019-03-11T08:39:52.544Z - info: [4:39:52 PM] Reload for file change: C:\repos\nus-cs3281\cs3281-website\_markbind\variables.md
2019-03-11T08:39:53.547Z - info: Rebuilding affected source files
2019-03-11T08:39:53.557Z - warn: Rebuilding all pages as variables file was changed, or the --force-reload flag was set
2019-03-11T08:39:53.558Z - info: Rebuilding 7 pages
2019-03-11T08:39:54.155Z - info: Pages rebuilt
2019-03-11T08:39:54.165Z - info: Site data built
2019-03-11T08:40:28.867Z - info: [4:40:28 PM] Reload for file change: C:\repos\nus-cs3281\cs3281-website\_markbind\variables.md
2019-03-11T08:40:29.870Z - info: Rebuilding affected source files
2019-03-11T08:40:29.883Z - warn: Rebuilding all pages as variables file was changed, or the --force-reload flag was set
2019-03-11T08:40:29.885Z - info: Rebuilding 7 pages
2019-03-11T08:40:30.488Z - info: Pages rebuilt
2019-03-11T08:40:30.496Z - info: Site data built
2019-03-11T08:40:43.261Z - info: [4:40:43 PM] Reload for file change: C:\repos\nus-cs3281\cs3281-website\_markbind\variables.md
2019-03-11T08:40:44.262Z - info: Rebuilding affected source files
2019-03-11T08:40:44.268Z - warn: Rebuilding all pages as variables file was changed, or the --force-reload flag was set
2019-03-11T08:40:44.269Z - info: Rebuilding 7 pages
2019-03-11T08:40:44.768Z - info: Pages rebuilt
2019-03-11T08:40:44.782Z - info: Site data built
2019-03-11T08:40:59.516Z - info: [4:40:59 PM] Reload for file change: C:\repos\nus-cs3281\cs3281-website\_markbind\variables.md
2019-03-11T08:41:00.517Z - info: Rebuilding affected source files
2019-03-11T08:41:00.526Z - warn: Rebuilding all pages as variables file was changed, or the --force-reload flag was set
2019-03-11T08:41:00.527Z - info: Rebuilding 7 pages
2019-03-11T08:41:01.093Z - info: Pages rebuilt
2019-03-11T08:41:01.105Z - info: Site data built
2019-03-11T08:41:16.137Z - info: [4:41:16 PM] Reload for file change: C:\repos\nus-cs3281\cs3281-website\_markbind\variables.md
2019-03-11T08:41:17.138Z - info: Rebuilding affected source files
2019-03-11T08:41:17.149Z - warn: Rebuilding all pages as variables file was changed, or the --force-reload flag was set
2019-03-11T08:41:17.151Z - info: Rebuilding 7 pages
2019-03-11T08:41:17.738Z - info: Pages rebuilt
2019-03-11T08:41:17.747Z - info: Site data built
2019-03-11T08:43:23.682Z - info: [4:43:23 PM] Reload for file change: C:\repos\nus-cs3281\cs3281-website\schedule\index.mbd
2019-03-11T08:43:24.684Z - info: Rebuilding affected source files
2019-03-11T08:43:24.685Z - info: Rebuilding 2 pages
2019-03-11T08:43:25.181Z - info: Pages rebuilt
2019-03-11T08:43:25.194Z - info: Site data built
2019-03-11T08:43:47.405Z - info: [4:43:47 PM] Reload for file change: C:\repos\nus-cs3281\cs3281-website\schedule\index.mbd
2019-03-11T08:43:48.405Z - info: Rebuilding affected source files
2019-03-11T08:43:48.406Z - info: Rebuilding 2 pages
2019-03-11T08:43:48.829Z - info: Pages rebuilt
2019-03-11T08:43:48.839Z - info: Site data built
2019-03-11T08:44:23.200Z - info: [4:44:23 PM] Reload for file change: C:\repos\nus-cs3281\cs3281-website\schedule\index.mbd
2019-03-11T08:44:24.210Z - info: Rebuilding affected source files
2019-03-11T08:44:24.211Z - info: Rebuilding 2 pages
2019-03-11T08:44:24.785Z - info: Pages rebuilt
2019-03-11T08:44:24.796Z - info: Site data built
2019-03-11T08:44:32.585Z - info: [4:44:32 PM] Reload for file change: C:\repos\nus-cs3281\cs3281-website\schedule\index.mbd
2019-03-11T08:44:33.587Z - info: Rebuilding affected source files
2019-03-11T08:44:33.588Z - info: Rebuilding 2 pages
2019-03-11T08:44:33.969Z - info: Pages rebuilt
2019-03-11T08:44:33.977Z - info: Site data built
