2022-03-03T13:16:14.617Z - info: Website generation (lazy) started at 9:16:14 pm
2022-03-03T13:16:15.537Z - info: Building assets...
2022-03-03T13:16:16.384Z - info: Assets built
2022-03-03T13:16:16.385Z - info: Generating landing page...
2022-03-03T13:16:16.623Z - info: Landing page built, other pages will be built as you navigate to them!
2022-03-03T13:16:17.729Z - info: Site data built
2022-03-03T13:16:17.729Z - info: Website generation (lazy) complete! Total build time: 3.345s
2022-03-03T13:16:18.522Z - info: Serving "C:\repos\nus-cs3281\cs3281-website\_site" at http://127.0.0.1:8080
2022-03-03T13:16:18.522Z - info: Press CTRL+C to stop ...
2022-03-03T13:17:55.359Z - info: [9:17:55 pm] Reload for file change: C:\repos\nus-cs3281\cs3281-website\_markbind\layouts\header.md
2022-03-03T13:17:55.359Z - info: Synchronizing opened pages list before reload
2022-03-03T13:17:55.360Z - info: Current opened pages, from most-to-least recent:
2022-03-03T13:17:55.360Z - info: 1. index
2022-03-03T13:17:56.407Z - info: Rebuilding 1 pages
2022-03-03T13:17:56.765Z - info: Site data built
2022-03-03T13:17:56.766Z - info: Pages rebuilt
2022-03-03T13:17:56.766Z - info: Website regeneration complete! Total build time: 0.36s
2022-03-03T13:18:16.202Z - info: [9:18:16 pm] Reload for file change: C:\repos\nus-cs3281\cs3281-website\_markbind\layouts\header.md
2022-03-03T13:18:16.202Z - info: Synchronizing opened pages list before reload
2022-03-03T13:18:16.202Z - info: Current opened pages, from most-to-least recent:
2022-03-03T13:18:16.203Z - info: 1. index
2022-03-03T13:18:17.235Z - info: Rebuilding 1 pages
2022-03-03T13:18:17.352Z - info: Site data built
2022-03-03T13:18:17.353Z - info: Pages rebuilt
2022-03-03T13:18:17.353Z - info: Website regeneration complete! Total build time: 0.119s
2022-03-03T13:19:42.005Z - info: Website generation started at 9:19:41 pm
2022-03-03T13:19:42.810Z - info: Building assets...
2022-03-03T13:19:43.615Z - info: Assets built
2022-03-03T13:19:43.615Z - info: Generating pages...
2022-03-03T13:19:44.867Z - info: Pages built
2022-03-03T13:19:45.575Z - info: Site data built
2022-03-03T13:19:45.575Z - info: Website generation complete! Total build time: 3.781s
2022-03-03T13:19:45.576Z - info: Build success!
2022-03-03T13:19:57.626Z - info: The website has been deployed at: https://nus-cs3281.github.io/website
2022-03-03T13:24:09.432Z - info: Website generation (lazy) started at 9:24:09 pm
2022-03-03T13:24:10.303Z - info: Building assets...
2022-03-03T13:24:11.117Z - info: Assets built
2022-03-03T13:24:11.118Z - info: Generating landing page...
2022-03-03T13:24:11.369Z - info: Landing page built, other pages will be built as you navigate to them!
2022-03-03T13:24:11.994Z - info: Site data built
2022-03-03T13:24:11.994Z - info: Website generation (lazy) complete! Total build time: 2.892s
2022-03-03T13:24:12.785Z - info: Serving "C:\repos\nus-cs3281\cs3281-website\_site" at http://127.0.0.1:8080
2022-03-03T13:24:12.785Z - info: Press CTRL+C to stop ...
2022-03-03T13:25:02.052Z - info: [9:25:02 pm] Reload for file change: C:\repos\nus-cs3281\cs3281-website\_markbind\layouts\header.md
2022-03-03T13:25:02.053Z - info: Synchronizing opened pages list before reload
2022-03-03T13:25:02.054Z - info: Current opened pages, from most-to-least recent:
2022-03-03T13:25:02.054Z - info: 1. index
2022-03-03T13:25:03.097Z - info: Rebuilding 1 pages
2022-03-03T13:25:03.253Z - info: Site data built
2022-03-03T13:25:03.253Z - info: Pages rebuilt
2022-03-03T13:25:03.253Z - info: Website regeneration complete! Total build time: 0.157s
2022-03-03T13:25:56.651Z - info: [9:25:56 pm] Reload for file change: C:\repos\nus-cs3281\cs3281-website\_markbind\layouts\header.md
2022-03-03T13:25:56.651Z - info: Synchronizing opened pages list before reload
2022-03-03T13:25:56.651Z - info: Current opened pages, from most-to-least recent:
2022-03-03T13:25:56.651Z - info: 1. index
2022-03-03T13:25:57.693Z - info: Rebuilding 1 pages
2022-03-03T13:25:57.833Z - info: Site data built
2022-03-03T13:25:57.833Z - info: Pages rebuilt
2022-03-03T13:25:57.833Z - info: Website regeneration complete! Total build time: 0.141s
2022-03-03T13:26:06.922Z - info: Building C:\repos\nus-cs3281\cs3281-website\schedule\index-cs3281 as some of its dependencies were changed since the last visit
2022-03-03T13:26:07.085Z - info: Site data built
2022-03-03T13:26:07.086Z - info: Lazy website regeneration complete! Total build time: 0.164s
2022-03-03T13:26:11.440Z - info: Building C:\repos\nus-cs3281\cs3281-website\admin\cs3281 as some of its dependencies were changed since the last visit
2022-03-03T13:26:11.821Z - info: Site data built
2022-03-03T13:26:11.822Z - info: Lazy website regeneration complete! Total build time: 0.381s
2022-03-03T13:26:12.672Z - info: Building C:\repos\nus-cs3281\cs3281-website\admin\cs3281 as some of its dependencies were changed since the last visit
2022-03-03T13:26:12.747Z - info: Site data built
2022-03-03T13:26:12.747Z - info: Lazy website regeneration complete! Total build time: 0.075s
2022-03-03T13:26:21.068Z - info: Building C:\repos\nus-cs3281\cs3281-website\schedule\index-cs3282 as some of its dependencies were changed since the last visit
2022-03-03T13:26:21.383Z - info: Site data built
2022-03-03T13:26:21.383Z - info: Lazy website regeneration complete! Total build time: 0.315s
2022-03-03T13:27:00.661Z - info: [9:27:00 pm] Reload for file change: C:\repos\nus-cs3281\cs3281-website\_markbind\layouts\header.md
2022-03-03T13:27:00.662Z - info: Synchronizing opened pages list before reload
2022-03-03T13:27:00.662Z - info: Current opened pages, from most-to-least recent:
2022-03-03T13:27:00.662Z - info: 1. schedule/index-cs3282
2022-03-03T13:27:00.662Z - info: 2. index
2022-03-03T13:27:01.720Z - info: Rebuilding 2 pages
2022-03-03T13:27:02.014Z - info: Site data built
2022-03-03T13:27:02.014Z - info: Pages rebuilt
2022-03-03T13:27:02.014Z - info: Website regeneration complete! Total build time: 0.295s
2022-03-03T13:27:38.953Z - info: Website generation started at 9:27:38 pm
2022-03-03T13:27:39.948Z - info: Building assets...
