2025-02-09T11:03:12.820Z - info: Website generation (lazy) started at 19:03:12
2025-02-09T11:03:12.860Z - warn: ENOENT: no such file or directory, open '/Users/damithch/Repos/nus-cs3281/cs3281-website/node_modules/.cache/gh-pages/https!github.com!nus-cs3281!website.git/_markbind/variables.md'
2025-02-09T11:03:12.870Z - info: Building assets...
2025-02-09T11:03:12.967Z - info: Assets built
2025-02-09T11:03:12.967Z - info: Generating landing page...
2025-02-09T11:03:13.067Z - info: Landing page built, other pages will be built as you navigate to them!
2025-02-09T11:03:13.135Z - info: Site data built
2025-02-09T11:03:13.135Z - info: Website generation (lazy) complete! Total build time: 0.389s
2025-02-09T11:03:13.142Z - info: Serving "/Users/damithch/Repos/nus-cs3281/cs3281-website/_site" at http://127.0.0.1:8080
2025-02-09T11:03:13.142Z - info: Press CTRL+C to stop ...
2025-02-09T11:04:03.673Z - info: Website generation started at 19:04:03
2025-02-09T11:04:03.701Z - warn: ENOENT: no such file or directory, open '/Users/damithch/Repos/nus-cs3281/cs3281-website/node_modules/.cache/gh-pages/https!github.com!nus-cs3281!website.git/_markbind/variables.md'
2025-02-09T11:04:03.710Z - info: Building assets...
2025-02-09T11:04:03.799Z - info: Assets built
2025-02-09T11:04:03.800Z - info: Generating pages...
2025-02-09T11:04:04.085Z - warn: You might have an invalid hash for intra-link! Ignore this warning if it was intended.'
  /website/admin/cs3281.html#expertise-areas:~:text=and%20instructor%20observations.-,Expertise%20Areas,-While%20this%20is' found in file '/Users/damithch/Repos/nus-cs3281/cs3281-website/schedule/index-cs3282.md'
2025-02-09T11:04:04.085Z - warn: You might have an invalid hash for intra-link! Ignore this warning if it was intended.'
  /website/admin/cs3282.html#lightning-talks' found in file '/Users/damithch/Repos/nus-cs3281/cs3281-website/admin/cs3281.md'
2025-02-09T11:04:04.085Z - info: Pages built
2025-02-09T11:04:04.143Z - info: Site data built
2025-02-09T11:04:04.143Z - info: Website generation complete! Total build time: 0.509s
2025-02-09T11:04:04.143Z - info: Build success!
2025-02-09T11:04:09.353Z - info: The website has been deployed at: https://nus-cs3281.github.io/website
