2020-02-20T05:28:10.547Z - info: Website generation started at 1:28:10 PM
2020-02-20T05:28:10.936Z - info: Building assets...
2020-02-20T05:28:11.403Z - info: Assets built
2020-02-20T05:28:11.403Z - info: Generating pages...
2020-02-20T05:28:12.207Z - info: Pages built
2020-02-20T05:28:12.468Z - info: Website generation complete! Total build time: 1.977s
2020-02-20T05:28:12.806Z - info: Serving "C:\repos\nus-cs3281\cs3281-website\_site" at http://127.0.0.1:8080
2020-02-20T05:28:12.806Z - info: Press CTRL+C to stop ...
2020-02-20T05:28:12.911Z - info: Site data built
2020-02-20T05:29:30.147Z - info: [1:29:30 PM] Reload for file change: C:\repos\nus-cs3281\cs3281-website\schedule\index.mbd
2020-02-20T05:29:31.148Z - info: Rebuilding affected source files
2020-02-20T05:29:31.149Z - info: Rebuilding 2 pages
2020-02-20T05:29:31.736Z - info: Pages rebuilt
2020-02-20T05:29:31.743Z - info: Site data built
2020-02-20T05:30:08.960Z - info: [1:30:08 PM] Reload for file change: C:\repos\nus-cs3281\cs3281-website\schedule\index.mbd
2020-02-20T05:30:09.962Z - info: Rebuilding affected source files
2020-02-20T05:30:09.962Z - info: Rebuilding 2 pages
2020-02-20T05:30:10.539Z - info: Pages rebuilt
2020-02-20T05:30:10.547Z - info: Site data built
2020-02-20T05:30:26.415Z - info: [1:30:26 PM] Reload for file change: C:\repos\nus-cs3281\cs3281-website\schedule\index.mbd
2020-02-20T05:30:27.416Z - info: Rebuilding affected source files
2020-02-20T05:30:27.417Z - info: Rebuilding 2 pages
2020-02-20T05:30:27.991Z - info: Pages rebuilt
2020-02-20T05:30:28.000Z - info: Site data built
2020-02-20T05:30:32.348Z - info: [1:30:32 PM] Reload for file change: C:\repos\nus-cs3281\cs3281-website\schedule\index.mbd
2020-02-20T05:30:33.350Z - info: Rebuilding affected source files
2020-02-20T05:30:33.350Z - info: Rebuilding 2 pages
2020-02-20T05:30:33.845Z - info: Pages rebuilt
2020-02-20T05:30:33.855Z - info: Site data built
2020-02-20T05:30:43.319Z - info: [1:30:43 PM] Reload for file change: C:\repos\nus-cs3281\cs3281-website\schedule\index.mbd
2020-02-20T05:30:44.321Z - info: Rebuilding affected source files
2020-02-20T05:30:44.321Z - info: Rebuilding 2 pages
2020-02-20T05:30:44.899Z - info: Pages rebuilt
2020-02-20T05:30:44.909Z - info: Site data built
2020-02-20T05:31:31.425Z - info: Website generation started at 1:31:31 PM
2020-02-20T05:31:31.836Z - info: Building assets...
