2019-11-25T04:38:51.755Z - info: Website generation started at 12:38:51 PM
2019-11-25T04:38:52.060Z - info: Building assets...
2019-11-25T04:38:52.328Z - info: Assets built
2019-11-25T04:38:52.328Z - info: Generating pages...
2019-11-25T04:38:53.008Z - info: Pages built
2019-11-25T04:38:53.250Z - info: Website generation complete! Total build time: 1.695s
2019-11-25T04:38:53.636Z - info: Serving "C:\repos\nus-cs3281\cs3281-website\_site" at http://127.0.0.1:8080
2019-11-25T04:38:53.636Z - info: Press CTRL+C to stop ...
2019-11-25T04:38:53.661Z - info: Site data built
2019-11-25T05:36:26.840Z - info: [1:36:26 PM] Reload for file add: C:\repos\nus-cs3281\cs3281-website\favicon.png
2019-11-25T05:36:27.850Z - info: Assets built
2019-11-25T05:37:38.414Z - info: [1:37:38 PM] Reload for file change: C:\repos\nus-cs3281\cs3281-website\admin\callForApplications.mbd
2019-11-25T05:37:39.417Z - info: Rebuilding affected source files
2019-11-25T05:37:39.419Z - info: Rebuilding 2 pages
2019-11-25T05:37:39.655Z - info: Pages rebuilt
2019-11-25T05:37:39.665Z - info: Site data built
2019-11-25T05:41:06.932Z - info: [1:41:06 PM] Reload for file change: C:\repos\nus-cs3281\cs3281-website\admin\callForApplications.mbd
2019-11-25T05:41:07.934Z - info: Rebuilding affected source files
2019-11-25T05:41:07.934Z - info: Rebuilding 2 pages
2019-11-25T05:41:08.086Z - info: Pages rebuilt
2019-11-25T05:41:08.094Z - info: Site data built
2019-11-25T05:42:07.696Z - info: [1:42:07 PM] Reload for file change: C:\repos\nus-cs3281\cs3281-website\admin\callForApplications.mbd
2019-11-25T05:42:08.697Z - info: Rebuilding affected source files
2019-11-25T05:42:08.697Z - info: Rebuilding 2 pages
2019-11-25T05:42:08.830Z - info: Pages rebuilt
2019-11-25T05:42:08.838Z - info: Site data built
2019-11-25T05:45:35.592Z - info: [1:45:35 PM] Reload for file change: C:\repos\nus-cs3281\cs3281-website\admin\callForApplications.mbd
2019-11-25T05:45:36.594Z - info: Rebuilding affected source files
2019-11-25T05:45:36.597Z - info: Rebuilding 2 pages
2019-11-25T05:45:36.794Z - info: Pages rebuilt
2019-11-25T05:45:36.805Z - info: Site data built
2019-11-25T05:46:52.064Z - info: [1:46:52 PM] Reload for file change: C:\repos\nus-cs3281\cs3281-website\admin\callForApplications.mbd
2019-11-25T05:46:53.065Z - info: Rebuilding affected source files
2019-11-25T05:46:53.065Z - info: Rebuilding 2 pages
2019-11-25T05:46:53.212Z - info: Pages rebuilt
2019-11-25T05:46:53.219Z - info: Site data built
2019-11-25T05:47:41.277Z - info: [1:47:41 PM] Reload for file add: C:\repos\nus-cs3281\cs3281-website\admin\cs3283.mbd
2019-11-25T05:47:41.374Z - info: [1:47:41 PM] Reload for file deletion: C:\repos\nus-cs3281\cs3281-website\admin\cs3282.mbd
2019-11-25T05:47:42.278Z - warn: Rebuilding all source files
2019-11-25T05:47:43.298Z - info: Assets removed
2019-11-25T05:47:43.298Z - info: Generating pages...
2019-11-25T05:47:43.720Z - info: Pages built
2019-11-25T05:48:13.770Z - info: Website generation started at 1:48:13 PM
2019-11-25T05:48:14.074Z - info: Building assets...
