2025-03-29T04:44:53.055Z - info: Website generation (lazy) started at 12:44:52
2025-03-29T04:44:53.093Z - warn: ENOENT: no such file or directory, open '/Users/damithch/Repos/nus-cs3281/cs3281-website/node_modules/.cache/gh-pages/https!github.com!nus-cs3281!website.git/_markbind/variables.md'
2025-03-29T04:44:53.102Z - info: Building assets...
2025-03-29T04:44:53.200Z - info: Assets built
2025-03-29T04:44:53.201Z - info: Generating landing page...
2025-03-29T04:44:53.303Z - info: Landing page built, other pages will be built as you navigate to them!
2025-03-29T04:44:53.382Z - info: Site data built
2025-03-29T04:44:53.382Z - info: Website generation (lazy) complete! Total build time: 0.41s
2025-03-29T04:44:53.390Z - info: Serving "/Users/damithch/Repos/nus-cs3281/cs3281-website/_site" at http://127.0.0.1:8080
2025-03-29T04:44:53.390Z - info: Press CTRL+C to stop ...
2025-03-29T04:45:33.384Z - info: Building /Users/damithch/Repos/nus-cs3281/cs3281-website/schedule/index-cs3282 as some of its dependencies were changed since the last visit
2025-03-29T04:45:33.551Z - warn: You might have an invalid hash for intra-link! Ignore this warning if it was intended.'
  /website/admin/cs3281.html#stage-3-managing' found in file '/Users/damithch/Repos/nus-cs3281/cs3281-website/schedule/index-cs3281.md'
2025-03-29T04:45:33.552Z - warn: You might have an invalid hash for intra-link! Ignore this warning if it was intended.'
  /website/admin/cs3281.html#expertise-areas:~:text=and%20instructor%20observations.-,Expertise%20Areas,-While%20this%20is' found in file '/Users/damithch/Repos/nus-cs3281/cs3281-website/schedule/index-cs3282.md'
2025-03-29T04:45:33.552Z - warn: You might have an invalid hash for intra-link! Ignore this warning if it was intended.'
  /website/admin/cs3281.html#stage-3-managing' found in file '/Users/damithch/Repos/nus-cs3281/cs3281-website/schedule/index-cs3282.md'
2025-03-29T04:45:33.552Z - info: Site data built
2025-03-29T04:45:33.552Z - info: Lazy website regeneration complete! Total build time: 0.17s
2025-03-29T04:47:33.479Z - info: [12:47:33] Reload for file change: /Users/damithch/Repos/nus-cs3281/cs3281-website/schedule/index-cs3282.md
2025-03-29T04:47:33.483Z - info: Synchronizing opened pages list before reload
2025-03-29T04:47:33.485Z - info: Current opened pages, from most-to-least recent:
2025-03-29T04:47:33.486Z - info: 1. schedule/index-cs3282
2025-03-29T04:47:34.495Z - info: Rebuilding 1 pages
2025-03-29T04:47:34.617Z - warn: You might have an invalid hash for intra-link! Ignore this warning if it was intended.'
  /website/admin/cs3281.html#expertise-areas:~:text=and%20instructor%20observations.-,Expertise%20Areas,-While%20this%20is' found in file '/Users/damithch/Repos/nus-cs3281/cs3281-website/schedule/index-cs3282.md'
2025-03-29T04:47:34.618Z - warn: You might have an invalid hash for intra-link! Ignore this warning if it was intended.'
  /website/admin/cs3281.html#stage-3-managing' found in file '/Users/damithch/Repos/nus-cs3281/cs3281-website/schedule/index-cs3282.md'
2025-03-29T04:47:34.618Z - info: Site data built
2025-03-29T04:47:34.618Z - info: Pages rebuilt
2025-03-29T04:47:34.619Z - info: Website regeneration complete! Total build time: 0.125s
2025-03-29T04:48:24.516Z - info: [12:48:24] Reload for file change: /Users/damithch/Repos/nus-cs3281/cs3281-website/schedule/index-cs3282.md
2025-03-29T04:48:24.517Z - info: Synchronizing opened pages list before reload
2025-03-29T04:48:24.517Z - info: Current opened pages, from most-to-least recent:
2025-03-29T04:48:24.517Z - info: 1. schedule/index-cs3282
2025-03-29T04:48:25.521Z - info: Rebuilding 1 pages
2025-03-29T04:48:25.656Z - warn: You might have an invalid hash for intra-link! Ignore this warning if it was intended.'
  /website/admin/cs3281.html#expertise-areas:~:text=and%20instructor%20observations.-,Expertise%20Areas,-While%20this%20is' found in file '/Users/damithch/Repos/nus-cs3281/cs3281-website/schedule/index-cs3282.md'
2025-03-29T04:48:25.656Z - warn: You might have an invalid hash for intra-link! Ignore this warning if it was intended.'
  /website/admin/cs3281.html#stage-3-managing' found in file '/Users/damithch/Repos/nus-cs3281/cs3281-website/schedule/index-cs3282.md'
2025-03-29T04:48:25.656Z - info: Site data built
2025-03-29T04:48:25.656Z - info: Pages rebuilt
2025-03-29T04:48:25.656Z - info: Website regeneration complete! Total build time: 0.137s
2025-03-29T04:49:30.615Z - info: [12:49:30] Reload for file change: /Users/damithch/Repos/nus-cs3281/cs3281-website/schedule/index-cs3282.md
2025-03-29T04:49:30.615Z - info: Synchronizing opened pages list before reload
2025-03-29T04:49:30.616Z - info: Current opened pages, from most-to-least recent:
2025-03-29T04:49:30.616Z - info: 1. schedule/index-cs3282
2025-03-29T04:49:31.619Z - info: Rebuilding 1 pages
2025-03-29T04:49:31.762Z - warn: You might have an invalid hash for intra-link! Ignore this warning if it was intended.'
  /website/admin/cs3281.html#expertise-areas:~:text=and%20instructor%20observations.-,Expertise%20Areas,-While%20this%20is' found in file '/Users/damithch/Repos/nus-cs3281/cs3281-website/schedule/index-cs3282.md'
2025-03-29T04:49:31.762Z - warn: You might have an invalid hash for intra-link! Ignore this warning if it was intended.'
  /website/admin/cs3281.html#stage-3-managing' found in file '/Users/damithch/Repos/nus-cs3281/cs3281-website/schedule/index-cs3282.md'
2025-03-29T04:49:31.762Z - info: Site data built
2025-03-29T04:49:31.762Z - info: Pages rebuilt
2025-03-29T04:49:31.762Z - info: Website regeneration complete! Total build time: 0.144s
2025-03-29T04:52:02.906Z - info: [12:52:02] Reload for file change: /Users/damithch/Repos/nus-cs3281/cs3281-website/schedule/index-cs3282.md
2025-03-29T04:52:02.907Z - info: Synchronizing opened pages list before reload
2025-03-29T04:52:02.907Z - info: Current opened pages, from most-to-least recent:
2025-03-29T04:52:02.907Z - info: 1. schedule/index-cs3282
2025-03-29T04:52:03.913Z - info: Rebuilding 1 pages
2025-03-29T04:52:04.052Z - warn: You might have an invalid hash for intra-link! Ignore this warning if it was intended.'
  /website/admin/cs3281.html#expertise-areas:~:text=and%20instructor%20observations.-,Expertise%20Areas,-While%20this%20is' found in file '/Users/damithch/Repos/nus-cs3281/cs3281-website/schedule/index-cs3282.md'
2025-03-29T04:52:04.052Z - warn: You might have an invalid hash for intra-link! Ignore this warning if it was intended.'
  /website/admin/cs3281.html#stage-3-managing' found in file '/Users/damithch/Repos/nus-cs3281/cs3281-website/schedule/index-cs3282.md'
2025-03-29T04:52:04.053Z - info: Site data built
2025-03-29T04:52:04.053Z - info: Pages rebuilt
2025-03-29T04:52:04.053Z - info: Website regeneration complete! Total build time: 0.143s
2025-03-29T04:54:53.711Z - info: [12:54:53] Reload for file change: /Users/damithch/Repos/nus-cs3281/cs3281-website/schedule/index-cs3282.md
2025-03-29T04:54:53.717Z - info: Synchronizing opened pages list before reload
2025-03-29T04:54:53.720Z - info: Current opened pages, from most-to-least recent:
2025-03-29T04:54:53.720Z - info: 1. schedule/index-cs3282
2025-03-29T04:54:54.727Z - info: Rebuilding 1 pages
2025-03-29T04:54:54.876Z - warn: You might have an invalid hash for intra-link! Ignore this warning if it was intended.'
  /website/admin/cs3281.html#expertise-areas:~:text=and%20instructor%20observations.-,Expertise%20Areas,-While%20this%20is' found in file '/Users/damithch/Repos/nus-cs3281/cs3281-website/schedule/index-cs3282.md'
2025-03-29T04:54:54.877Z - warn: You might have an invalid hash for intra-link! Ignore this warning if it was intended.'
  /website/admin/cs3281.html#stage-3-managing' found in file '/Users/damithch/Repos/nus-cs3281/cs3281-website/schedule/index-cs3282.md'
2025-03-29T04:54:54.877Z - info: Site data built
2025-03-29T04:54:54.877Z - info: Pages rebuilt
2025-03-29T04:54:54.877Z - info: Website regeneration complete! Total build time: 0.152s
2025-03-29T04:56:07.804Z - info: [12:56:07] Reload for file change: /Users/damithch/Repos/nus-cs3281/cs3281-website/schedule/index-cs3282.md
2025-03-29T04:56:07.804Z - info: Synchronizing opened pages list before reload
2025-03-29T04:56:07.805Z - info: Current opened pages, from most-to-least recent:
2025-03-29T04:56:07.805Z - info: 1. schedule/index-cs3282
2025-03-29T04:56:08.808Z - info: Rebuilding 1 pages
2025-03-29T04:56:08.917Z - warn: You might have an invalid hash for intra-link! Ignore this warning if it was intended.'
  /website/admin/cs3281.html#expertise-areas:~:text=and%20instructor%20observations.-,Expertise%20Areas,-While%20this%20is' found in file '/Users/damithch/Repos/nus-cs3281/cs3281-website/schedule/index-cs3282.md'
2025-03-29T04:56:08.917Z - warn: You might have an invalid hash for intra-link! Ignore this warning if it was intended.'
  /website/admin/cs3281.html#stage-3-managing' found in file '/Users/damithch/Repos/nus-cs3281/cs3281-website/schedule/index-cs3282.md'
2025-03-29T04:56:08.918Z - info: Site data built
2025-03-29T04:56:08.918Z - info: Pages rebuilt
2025-03-29T04:56:08.918Z - info: Website regeneration complete! Total build time: 0.111s
2025-03-29T04:57:16.629Z - info: [12:57:16] Reload for file change: /Users/damithch/Repos/nus-cs3281/cs3281-website/schedule/index-cs3282.md
2025-03-29T04:57:16.630Z - info: Synchronizing opened pages list before reload
2025-03-29T04:57:16.630Z - info: Current opened pages, from most-to-least recent:
2025-03-29T04:57:16.630Z - info: 1. schedule/index-cs3282
2025-03-29T04:57:17.641Z - info: Rebuilding 1 pages
2025-03-29T04:57:17.780Z - warn: You might have an invalid hash for intra-link! Ignore this warning if it was intended.'
  /website/admin/cs3281.html#expertise-areas:~:text=and%20instructor%20observations.-,Expertise%20Areas,-While%20this%20is' found in file '/Users/damithch/Repos/nus-cs3281/cs3281-website/schedule/index-cs3282.md'
2025-03-29T04:57:17.780Z - warn: You might have an invalid hash for intra-link! Ignore this warning if it was intended.'
  /website/admin/cs3281.html#stage-3-managing' found in file '/Users/damithch/Repos/nus-cs3281/cs3281-website/schedule/index-cs3282.md'
2025-03-29T04:57:17.781Z - info: Site data built
2025-03-29T04:57:17.781Z - info: Pages rebuilt
2025-03-29T04:57:17.781Z - info: Website regeneration complete! Total build time: 0.149s
2025-03-29T04:57:29.876Z - info: [12:57:29] Reload for file change: /Users/damithch/Repos/nus-cs3281/cs3281-website/schedule/index-cs3282.md
2025-03-29T04:57:29.876Z - info: Synchronizing opened pages list before reload
2025-03-29T04:57:29.876Z - info: Current opened pages, from most-to-least recent:
2025-03-29T04:57:29.876Z - info: 1. schedule/index-cs3282
2025-03-29T04:57:30.878Z - info: Rebuilding 1 pages
2025-03-29T04:57:30.990Z - warn: You might have an invalid hash for intra-link! Ignore this warning if it was intended.'
  /website/admin/cs3281.html#expertise-areas:~:text=and%20instructor%20observations.-,Expertise%20Areas,-While%20this%20is' found in file '/Users/damithch/Repos/nus-cs3281/cs3281-website/schedule/index-cs3282.md'
2025-03-29T04:57:30.990Z - warn: You might have an invalid hash for intra-link! Ignore this warning if it was intended.'
  /website/admin/cs3281.html#stage-3-managing' found in file '/Users/damithch/Repos/nus-cs3281/cs3281-website/schedule/index-cs3282.md'
2025-03-29T04:57:30.990Z - info: Site data built
2025-03-29T04:57:30.990Z - info: Pages rebuilt
2025-03-29T04:57:30.990Z - info: Website regeneration complete! Total build time: 0.113s
2025-03-29T04:58:10.342Z - info: [12:58:10] Reload for file change: /Users/damithch/Repos/nus-cs3281/cs3281-website/schedule/index-cs3282.md
2025-03-29T04:58:10.343Z - info: Synchronizing opened pages list before reload
2025-03-29T04:58:10.343Z - info: Current opened pages, from most-to-least recent:
2025-03-29T04:58:10.344Z - info: 1. schedule/index-cs3282
2025-03-29T04:58:11.358Z - info: Rebuilding 1 pages
2025-03-29T04:58:11.500Z - warn: You might have an invalid hash for intra-link! Ignore this warning if it was intended.'
  /website/admin/cs3281.html#expertise-areas:~:text=and%20instructor%20observations.-,Expertise%20Areas,-While%20this%20is' found in file '/Users/damithch/Repos/nus-cs3281/cs3281-website/schedule/index-cs3282.md'
2025-03-29T04:58:11.500Z - warn: You might have an invalid hash for intra-link! Ignore this warning if it was intended.'
  /website/admin/cs3281.html#stage-3-managing' found in file '/Users/damithch/Repos/nus-cs3281/cs3281-website/schedule/index-cs3282.md'
2025-03-29T04:58:11.500Z - info: Site data built
2025-03-29T04:58:11.500Z - info: Pages rebuilt
2025-03-29T04:58:11.500Z - info: Website regeneration complete! Total build time: 0.151s
2025-03-29T05:02:21.331Z - info: [13:02:21] Reload for file change: /Users/damithch/Repos/nus-cs3281/cs3281-website/schedule/index-cs3282.md
2025-03-29T05:02:21.333Z - info: Synchronizing opened pages list before reload
2025-03-29T05:02:21.334Z - info: Current opened pages, from most-to-least recent:
2025-03-29T05:02:21.334Z - info: 1. schedule/index-cs3282
2025-03-29T05:02:22.338Z - info: Rebuilding 1 pages
2025-03-29T05:02:22.481Z - warn: You might have an invalid hash for intra-link! Ignore this warning if it was intended.'
  /website/admin/cs3281.html#expertise-areas:~:text=and%20instructor%20observations.-,Expertise%20Areas,-While%20this%20is' found in file '/Users/damithch/Repos/nus-cs3281/cs3281-website/schedule/index-cs3282.md'
2025-03-29T05:02:22.481Z - warn: You might have an invalid hash for intra-link! Ignore this warning if it was intended.'
  /website/admin/cs3281.html#stage-3-managing' found in file '/Users/damithch/Repos/nus-cs3281/cs3281-website/schedule/index-cs3282.md'
2025-03-29T05:02:22.481Z - info: Site data built
2025-03-29T05:02:22.481Z - info: Pages rebuilt
2025-03-29T05:02:22.481Z - info: Website regeneration complete! Total build time: 0.145s
2025-03-29T05:02:48.605Z - info: [13:02:48] Reload for file change: /Users/damithch/Repos/nus-cs3281/cs3281-website/schedule/index-cs3282.md
2025-03-29T05:02:48.606Z - info: Synchronizing opened pages list before reload
2025-03-29T05:02:48.606Z - info: Current opened pages, from most-to-least recent:
2025-03-29T05:02:48.606Z - info: 1. schedule/index-cs3282
2025-03-29T05:02:49.607Z - info: Rebuilding 1 pages
2025-03-29T05:02:49.745Z - warn: You might have an invalid hash for intra-link! Ignore this warning if it was intended.'
  /website/admin/cs3281.html#expertise-areas:~:text=and%20instructor%20observations.-,Expertise%20Areas,-While%20this%20is' found in file '/Users/damithch/Repos/nus-cs3281/cs3281-website/schedule/index-cs3282.md'
2025-03-29T05:02:49.746Z - warn: You might have an invalid hash for intra-link! Ignore this warning if it was intended.'
  /website/admin/cs3281.html#stage-3-managing' found in file '/Users/damithch/Repos/nus-cs3281/cs3281-website/schedule/index-cs3282.md'
2025-03-29T05:02:49.746Z - info: Site data built
2025-03-29T05:02:49.746Z - info: Pages rebuilt
2025-03-29T05:02:49.746Z - info: Website regeneration complete! Total build time: 0.14s
2025-03-29T05:03:53.303Z - info: [13:03:53] Reload for file change: /Users/damithch/Repos/nus-cs3281/cs3281-website/schedule/index-cs3282.md
2025-03-29T05:03:53.331Z - info: Synchronizing opened pages list before reload
2025-03-29T05:03:53.331Z - info: Current opened pages, from most-to-least recent:
2025-03-29T05:03:53.331Z - info: 1. schedule/index-cs3282
2025-03-29T05:03:54.336Z - info: Rebuilding 1 pages
2025-03-29T05:03:54.467Z - warn: You might have an invalid hash for intra-link! Ignore this warning if it was intended.'
  /website/admin/cs3281.html#expertise-areas:~:text=and%20instructor%20observations.-,Expertise%20Areas,-While%20this%20is' found in file '/Users/damithch/Repos/nus-cs3281/cs3281-website/schedule/index-cs3282.md'
2025-03-29T05:03:54.467Z - warn: You might have an invalid hash for intra-link! Ignore this warning if it was intended.'
  /website/admin/cs3281.html#stage-3-managing' found in file '/Users/damithch/Repos/nus-cs3281/cs3281-website/schedule/index-cs3282.md'
2025-03-29T05:03:54.468Z - info: Site data built
2025-03-29T05:03:54.468Z - info: Pages rebuilt
2025-03-29T05:03:54.468Z - info: Website regeneration complete! Total build time: 0.134s
2025-03-29T05:04:32.673Z - info: [13:04:32] Reload for file change: /Users/damithch/Repos/nus-cs3281/cs3281-website/schedule/index-cs3282.md
2025-03-29T05:04:32.673Z - info: Synchronizing opened pages list before reload
2025-03-29T05:04:32.674Z - info: Current opened pages, from most-to-least recent:
2025-03-29T05:04:32.674Z - info: 1. schedule/index-cs3282
2025-03-29T05:04:33.677Z - info: Rebuilding 1 pages
2025-03-29T05:04:33.812Z - warn: You might have an invalid hash for intra-link! Ignore this warning if it was intended.'
  /website/admin/cs3281.html#expertise-areas:~:text=and%20instructor%20observations.-,Expertise%20Areas,-While%20this%20is' found in file '/Users/damithch/Repos/nus-cs3281/cs3281-website/schedule/index-cs3282.md'
2025-03-29T05:04:33.812Z - warn: You might have an invalid hash for intra-link! Ignore this warning if it was intended.'
  /website/admin/cs3281.html#stage-3-managing' found in file '/Users/damithch/Repos/nus-cs3281/cs3281-website/schedule/index-cs3282.md'
2025-03-29T05:04:33.813Z - info: Site data built
2025-03-29T05:04:33.813Z - info: Pages rebuilt
2025-03-29T05:04:33.813Z - info: Website regeneration complete! Total build time: 0.137s
2025-03-29T05:04:48.121Z - info: [13:04:48] Reload for file change: /Users/damithch/Repos/nus-cs3281/cs3281-website/schedule/index-cs3282.md
2025-03-29T05:04:48.121Z - info: Synchronizing opened pages list before reload
2025-03-29T05:04:48.121Z - info: Current opened pages, from most-to-least recent:
2025-03-29T05:04:48.121Z - info: 1. schedule/index-cs3282
2025-03-29T05:04:49.125Z - info: Rebuilding 1 pages
2025-03-29T05:04:49.248Z - warn: You might have an invalid hash for intra-link! Ignore this warning if it was intended.'
  /website/admin/cs3281.html#expertise-areas:~:text=and%20instructor%20observations.-,Expertise%20Areas,-While%20this%20is' found in file '/Users/damithch/Repos/nus-cs3281/cs3281-website/schedule/index-cs3282.md'
2025-03-29T05:04:49.248Z - warn: You might have an invalid hash for intra-link! Ignore this warning if it was intended.'
  /website/admin/cs3281.html#stage-3-managing' found in file '/Users/damithch/Repos/nus-cs3281/cs3281-website/schedule/index-cs3282.md'
2025-03-29T05:04:49.249Z - info: Site data built
2025-03-29T05:04:49.249Z - info: Pages rebuilt
2025-03-29T05:04:49.249Z - info: Website regeneration complete! Total build time: 0.126s
2025-03-29T05:05:18.978Z - info: [13:05:18] Reload for file change: /Users/damithch/Repos/nus-cs3281/cs3281-website/schedule/index-cs3282.md
2025-03-29T05:05:18.978Z - info: Synchronizing opened pages list before reload
2025-03-29T05:05:18.978Z - info: Current opened pages, from most-to-least recent:
2025-03-29T05:05:18.978Z - info: 1. schedule/index-cs3282
2025-03-29T05:05:19.982Z - info: Rebuilding 1 pages
2025-03-29T05:05:20.118Z - warn: You might have an invalid hash for intra-link! Ignore this warning if it was intended.'
  /website/admin/cs3281.html#expertise-areas:~:text=and%20instructor%20observations.-,Expertise%20Areas,-While%20this%20is' found in file '/Users/damithch/Repos/nus-cs3281/cs3281-website/schedule/index-cs3282.md'
2025-03-29T05:05:20.118Z - warn: You might have an invalid hash for intra-link! Ignore this warning if it was intended.'
  /website/admin/cs3281.html#stage-3-managing' found in file '/Users/damithch/Repos/nus-cs3281/cs3281-website/schedule/index-cs3282.md'
2025-03-29T05:05:20.118Z - info: Site data built
2025-03-29T05:05:20.119Z - info: Pages rebuilt
2025-03-29T05:05:20.119Z - info: Website regeneration complete! Total build time: 0.138s
2025-03-29T05:07:39.686Z - info: [13:07:39] Reload for file change: /Users/damithch/Repos/nus-cs3281/cs3281-website/schedule/index-cs3282.md
2025-03-29T05:07:39.686Z - info: Synchronizing opened pages list before reload
2025-03-29T05:07:39.687Z - info: Current opened pages, from most-to-least recent:
2025-03-29T05:07:39.687Z - info: 1. schedule/index-cs3282
2025-03-29T05:07:40.692Z - info: Rebuilding 1 pages
2025-03-29T05:07:40.837Z - warn: You might have an invalid hash for intra-link! Ignore this warning if it was intended.'
  /website/admin/cs3281.html#expertise-areas:~:text=and%20instructor%20observations.-,Expertise%20Areas,-While%20this%20is' found in file '/Users/damithch/Repos/nus-cs3281/cs3281-website/schedule/index-cs3282.md'
2025-03-29T05:07:40.837Z - warn: You might have an invalid hash for intra-link! Ignore this warning if it was intended.'
  /website/admin/cs3281.html#stage-3-managing' found in file '/Users/damithch/Repos/nus-cs3281/cs3281-website/schedule/index-cs3282.md'
2025-03-29T05:07:40.837Z - info: Site data built
2025-03-29T05:07:40.837Z - info: Pages rebuilt
2025-03-29T05:07:40.837Z - info: Website regeneration complete! Total build time: 0.147s
2025-03-29T05:07:55.858Z - info: [13:07:55] Reload for file change: /Users/damithch/Repos/nus-cs3281/cs3281-website/schedule/index-cs3282.md
2025-03-29T05:07:55.859Z - info: Synchronizing opened pages list before reload
2025-03-29T05:07:55.860Z - info: Current opened pages, from most-to-least recent:
2025-03-29T05:07:55.860Z - info: 1. schedule/index-cs3282
2025-03-29T05:07:56.862Z - info: Rebuilding 1 pages
2025-03-29T05:07:56.974Z - warn: You might have an invalid hash for intra-link! Ignore this warning if it was intended.'
  /website/admin/cs3281.html#expertise-areas:~:text=and%20instructor%20observations.-,Expertise%20Areas,-While%20this%20is' found in file '/Users/damithch/Repos/nus-cs3281/cs3281-website/schedule/index-cs3282.md'
2025-03-29T05:07:56.974Z - warn: You might have an invalid hash for intra-link! Ignore this warning if it was intended.'
  /website/admin/cs3281.html#stage-3-managing' found in file '/Users/damithch/Repos/nus-cs3281/cs3281-website/schedule/index-cs3282.md'
2025-03-29T05:07:56.974Z - info: Site data built
2025-03-29T05:07:56.974Z - info: Pages rebuilt
2025-03-29T05:07:56.974Z - info: Website regeneration complete! Total build time: 0.113s
2025-03-29T05:08:26.718Z - info: [13:08:26] Reload for file change: /Users/damithch/Repos/nus-cs3281/cs3281-website/schedule/index-cs3282.md
2025-03-29T05:08:26.719Z - info: Synchronizing opened pages list before reload
2025-03-29T05:08:26.719Z - info: Current opened pages, from most-to-least recent:
2025-03-29T05:08:26.719Z - info: 1. schedule/index-cs3282
2025-03-29T05:08:27.722Z - info: Rebuilding 1 pages
2025-03-29T05:08:27.864Z - warn: You might have an invalid hash for intra-link! Ignore this warning if it was intended.'
  /website/admin/cs3281.html#expertise-areas:~:text=and%20instructor%20observations.-,Expertise%20Areas,-While%20this%20is' found in file '/Users/damithch/Repos/nus-cs3281/cs3281-website/schedule/index-cs3282.md'
2025-03-29T05:08:27.864Z - warn: You might have an invalid hash for intra-link! Ignore this warning if it was intended.'
  /website/admin/cs3281.html#stage-3-managing' found in file '/Users/damithch/Repos/nus-cs3281/cs3281-website/schedule/index-cs3282.md'
2025-03-29T05:08:27.864Z - info: Site data built
2025-03-29T05:08:27.864Z - info: Pages rebuilt
2025-03-29T05:08:27.864Z - info: Website regeneration complete! Total build time: 0.144s
2025-03-29T05:08:53.172Z - info: [13:08:53] Reload for file change: /Users/damithch/Repos/nus-cs3281/cs3281-website/schedule/index-cs3282.md
2025-03-29T05:08:53.173Z - info: Synchronizing opened pages list before reload
2025-03-29T05:08:53.173Z - info: Current opened pages, from most-to-least recent:
2025-03-29T05:08:53.173Z - info: 1. schedule/index-cs3282
2025-03-29T05:08:54.178Z - info: Rebuilding 1 pages
2025-03-29T05:08:54.295Z - warn: You might have an invalid hash for intra-link! Ignore this warning if it was intended.'
  /website/admin/cs3281.html#expertise-areas:~:text=and%20instructor%20observations.-,Expertise%20Areas,-While%20this%20is' found in file '/Users/damithch/Repos/nus-cs3281/cs3281-website/schedule/index-cs3282.md'
2025-03-29T05:08:54.295Z - warn: You might have an invalid hash for intra-link! Ignore this warning if it was intended.'
  /website/admin/cs3281.html#stage-3-managing' found in file '/Users/damithch/Repos/nus-cs3281/cs3281-website/schedule/index-cs3282.md'
2025-03-29T05:08:54.296Z - info: Site data built
2025-03-29T05:08:54.296Z - info: Pages rebuilt
2025-03-29T05:08:54.296Z - info: Website regeneration complete! Total build time: 0.12s
2025-03-29T05:09:44.422Z - info: [13:09:44] Reload for file change: /Users/damithch/Repos/nus-cs3281/cs3281-website/schedule/index-cs3282.md
2025-03-29T05:09:44.422Z - info: Synchronizing opened pages list before reload
2025-03-29T05:09:44.422Z - info: Current opened pages, from most-to-least recent:
2025-03-29T05:09:44.422Z - info: 1. schedule/index-cs3282
2025-03-29T05:09:45.424Z - info: Rebuilding 1 pages
2025-03-29T05:09:45.566Z - warn: You might have an invalid hash for intra-link! Ignore this warning if it was intended.'
  /website/admin/cs3281.html#expertise-areas:~:text=and%20instructor%20observations.-,Expertise%20Areas,-While%20this%20is' found in file '/Users/damithch/Repos/nus-cs3281/cs3281-website/schedule/index-cs3282.md'
2025-03-29T05:09:45.566Z - warn: You might have an invalid hash for intra-link! Ignore this warning if it was intended.'
  /website/admin/cs3281.html#stage-3-managing' found in file '/Users/damithch/Repos/nus-cs3281/cs3281-website/schedule/index-cs3282.md'
2025-03-29T05:09:45.566Z - info: Site data built
2025-03-29T05:09:45.566Z - info: Pages rebuilt
2025-03-29T05:09:45.566Z - info: Website regeneration complete! Total build time: 0.143s
2025-03-29T05:10:03.802Z - info: [13:10:03] Reload for file change: /Users/damithch/Repos/nus-cs3281/cs3281-website/schedule/index-cs3282.md
2025-03-29T05:10:03.803Z - info: Synchronizing opened pages list before reload
2025-03-29T05:10:03.803Z - info: Current opened pages, from most-to-least recent:
2025-03-29T05:10:03.803Z - info: 1. schedule/index-cs3282
2025-03-29T05:10:04.805Z - info: Rebuilding 1 pages
2025-03-29T05:10:04.941Z - warn: You might have an invalid hash for intra-link! Ignore this warning if it was intended.'
  /website/admin/cs3281.html#expertise-areas:~:text=and%20instructor%20observations.-,Expertise%20Areas,-While%20this%20is' found in file '/Users/damithch/Repos/nus-cs3281/cs3281-website/schedule/index-cs3282.md'
2025-03-29T05:10:04.941Z - warn: You might have an invalid hash for intra-link! Ignore this warning if it was intended.'
  /website/admin/cs3281.html#stage-3-managing' found in file '/Users/damithch/Repos/nus-cs3281/cs3281-website/schedule/index-cs3282.md'
2025-03-29T05:10:04.941Z - info: Site data built
2025-03-29T05:10:04.941Z - info: Pages rebuilt
2025-03-29T05:10:04.941Z - info: Website regeneration complete! Total build time: 0.137s
2025-03-29T05:10:14.721Z - info: [13:10:14] Reload for file change: /Users/damithch/Repos/nus-cs3281/cs3281-website/schedule/index-cs3282.md
2025-03-29T05:10:14.721Z - info: Synchronizing opened pages list before reload
2025-03-29T05:10:14.723Z - info: Current opened pages, from most-to-least recent:
2025-03-29T05:10:14.724Z - info: 1. schedule/index-cs3282
2025-03-29T05:10:15.727Z - info: Rebuilding 1 pages
2025-03-29T05:10:15.846Z - warn: You might have an invalid hash for intra-link! Ignore this warning if it was intended.'
  /website/admin/cs3281.html#expertise-areas:~:text=and%20instructor%20observations.-,Expertise%20Areas,-While%20this%20is' found in file '/Users/damithch/Repos/nus-cs3281/cs3281-website/schedule/index-cs3282.md'
2025-03-29T05:10:15.846Z - warn: You might have an invalid hash for intra-link! Ignore this warning if it was intended.'
  /website/admin/cs3281.html#stage-3-managing' found in file '/Users/damithch/Repos/nus-cs3281/cs3281-website/schedule/index-cs3282.md'
2025-03-29T05:10:15.846Z - info: Site data built
2025-03-29T05:10:15.846Z - info: Pages rebuilt
2025-03-29T05:10:15.846Z - info: Website regeneration complete! Total build time: 0.12s
2025-03-29T05:10:58.626Z - info: [13:10:58] Reload for file change: /Users/damithch/Repos/nus-cs3281/cs3281-website/schedule/index-cs3282.md
2025-03-29T05:10:58.627Z - info: Synchronizing opened pages list before reload
2025-03-29T05:10:58.627Z - info: Current opened pages, from most-to-least recent:
2025-03-29T05:10:58.627Z - info: 1. schedule/index-cs3282
2025-03-29T05:10:59.632Z - info: Rebuilding 1 pages
2025-03-29T05:10:59.777Z - warn: You might have an invalid hash for intra-link! Ignore this warning if it was intended.'
  /website/admin/cs3281.html#expertise-areas:~:text=and%20instructor%20observations.-,Expertise%20Areas,-While%20this%20is' found in file '/Users/damithch/Repos/nus-cs3281/cs3281-website/schedule/index-cs3282.md'
2025-03-29T05:10:59.777Z - warn: You might have an invalid hash for intra-link! Ignore this warning if it was intended.'
  /website/admin/cs3281.html#stage-3-managing' found in file '/Users/damithch/Repos/nus-cs3281/cs3281-website/schedule/index-cs3282.md'
2025-03-29T05:10:59.779Z - info: Site data built
2025-03-29T05:10:59.779Z - info: Pages rebuilt
2025-03-29T05:10:59.779Z - info: Website regeneration complete! Total build time: 0.149s
2025-03-29T05:12:03.251Z - info: [13:12:03] Reload for file change: /Users/damithch/Repos/nus-cs3281/cs3281-website/schedule/index-cs3282.md
2025-03-29T05:12:03.256Z - info: Synchronizing opened pages list before reload
2025-03-29T05:12:03.257Z - info: Current opened pages, from most-to-least recent:
2025-03-29T05:12:03.257Z - info: 1. schedule/index-cs3282
2025-03-29T05:12:04.261Z - info: Rebuilding 1 pages
2025-03-29T05:12:04.405Z - warn: You might have an invalid hash for intra-link! Ignore this warning if it was intended.'
  /website/admin/cs3281.html#expertise-areas:~:text=and%20instructor%20observations.-,Expertise%20Areas,-While%20this%20is' found in file '/Users/damithch/Repos/nus-cs3281/cs3281-website/schedule/index-cs3282.md'
2025-03-29T05:12:04.405Z - warn: You might have an invalid hash for intra-link! Ignore this warning if it was intended.'
  /website/admin/cs3281.html#stage-3-managing' found in file '/Users/damithch/Repos/nus-cs3281/cs3281-website/schedule/index-cs3282.md'
2025-03-29T05:12:04.405Z - info: Site data built
2025-03-29T05:12:04.405Z - info: Pages rebuilt
2025-03-29T05:12:04.405Z - info: Website regeneration complete! Total build time: 0.145s
2025-03-29T05:15:15.114Z - info: [13:15:15] Reload for file change: /Users/damithch/Repos/nus-cs3281/cs3281-website/schedule/index-cs3282.md
2025-03-29T05:15:15.114Z - info: Synchronizing opened pages list before reload
2025-03-29T05:15:15.115Z - info: Current opened pages, from most-to-least recent:
2025-03-29T05:15:15.115Z - info: 1. schedule/index-cs3282
2025-03-29T05:15:16.118Z - info: Rebuilding 1 pages
2025-03-29T05:15:16.251Z - warn: You might have an invalid hash for intra-link! Ignore this warning if it was intended.'
  /website/admin/cs3281.html#expertise-areas:~:text=and%20instructor%20observations.-,Expertise%20Areas,-While%20this%20is' found in file '/Users/damithch/Repos/nus-cs3281/cs3281-website/schedule/index-cs3282.md'
2025-03-29T05:15:16.251Z - warn: You might have an invalid hash for intra-link! Ignore this warning if it was intended.'
  /website/admin/cs3281.html#stage-3-managing' found in file '/Users/damithch/Repos/nus-cs3281/cs3281-website/schedule/index-cs3282.md'
2025-03-29T05:15:16.251Z - info: Site data built
2025-03-29T05:15:16.251Z - info: Pages rebuilt
2025-03-29T05:15:16.251Z - info: Website regeneration complete! Total build time: 0.134s
2025-03-29T05:19:50.820Z - info: [13:19:50] Reload for file change: /Users/damithch/Repos/nus-cs3281/cs3281-website/schedule/index-cs3282.md
2025-03-29T05:19:50.822Z - info: Synchronizing opened pages list before reload
2025-03-29T05:19:50.822Z - info: Current opened pages, from most-to-least recent:
2025-03-29T05:19:50.822Z - info: 1. schedule/index-cs3282
2025-03-29T05:19:51.828Z - info: Rebuilding 1 pages
2025-03-29T05:19:51.972Z - warn: You might have an invalid hash for intra-link! Ignore this warning if it was intended.'
  /website/admin/cs3281.html#expertise-areas:~:text=and%20instructor%20observations.-,Expertise%20Areas,-While%20this%20is' found in file '/Users/damithch/Repos/nus-cs3281/cs3281-website/schedule/index-cs3282.md'
2025-03-29T05:19:51.972Z - warn: You might have an invalid hash for intra-link! Ignore this warning if it was intended.'
  /website/admin/cs3281.html#stage-3-managing' found in file '/Users/damithch/Repos/nus-cs3281/cs3281-website/schedule/index-cs3282.md'
2025-03-29T05:19:51.973Z - info: Site data built
2025-03-29T05:19:51.973Z - info: Pages rebuilt
2025-03-29T05:19:51.973Z - info: Website regeneration complete! Total build time: 0.147s
2025-03-29T05:21:57.170Z - info: [13:21:57] Reload for file change: /Users/damithch/Repos/nus-cs3281/cs3281-website/schedule/index-cs3282.md
2025-03-29T05:21:57.178Z - info: Synchronizing opened pages list before reload
2025-03-29T05:21:57.179Z - info: Current opened pages, from most-to-least recent:
2025-03-29T05:21:57.180Z - info: 1. schedule/index-cs3282
2025-03-29T05:21:58.191Z - info: Rebuilding 1 pages
2025-03-29T05:21:58.308Z - warn: You might have an invalid hash for intra-link! Ignore this warning if it was intended.'
  /website/admin/cs3281.html#expertise-areas:~:text=and%20instructor%20observations.-,Expertise%20Areas,-While%20this%20is' found in file '/Users/damithch/Repos/nus-cs3281/cs3281-website/schedule/index-cs3282.md'
2025-03-29T05:21:58.308Z - warn: You might have an invalid hash for intra-link! Ignore this warning if it was intended.'
  /website/admin/cs3281.html#stage-3-managing' found in file '/Users/damithch/Repos/nus-cs3281/cs3281-website/schedule/index-cs3282.md'
2025-03-29T05:21:58.309Z - info: Site data built
2025-03-29T05:21:58.309Z - info: Pages rebuilt
2025-03-29T05:21:58.309Z - info: Website regeneration complete! Total build time: 0.119s
2025-03-29T05:22:20.796Z - info: [13:22:20] Reload for file change: /Users/damithch/Repos/nus-cs3281/cs3281-website/schedule/index-cs3282.md
2025-03-29T05:22:20.796Z - info: Synchronizing opened pages list before reload
2025-03-29T05:22:20.796Z - info: Current opened pages, from most-to-least recent:
2025-03-29T05:22:20.796Z - info: 1. schedule/index-cs3282
2025-03-29T05:22:21.799Z - info: Rebuilding 1 pages
2025-03-29T05:22:21.939Z - warn: You might have an invalid hash for intra-link! Ignore this warning if it was intended.'
  /website/admin/cs3281.html#expertise-areas:~:text=and%20instructor%20observations.-,Expertise%20Areas,-While%20this%20is' found in file '/Users/damithch/Repos/nus-cs3281/cs3281-website/schedule/index-cs3282.md'
2025-03-29T05:22:21.939Z - warn: You might have an invalid hash for intra-link! Ignore this warning if it was intended.'
  /website/admin/cs3281.html#stage-3-managing' found in file '/Users/damithch/Repos/nus-cs3281/cs3281-website/schedule/index-cs3282.md'
2025-03-29T05:22:21.940Z - info: Site data built
2025-03-29T05:22:21.940Z - info: Pages rebuilt
2025-03-29T05:22:21.940Z - info: Website regeneration complete! Total build time: 0.143s
2025-03-29T05:24:26.591Z - info: [13:24:26] Reload for file change: /Users/damithch/Repos/nus-cs3281/cs3281-website/schedule/index-cs3282.md
2025-03-29T05:24:26.591Z - info: Synchronizing opened pages list before reload
2025-03-29T05:24:26.591Z - info: Current opened pages, from most-to-least recent:
2025-03-29T05:24:26.591Z - info: 1. schedule/index-cs3282
2025-03-29T05:24:27.594Z - info: Rebuilding 1 pages
2025-03-29T05:24:27.729Z - warn: You might have an invalid hash for intra-link! Ignore this warning if it was intended.'
  /website/admin/cs3281.html#expertise-areas:~:text=and%20instructor%20observations.-,Expertise%20Areas,-While%20this%20is' found in file '/Users/damithch/Repos/nus-cs3281/cs3281-website/schedule/index-cs3282.md'
2025-03-29T05:24:27.729Z - warn: You might have an invalid hash for intra-link! Ignore this warning if it was intended.'
  /website/admin/cs3281.html#stage-3-managing' found in file '/Users/damithch/Repos/nus-cs3281/cs3281-website/schedule/index-cs3282.md'
2025-03-29T05:24:27.730Z - info: Site data built
2025-03-29T05:24:27.730Z - info: Pages rebuilt
2025-03-29T05:24:27.730Z - info: Website regeneration complete! Total build time: 0.137s
2025-03-29T05:26:21.538Z - info: [13:26:21] Reload for file change: /Users/damithch/Repos/nus-cs3281/cs3281-website/schedule/index-cs3282.md
2025-03-29T05:26:21.542Z - info: Synchronizing opened pages list before reload
2025-03-29T05:26:21.542Z - info: Current opened pages, from most-to-least recent:
2025-03-29T05:26:21.543Z - info: 1. schedule/index-cs3282
2025-03-29T05:26:22.549Z - info: Rebuilding 1 pages
2025-03-29T05:26:22.714Z - warn: You might have an invalid hash for intra-link! Ignore this warning if it was intended.'
  /website/admin/cs3281.html#expertise-areas:~:text=and%20instructor%20observations.-,Expertise%20Areas,-While%20this%20is' found in file '/Users/damithch/Repos/nus-cs3281/cs3281-website/schedule/index-cs3282.md'
2025-03-29T05:26:22.714Z - warn: You might have an invalid hash for intra-link! Ignore this warning if it was intended.'
  /website/admin/cs3281.html#stage-3-managing' found in file '/Users/damithch/Repos/nus-cs3281/cs3281-website/schedule/index-cs3282.md'
2025-03-29T05:26:22.714Z - info: Site data built
2025-03-29T05:26:22.714Z - info: Pages rebuilt
2025-03-29T05:26:22.714Z - info: Website regeneration complete! Total build time: 0.167s
2025-03-29T05:26:40.968Z - info: [13:26:40] Reload for file change: /Users/damithch/Repos/nus-cs3281/cs3281-website/schedule/index-cs3282.md
2025-03-29T05:26:40.968Z - info: Synchronizing opened pages list before reload
2025-03-29T05:26:40.968Z - info: Current opened pages, from most-to-least recent:
2025-03-29T05:26:40.968Z - info: 1. schedule/index-cs3282
2025-03-29T05:26:41.971Z - info: Rebuilding 1 pages
2025-03-29T05:26:42.082Z - warn: You might have an invalid hash for intra-link! Ignore this warning if it was intended.'
  /website/admin/cs3281.html#expertise-areas:~:text=and%20instructor%20observations.-,Expertise%20Areas,-While%20this%20is' found in file '/Users/damithch/Repos/nus-cs3281/cs3281-website/schedule/index-cs3282.md'
2025-03-29T05:26:42.082Z - warn: You might have an invalid hash for intra-link! Ignore this warning if it was intended.'
  /website/admin/cs3281.html#stage-3-managing' found in file '/Users/damithch/Repos/nus-cs3281/cs3281-website/schedule/index-cs3282.md'
2025-03-29T05:26:42.083Z - info: Site data built
2025-03-29T05:26:42.083Z - info: Pages rebuilt
2025-03-29T05:26:42.083Z - info: Website regeneration complete! Total build time: 0.114s
2025-03-29T05:27:06.482Z - info: Website generation started at 13:27:06
2025-03-29T05:27:06.521Z - warn: ENOENT: no such file or directory, open '/Users/damithch/Repos/nus-cs3281/cs3281-website/node_modules/.cache/gh-pages/https!github.com!nus-cs3281!website.git/_markbind/variables.md'
2025-03-29T05:27:06.530Z - info: Building assets...
2025-03-29T05:27:06.653Z - info: Assets built
2025-03-29T05:27:06.653Z - info: Generating pages...
2025-03-29T05:27:06.946Z - warn: You might have an invalid hash for intra-link! Ignore this warning if it was intended.'
  /website/admin/cs3281.html#expertise-areas:~:text=and%20instructor%20observations.-,Expertise%20Areas,-While%20this%20is' found in file '/Users/damithch/Repos/nus-cs3281/cs3281-website/schedule/index-cs3282.md'
2025-03-29T05:27:06.947Z - warn: You might have an invalid hash for intra-link! Ignore this warning if it was intended.'
  /website/admin/cs3282.html#lightning-talks' found in file '/Users/damithch/Repos/nus-cs3281/cs3281-website/admin/cs3281.md'
2025-03-29T05:27:06.947Z - info: Pages built
2025-03-29T05:27:07.019Z - info: Site data built
2025-03-29T05:27:07.020Z - info: Website generation complete! Total build time: 0.622s
2025-03-29T05:27:07.020Z - info: Build success!
2025-03-29T05:27:13.081Z - info: The website has been deployed at: https://nus-cs3281.github.io/website
2025-03-29T06:00:15.156Z - info: Website generation started at 14:00:15
2025-03-29T06:00:15.193Z - warn: ENOENT: no such file or directory, open '/Users/damithch/Repos/nus-cs3281/cs3281-website/node_modules/.cache/gh-pages/https!github.com!nus-cs3281!website.git/_markbind/variables.md'
2025-03-29T06:00:15.202Z - info: Building assets...
