2020-01-12T04:43:37.259Z - info: Website generation started at 12:43:37 PM
2020-01-12T04:43:37.813Z - info: Building assets...
2020-01-12T04:43:38.301Z - info: Assets built
2020-01-12T04:43:38.301Z - info: Generating pages...
2020-01-12T04:43:39.016Z - info: Pages built
2020-01-12T04:43:39.270Z - info: Website generation complete! Total build time: 2.109s
2020-01-12T04:43:39.628Z - info: Serving "C:\repos\nus-cs3281\cs3281-website\_site" at http://127.0.0.1:8080
2020-01-12T04:43:39.628Z - info: Press CTRL+C to stop ...
2020-01-12T04:43:39.733Z - info: Site data built
2020-01-12T04:45:54.205Z - info: [12:45:54 PM] Reload for file deletion: C:\repos\nus-cs3281\cs3281-website\admin\expertAreas.mbd
2020-01-12T04:45:55.206Z - warn: Rebuilding all source files
2020-01-12T04:45:56.238Z - info: Assets removed
2020-01-12T04:45:56.238Z - info: Generating pages...
2020-01-12T04:45:56.829Z - info: Pages built
2020-01-12T04:45:58.185Z - info: [12:45:58 PM] Reload for file change: C:\repos\nus-cs3281\cs3281-website\_markbind\headers\topnav.md
2020-01-12T04:45:59.187Z - info: Rebuilding affected source files
2020-01-12T04:45:59.188Z - info: Rebuilding 6 pages
2020-01-12T04:45:59.676Z - info: Pages rebuilt
2020-01-12T04:45:59.684Z - info: Site data built
2020-01-12T04:46:45.460Z - info: [12:46:45 PM] Reload for file change: C:\repos\nus-cs3281\cs3281-website\admin\mentors.mbd
2020-01-12T04:46:46.461Z - info: Rebuilding affected source files
2020-01-12T04:46:46.461Z - info: Rebuilding 1 pages
2020-01-12T04:46:46.533Z - info: Pages rebuilt
2020-01-12T04:46:46.540Z - info: Site data built
2020-01-12T04:48:06.922Z - info: [12:48:06 PM] Reload for file change: C:\repos\nus-cs3281\cs3281-website\admin\mentors.mbd
2020-01-12T04:48:07.922Z - info: Rebuilding affected source files
2020-01-12T04:48:07.923Z - info: Rebuilding 1 pages
2020-01-12T04:48:07.976Z - info: Pages rebuilt
2020-01-12T04:48:07.983Z - info: Site data built
2020-01-12T04:48:38.120Z - info: [12:48:38 PM] Reload for file change: C:\repos\nus-cs3281\cs3281-website\admin\mentors.mbd
2020-01-12T04:48:39.122Z - info: Rebuilding affected source files
2020-01-12T04:48:39.122Z - info: Rebuilding 1 pages
2020-01-12T04:48:39.170Z - info: Pages rebuilt
2020-01-12T04:48:39.178Z - info: Site data built
2020-01-12T04:49:07.835Z - info: [12:49:07 PM] Reload for file change: C:\repos\nus-cs3281\cs3281-website\admin\mentors.mbd
2020-01-12T04:49:08.835Z - info: Rebuilding affected source files
2020-01-12T04:49:08.836Z - info: Rebuilding 1 pages
2020-01-12T04:49:08.885Z - info: Pages rebuilt
2020-01-12T04:49:08.892Z - info: Site data built
2020-01-12T04:54:15.293Z - info: [12:54:15 PM] Reload for file change: C:\repos\nus-cs3281\cs3281-website\admin\mentors.mbd
2020-01-12T04:54:16.293Z - info: Rebuilding affected source files
2020-01-12T04:54:16.294Z - info: Rebuilding 1 pages
2020-01-12T04:54:16.356Z - info: Pages rebuilt
2020-01-12T04:54:16.363Z - info: Site data built
2020-01-12T04:56:23.485Z - info: [12:56:23 PM] Reload for file change: C:\repos\nus-cs3281\cs3281-website\admin\mentors.mbd
2020-01-12T04:56:24.487Z - info: Rebuilding affected source files
2020-01-12T04:56:24.487Z - info: Rebuilding 1 pages
2020-01-12T04:56:24.535Z - info: Pages rebuilt
2020-01-12T04:56:24.541Z - info: Site data built
2020-01-12T05:03:01.531Z - info: [1:03:01 PM] Reload for file change: C:\repos\nus-cs3281\cs3281-website\admin\mentors.mbd
2020-01-12T05:03:02.532Z - info: Rebuilding affected source files
2020-01-12T05:03:02.533Z - info: Rebuilding 1 pages
2020-01-12T05:03:02.594Z - info: Pages rebuilt
2020-01-12T05:03:02.603Z - info: Site data built
2020-01-12T05:06:29.394Z - info: [1:06:29 PM] Reload for file change: C:\repos\nus-cs3281\cs3281-website\admin\mentors.mbd
2020-01-12T05:06:30.395Z - info: Rebuilding affected source files
2020-01-12T05:06:30.395Z - info: Rebuilding 1 pages
2020-01-12T05:06:30.443Z - info: Pages rebuilt
2020-01-12T05:06:30.452Z - info: Site data built
2020-01-12T05:07:04.582Z - info: [1:07:04 PM] Reload for file change: C:\repos\nus-cs3281\cs3281-website\admin\mentors.mbd
2020-01-12T05:07:05.583Z - info: Rebuilding affected source files
2020-01-12T05:07:05.584Z - info: Rebuilding 1 pages
2020-01-12T05:07:05.659Z - info: Pages rebuilt
2020-01-12T05:07:05.666Z - info: Site data built
2020-01-12T05:07:21.672Z - info: [1:07:21 PM] Reload for file change: C:\repos\nus-cs3281\cs3281-website\admin\mentors.mbd
2020-01-12T05:07:22.674Z - info: Rebuilding affected source files
2020-01-12T05:07:22.675Z - info: Rebuilding 1 pages
2020-01-12T05:07:22.741Z - info: Pages rebuilt
2020-01-12T05:07:22.749Z - info: Site data built
2020-01-12T05:08:01.805Z - info: [1:08:01 PM] Reload for file change: C:\repos\nus-cs3281\cs3281-website\admin\mentors.mbd
2020-01-12T05:08:02.806Z - info: Rebuilding affected source files
2020-01-12T05:08:02.806Z - info: Rebuilding 1 pages
2020-01-12T05:08:02.860Z - info: Pages rebuilt
2020-01-12T05:08:02.867Z - info: Site data built
2020-01-12T05:08:25.211Z - info: [1:08:25 PM] Reload for file change: C:\repos\nus-cs3281\cs3281-website\admin\mentors.mbd
2020-01-12T05:08:26.213Z - info: Rebuilding affected source files
2020-01-12T05:08:26.213Z - info: Rebuilding 1 pages
2020-01-12T05:08:26.255Z - info: Pages rebuilt
2020-01-12T05:08:26.262Z - info: Site data built
2020-01-12T05:08:30.503Z - info: [1:08:30 PM] Reload for file change: C:\repos\nus-cs3281\cs3281-website\admin\mentors.mbd
2020-01-12T05:08:31.505Z - info: Rebuilding affected source files
2020-01-12T05:08:31.506Z - info: Rebuilding 1 pages
2020-01-12T05:08:31.557Z - info: Pages rebuilt
2020-01-12T05:08:31.564Z - info: Site data built
2020-01-12T05:08:56.959Z - info: [1:08:56 PM] Reload for file change: C:\repos\nus-cs3281\cs3281-website\admin\mentors.mbd
2020-01-12T05:08:57.960Z - info: Rebuilding affected source files
2020-01-12T05:08:57.960Z - info: Rebuilding 1 pages
2020-01-12T05:08:58.003Z - info: Pages rebuilt
2020-01-12T05:08:58.010Z - info: Site data built
2020-01-12T05:41:47.765Z - info: Website generation started at 1:41:47 PM
2020-01-12T05:41:48.099Z - info: Building assets...
