2018-11-22T14:34:27.766Z - info: Website generation started at 22:34:25
2018-11-22T14:34:28.537Z - warn: ENOENT: no such file or directory, open 'C:\repos\nus-cs3281\website\_markbind\variables.md'
2018-11-22T14:34:28.543Z - info: Building assets...
2018-11-22T14:34:28.828Z - info: Assets built
2018-11-22T14:34:28.828Z - info: Generating pages...
2018-11-22T14:34:29.205Z - info: Pages built
2018-11-22T14:34:29.270Z - info: Site data built
2018-11-22T14:34:29.270Z - info: Website generation complete! Total build time: 3.761s
2018-11-22T14:34:29.278Z - info: Generate Site durationMs=3769
2018-11-22T14:34:29.301Z - info: Serving "C:\repos\nus-cs3281\website\_site" at http://127.0.0.1:8080
2018-11-22T14:34:29.301Z - info: Press CTRL+C to stop ...
2018-11-22T14:35:41.054Z - info: [22:35:41] Reload for file change: C:\repos\nus-cs3281\website\site.json
2018-11-22T14:35:42.116Z - info: Assets built
2018-11-22T14:35:51.919Z - info: [22:35:51] Reload for file add: C:\repos\nus-cs3281\website\_markbind\variables.md
2018-11-22T14:35:52.938Z - verbose: Rebuild affected paths: C:\repos\nus-cs3281\website\_markbind\variables.md
2018-11-22T14:35:53.175Z - warn: Rebuilding all pages as variables file was changed, or the --force-reload flag was set
2018-11-22T14:35:53.175Z - info: Rebuilding 1 pages
2018-11-22T14:35:53.370Z - info: Pages rebuilt
2018-11-22T14:35:53.374Z - info: Site data built
2018-11-22T14:36:34.269Z - info: [22:36:34] Reload for file change: C:\repos\nus-cs3281\website\_markbind\variables.md
2018-11-22T14:36:35.286Z - verbose: Rebuild affected paths: C:\repos\nus-cs3281\website\_markbind\variables.md
2018-11-22T14:36:35.311Z - warn: Rebuilding all pages as variables file was changed, or the --force-reload flag was set
2018-11-22T14:36:35.315Z - info: Rebuilding 1 pages
2018-11-22T14:36:35.552Z - info: Pages rebuilt
2018-11-22T14:36:35.569Z - info: Site data built
2018-11-22T14:39:08.619Z - info: [22:39:08] Reload for file change: C:\repos\nus-cs3281\website\common\header.mbdf
2018-11-22T14:39:09.637Z - verbose: Rebuild affected paths: C:\repos\nus-cs3281\website\common\header.mbdf
2018-11-22T14:39:09.653Z - info: Rebuilding 1 pages
2018-11-22T14:39:09.858Z - info: Pages rebuilt
2018-11-22T14:39:09.873Z - info: Site data built
2018-11-22T14:39:41.078Z - info: [22:39:41] Reload for file change: C:\repos\nus-cs3281\website\common\header.mbdf
2018-11-22T14:39:42.095Z - verbose: Rebuild affected paths: C:\repos\nus-cs3281\website\common\header.mbdf
2018-11-22T14:39:42.095Z - info: Rebuilding 1 pages
2018-11-22T14:39:42.569Z - info: Pages rebuilt
2018-11-22T14:39:42.569Z - info: Site data built
2018-11-22T14:40:00.739Z - info: Website generation started at 22:40:00
2018-11-22T14:40:00.987Z - info: Building assets...
2018-11-22T14:40:01.241Z - info: Assets built
2018-11-22T14:40:01.241Z - info: Generating pages...
2018-11-22T14:40:01.892Z - info: Pages built
2018-11-22T14:40:01.935Z - info: Site data built
2018-11-22T14:40:01.935Z - info: Website generation complete! Total build time: 1.409s
2018-11-22T14:40:01.951Z - info: Generate Site durationMs=1425
2018-11-22T14:40:01.951Z - info: Serving "C:\repos\nus-cs3281\website\_site" at http://127.0.0.1:8080
2018-11-22T14:40:01.951Z - info: Press CTRL+C to stop ...
2018-11-22T14:52:54.254Z - info: [22:52:54] Reload for file change: C:\repos\nus-cs3281\website\schedule\index.mbd
2018-11-22T14:52:55.273Z - verbose: Rebuild affected paths: C:\repos\nus-cs3281\website\schedule\index.mbd
2018-11-22T14:52:55.273Z - info: Rebuilding 2 pages
2018-11-22T14:52:55.670Z - info: Pages rebuilt
2018-11-22T14:52:55.674Z - info: Site data built
2018-11-22T14:53:35.979Z - info: [22:53:35] Reload for file change: C:\repos\nus-cs3281\website\admin\callForApplications.mbd
2018-11-22T14:53:36.990Z - verbose: Rebuild affected paths: C:\repos\nus-cs3281\website\admin\callForApplications.mbd
2018-11-22T14:53:36.990Z - info: Rebuilding 1 pages
2018-11-22T14:53:37.166Z - info: Pages rebuilt
2018-11-22T14:53:37.170Z - info: Site data built
2018-11-22T14:53:55.579Z - info: [22:53:55] Reload for file change: C:\repos\nus-cs3281\website\admin\callForApplications.mbd
2018-11-22T14:53:56.599Z - verbose: Rebuild affected paths: C:\repos\nus-cs3281\website\admin\callForApplications.mbd
2018-11-22T14:53:56.599Z - info: Rebuilding 1 pages
2018-11-22T14:53:56.681Z - info: Pages rebuilt
2018-11-22T14:53:56.689Z - info: Site data built
2018-11-22T14:55:01.255Z - info: [22:55:01] Reload for file change: C:\repos\nus-cs3281\website\admin\callForApplications.mbd
2018-11-22T14:55:02.261Z - verbose: Rebuild affected paths: C:\repos\nus-cs3281\website\admin\callForApplications.mbd
2018-11-22T14:55:02.261Z - info: Rebuilding 1 pages
2018-11-22T14:55:02.437Z - info: Pages rebuilt
2018-11-22T14:55:02.461Z - info: Site data built
2018-11-22T15:00:30.413Z - info: [23:00:30] Reload for file change: C:\repos\nus-cs3281\website\admin\callForApplications.mbd
2018-11-22T15:00:31.417Z - verbose: Rebuild affected paths: C:\repos\nus-cs3281\website\admin\callForApplications.mbd
2018-11-22T15:00:31.417Z - info: Rebuilding 1 pages
2018-11-22T15:00:31.589Z - info: Pages rebuilt
2018-11-22T15:00:31.605Z - info: Site data built
2018-11-22T15:02:06.054Z - info: [23:02:06] Reload for file change: C:\repos\nus-cs3281\website\admin\callForApplications.mbd
2018-11-22T15:02:07.063Z - verbose: Rebuild affected paths: C:\repos\nus-cs3281\website\admin\callForApplications.mbd
2018-11-22T15:02:07.063Z - info: Rebuilding 1 pages
2018-11-22T15:02:07.239Z - info: Pages rebuilt
2018-11-22T15:02:07.259Z - info: Site data built
2018-11-22T15:03:05.934Z - info: [23:03:05] Reload for file change: C:\repos\nus-cs3281\website\admin\callForApplications.mbd
2018-11-22T15:03:06.939Z - verbose: Rebuild affected paths: C:\repos\nus-cs3281\website\admin\callForApplications.mbd
2018-11-22T15:03:06.955Z - info: Rebuilding 1 pages
2018-11-22T15:03:07.059Z - info: Pages rebuilt
2018-11-22T15:03:07.059Z - info: Site data built
2018-11-22T15:04:28.338Z - info: [23:04:28] Reload for file change: C:\repos\nus-cs3281\website\admin\callForApplications.mbd
2018-11-22T15:04:29.353Z - verbose: Rebuild affected paths: C:\repos\nus-cs3281\website\admin\callForApplications.mbd
2018-11-22T15:04:29.353Z - info: Rebuilding 1 pages
2018-11-22T15:04:29.397Z - info: Pages rebuilt
2018-11-22T15:04:29.401Z - info: Site data built
2018-11-22T15:06:30.914Z - info: [23:06:30] Reload for file change: C:\repos\nus-cs3281\website\admin\callForApplications.mbd
2018-11-22T15:06:31.929Z - verbose: Rebuild affected paths: C:\repos\nus-cs3281\website\admin\callForApplications.mbd
2018-11-22T15:06:31.929Z - info: Rebuilding 1 pages
2018-11-22T15:06:31.997Z - info: Pages rebuilt
2018-11-22T15:06:32.001Z - info: Site data built
2018-11-22T15:07:04.726Z - info: [23:07:04] Reload for file change: C:\repos\nus-cs3281\website\admin\callForApplications.mbd
2018-11-22T15:07:05.734Z - verbose: Rebuild affected paths: C:\repos\nus-cs3281\website\admin\callForApplications.mbd
2018-11-22T15:07:05.742Z - info: Rebuilding 1 pages
2018-11-22T15:07:05.806Z - info: Pages rebuilt
2018-11-22T15:07:05.822Z - info: Site data built
2018-11-22T15:11:34.649Z - info: [23:11:34] Reload for file change: C:\repos\nus-cs3281\website\website.iml
2018-11-22T15:11:35.709Z - info: Assets built
2018-11-22T15:11:40.058Z - info: [23:11:40] Reload for file change: C:\repos\nus-cs3281\website\schedule\index.mbd
2018-11-22T15:11:40.089Z - info: [23:11:40] Reload for file change: C:\repos\nus-cs3281\website\_markbind\variables.md
2018-11-22T15:11:40.089Z - info: [23:11:40] Reload for file change: C:\repos\nus-cs3281\website\admin\cs3281.mbd
2018-11-22T15:11:41.091Z - verbose: Rebuild affected paths: C:\repos\nus-cs3281\website\schedule\index.mbd,C:\repos\nus-cs3281\website\_markbind\variables.md,C:\repos\nus-cs3281\website\admin\cs3281.mbd
2018-11-22T15:11:41.138Z - warn: Rebuilding all pages as variables file was changed, or the --force-reload flag was set
2018-11-22T15:11:41.138Z - info: Rebuilding 7 pages
2018-11-22T15:11:41.573Z - info: Pages rebuilt
2018-11-22T15:11:41.589Z - info: Site data built
2018-11-22T15:13:14.435Z - info: [23:13:14] Reload for file change: C:\repos\nus-cs3281\website\schedule\index.mbd
2018-11-22T15:13:15.451Z - verbose: Rebuild affected paths: C:\repos\nus-cs3281\website\schedule\index.mbd
2018-11-22T15:13:15.451Z - info: Rebuilding 2 pages
2018-11-22T15:13:15.846Z - info: Pages rebuilt
2018-11-22T15:13:15.846Z - info: Site data built
2018-11-22T15:17:02.469Z - info: [23:17:02] Reload for file change: C:\repos\nus-cs3281\website\admin\cs3281.mbd
2018-11-22T15:17:03.485Z - verbose: Rebuild affected paths: C:\repos\nus-cs3281\website\admin\cs3281.mbd
2018-11-22T15:17:03.485Z - info: Rebuilding 3 pages
2018-11-22T15:17:03.803Z - info: Pages rebuilt
2018-11-22T15:17:03.803Z - info: Site data built
2018-11-22T15:17:32.625Z - info: [23:17:32] Reload for file change: C:\repos\nus-cs3281\website\admin\cs3281.mbd
2018-11-22T15:17:33.650Z - verbose: Rebuild affected paths: C:\repos\nus-cs3281\website\admin\cs3281.mbd
2018-11-22T15:17:33.654Z - info: Rebuilding 3 pages
2018-11-22T15:17:34.050Z - info: Pages rebuilt
2018-11-22T15:17:34.054Z - info: Site data built
2018-11-22T15:18:50.186Z - info: [23:18:50] Reload for file change: C:\repos\nus-cs3281\website\admin\cs3281.mbd
2018-11-22T15:18:51.207Z - verbose: Rebuild affected paths: C:\repos\nus-cs3281\website\admin\cs3281.mbd
2018-11-22T15:18:51.207Z - info: Rebuilding 3 pages
2018-11-22T15:18:51.587Z - info: Pages rebuilt
2018-11-22T15:18:51.591Z - info: Site data built
2018-11-22T15:19:31.046Z - info: [23:19:31] Reload for file change: C:\repos\nus-cs3281\website\site.json
2018-11-22T15:19:32.086Z - info: Assets built
2018-11-22T15:21:04.763Z - info: [23:21:04] Reload for file change: C:\repos\nus-cs3281\website\admin\cs3282.mbd
2018-11-22T15:21:05.767Z - verbose: Rebuild affected paths: C:\repos\nus-cs3281\website\admin\cs3282.mbd
2018-11-22T15:21:05.767Z - info: Rebuilding 1 pages
2018-11-22T15:21:06.055Z - info: Pages rebuilt
2018-11-22T15:21:06.071Z - info: Site data built
2018-11-22T15:23:31.983Z - info: [23:23:31] Reload for file change: C:\repos\nus-cs3281\website\admin\cs3282.mbd
2018-11-22T15:23:32.987Z - verbose: Rebuild affected paths: C:\repos\nus-cs3281\website\admin\cs3282.mbd
2018-11-22T15:23:32.991Z - info: Rebuilding 1 pages
2018-11-22T15:23:33.023Z - info: [23:23:33] Reload for file change: C:\repos\nus-cs3281\website\_markbind\footers\footer.mbdf
2018-11-22T15:23:33.091Z - info: Pages rebuilt
2018-11-22T15:23:33.106Z - info: Site data built
2018-11-22T15:23:34.037Z - verbose: Rebuild affected paths: C:\repos\nus-cs3281\website\_markbind\footers\footer.mbdf
2018-11-22T15:23:34.037Z - info: Rebuilding 7 pages
2018-11-22T15:23:34.601Z - info: Pages rebuilt
2018-11-22T15:23:34.601Z - info: Site data built
2018-11-22T15:24:15.940Z - info: [23:24:15] Reload for file change: C:\repos\nus-cs3281\website\admin\cs3282.mbd
2018-11-22T15:24:16.944Z - verbose: Rebuild affected paths: C:\repos\nus-cs3281\website\admin\cs3282.mbd
2018-11-22T15:24:16.944Z - info: Rebuilding 1 pages
2018-11-22T15:24:16.976Z - info: Pages rebuilt
2018-11-22T15:24:16.980Z - info: Site data built
2018-11-22T15:27:26.138Z - info: [23:27:26] Reload for file change: C:\repos\nus-cs3281\website\admin\callForApplications.mbd
2018-11-22T15:27:27.144Z - verbose: Rebuild affected paths: C:\repos\nus-cs3281\website\admin\callForApplications.mbd
2018-11-22T15:27:27.144Z - info: Rebuilding 1 pages
2018-11-22T15:27:27.320Z - info: Pages rebuilt
2018-11-22T15:27:27.324Z - info: Site data built
2018-11-22T15:28:22.258Z - info: [23:28:22] Reload for file change: C:\repos\nus-cs3281\website\admin\callForApplications.mbd
2018-11-22T15:28:23.271Z - verbose: Rebuild affected paths: C:\repos\nus-cs3281\website\admin\callForApplications.mbd
2018-11-22T15:28:23.271Z - info: Rebuilding 1 pages
2018-11-22T15:28:23.356Z - info: Pages rebuilt
2018-11-22T15:28:23.360Z - info: Site data built
2018-11-22T15:29:02.635Z - info: [23:29:02] Reload for file change: C:\repos\nus-cs3281\website\common\header.mbdf
2018-11-22T15:29:03.641Z - verbose: Rebuild affected paths: C:\repos\nus-cs3281\website\common\header.mbdf
2018-11-22T15:29:03.641Z - info: Rebuilding 7 pages
2018-11-22T15:29:03.839Z - info: [23:29:03] Reload for file change: C:\repos\nus-cs3281\website\index.mbd
2018-11-22T15:29:04.072Z - info: Pages rebuilt
2018-11-22T15:29:04.072Z - info: Site data built
2018-11-22T15:29:04.857Z - verbose: Rebuild affected paths: C:\repos\nus-cs3281\website\index.mbd
2018-11-22T15:29:04.857Z - info: Rebuilding 1 pages
2018-11-22T15:29:04.945Z - info: Pages rebuilt
2018-11-22T15:29:04.945Z - info: Site data built
2018-11-22T15:30:22.032Z - info: [23:30:22] Reload for file change: C:\repos\nus-cs3281\website\_markbind\variables.md
2018-11-22T15:30:23.043Z - verbose: Rebuild affected paths: C:\repos\nus-cs3281\website\_markbind\variables.md
2018-11-22T15:30:23.059Z - warn: Rebuilding all pages as variables file was changed, or the --force-reload flag was set
2018-11-22T15:30:23.075Z - info: Rebuilding 7 pages
2018-11-22T15:30:23.421Z - info: [23:30:23] Reload for file change: C:\repos\nus-cs3281\website\_markbind\head\head.mbdf
2018-11-22T15:30:23.499Z - info: Pages rebuilt
2018-11-22T15:30:23.499Z - info: Site data built
2018-11-22T15:30:24.435Z - verbose: Rebuild affected paths: C:\repos\nus-cs3281\website\_markbind\head\head.mbdf
2018-11-22T15:30:24.435Z - info: Rebuilding 7 pages
2018-11-22T15:30:24.798Z - info: Pages rebuilt
2018-11-22T15:30:24.798Z - info: Site data built
2018-11-22T15:41:15.187Z - info: Website generation started at 23:41:14
2018-11-22T15:41:15.447Z - info: Building assets...
2018-11-22T15:41:15.688Z - info: Assets built
2018-11-22T15:41:15.688Z - info: Generating pages...
2018-11-22T15:41:16.461Z - info: Pages built
2018-11-22T15:41:16.504Z - info: Site data built
2018-11-22T15:41:16.504Z - info: Website generation complete! Total build time: 1.517s
2018-11-22T15:41:16.504Z - info: Build success!
2018-11-22T15:41:16.504Z - info: Generate Site durationMs=1517
2018-11-22T15:42:03.151Z - info: Deployed!
