2020-11-26T04:37:27.989Z - info: Website generation (lazy) started at 12:37:26 PM
2020-11-26T04:37:30.371Z - info: Building assets...
2020-11-26T04:37:31.441Z - info: Assets built
2020-11-26T04:37:31.442Z - info: Generating landing page...
2020-11-26T04:37:31.875Z - info: Landing page built, other pages will be built as you navigate to them!
2020-11-26T04:37:32.023Z - info: Website generation (lazy) complete! Total build time: 5.418s
2020-11-26T04:37:33.644Z - info: Serving "C:\repos\nus-cs3281\cs3281-website\_site" at http://127.0.0.1:8080
2020-11-26T04:37:33.644Z - info: Press CTRL+C to stop ...
2020-11-26T04:37:33.710Z - info: Site data built
2020-11-26T04:38:48.528Z - info: [12:38:48 PM] Reload for file change: C:\repos\nus-cs3281\cs3281-website\admin\callForApplications.mbd
2020-11-26T04:38:49.536Z - info: Rebuilding 1 pages
2020-11-26T04:38:49.794Z - info: Pages rebuilt
2020-11-26T04:38:49.795Z - info: Website regeneration complete! Total build time: 0.259s
2020-11-26T04:38:49.800Z - info: Site data built
2020-11-26T04:39:02.524Z - info: [12:39:02 PM] Reload for file change: C:\repos\nus-cs3281\cs3281-website\admin\callForApplications.mbd
2020-11-26T04:39:03.532Z - info: Rebuilding 1 pages
2020-11-26T04:39:03.658Z - info: Pages rebuilt
2020-11-26T04:39:03.658Z - info: Website regeneration complete! Total build time: 0.127s
2020-11-26T04:39:03.663Z - info: Site data built
2020-11-26T04:40:37.079Z - info: [12:40:37 PM] Reload for file change: C:\repos\nus-cs3281\cs3281-website\admin\callForApplications.mbd
2020-11-26T04:40:38.083Z - info: Rebuilding 1 pages
2020-11-26T04:40:38.259Z - info: Pages rebuilt
2020-11-26T04:40:38.260Z - info: Website regeneration complete! Total build time: 0.178s
2020-11-26T04:40:38.264Z - info: Site data built
2020-11-26T04:41:59.198Z - info: [12:41:59 PM] Reload for file change: C:\repos\nus-cs3281\cs3281-website\admin\callForApplications.mbd
2020-11-26T04:42:00.204Z - info: Rebuilding 1 pages
2020-11-26T04:42:00.328Z - info: Pages rebuilt
2020-11-26T04:42:00.328Z - info: Website regeneration complete! Total build time: 0.125s
2020-11-26T04:42:00.335Z - info: Site data built
2020-11-26T04:42:28.918Z - info: [12:42:28 PM] Reload for file change: C:\repos\nus-cs3281\cs3281-website\admin\callForApplications.mbd
2020-11-26T04:42:29.924Z - info: Rebuilding 1 pages
2020-11-26T04:42:30.069Z - info: Pages rebuilt
2020-11-26T04:42:30.069Z - info: Website regeneration complete! Total build time: 0.147s
2020-11-26T04:42:30.074Z - info: Site data built
2020-11-26T04:44:39.803Z - info: Website generation started at 12:44:39 PM
2020-11-26T04:44:40.766Z - info: Building assets...
2020-11-26T04:44:41.632Z - info: Assets built
2020-11-26T04:44:41.632Z - info: Generating pages...
2020-11-26T04:44:42.641Z - info: Pages built
2020-11-26T04:44:42.900Z - info: Website generation complete! Total build time: 3.374s
2020-11-26T04:44:42.902Z - info: Build success!
2020-11-26T04:44:42.906Z - info: Site data built
2020-11-26T04:45:04.515Z - info: Deployed!
2020-11-26T12:28:39.265Z - info: Website generation (lazy) started at 8:28:39 PM
2020-11-26T12:28:40.554Z - info: Building assets...
2020-11-26T12:28:41.369Z - info: Assets built
2020-11-26T12:28:41.370Z - info: Generating landing page...
2020-11-26T12:28:41.651Z - info: Landing page built, other pages will be built as you navigate to them!
2020-11-26T12:28:41.771Z - info: Website generation (lazy) complete! Total build time: 2.761s
2020-11-26T12:28:41.848Z - info: Site data built
2020-11-26T12:28:43.817Z - info: Serving "C:\repos\nus-cs3281\cs3281-website\_site" at http://127.0.0.1:54130
2020-11-26T12:28:43.817Z - info: Press CTRL+C to stop ...
2020-11-26T12:29:16.006Z - info: Website generation started at 8:29:15 PM
2020-11-26T12:29:16.923Z - info: Building assets...
2020-11-26T12:29:17.720Z - info: Assets built
2020-11-26T12:29:17.721Z - info: Generating pages...
2020-11-26T12:29:18.751Z - info: Pages built
2020-11-26T12:29:19.025Z - info: Website generation complete! Total build time: 3.239s
2020-11-26T12:29:19.027Z - info: Build success!
2020-11-26T12:29:19.035Z - info: Site data built
2020-11-26T12:29:39.191Z - info: Deployed!
