2025-01-12T06:23:22.122Z - info: Website generation (lazy) started at 14:23:22
2025-01-12T06:23:22.152Z - warn: ENOENT: no such file or directory, open '/Users/damithch/Repos/nus-cs3281/cs3281-website/node_modules/.cache/gh-pages/https!github.com!nus-cs3281!website.git/_markbind/variables.md'
2025-01-12T06:23:22.162Z - info: Building assets...
2025-01-12T06:23:22.257Z - info: Assets built
2025-01-12T06:23:22.257Z - info: Generating landing page...
2025-01-12T06:23:22.363Z - info: Landing page built, other pages will be built as you navigate to them!
2025-01-12T06:23:22.426Z - info: Site data built
2025-01-12T06:23:22.426Z - info: Website generation (lazy) complete! Total build time: 0.38s
2025-01-12T06:23:22.433Z - info: Serving "/Users/damithch/Repos/nus-cs3281/cs3281-website/_site" at http://127.0.0.1:8080
2025-01-12T06:23:22.433Z - info: Press CTRL+C to stop ...
2025-01-12T06:34:25.253Z - info: [14:34:25] Reload for file change: /Users/damithch/Repos/nus-cs3281/cs3281-website/schedule/index-cs3281.md
2025-01-12T06:34:25.255Z - info: Synchronizing opened pages list before reload
2025-01-12T06:34:25.257Z - info: Current opened pages, from most-to-least recent:
2025-01-12T06:34:25.257Z - info: 1. index
2025-01-12T06:34:26.277Z - info: Rebuilding 1 pages
2025-01-12T06:34:26.347Z - warn: You might have an invalid hash for intra-link! Ignore this warning if it was intended.'
  /website/admin/cs3281.html#stage-3-managing' found in file '/Users/damithch/Repos/nus-cs3281/cs3281-website/schedule/index-cs3281.md'
2025-01-12T06:34:26.349Z - info: Site data built
2025-01-12T06:34:26.349Z - info: Pages rebuilt
2025-01-12T06:34:26.349Z - info: Website regeneration complete! Total build time: 0.086s
2025-01-12T06:34:55.951Z - info: [14:34:55] Reload for file change: /Users/damithch/Repos/nus-cs3281/cs3281-website/_markbind/variables.md
2025-01-12T06:34:55.953Z - info: Synchronizing opened pages list before reload
2025-01-12T06:34:55.955Z - info: Current opened pages, from most-to-least recent:
2025-01-12T06:34:55.955Z - info: 1. index
2025-01-12T06:34:56.967Z - warn: ENOENT: no such file or directory, open '/Users/damithch/Repos/nus-cs3281/cs3281-website/node_modules/.cache/gh-pages/https!github.com!nus-cs3281!website.git/_markbind/variables.md'
2025-01-12T06:34:56.992Z - warn: Rebuilding all pages as variables file was changed, or the --force-reload flag was set
2025-01-12T06:34:56.993Z - info: Rebuilding 1 pages
2025-01-12T06:34:57.048Z - warn: You might have an invalid hash for intra-link! Ignore this warning if it was intended.'
  /website/admin/cs3281.html#stage-3-managing' found in file '/Users/damithch/Repos/nus-cs3281/cs3281-website/schedule/index-cs3281.md'
2025-01-12T06:34:57.049Z - info: Site data built
2025-01-12T06:34:57.049Z - info: Pages rebuilt
2025-01-12T06:34:57.049Z - info: Website regeneration complete! Total build time: 0.084s
2025-01-12T06:37:12.148Z - info: [14:37:12] Reload for file change: /Users/damithch/Repos/nus-cs3281/cs3281-website/schedule/index-cs3281.md
2025-01-12T06:37:12.149Z - info: Synchronizing opened pages list before reload
2025-01-12T06:37:12.149Z - info: Current opened pages, from most-to-least recent:
2025-01-12T06:37:12.149Z - info: 1. index
2025-01-12T06:37:13.153Z - info: Rebuilding 1 pages
2025-01-12T06:37:13.223Z - warn: You might have an invalid hash for intra-link! Ignore this warning if it was intended.'
  /website/admin/cs3281.html#stage-3-managing' found in file '/Users/damithch/Repos/nus-cs3281/cs3281-website/schedule/index-cs3281.md'
2025-01-12T06:37:13.224Z - info: Site data built
2025-01-12T06:37:13.224Z - info: Pages rebuilt
2025-01-12T06:37:13.224Z - info: Website regeneration complete! Total build time: 0.072s
2025-01-12T06:40:30.140Z - info: [14:40:30] Reload for file change: /Users/damithch/Repos/nus-cs3281/cs3281-website/schedule/index-cs3281.md
2025-01-12T06:40:30.142Z - info: Synchronizing opened pages list before reload
2025-01-12T06:40:30.142Z - info: Current opened pages, from most-to-least recent:
2025-01-12T06:40:30.143Z - info: 1. index
2025-01-12T06:40:31.150Z - info: Rebuilding 1 pages
2025-01-12T06:40:31.225Z - warn: You might have an invalid hash for intra-link! Ignore this warning if it was intended.'
  /website/admin/cs3281.html#stage-3-managing' found in file '/Users/damithch/Repos/nus-cs3281/cs3281-website/schedule/index-cs3281.md'
2025-01-12T06:40:31.226Z - info: Site data built
2025-01-12T06:40:31.226Z - info: Pages rebuilt
2025-01-12T06:40:31.226Z - info: Website regeneration complete! Total build time: 0.079s
2025-01-12T06:52:08.501Z - info: [14:52:08] Reload for file change: /Users/damithch/Repos/nus-cs3281/cs3281-website/schedule/index-cs3281.md
2025-01-12T06:52:08.502Z - info: Synchronizing opened pages list before reload
2025-01-12T06:52:08.502Z - info: Current opened pages, from most-to-least recent:
2025-01-12T06:52:08.502Z - info: 1. index
2025-01-12T06:52:09.507Z - info: Rebuilding 1 pages
2025-01-12T06:52:09.567Z - warn: You might have an invalid hash for intra-link! Ignore this warning if it was intended.'
  /website/admin/cs3281.html#stage-3-managing' found in file '/Users/damithch/Repos/nus-cs3281/cs3281-website/schedule/index-cs3281.md'
2025-01-12T06:52:09.567Z - info: Site data built
2025-01-12T06:52:09.567Z - info: Pages rebuilt
2025-01-12T06:52:09.567Z - info: Website regeneration complete! Total build time: 0.062s
2025-01-12T06:58:15.469Z - info: [14:58:15] Reload for file change: /Users/damithch/Repos/nus-cs3281/cs3281-website/schedule/index-cs3281.md
2025-01-12T06:58:15.477Z - info: Synchronizing opened pages list before reload
2025-01-12T06:58:15.478Z - info: Current opened pages, from most-to-least recent:
2025-01-12T06:58:15.478Z - info: 1. index
2025-01-12T06:58:16.483Z - info: Rebuilding 1 pages
2025-01-12T06:58:16.550Z - warn: You might have an invalid hash for intra-link! Ignore this warning if it was intended.'
  /website/admin/cs3281.html#stage-3-managing' found in file '/Users/damithch/Repos/nus-cs3281/cs3281-website/schedule/index-cs3281.md'
2025-01-12T06:58:16.550Z - info: Site data built
2025-01-12T06:58:16.550Z - info: Pages rebuilt
2025-01-12T06:58:16.551Z - info: Website regeneration complete! Total build time: 0.07s
2025-01-12T07:00:55.861Z - info: [15:00:55] Reload for file change: /Users/damithch/Repos/nus-cs3281/cs3281-website/schedule/index-cs3281.md
2025-01-12T07:00:55.862Z - info: Synchronizing opened pages list before reload
2025-01-12T07:00:55.862Z - info: Current opened pages, from most-to-least recent:
2025-01-12T07:00:55.862Z - info: 1. index
2025-01-12T07:00:56.866Z - info: Rebuilding 1 pages
2025-01-12T07:00:56.933Z - warn: You might have an invalid hash for intra-link! Ignore this warning if it was intended.'
  /website/admin/cs3281.html#stage-3-managing' found in file '/Users/damithch/Repos/nus-cs3281/cs3281-website/schedule/index-cs3281.md'
2025-01-12T07:00:56.934Z - info: Site data built
2025-01-12T07:00:56.934Z - info: Pages rebuilt
2025-01-12T07:00:56.934Z - info: Website regeneration complete! Total build time: 0.07s
2025-01-12T07:04:58.690Z - info: [15:04:58] Reload for file change: /Users/damithch/Repos/nus-cs3281/cs3281-website/schedule/index-cs3281.md
2025-01-12T07:04:58.690Z - info: Synchronizing opened pages list before reload
2025-01-12T07:04:58.691Z - info: Current opened pages, from most-to-least recent:
2025-01-12T07:04:58.691Z - info: 1. index
2025-01-12T07:04:59.694Z - info: Rebuilding 1 pages
2025-01-12T07:04:59.766Z - warn: You might have an invalid hash for intra-link! Ignore this warning if it was intended.'
  /website/admin/cs3281.html#stage-3-managing' found in file '/Users/damithch/Repos/nus-cs3281/cs3281-website/schedule/index-cs3281.md'
2025-01-12T07:04:59.768Z - info: Site data built
2025-01-12T07:04:59.768Z - info: Pages rebuilt
2025-01-12T07:04:59.768Z - info: Website regeneration complete! Total build time: 0.075s
2025-01-12T07:05:42.950Z - info: [15:05:42] Reload for file change: /Users/damithch/Repos/nus-cs3281/cs3281-website/schedule/index-cs3281.md
2025-01-12T07:05:42.957Z - info: Synchronizing opened pages list before reload
2025-01-12T07:05:42.958Z - info: Current opened pages, from most-to-least recent:
2025-01-12T07:05:42.958Z - info: 1. index
2025-01-12T07:05:43.968Z - info: Rebuilding 1 pages
2025-01-12T07:05:44.038Z - warn: You might have an invalid hash for intra-link! Ignore this warning if it was intended.'
  /website/admin/cs3281.html#stage-3-managing' found in file '/Users/damithch/Repos/nus-cs3281/cs3281-website/schedule/index-cs3281.md'
2025-01-12T07:05:44.042Z - info: Site data built
2025-01-12T07:05:44.042Z - info: Pages rebuilt
2025-01-12T07:05:44.042Z - info: Website regeneration complete! Total build time: 0.076s
2025-01-12T07:06:43.509Z - info: [15:06:43] Reload for file change: /Users/damithch/Repos/nus-cs3281/cs3281-website/schedule/index-cs3281.md
2025-01-12T07:06:43.510Z - info: Synchronizing opened pages list before reload
2025-01-12T07:06:43.511Z - info: Current opened pages, from most-to-least recent:
2025-01-12T07:06:43.511Z - info: 1. index
2025-01-12T07:06:44.515Z - info: Rebuilding 1 pages
2025-01-12T07:06:44.598Z - warn: You might have an invalid hash for intra-link! Ignore this warning if it was intended.'
  /website/admin/cs3281.html#stage-3-managing' found in file '/Users/damithch/Repos/nus-cs3281/cs3281-website/schedule/index-cs3281.md'
2025-01-12T07:06:44.598Z - info: Site data built
2025-01-12T07:06:44.598Z - info: Pages rebuilt
2025-01-12T07:06:44.598Z - info: Website regeneration complete! Total build time: 0.085s
2025-01-12T07:08:08.675Z - info: [15:08:08] Reload for file change: /Users/damithch/Repos/nus-cs3281/cs3281-website/schedule/index-cs3281.md
2025-01-12T07:08:08.676Z - info: Synchronizing opened pages list before reload
2025-01-12T07:08:08.676Z - info: Current opened pages, from most-to-least recent:
2025-01-12T07:08:08.676Z - info: 1. index
2025-01-12T07:08:09.681Z - info: Rebuilding 1 pages
2025-01-12T07:08:09.748Z - warn: You might have an invalid hash for intra-link! Ignore this warning if it was intended.'
  /website/admin/cs3281.html#stage-3-managing' found in file '/Users/damithch/Repos/nus-cs3281/cs3281-website/schedule/index-cs3281.md'
2025-01-12T07:08:09.749Z - info: Site data built
2025-01-12T07:08:09.749Z - info: Pages rebuilt
2025-01-12T07:08:09.749Z - info: Website regeneration complete! Total build time: 0.07s
2025-01-12T07:11:09.535Z - info: [15:11:09] Reload for file change: /Users/damithch/Repos/nus-cs3281/cs3281-website/schedule/index-cs3281.md
2025-01-12T07:11:09.536Z - info: Synchronizing opened pages list before reload
2025-01-12T07:11:09.536Z - info: Current opened pages, from most-to-least recent:
2025-01-12T07:11:09.537Z - info: 1. index
2025-01-12T07:11:10.540Z - info: Rebuilding 1 pages
2025-01-12T07:11:10.595Z - warn: You might have an invalid hash for intra-link! Ignore this warning if it was intended.'
  /website/admin/cs3281.html#stage-3-managing' found in file '/Users/damithch/Repos/nus-cs3281/cs3281-website/schedule/index-cs3281.md'
2025-01-12T07:11:10.596Z - info: Site data built
2025-01-12T07:11:10.596Z - info: Pages rebuilt
2025-01-12T07:11:10.596Z - info: Website regeneration complete! Total build time: 0.058s
2025-01-12T07:17:20.133Z - info: [15:17:20] Reload for file change: /Users/damithch/Repos/nus-cs3281/cs3281-website/schedule/index-cs3281.md
2025-01-12T07:17:20.142Z - info: Synchronizing opened pages list before reload
2025-01-12T07:17:20.146Z - info: Current opened pages, from most-to-least recent:
2025-01-12T07:17:20.151Z - info: 1. index
2025-01-12T07:17:21.161Z - info: Rebuilding 1 pages
2025-01-12T07:17:21.226Z - warn: You might have an invalid hash for intra-link! Ignore this warning if it was intended.'
  /website/admin/cs3281.html#stage-3-managing' found in file '/Users/damithch/Repos/nus-cs3281/cs3281-website/schedule/index-cs3281.md'
2025-01-12T07:17:21.226Z - info: Site data built
2025-01-12T07:17:21.226Z - info: Pages rebuilt
2025-01-12T07:17:21.226Z - info: Website regeneration complete! Total build time: 0.069s
2025-01-12T07:20:21.305Z - info: [15:20:21] Reload for file change: /Users/damithch/Repos/nus-cs3281/cs3281-website/schedule/index-cs3281.md
2025-01-12T07:20:21.306Z - info: Synchronizing opened pages list before reload
2025-01-12T07:20:21.306Z - info: Current opened pages, from most-to-least recent:
2025-01-12T07:20:21.306Z - info: 1. index
2025-01-12T07:20:22.312Z - info: Rebuilding 1 pages
2025-01-12T07:20:22.379Z - warn: You might have an invalid hash for intra-link! Ignore this warning if it was intended.'
  /website/admin/cs3281.html#stage-3-managing' found in file '/Users/damithch/Repos/nus-cs3281/cs3281-website/schedule/index-cs3281.md'
2025-01-12T07:20:22.380Z - info: Site data built
2025-01-12T07:20:22.380Z - info: Pages rebuilt
2025-01-12T07:20:22.380Z - info: Website regeneration complete! Total build time: 0.071s
2025-01-12T07:22:50.117Z - info: [15:22:50] Reload for file change: /Users/damithch/Repos/nus-cs3281/cs3281-website/schedule/index-cs3281.md
2025-01-12T07:22:50.134Z - info: Synchronizing opened pages list before reload
2025-01-12T07:22:50.137Z - info: Current opened pages, from most-to-least recent:
2025-01-12T07:22:50.138Z - info: 1. index
2025-01-12T07:22:51.142Z - info: Rebuilding 1 pages
2025-01-12T07:22:51.209Z - warn: You might have an invalid hash for intra-link! Ignore this warning if it was intended.'
  /website/admin/cs3281.html#stage-3-managing' found in file '/Users/damithch/Repos/nus-cs3281/cs3281-website/schedule/index-cs3281.md'
2025-01-12T07:22:51.209Z - info: Site data built
2025-01-12T07:22:51.209Z - info: Pages rebuilt
2025-01-12T07:22:51.209Z - info: Website regeneration complete! Total build time: 0.069s
2025-01-12T07:24:32.942Z - info: Building /Users/damithch/Repos/nus-cs3281/cs3281-website/schedule/index-cs3282 as some of its dependencies were changed since the last visit
2025-01-12T07:24:33.073Z - warn: You might have an invalid hash for intra-link! Ignore this warning if it was intended.'
  /website/admin/cs3281.html#expertise-areas:~:text=and%20instructor%20observations.-,Expertise%20Areas,-While%20this%20is' found in file '/Users/damithch/Repos/nus-cs3281/cs3281-website/schedule/index-cs3282.md'
2025-01-12T07:24:33.073Z - warn: You might have an invalid hash for intra-link! Ignore this warning if it was intended.'
  /website/admin/cs3281.html#stage-3-managing' found in file '/Users/damithch/Repos/nus-cs3281/cs3281-website/schedule/index-cs3282.md'
2025-01-12T07:24:33.074Z - info: Site data built
2025-01-12T07:24:33.074Z - info: Lazy website regeneration complete! Total build time: 0.133s
2025-01-12T07:25:37.509Z - info: [15:25:37] Reload for file change: /Users/damithch/Repos/nus-cs3281/cs3281-website/schedule/index-cs3282.md
2025-01-12T07:25:37.512Z - info: Synchronizing opened pages list before reload
2025-01-12T07:25:37.513Z - info: Current opened pages, from most-to-least recent:
2025-01-12T07:25:37.513Z - info: 1. schedule/index-cs3282
2025-01-12T07:25:38.521Z - info: Rebuilding 1 pages
2025-01-12T07:25:38.660Z - warn: You might have an invalid hash for intra-link! Ignore this warning if it was intended.'
  /website/admin/cs3281.html#expertise-areas:~:text=and%20instructor%20observations.-,Expertise%20Areas,-While%20this%20is' found in file '/Users/damithch/Repos/nus-cs3281/cs3281-website/schedule/index-cs3282.md'
2025-01-12T07:25:38.660Z - warn: You might have an invalid hash for intra-link! Ignore this warning if it was intended.'
  /website/admin/cs3281.html#stage-3-managing' found in file '/Users/damithch/Repos/nus-cs3281/cs3281-website/schedule/index-cs3282.md'
2025-01-12T07:25:38.660Z - info: Site data built
2025-01-12T07:25:38.660Z - info: Pages rebuilt
2025-01-12T07:25:38.660Z - info: Website regeneration complete! Total build time: 0.142s
2025-01-12T07:28:29.145Z - info: [15:28:29] Reload for file change: /Users/damithch/Repos/nus-cs3281/cs3281-website/schedule/index-cs3282.md
2025-01-12T07:28:29.150Z - info: Synchronizing opened pages list before reload
2025-01-12T07:28:29.155Z - info: Current opened pages, from most-to-least recent:
2025-01-12T07:28:29.155Z - info: 1. schedule/index-cs3282
2025-01-12T07:28:30.166Z - info: Rebuilding 1 pages
2025-01-12T07:28:30.278Z - warn: You might have an invalid hash for intra-link! Ignore this warning if it was intended.'
  /website/admin/cs3281.html#expertise-areas:~:text=and%20instructor%20observations.-,Expertise%20Areas,-While%20this%20is' found in file '/Users/damithch/Repos/nus-cs3281/cs3281-website/schedule/index-cs3282.md'
2025-01-12T07:28:30.278Z - warn: You might have an invalid hash for intra-link! Ignore this warning if it was intended.'
  /website/admin/cs3281.html#stage-3-managing' found in file '/Users/damithch/Repos/nus-cs3281/cs3281-website/schedule/index-cs3282.md'
2025-01-12T07:28:30.279Z - info: Site data built
2025-01-12T07:28:30.279Z - info: Pages rebuilt
2025-01-12T07:28:30.279Z - info: Website regeneration complete! Total build time: 0.115s
2025-01-12T07:34:18.537Z - info: [15:34:18] Reload for file change: /Users/damithch/Repos/nus-cs3281/cs3281-website/schedule/index-cs3282.md
2025-01-12T07:34:18.540Z - info: Synchronizing opened pages list before reload
2025-01-12T07:34:18.540Z - info: Current opened pages, from most-to-least recent:
2025-01-12T07:34:18.541Z - info: 1. schedule/index-cs3282
2025-01-12T07:34:19.546Z - info: Rebuilding 1 pages
2025-01-12T07:34:19.685Z - warn: You might have an invalid hash for intra-link! Ignore this warning if it was intended.'
  /website/admin/cs3281.html#expertise-areas:~:text=and%20instructor%20observations.-,Expertise%20Areas,-While%20this%20is' found in file '/Users/damithch/Repos/nus-cs3281/cs3281-website/schedule/index-cs3282.md'
2025-01-12T07:34:19.685Z - warn: You might have an invalid hash for intra-link! Ignore this warning if it was intended.'
  /website/admin/cs3281.html#stage-3-managing' found in file '/Users/damithch/Repos/nus-cs3281/cs3281-website/schedule/index-cs3282.md'
2025-01-12T07:34:19.685Z - info: Site data built
2025-01-12T07:34:19.685Z - info: Pages rebuilt
2025-01-12T07:34:19.685Z - info: Website regeneration complete! Total build time: 0.14s
2025-01-12T07:39:35.543Z - info: [15:39:35] Reload for file change: /Users/damithch/Repos/nus-cs3281/cs3281-website/schedule/index-cs3282.md
2025-01-12T07:39:35.549Z - info: Synchronizing opened pages list before reload
2025-01-12T07:39:35.550Z - info: Current opened pages, from most-to-least recent:
2025-01-12T07:39:35.550Z - info: 1. schedule/index-cs3282
2025-01-12T07:39:36.557Z - info: Rebuilding 1 pages
2025-01-12T07:39:36.677Z - warn: You might have an invalid hash for intra-link! Ignore this warning if it was intended.'
  /website/admin/cs3281.html#expertise-areas:~:text=and%20instructor%20observations.-,Expertise%20Areas,-While%20this%20is' found in file '/Users/damithch/Repos/nus-cs3281/cs3281-website/schedule/index-cs3282.md'
2025-01-12T07:39:36.678Z - warn: You might have an invalid hash for intra-link! Ignore this warning if it was intended.'
  /website/admin/cs3281.html#stage-3-managing' found in file '/Users/damithch/Repos/nus-cs3281/cs3281-website/schedule/index-cs3282.md'
2025-01-12T07:39:36.678Z - info: Site data built
2025-01-12T07:39:36.678Z - info: Pages rebuilt
2025-01-12T07:39:36.678Z - info: Website regeneration complete! Total build time: 0.123s
2025-01-12T07:40:52.931Z - info: [15:40:52] Reload for file change: /Users/damithch/Repos/nus-cs3281/cs3281-website/schedule/index-cs3282.md
2025-01-12T07:40:52.933Z - info: Synchronizing opened pages list before reload
2025-01-12T07:40:52.935Z - info: Current opened pages, from most-to-least recent:
2025-01-12T07:40:52.935Z - info: 1. schedule/index-cs3282
2025-01-12T07:40:53.941Z - info: Rebuilding 1 pages
2025-01-12T07:40:54.081Z - warn: You might have an invalid hash for intra-link! Ignore this warning if it was intended.'
  /website/admin/cs3281.html#expertise-areas:~:text=and%20instructor%20observations.-,Expertise%20Areas,-While%20this%20is' found in file '/Users/damithch/Repos/nus-cs3281/cs3281-website/schedule/index-cs3282.md'
2025-01-12T07:40:54.082Z - warn: You might have an invalid hash for intra-link! Ignore this warning if it was intended.'
  /website/admin/cs3281.html#stage-3-managing' found in file '/Users/damithch/Repos/nus-cs3281/cs3281-website/schedule/index-cs3282.md'
2025-01-12T07:40:54.082Z - info: Site data built
2025-01-12T07:40:54.082Z - info: Pages rebuilt
2025-01-12T07:40:54.082Z - info: Website regeneration complete! Total build time: 0.143s
2025-01-12T07:42:59.008Z - info: [15:42:59] Reload for file change: /Users/damithch/Repos/nus-cs3281/cs3281-website/schedule/index-cs3282.md
2025-01-12T07:42:59.012Z - info: Synchronizing opened pages list before reload
2025-01-12T07:42:59.013Z - info: Current opened pages, from most-to-least recent:
2025-01-12T07:42:59.013Z - info: 1. schedule/index-cs3282
2025-01-12T07:43:00.017Z - info: Rebuilding 1 pages
2025-01-12T07:43:00.123Z - warn: You might have an invalid hash for intra-link! Ignore this warning if it was intended.'
  /website/admin/cs3281.html#expertise-areas:~:text=and%20instructor%20observations.-,Expertise%20Areas,-While%20this%20is' found in file '/Users/damithch/Repos/nus-cs3281/cs3281-website/schedule/index-cs3282.md'
2025-01-12T07:43:00.123Z - warn: You might have an invalid hash for intra-link! Ignore this warning if it was intended.'
  /website/admin/cs3281.html#stage-3-managing' found in file '/Users/damithch/Repos/nus-cs3281/cs3281-website/schedule/index-cs3282.md'
2025-01-12T07:43:00.124Z - info: Site data built
2025-01-12T07:43:00.124Z - info: Pages rebuilt
2025-01-12T07:43:00.124Z - info: Website regeneration complete! Total build time: 0.109s
2025-01-12T07:45:10.277Z - info: Website generation started at 15:45:10
2025-01-12T07:45:10.304Z - warn: ENOENT: no such file or directory, open '/Users/damithch/Repos/nus-cs3281/cs3281-website/node_modules/.cache/gh-pages/https!github.com!nus-cs3281!website.git/_markbind/variables.md'
2025-01-12T07:45:10.316Z - info: Building assets...
2025-01-12T07:45:10.403Z - info: Assets built
2025-01-12T07:45:10.404Z - info: Generating pages...
2025-01-12T07:45:10.670Z - warn: You might have an invalid hash for intra-link! Ignore this warning if it was intended.'
  /website/admin/cs3281.html#expertise-areas:~:text=and%20instructor%20observations.-,Expertise%20Areas,-While%20this%20is' found in file '/Users/damithch/Repos/nus-cs3281/cs3281-website/schedule/index-cs3282.md'
2025-01-12T07:45:10.670Z - warn: You might have an invalid hash for intra-link! Ignore this warning if it was intended.'
  /website/admin/cs3282.html#lightning-talks' found in file '/Users/damithch/Repos/nus-cs3281/cs3281-website/admin/cs3281.md'
2025-01-12T07:45:10.670Z - info: Pages built
2025-01-12T07:45:10.728Z - info: Site data built
2025-01-12T07:45:10.728Z - info: Website generation complete! Total build time: 0.515s
2025-01-12T07:45:10.728Z - info: Build success!
2025-01-12T07:45:16.356Z - info: The website has been deployed at: https://nus-cs3281.github.io/website
