2023-02-28T16:29:59.628Z - info: Website generation (lazy) started at 12:29:59 am
2023-02-28T16:30:01.303Z - info: Building assets...
2023-02-28T16:30:02.479Z - info: Assets built
2023-02-28T16:30:02.480Z - info: Generating landing page...
2023-02-28T16:30:02.845Z - info: Landing page built, other pages will be built as you navigate to them!
2023-02-28T16:30:04.200Z - info: Site data built
2023-02-28T16:30:04.201Z - info: Website generation (lazy) complete! Total build time: 5.102s
2023-02-28T16:30:05.182Z - info: Serving "C:\repos\nus-cs3281\cs3281-website\_site" at http://127.0.0.1:8080
2023-02-28T16:30:05.183Z - info: Press CTRL+C to stop ...
2023-02-28T16:30:16.297Z - info: Building C:\repos\nus-cs3281\cs3281-website\schedule\index-cs3282 as some of its dependencies were changed since the last visit
2023-02-28T16:30:16.898Z - info: Site data built
2023-02-28T16:30:16.899Z - info: Lazy website regeneration complete! Total build time: 0.602s
2023-02-28T16:31:34.988Z - info: [12:31:34 am] Reload for file change: C:\repos\nus-cs3281\cs3281-website\schedule\index-cs3282.md
2023-02-28T16:31:34.989Z - info: Synchronizing opened pages list before reload
2023-02-28T16:31:34.989Z - info: Current opened pages, from most-to-least recent:
2023-02-28T16:31:34.990Z - info: 1. schedule/index-cs3282
2023-02-28T16:31:35.998Z - info: Rebuilding 1 pages
2023-02-28T16:31:36.272Z - info: Site data built
2023-02-28T16:31:36.272Z - info: Pages rebuilt
2023-02-28T16:31:36.272Z - info: Website regeneration complete! Total build time: 0.276s
2023-02-28T16:32:25.778Z - info: [12:32:25 am] Reload for file change: C:\repos\nus-cs3281\cs3281-website\schedule\index-cs3282.md
2023-02-28T16:32:25.779Z - info: Synchronizing opened pages list before reload
2023-02-28T16:32:25.779Z - info: Current opened pages, from most-to-least recent:
2023-02-28T16:32:25.779Z - info: 1. schedule/index-cs3282
2023-02-28T16:32:26.784Z - info: Rebuilding 1 pages
2023-02-28T16:32:27.049Z - info: Site data built
2023-02-28T16:32:27.049Z - info: Pages rebuilt
2023-02-28T16:32:27.049Z - info: Website regeneration complete! Total build time: 0.267s
2023-02-28T16:49:02.283Z - info: Website generation started at 12:49:01 am
2023-02-28T16:49:03.576Z - info: Building assets...
2023-02-28T16:49:04.656Z - info: Assets built
2023-02-28T16:49:04.659Z - info: Generating pages...
2023-02-28T16:49:07.375Z - info: Pages built
2023-02-28T16:49:08.464Z - info: Site data built
2023-02-28T16:49:08.465Z - info: Website generation complete! Total build time: 6.501s
2023-02-28T16:49:08.465Z - info: Build success!
2023-02-28T16:49:23.315Z - info: The website has been deployed at: https://nus-cs3281.github.io/website
