2021-12-31T05:20:42.123Z - info: Website generation (lazy) started at 1:20:41 pm
2021-12-31T05:20:43.150Z - info: Building assets...
2021-12-31T05:20:43.889Z - info: Assets built
2021-12-31T05:20:43.889Z - info: Generating landing page...
2021-12-31T05:20:44.126Z - info: Landing page built, other pages will be built as you navigate to them!
2021-12-31T05:20:44.989Z - info: Site data built
2021-12-31T05:20:44.990Z - info: Website generation (lazy) complete! Total build time: 3.094s
2021-12-31T05:20:45.719Z - info: Serving "C:\repos\nus-cs3281\cs3281-website\_site" at http://127.0.0.1:8080
2021-12-31T05:20:45.719Z - info: Press CTRL+C to stop ...
2021-12-31T05:22:17.640Z - info: [1:22:17 pm] Reload for file change: C:\repos\nus-cs3281\cs3281-website\index.md
2021-12-31T05:22:17.640Z - info: Synchronizing opened pages list before reload
2021-12-31T05:22:17.641Z - info: Current opened pages, from most-to-least recent:
2021-12-31T05:22:17.641Z - info: 1. index
2021-12-31T05:22:18.648Z - info: Rebuilding 1 pages
2021-12-31T05:22:18.683Z - info: Site data built
2021-12-31T05:22:18.683Z - info: Pages rebuilt
2021-12-31T05:22:18.683Z - info: Website regeneration complete! Total build time: 0.036s
2021-12-31T05:22:30.544Z - info: [1:22:30 pm] Reload for file change: C:\repos\nus-cs3281\cs3281-website\index.md
2021-12-31T05:22:30.545Z - info: Synchronizing opened pages list before reload
2021-12-31T05:22:30.545Z - info: Current opened pages, from most-to-least recent:
2021-12-31T05:22:30.545Z - info: 1. index
2021-12-31T05:22:31.558Z - info: Rebuilding 1 pages
2021-12-31T05:22:31.696Z - info: Site data built
2021-12-31T05:22:31.696Z - info: Pages rebuilt
2021-12-31T05:22:31.696Z - info: Website regeneration complete! Total build time: 0.139s
2021-12-31T05:22:42.643Z - info: Building C:\repos\nus-cs3281\cs3281-website\admin\cs3281 as some of its dependencies were changed since the last visit
2021-12-31T05:22:42.776Z - info: Site data built
2021-12-31T05:22:42.776Z - info: Lazy website regeneration complete! Total build time: 0.133s
2021-12-31T05:25:18.636Z - info: [1:25:18 pm] Reload for file change: C:\repos\nus-cs3281\cs3281-website\admin\cs3281.mbd
2021-12-31T05:25:18.636Z - info: Synchronizing opened pages list before reload
2021-12-31T05:25:18.636Z - info: Current opened pages, from most-to-least recent:
2021-12-31T05:25:18.636Z - info: 1. admin/cs3281
2021-12-31T05:25:19.640Z - info: Rebuilding 1 pages
2021-12-31T05:25:19.721Z - info: Site data built
2021-12-31T05:25:19.721Z - info: Pages rebuilt
2021-12-31T05:25:19.721Z - info: Website regeneration complete! Total build time: 0.082s
2021-12-31T05:27:40.217Z - info: [1:27:40 pm] Reload for file change: C:\repos\nus-cs3281\cs3281-website\admin\cs3281.mbd
2021-12-31T05:27:40.217Z - info: Synchronizing opened pages list before reload
2021-12-31T05:27:40.217Z - info: Current opened pages, from most-to-least recent:
2021-12-31T05:27:40.217Z - info: 1. admin/cs3281
2021-12-31T05:27:41.224Z - info: Rebuilding 1 pages
2021-12-31T05:27:41.317Z - info: Site data built
2021-12-31T05:27:41.318Z - info: Pages rebuilt
2021-12-31T05:27:41.318Z - info: Website regeneration complete! Total build time: 0.095s
2021-12-31T05:29:15.964Z - info: [1:29:15 pm] Reload for file change: C:\repos\nus-cs3281\cs3281-website\admin\cs3281.mbd
2021-12-31T05:29:15.965Z - info: Synchronizing opened pages list before reload
2021-12-31T05:29:15.965Z - info: Current opened pages, from most-to-least recent:
2021-12-31T05:29:15.965Z - info: 1. admin/cs3281
2021-12-31T05:29:16.968Z - info: Rebuilding 1 pages
2021-12-31T05:29:17.038Z - info: Site data built
2021-12-31T05:29:17.038Z - info: Pages rebuilt
2021-12-31T05:29:17.039Z - info: Website regeneration complete! Total build time: 0.073s
2021-12-31T05:29:48.690Z - info: [1:29:48 pm] Reload for file change: C:\repos\nus-cs3281\cs3281-website\admin\cs3281.mbd
2021-12-31T05:29:48.690Z - info: Synchronizing opened pages list before reload
2021-12-31T05:29:48.690Z - info: Current opened pages, from most-to-least recent:
2021-12-31T05:29:48.690Z - info: 1. admin/cs3281
2021-12-31T05:29:49.693Z - info: Rebuilding 1 pages
2021-12-31T05:29:49.773Z - info: Site data built
2021-12-31T05:29:49.773Z - info: Pages rebuilt
2021-12-31T05:29:49.773Z - info: Website regeneration complete! Total build time: 0.081s
2021-12-31T05:30:12.723Z - info: [1:30:12 pm] Reload for file change: C:\repos\nus-cs3281\cs3281-website\admin\cs3281.mbd
2021-12-31T05:30:12.723Z - info: Synchronizing opened pages list before reload
2021-12-31T05:30:12.723Z - info: Current opened pages, from most-to-least recent:
2021-12-31T05:30:12.724Z - info: 1. admin/cs3281
2021-12-31T05:30:13.737Z - info: Rebuilding 1 pages
2021-12-31T05:30:13.801Z - info: Site data built
2021-12-31T05:30:13.801Z - info: Pages rebuilt
2021-12-31T05:30:13.802Z - info: Website regeneration complete! Total build time: 0.067s
2021-12-31T05:30:53.065Z - info: [1:30:53 pm] Reload for file change: C:\repos\nus-cs3281\cs3281-website\admin\cs3281.mbd
2021-12-31T05:30:53.065Z - info: Synchronizing opened pages list before reload
2021-12-31T05:30:53.065Z - info: Current opened pages, from most-to-least recent:
2021-12-31T05:30:53.065Z - info: 1. admin/cs3281
2021-12-31T05:30:54.069Z - info: Rebuilding 1 pages
2021-12-31T05:30:54.139Z - info: Site data built
2021-12-31T05:30:54.139Z - info: Pages rebuilt
2021-12-31T05:30:54.139Z - info: Website regeneration complete! Total build time: 0.072s
2021-12-31T05:33:47.651Z - info: [1:33:47 pm] Reload for file change: C:\repos\nus-cs3281\cs3281-website\_markbind\variables.md
2021-12-31T05:33:47.651Z - info: Synchronizing opened pages list before reload
2021-12-31T05:33:47.651Z - info: Current opened pages, from most-to-least recent:
2021-12-31T05:33:47.652Z - info: 1. admin/cs3281
2021-12-31T05:33:48.675Z - warn: Rebuilding all pages as variables file was changed, or the --force-reload flag was set
2021-12-31T05:33:48.675Z - info: Rebuilding 1 pages
2021-12-31T05:33:48.750Z - info: Site data built
2021-12-31T05:33:48.750Z - info: Pages rebuilt
2021-12-31T05:33:48.750Z - info: Website regeneration complete! Total build time: 0.095s
2021-12-31T05:33:52.690Z - info: Building C:\repos\nus-cs3281\cs3281-website\schedule\index-cs3281 as some of its dependencies were changed since the last visit
2021-12-31T05:33:52.789Z - info: Site data built
2021-12-31T05:33:52.789Z - info: Lazy website regeneration complete! Total build time: 0.099s
2021-12-31T05:35:09.408Z - info: [1:35:09 pm] Reload for file change: C:\repos\nus-cs3281\cs3281-website\schedule\index-cs3281.mbd
2021-12-31T05:35:09.408Z - info: Synchronizing opened pages list before reload
2021-12-31T05:35:09.409Z - info: Current opened pages, from most-to-least recent:
2021-12-31T05:35:09.409Z - info: 1. schedule/index-cs3281
2021-12-31T05:35:10.419Z - info: Rebuilding 1 pages
2021-12-31T05:35:10.505Z - info: Site data built
2021-12-31T05:35:10.505Z - info: Pages rebuilt
2021-12-31T05:35:10.505Z - info: Website regeneration complete! Total build time: 0.087s
2021-12-31T05:37:46.216Z - info: [1:37:46 pm] Reload for file change: C:\repos\nus-cs3281\cs3281-website\schedule\index-cs3281.mbd
2021-12-31T05:37:46.216Z - info: Synchronizing opened pages list before reload
2021-12-31T05:37:46.216Z - info: Current opened pages, from most-to-least recent:
2021-12-31T05:37:46.216Z - info: 1. schedule/index-cs3281
2021-12-31T05:37:47.226Z - info: Rebuilding 1 pages
2021-12-31T05:37:47.325Z - info: Site data built
2021-12-31T05:37:47.325Z - info: Pages rebuilt
2021-12-31T05:37:47.325Z - info: Website regeneration complete! Total build time: 0.1s
2021-12-31T05:38:45.918Z - info: [1:38:45 pm] Reload for file change: C:\repos\nus-cs3281\cs3281-website\schedule\index-cs3281.mbd
2021-12-31T05:38:45.919Z - info: Synchronizing opened pages list before reload
2021-12-31T05:38:45.919Z - info: Current opened pages, from most-to-least recent:
2021-12-31T05:38:45.919Z - info: 1. schedule/index-cs3281
2021-12-31T05:38:46.922Z - info: Rebuilding 1 pages
2021-12-31T05:38:47.027Z - info: Site data built
2021-12-31T05:38:47.027Z - info: Pages rebuilt
2021-12-31T05:38:47.027Z - info: Website regeneration complete! Total build time: 0.107s
2021-12-31T05:40:31.492Z - info: Building C:\repos\nus-cs3281\cs3281-website\admin\mentors as some of its dependencies were changed since the last visit
2021-12-31T05:40:31.562Z - info: Site data built
2021-12-31T05:40:31.562Z - info: Lazy website regeneration complete! Total build time: 0.071s
2021-12-31T05:57:04.316Z - info: [1:57:04 pm] Reload for file change: C:\repos\nus-cs3281\cs3281-website\admin\mentors.mbd
2021-12-31T05:57:04.317Z - info: Synchronizing opened pages list before reload
2021-12-31T05:57:04.317Z - info: Current opened pages, from most-to-least recent:
2021-12-31T05:57:04.317Z - info: 1. admin/mentors
2021-12-31T05:57:05.333Z - info: Rebuilding 1 pages
2021-12-31T05:57:05.398Z - info: Site data built
2021-12-31T05:57:05.399Z - info: Pages rebuilt
2021-12-31T05:57:05.399Z - info: Website regeneration complete! Total build time: 0.068s
2021-12-31T05:57:52.309Z - info: [1:57:52 pm] Reload for file change: C:\repos\nus-cs3281\cs3281-website\admin\mentors.mbd
2021-12-31T05:57:52.310Z - info: Synchronizing opened pages list before reload
2021-12-31T05:57:52.310Z - info: Current opened pages, from most-to-least recent:
2021-12-31T05:57:52.310Z - info: 1. admin/mentors
2021-12-31T05:57:53.325Z - info: Rebuilding 1 pages
2021-12-31T05:57:53.392Z - info: Site data built
2021-12-31T05:57:53.392Z - info: Pages rebuilt
2021-12-31T05:57:53.392Z - info: Website regeneration complete! Total build time: 0.069s
2021-12-31T06:00:03.371Z - info: [2:00:03 pm] Reload for file change: C:\repos\nus-cs3281\cs3281-website\admin\mentors.mbd
2021-12-31T06:00:03.371Z - info: Synchronizing opened pages list before reload
2021-12-31T06:00:03.372Z - info: Current opened pages, from most-to-least recent:
2021-12-31T06:00:03.372Z - info: 1. admin/mentors
2021-12-31T06:00:04.384Z - info: Rebuilding 1 pages
2021-12-31T06:00:04.435Z - info: Site data built
2021-12-31T06:00:04.435Z - info: Pages rebuilt
2021-12-31T06:00:04.436Z - info: Website regeneration complete! Total build time: 0.052s
2021-12-31T06:01:32.460Z - info: [2:01:32 pm] Reload for file change: C:\repos\nus-cs3281\cs3281-website\admin\mentors.mbd
2021-12-31T06:01:32.460Z - info: Synchronizing opened pages list before reload
2021-12-31T06:01:32.461Z - info: Current opened pages, from most-to-least recent:
2021-12-31T06:01:32.461Z - info: 1. admin/mentors
2021-12-31T06:01:33.467Z - info: Rebuilding 1 pages
2021-12-31T06:01:33.526Z - info: Site data built
2021-12-31T06:01:33.526Z - info: Pages rebuilt
2021-12-31T06:01:33.526Z - info: Website regeneration complete! Total build time: 0.06s
2021-12-31T06:05:14.014Z - info: [2:05:14 pm] Reload for file change: C:\repos\nus-cs3281\cs3281-website\admin\mentors.mbd
2021-12-31T06:05:14.015Z - info: Synchronizing opened pages list before reload
2021-12-31T06:05:14.015Z - info: Current opened pages, from most-to-least recent:
2021-12-31T06:05:14.015Z - info: 1. admin/mentors
2021-12-31T06:05:15.032Z - info: Rebuilding 1 pages
2021-12-31T06:05:15.141Z - info: Site data built
2021-12-31T06:05:15.142Z - info: Pages rebuilt
2021-12-31T06:05:15.142Z - info: Website regeneration complete! Total build time: 0.112s
2021-12-31T06:06:47.264Z - info: [2:06:47 pm] Reload for file change: C:\repos\nus-cs3281\cs3281-website\admin\mentors.mbd
2021-12-31T06:06:47.264Z - info: Synchronizing opened pages list before reload
2021-12-31T06:06:47.264Z - info: Current opened pages, from most-to-least recent:
2021-12-31T06:06:47.264Z - info: 1. admin/mentors
2021-12-31T06:06:48.270Z - info: Rebuilding 1 pages
2021-12-31T06:06:48.386Z - info: Site data built
2021-12-31T06:06:48.386Z - info: Pages rebuilt
2021-12-31T06:06:48.386Z - info: Website regeneration complete! Total build time: 0.118s
2021-12-31T06:07:26.849Z - info: [2:07:26 pm] Reload for file change: C:\repos\nus-cs3281\cs3281-website\admin\mentors.mbd
2021-12-31T06:07:26.849Z - info: Synchronizing opened pages list before reload
2021-12-31T06:07:26.849Z - info: Current opened pages, from most-to-least recent:
2021-12-31T06:07:26.849Z - info: 1. admin/mentors
2021-12-31T06:07:27.866Z - info: Rebuilding 1 pages
2021-12-31T06:07:27.965Z - info: Site data built
2021-12-31T06:07:27.965Z - info: Pages rebuilt
2021-12-31T06:07:27.966Z - info: Website regeneration complete! Total build time: 0.102s
2021-12-31T06:08:16.496Z - info: [2:08:16 pm] Reload for file change: C:\repos\nus-cs3281\cs3281-website\admin\mentors.mbd
2021-12-31T06:08:16.496Z - info: Synchronizing opened pages list before reload
2021-12-31T06:08:16.496Z - info: Current opened pages, from most-to-least recent:
2021-12-31T06:08:16.497Z - info: 1. admin/mentors
2021-12-31T06:08:17.511Z - info: Rebuilding 1 pages
2021-12-31T06:08:17.623Z - info: Site data built
2021-12-31T06:08:17.623Z - info: Pages rebuilt
2021-12-31T06:08:17.623Z - info: Website regeneration complete! Total build time: 0.113s
2021-12-31T06:10:45.336Z - info: [2:10:45 pm] Reload for file change: C:\repos\nus-cs3281\cs3281-website\admin\mentors.mbd
2021-12-31T06:10:45.336Z - info: Synchronizing opened pages list before reload
2021-12-31T06:10:45.336Z - info: Current opened pages, from most-to-least recent:
2021-12-31T06:10:45.336Z - info: 1. admin/mentors
2021-12-31T06:10:46.342Z - info: Rebuilding 1 pages
2021-12-31T06:10:46.470Z - info: Site data built
2021-12-31T06:10:46.470Z - info: Pages rebuilt
2021-12-31T06:10:46.470Z - info: Website regeneration complete! Total build time: 0.129s
2021-12-31T08:08:35.145Z - info: Building C:\repos\nus-cs3281\cs3281-website\admin\callForApplications as some of its dependencies were changed since the last visit
2021-12-31T08:08:35.264Z - info: Site data built
2021-12-31T08:08:35.264Z - info: Lazy website regeneration complete! Total build time: 0.12s
2021-12-31T08:08:54.033Z - info: Building C:\repos\nus-cs3281\cs3281-website\admin\cs3282 as some of its dependencies were changed since the last visit
2021-12-31T08:08:54.167Z - info: Site data built
2021-12-31T08:08:54.167Z - info: Lazy website regeneration complete! Total build time: 0.134s
2021-12-31T08:11:59.233Z - info: [4:11:59 pm] Reload for file change: C:\repos\nus-cs3281\cs3281-website\admin\cs3282.mbd
2021-12-31T08:11:59.233Z - info: Synchronizing opened pages list before reload
2021-12-31T08:11:59.233Z - info: Current opened pages, from most-to-least recent:
2021-12-31T08:11:59.233Z - info: 1. admin/cs3282
2021-12-31T08:12:00.246Z - info: Rebuilding 1 pages
2021-12-31T08:12:00.309Z - info: Site data built
2021-12-31T08:12:00.309Z - info: Pages rebuilt
2021-12-31T08:12:00.309Z - info: Website regeneration complete! Total build time: 0.064s
2021-12-31T08:12:19.458Z - info: [4:12:19 pm] Reload for file change: C:\repos\nus-cs3281\cs3281-website\admin\cs3282.mbd
2021-12-31T08:12:19.459Z - info: Synchronizing opened pages list before reload
2021-12-31T08:12:19.459Z - info: Current opened pages, from most-to-least recent:
2021-12-31T08:12:19.459Z - info: 1. admin/cs3282
2021-12-31T08:12:20.475Z - info: Rebuilding 1 pages
2021-12-31T08:12:20.529Z - info: Site data built
2021-12-31T08:12:20.529Z - info: Pages rebuilt
2021-12-31T08:12:20.529Z - info: Website regeneration complete! Total build time: 0.055s
2021-12-31T08:12:49.332Z - info: [4:12:49 pm] Reload for file change: C:\repos\nus-cs3281\cs3281-website\admin\cs3282.mbd
2021-12-31T08:12:49.332Z - info: Synchronizing opened pages list before reload
2021-12-31T08:12:49.332Z - info: Current opened pages, from most-to-least recent:
2021-12-31T08:12:49.332Z - info: 1. admin/cs3282
2021-12-31T08:12:50.338Z - info: Rebuilding 1 pages
2021-12-31T08:12:50.406Z - info: Site data built
2021-12-31T08:12:50.406Z - info: Pages rebuilt
2021-12-31T08:12:50.406Z - info: Website regeneration complete! Total build time: 0.07s
2021-12-31T08:12:55.951Z - info: [4:12:55 pm] Reload for file change: C:\repos\nus-cs3281\cs3281-website\admin\cs3282.mbd
2021-12-31T08:12:55.951Z - info: Synchronizing opened pages list before reload
2021-12-31T08:12:55.951Z - info: Current opened pages, from most-to-least recent:
2021-12-31T08:12:55.952Z - info: 1. admin/cs3282
2021-12-31T08:12:56.956Z - info: Rebuilding 1 pages
2021-12-31T08:12:57.011Z - info: Site data built
2021-12-31T08:12:57.011Z - info: Pages rebuilt
2021-12-31T08:12:57.011Z - info: Website regeneration complete! Total build time: 0.056s
2021-12-31T08:17:30.250Z - info: [4:17:30 pm] Reload for file change: C:\repos\nus-cs3281\cs3281-website\admin\cs3282.mbd
2021-12-31T08:17:30.250Z - info: Synchronizing opened pages list before reload
2021-12-31T08:17:30.251Z - info: Current opened pages, from most-to-least recent:
2021-12-31T08:17:30.251Z - info: 1. admin/cs3282
2021-12-31T08:17:31.263Z - info: Rebuilding 1 pages
2021-12-31T08:17:31.317Z - info: Site data built
2021-12-31T08:17:31.317Z - info: Pages rebuilt
2021-12-31T08:17:31.318Z - info: Website regeneration complete! Total build time: 0.055s
2021-12-31T08:21:51.709Z - info: Building C:\repos\nus-cs3281\cs3281-website\schedule\index-cs3282 as some of its dependencies were changed since the last visit
2021-12-31T08:21:52.002Z - info: Site data built
2021-12-31T08:21:52.003Z - info: Lazy website regeneration complete! Total build time: 0.294s
2021-12-31T08:22:33.752Z - info: [4:22:33 pm] Reload for file change: C:\repos\nus-cs3281\cs3281-website\schedule\index-cs3282.mbd
2021-12-31T08:22:33.752Z - info: Synchronizing opened pages list before reload
2021-12-31T08:22:33.753Z - info: Current opened pages, from most-to-least recent:
2021-12-31T08:22:33.753Z - info: 1. schedule/index-cs3282
2021-12-31T08:22:34.758Z - info: Rebuilding 1 pages
2021-12-31T08:22:34.968Z - info: Site data built
2021-12-31T08:22:34.968Z - info: Pages rebuilt
2021-12-31T08:22:34.968Z - info: Website regeneration complete! Total build time: 0.211s
2021-12-31T08:24:07.257Z - info: [4:24:07 pm] Reload for file change: C:\repos\nus-cs3281\cs3281-website\schedule\index-cs3282.mbd
2021-12-31T08:24:07.258Z - info: Synchronizing opened pages list before reload
2021-12-31T08:24:07.258Z - info: Current opened pages, from most-to-least recent:
2021-12-31T08:24:07.258Z - info: 1. schedule/index-cs3282
2021-12-31T08:24:08.273Z - info: Rebuilding 1 pages
2021-12-31T08:24:08.451Z - info: Site data built
2021-12-31T08:24:08.451Z - info: Pages rebuilt
2021-12-31T08:24:08.451Z - info: Website regeneration complete! Total build time: 0.179s
2021-12-31T08:24:26.380Z - info: [4:24:26 pm] Reload for file change: C:\repos\nus-cs3281\cs3281-website\schedule\index-cs3282.mbd
2021-12-31T08:24:26.380Z - info: Synchronizing opened pages list before reload
2021-12-31T08:24:26.380Z - info: Current opened pages, from most-to-least recent:
2021-12-31T08:24:26.380Z - info: 1. schedule/index-cs3282
2021-12-31T08:24:27.389Z - info: Rebuilding 1 pages
2021-12-31T08:24:27.576Z - info: Site data built
2021-12-31T08:24:27.576Z - info: Pages rebuilt
2021-12-31T08:24:27.576Z - info: Website regeneration complete! Total build time: 0.188s
2021-12-31T08:25:41.273Z - info: [4:25:41 pm] Reload for file change: C:\repos\nus-cs3281\cs3281-website\schedule\index-cs3282.mbd
2021-12-31T08:25:41.274Z - info: Synchronizing opened pages list before reload
2021-12-31T08:25:41.274Z - info: Current opened pages, from most-to-least recent:
2021-12-31T08:25:41.274Z - info: 1. schedule/index-cs3282
2021-12-31T08:25:42.286Z - info: Rebuilding 1 pages
2021-12-31T08:25:42.565Z - info: Site data built
2021-12-31T08:25:42.565Z - info: Pages rebuilt
2021-12-31T08:25:42.565Z - info: Website regeneration complete! Total build time: 0.281s
2021-12-31T08:28:44.423Z - info: [4:28:44 pm] Reload for file change: C:\repos\nus-cs3281\cs3281-website\schedule\index-cs3282.mbd
2021-12-31T08:28:44.423Z - info: Synchronizing opened pages list before reload
2021-12-31T08:28:44.423Z - info: Current opened pages, from most-to-least recent:
2021-12-31T08:28:44.423Z - info: 1. schedule/index-cs3282
2021-12-31T08:28:45.436Z - info: Rebuilding 1 pages
2021-12-31T08:28:45.630Z - info: Site data built
2021-12-31T08:28:45.630Z - info: Pages rebuilt
2021-12-31T08:28:45.630Z - info: Website regeneration complete! Total build time: 0.195s
2021-12-31T08:30:01.325Z - info: [4:30:01 pm] Reload for file change: C:\repos\nus-cs3281\cs3281-website\schedule\index-cs3282.mbd
2021-12-31T08:30:01.325Z - info: Synchronizing opened pages list before reload
2021-12-31T08:30:01.325Z - info: Current opened pages, from most-to-least recent:
2021-12-31T08:30:01.325Z - info: 1. schedule/index-cs3282
2021-12-31T08:30:02.336Z - info: Rebuilding 1 pages
2021-12-31T08:30:02.501Z - info: Site data built
2021-12-31T08:30:02.501Z - info: Pages rebuilt
2021-12-31T08:30:02.501Z - info: Website regeneration complete! Total build time: 0.166s
2021-12-31T08:42:27.754Z - info: [4:42:27 pm] Reload for file change: C:\repos\nus-cs3281\cs3281-website\schedule\index-cs3282.mbd
2021-12-31T08:42:27.755Z - info: Synchronizing opened pages list before reload
2021-12-31T08:42:27.755Z - info: Current opened pages, from most-to-least recent:
2021-12-31T08:42:27.755Z - info: 1. schedule/index-cs3282
2021-12-31T08:42:28.767Z - info: Rebuilding 1 pages
2021-12-31T08:42:29.028Z - info: Site data built
2021-12-31T08:42:29.028Z - info: Pages rebuilt
2021-12-31T08:42:29.028Z - info: Website regeneration complete! Total build time: 0.262s
2021-12-31T08:42:41.695Z - info: [4:42:41 pm] Reload for file change: C:\repos\nus-cs3281\cs3281-website\schedule\index-cs3282.mbd
2021-12-31T08:42:41.695Z - info: Synchronizing opened pages list before reload
2021-12-31T08:42:41.695Z - info: Current opened pages, from most-to-least recent:
2021-12-31T08:42:41.696Z - info: 1. admin/cs3281
2021-12-31T08:42:42.706Z - info: No pages needed to be rebuilt
2021-12-31T08:42:49.388Z - info: Building C:\repos\nus-cs3281\cs3281-website\schedule\index-cs3282 as some of its dependencies were changed since the last visit
2021-12-31T08:42:49.424Z - warn: You might have an invalid intra-link! Ignore this warning if it was intended.
'/website/schedule/cs3281.html#expertise-areas' found in file 'C:\repos\nus-cs3281\cs3281-website\schedule\index-cs3282.mbd'
2021-12-31T08:42:49.594Z - info: Site data built
2021-12-31T08:42:49.594Z - info: Lazy website regeneration complete! Total build time: 0.206s
2021-12-31T08:43:02.680Z - info: [4:43:02 pm] Reload for file change: C:\repos\nus-cs3281\cs3281-website\schedule\index-cs3282.mbd
2021-12-31T08:43:02.680Z - info: Synchronizing opened pages list before reload
2021-12-31T08:43:02.681Z - info: Current opened pages, from most-to-least recent:
2021-12-31T08:43:02.681Z - info: 1. schedule/index-cs3282
2021-12-31T08:43:03.693Z - info: Rebuilding 1 pages
2021-12-31T08:43:03.971Z - info: Site data built
2021-12-31T08:43:03.971Z - info: Pages rebuilt
2021-12-31T08:43:03.971Z - info: Website regeneration complete! Total build time: 0.279s
2021-12-31T08:44:01.985Z - info: [4:44:01 pm] Reload for file change: C:\repos\nus-cs3281\cs3281-website\schedule\index-cs3282.mbd
2021-12-31T08:44:01.986Z - info: Synchronizing opened pages list before reload
2021-12-31T08:44:01.986Z - info: Current opened pages, from most-to-least recent:
2021-12-31T08:44:01.986Z - info: 1. admin/cs3281
2021-12-31T08:44:02.996Z - info: No pages needed to be rebuilt
2021-12-31T08:44:08.376Z - info: Building C:\repos\nus-cs3281\cs3281-website\schedule\index-cs3282 as some of its dependencies were changed since the last visit
2021-12-31T08:44:08.577Z - info: Site data built
2021-12-31T08:44:08.578Z - info: Lazy website regeneration complete! Total build time: 0.202s
2021-12-31T08:45:03.960Z - info: [4:45:03 pm] Reload for file change: C:\repos\nus-cs3281\cs3281-website\schedule\index-cs3282.mbd
2021-12-31T08:45:03.960Z - info: Synchronizing opened pages list before reload
2021-12-31T08:45:03.961Z - info: Current opened pages, from most-to-least recent:
2021-12-31T08:45:03.961Z - info: 1. schedule/index-cs3282
2021-12-31T08:45:04.967Z - info: Rebuilding 1 pages
2021-12-31T08:45:05.135Z - info: Site data built
2021-12-31T08:45:05.135Z - info: Pages rebuilt
2021-12-31T08:45:05.135Z - info: Website regeneration complete! Total build time: 0.169s
2021-12-31T08:46:33.222Z - info: [4:46:33 pm] Reload for file change: C:\repos\nus-cs3281\cs3281-website\schedule\index-cs3282.mbd
2021-12-31T08:46:33.223Z - info: Synchronizing opened pages list before reload
2021-12-31T08:46:33.224Z - info: Current opened pages, from most-to-least recent:
2021-12-31T08:46:33.224Z - info: 1. schedule/index-cs3282
2021-12-31T08:46:34.234Z - info: Rebuilding 1 pages
2021-12-31T08:46:34.419Z - info: Site data built
2021-12-31T08:46:34.419Z - info: Pages rebuilt
2021-12-31T08:46:34.419Z - info: Website regeneration complete! Total build time: 0.186s
2021-12-31T08:47:06.520Z - info: [4:47:06 pm] Reload for file change: C:\repos\nus-cs3281\cs3281-website\schedule\index-cs3282.mbd
2021-12-31T08:47:06.521Z - info: Synchronizing opened pages list before reload
2021-12-31T08:47:06.522Z - info: Current opened pages, from most-to-least recent:
2021-12-31T08:47:06.523Z - info: 1. schedule/index-cs3282
2021-12-31T08:47:07.539Z - info: Rebuilding 1 pages
2021-12-31T08:47:07.838Z - info: Site data built
2021-12-31T08:47:07.838Z - info: Pages rebuilt
2021-12-31T08:47:07.839Z - info: Website regeneration complete! Total build time: 0.3s
2021-12-31T08:47:18.040Z - info: [4:47:18 pm] Reload for file change: C:\repos\nus-cs3281\cs3281-website\schedule\index-cs3282.mbd
2021-12-31T08:47:18.040Z - info: Synchronizing opened pages list before reload
2021-12-31T08:47:18.040Z - info: Current opened pages, from most-to-least recent:
2021-12-31T08:47:18.040Z - info: 1. schedule/index-cs3282
2021-12-31T08:47:19.044Z - info: Rebuilding 1 pages
2021-12-31T08:47:19.229Z - info: Site data built
2021-12-31T08:47:19.229Z - info: Pages rebuilt
2021-12-31T08:47:19.229Z - info: Website regeneration complete! Total build time: 0.186s
2021-12-31T08:47:42.315Z - info: [4:47:42 pm] Reload for file change: C:\repos\nus-cs3281\cs3281-website\schedule\index-cs3282.mbd
2021-12-31T08:47:42.315Z - info: Synchronizing opened pages list before reload
2021-12-31T08:47:42.315Z - info: Current opened pages, from most-to-least recent:
2021-12-31T08:47:42.315Z - info: 1. schedule/index-cs3282
2021-12-31T08:47:43.327Z - info: Rebuilding 1 pages
2021-12-31T08:47:43.524Z - info: Site data built
2021-12-31T08:47:43.524Z - info: Pages rebuilt
2021-12-31T08:47:43.524Z - info: Website regeneration complete! Total build time: 0.198s
2021-12-31T08:48:28.995Z - info: [4:48:28 pm] Reload for file change: C:\repos\nus-cs3281\cs3281-website\schedule\index-cs3282.mbd
2021-12-31T08:48:28.995Z - info: Synchronizing opened pages list before reload
2021-12-31T08:48:28.995Z - info: Current opened pages, from most-to-least recent:
2021-12-31T08:48:28.995Z - info: 1. schedule/index-cs3282
2021-12-31T08:48:30.009Z - info: Rebuilding 1 pages
2021-12-31T08:48:30.172Z - info: Site data built
2021-12-31T08:48:30.172Z - info: Pages rebuilt
2021-12-31T08:48:30.172Z - info: Website regeneration complete! Total build time: 0.164s
2021-12-31T08:49:15.268Z - info: [4:49:15 pm] Reload for file change: C:\repos\nus-cs3281\cs3281-website\schedule\index-cs3282.mbd
2021-12-31T08:49:15.269Z - info: Synchronizing opened pages list before reload
2021-12-31T08:49:15.269Z - info: Current opened pages, from most-to-least recent:
2021-12-31T08:49:15.269Z - info: 1. schedule/index-cs3282
2021-12-31T08:49:16.284Z - info: Rebuilding 1 pages
2021-12-31T08:49:16.422Z - info: Site data built
2021-12-31T08:49:16.422Z - info: Pages rebuilt
2021-12-31T08:49:16.422Z - info: Website regeneration complete! Total build time: 0.139s
2021-12-31T08:49:36.129Z - info: [4:49:36 pm] Reload for file change: C:\repos\nus-cs3281\cs3281-website\schedule\index-cs3282.mbd
2021-12-31T08:49:36.129Z - info: Synchronizing opened pages list before reload
2021-12-31T08:49:36.129Z - info: Current opened pages, from most-to-least recent:
2021-12-31T08:49:36.129Z - info: 1. schedule/index-cs3282
2021-12-31T08:49:37.141Z - info: Rebuilding 1 pages
2021-12-31T08:49:37.281Z - info: Site data built
2021-12-31T08:49:37.281Z - info: Pages rebuilt
2021-12-31T08:49:37.281Z - info: Website regeneration complete! Total build time: 0.141s
2021-12-31T08:50:11.689Z - info: [4:50:11 pm] Reload for file change: C:\repos\nus-cs3281\cs3281-website\schedule\index-cs3282.mbd
2021-12-31T08:50:11.689Z - info: Synchronizing opened pages list before reload
2021-12-31T08:50:11.689Z - info: Current opened pages, from most-to-least recent:
2021-12-31T08:50:11.689Z - info: 1. schedule/index-cs3282
2021-12-31T08:50:12.702Z - info: Rebuilding 1 pages
2021-12-31T08:50:12.953Z - info: Site data built
2021-12-31T08:50:12.954Z - info: Pages rebuilt
2021-12-31T08:50:12.954Z - info: Website regeneration complete! Total build time: 0.254s
2021-12-31T08:52:55.115Z - info: [4:52:55 pm] Reload for file change: C:\repos\nus-cs3281\cs3281-website\schedule\index-cs3282.mbd
2021-12-31T08:52:55.115Z - info: Synchronizing opened pages list before reload
2021-12-31T08:52:55.115Z - info: Current opened pages, from most-to-least recent:
2021-12-31T08:52:55.115Z - info: 1. schedule/index-cs3282
2021-12-31T08:52:56.127Z - info: Rebuilding 1 pages
2021-12-31T08:52:56.320Z - info: Site data built
2021-12-31T08:52:56.320Z - info: Pages rebuilt
2021-12-31T08:52:56.321Z - info: Website regeneration complete! Total build time: 0.195s
2021-12-31T08:53:14.517Z - info: [4:53:14 pm] Reload for file change: C:\repos\nus-cs3281\cs3281-website\schedule\index-cs3282.mbd
2021-12-31T08:53:14.517Z - info: Synchronizing opened pages list before reload
2021-12-31T08:53:14.518Z - info: Current opened pages, from most-to-least recent:
2021-12-31T08:53:14.518Z - info: 1. schedule/index-cs3282
2021-12-31T08:53:15.520Z - info: Rebuilding 1 pages
2021-12-31T08:53:15.709Z - info: Site data built
2021-12-31T08:53:15.709Z - info: Pages rebuilt
2021-12-31T08:53:15.709Z - info: Website regeneration complete! Total build time: 0.191s
2021-12-31T08:53:40.528Z - info: [4:53:40 pm] Reload for file change: C:\repos\nus-cs3281\cs3281-website\schedule\index-cs3282.mbd
2021-12-31T08:53:40.529Z - info: Synchronizing opened pages list before reload
2021-12-31T08:53:40.530Z - info: Current opened pages, from most-to-least recent:
2021-12-31T08:53:40.530Z - info: 1. schedule/index-cs3282
2021-12-31T08:53:41.540Z - info: Rebuilding 1 pages
2021-12-31T08:53:41.798Z - info: Site data built
2021-12-31T08:53:41.798Z - info: Pages rebuilt
2021-12-31T08:53:41.798Z - info: Website regeneration complete! Total build time: 0.26s
2021-12-31T08:54:06.660Z - info: [4:54:06 pm] Reload for file change: C:\repos\nus-cs3281\cs3281-website\schedule\index-cs3282.mbd
2021-12-31T08:54:06.660Z - info: Synchronizing opened pages list before reload
2021-12-31T08:54:06.660Z - info: Current opened pages, from most-to-least recent:
2021-12-31T08:54:06.660Z - info: 1. schedule/index-cs3282
2021-12-31T08:54:07.665Z - info: Rebuilding 1 pages
2021-12-31T08:54:07.828Z - info: Site data built
2021-12-31T08:54:07.828Z - info: Pages rebuilt
2021-12-31T08:54:07.828Z - info: Website regeneration complete! Total build time: 0.165s
2021-12-31T08:54:30.339Z - info: [4:54:30 pm] Reload for file change: C:\repos\nus-cs3281\cs3281-website\schedule\index-cs3282.mbd
2021-12-31T08:54:30.339Z - info: Synchronizing opened pages list before reload
2021-12-31T08:54:30.339Z - info: Current opened pages, from most-to-least recent:
2021-12-31T08:54:30.339Z - info: 1. schedule/index-cs3282
2021-12-31T08:54:31.351Z - info: Rebuilding 1 pages
2021-12-31T08:54:31.517Z - info: Site data built
2021-12-31T08:54:31.517Z - info: Pages rebuilt
2021-12-31T08:54:31.517Z - info: Website regeneration complete! Total build time: 0.168s
2021-12-31T08:55:12.103Z - info: [4:55:12 pm] Reload for file change: C:\repos\nus-cs3281\cs3281-website\schedule\index-cs3282.mbd
2021-12-31T08:55:12.104Z - info: Synchronizing opened pages list before reload
2021-12-31T08:55:12.106Z - info: Current opened pages, from most-to-least recent:
2021-12-31T08:55:12.106Z - info: 1. schedule/index-cs3282
2021-12-31T08:55:13.125Z - info: Rebuilding 1 pages
2021-12-31T08:55:13.383Z - info: Site data built
2021-12-31T08:55:13.383Z - info: Pages rebuilt
2021-12-31T08:55:13.383Z - info: Website regeneration complete! Total build time: 0.261s
2021-12-31T08:55:22.440Z - info: [4:55:22 pm] Reload for file change: C:\repos\nus-cs3281\cs3281-website\schedule\index-cs3282.mbd
2021-12-31T08:55:22.440Z - info: Synchronizing opened pages list before reload
2021-12-31T08:55:22.440Z - info: Current opened pages, from most-to-least recent:
2021-12-31T08:55:22.440Z - info: 1. schedule/index-cs3282
2021-12-31T08:55:23.450Z - info: Rebuilding 1 pages
2021-12-31T08:55:23.614Z - info: Site data built
2021-12-31T08:55:23.614Z - info: Pages rebuilt
2021-12-31T08:55:23.614Z - info: Website regeneration complete! Total build time: 0.166s
2021-12-31T08:55:32.650Z - info: [4:55:32 pm] Reload for file change: C:\repos\nus-cs3281\cs3281-website\schedule\index-cs3282.mbd
2021-12-31T08:55:32.650Z - info: Synchronizing opened pages list before reload
2021-12-31T08:55:32.651Z - info: Current opened pages, from most-to-least recent:
2021-12-31T08:55:32.651Z - info: 1. schedule/index-cs3282
2021-12-31T08:55:33.652Z - info: Rebuilding 1 pages
2021-12-31T08:55:33.815Z - info: Site data built
2021-12-31T08:55:33.815Z - info: Pages rebuilt
2021-12-31T08:55:33.815Z - info: Website regeneration complete! Total build time: 0.164s
2021-12-31T08:58:20.017Z - info: [4:58:20 pm] Reload for file change: C:\repos\nus-cs3281\cs3281-website\schedule\index-cs3282.mbd
2021-12-31T08:58:20.017Z - info: Synchronizing opened pages list before reload
2021-12-31T08:58:20.017Z - info: Current opened pages, from most-to-least recent:
2021-12-31T08:58:20.017Z - info: 1. schedule/index-cs3282
2021-12-31T08:58:21.029Z - info: Rebuilding 1 pages
2021-12-31T08:58:21.270Z - info: Site data built
2021-12-31T08:58:21.270Z - info: Pages rebuilt
2021-12-31T08:58:21.270Z - info: Website regeneration complete! Total build time: 0.242s
2021-12-31T08:58:37.628Z - info: [4:58:37 pm] Reload for file change: C:\repos\nus-cs3281\cs3281-website\schedule\index-cs3282.mbd
2021-12-31T08:58:37.628Z - info: Synchronizing opened pages list before reload
2021-12-31T08:58:37.628Z - info: Current opened pages, from most-to-least recent:
2021-12-31T08:58:37.629Z - info: 1. schedule/index-cs3282
2021-12-31T08:58:38.641Z - info: Rebuilding 1 pages
2021-12-31T08:58:38.794Z - info: Site data built
2021-12-31T08:58:38.794Z - info: Pages rebuilt
2021-12-31T08:58:38.794Z - info: Website regeneration complete! Total build time: 0.154s
2021-12-31T08:59:28.736Z - info: [4:59:28 pm] Reload for file change: C:\repos\nus-cs3281\cs3281-website\schedule\index-cs3282.mbd
2021-12-31T08:59:28.736Z - info: Synchronizing opened pages list before reload
2021-12-31T08:59:28.737Z - info: Current opened pages, from most-to-least recent:
2021-12-31T08:59:28.737Z - info: 1. schedule/index-cs3282
2021-12-31T08:59:29.751Z - info: Rebuilding 1 pages
2021-12-31T08:59:29.907Z - info: Site data built
2021-12-31T08:59:29.908Z - info: Pages rebuilt
2021-12-31T08:59:29.908Z - info: Website regeneration complete! Total build time: 0.159s
2021-12-31T09:12:58.374Z - info: [5:12:58 pm] Reload for file change: C:\repos\nus-cs3281\cs3281-website\schedule\index-cs3282.mbd
2021-12-31T09:12:58.374Z - info: Synchronizing opened pages list before reload
2021-12-31T09:12:58.374Z - info: Current opened pages, from most-to-least recent:
2021-12-31T09:12:58.374Z - info: 1. schedule/index-cs3282
2021-12-31T09:12:59.376Z - info: Rebuilding 1 pages
2021-12-31T09:12:59.542Z - info: Site data built
2021-12-31T09:12:59.542Z - info: Pages rebuilt
2021-12-31T09:12:59.542Z - info: Website regeneration complete! Total build time: 0.166s
2021-12-31T09:15:45.897Z - info: [5:15:45 pm] Reload for file change: C:\repos\nus-cs3281\cs3281-website\schedule\index-cs3282.mbd
2021-12-31T09:15:45.897Z - info: Synchronizing opened pages list before reload
2021-12-31T09:15:45.898Z - info: Current opened pages, from most-to-least recent:
2021-12-31T09:15:45.898Z - info: 1. schedule/index-cs3282
2021-12-31T09:15:46.906Z - info: Rebuilding 1 pages
2021-12-31T09:15:47.042Z - info: Site data built
2021-12-31T09:15:47.042Z - info: Pages rebuilt
2021-12-31T09:15:47.042Z - info: Website regeneration complete! Total build time: 0.137s
2021-12-31T09:17:47.947Z - info: [5:17:47 pm] Reload for file change: C:\repos\nus-cs3281\cs3281-website\schedule\index-cs3282.mbd
2021-12-31T09:17:47.947Z - info: Synchronizing opened pages list before reload
2021-12-31T09:17:47.947Z - info: Current opened pages, from most-to-least recent:
2021-12-31T09:17:47.947Z - info: 1. schedule/index-cs3282
2021-12-31T09:17:48.962Z - info: Rebuilding 1 pages
2021-12-31T09:17:49.271Z - info: Site data built
2021-12-31T09:17:49.273Z - info: Pages rebuilt
2021-12-31T09:17:49.273Z - info: Website regeneration complete! Total build time: 0.313s
2021-12-31T09:18:42.122Z - info: [5:18:42 pm] Reload for file change: C:\repos\nus-cs3281\cs3281-website\schedule\index-cs3282.mbd
2021-12-31T09:18:42.122Z - info: Synchronizing opened pages list before reload
2021-12-31T09:18:42.122Z - info: Current opened pages, from most-to-least recent:
2021-12-31T09:18:42.122Z - info: 1. schedule/index-cs3282
2021-12-31T09:18:43.135Z - info: Rebuilding 1 pages
2021-12-31T09:18:43.360Z - info: Site data built
2021-12-31T09:18:43.360Z - info: Pages rebuilt
2021-12-31T09:18:43.360Z - info: Website regeneration complete! Total build time: 0.227s
2021-12-31T09:19:42.433Z - info: [5:19:42 pm] Reload for file change: C:\repos\nus-cs3281\cs3281-website\schedule\index-cs3282.mbd
2021-12-31T09:19:42.434Z - info: Synchronizing opened pages list before reload
2021-12-31T09:19:42.434Z - info: Current opened pages, from most-to-least recent:
2021-12-31T09:19:42.434Z - info: 1. schedule/index-cs3282
2021-12-31T09:19:43.436Z - info: Rebuilding 1 pages
2021-12-31T09:19:43.675Z - info: Site data built
2021-12-31T09:19:43.676Z - info: Pages rebuilt
2021-12-31T09:19:43.676Z - info: Website regeneration complete! Total build time: 0.242s
2021-12-31T09:20:43.994Z - info: [5:20:43 pm] Reload for file change: C:\repos\nus-cs3281\cs3281-website\schedule\index-cs3282.mbd
2021-12-31T09:20:43.994Z - info: Synchronizing opened pages list before reload
2021-12-31T09:20:43.994Z - info: Current opened pages, from most-to-least recent:
2021-12-31T09:20:43.994Z - info: 1. schedule/index-cs3282
2021-12-31T09:20:45.002Z - info: Rebuilding 1 pages
2021-12-31T09:20:45.211Z - info: Site data built
2021-12-31T09:20:45.211Z - info: Pages rebuilt
2021-12-31T09:20:45.211Z - info: Website regeneration complete! Total build time: 0.211s
2021-12-31T09:21:33.820Z - info: [5:21:33 pm] Reload for file change: C:\repos\nus-cs3281\cs3281-website\schedule\index-cs3282.mbd
2021-12-31T09:21:33.820Z - info: Synchronizing opened pages list before reload
2021-12-31T09:21:33.820Z - info: Current opened pages, from most-to-least recent:
2021-12-31T09:21:33.820Z - info: 1. schedule/index-cs3282
2021-12-31T09:21:34.823Z - info: Rebuilding 1 pages
2021-12-31T09:21:34.987Z - info: Site data built
2021-12-31T09:21:34.987Z - info: Pages rebuilt
2021-12-31T09:21:34.987Z - info: Website regeneration complete! Total build time: 0.165s
2021-12-31T09:22:11.056Z - info: [5:22:11 pm] Reload for file change: C:\repos\nus-cs3281\cs3281-website\schedule\index-cs3282.mbd
2021-12-31T09:22:11.056Z - info: Synchronizing opened pages list before reload
2021-12-31T09:22:11.056Z - info: Current opened pages, from most-to-least recent:
2021-12-31T09:22:11.056Z - info: 1. schedule/index-cs3282
2021-12-31T09:22:12.070Z - info: Rebuilding 1 pages
2021-12-31T09:22:12.259Z - info: Site data built
2021-12-31T09:22:12.259Z - info: Pages rebuilt
2021-12-31T09:22:12.259Z - info: Website regeneration complete! Total build time: 0.191s
2021-12-31T13:53:43.323Z - info: Website generation (lazy) started at 9:53:43 pm
2021-12-31T13:53:44.388Z - info: Building assets...
2021-12-31T13:53:45.114Z - info: Assets built
2021-12-31T13:53:45.115Z - info: Generating landing page...
2021-12-31T13:53:45.413Z - info: Landing page built, other pages will be built as you navigate to them!
2021-12-31T13:53:46.152Z - info: Site data built
2021-12-31T13:53:46.152Z - info: Website generation (lazy) complete! Total build time: 3.03s
2021-12-31T13:53:48.071Z - info: Serving "C:\repos\nus-cs3281\cs3281-website\_site" at http://127.0.0.1:56590
2021-12-31T13:53:48.072Z - info: Press CTRL+C to stop ...
2021-12-31T13:54:10.097Z - info: Building C:\repos\nus-cs3281\cs3281-website\schedule\index-cs3282 as some of its dependencies were changed since the last visit
2021-12-31T13:54:10.524Z - info: Site data built
2021-12-31T13:54:10.524Z - info: Lazy website regeneration complete! Total build time: 0.428s
2021-12-31T14:15:15.988Z - info: Building C:\repos\nus-cs3281\cs3281-website\admin\cs3281 as some of its dependencies were changed since the last visit
2021-12-31T14:15:16.152Z - info: Site data built
2021-12-31T14:15:16.152Z - info: Lazy website regeneration complete! Total build time: 0.165s
2021-12-31T14:15:21.489Z - info: Building C:\repos\nus-cs3281\cs3281-website\schedule\index-cs3281 as some of its dependencies were changed since the last visit
2021-12-31T14:15:21.649Z - info: Site data built
2021-12-31T14:15:21.650Z - info: Lazy website regeneration complete! Total build time: 0.161s
2021-12-31T14:16:08.659Z - info: [10:16:08 pm] Reload for file change: C:\repos\nus-cs3281\cs3281-website\schedule\index-cs3282.mbd
2021-12-31T14:16:08.660Z - info: Synchronizing opened pages list before reload
2021-12-31T14:16:08.660Z - info: Current opened pages, from most-to-least recent:
2021-12-31T14:16:08.660Z - info: 1. schedule/index-cs3281
2021-12-31T14:16:09.675Z - info: No pages needed to be rebuilt
2021-12-31T14:19:07.952Z - info: [10:19:07 pm] Reload for file change: C:\repos\nus-cs3281\cs3281-website\_markbind\layouts\body.md
2021-12-31T14:19:07.953Z - info: Synchronizing opened pages list before reload
2021-12-31T14:19:07.953Z - info: Current opened pages, from most-to-least recent:
2021-12-31T14:19:07.953Z - info: 1. schedule/index-cs3281
2021-12-31T14:19:09.051Z - info: Rebuilding 1 pages
2021-12-31T14:19:09.173Z - info: Site data built
2021-12-31T14:19:09.174Z - info: Pages rebuilt
2021-12-31T14:19:09.174Z - info: Website regeneration complete! Total build time: 0.123s
2021-12-31T14:19:21.542Z - info: [10:19:21 pm] Reload for file change: C:\repos\nus-cs3281\cs3281-website\_markbind\layouts\body.md
2021-12-31T14:19:21.543Z - info: Synchronizing opened pages list before reload
2021-12-31T14:19:21.543Z - info: Current opened pages, from most-to-least recent:
2021-12-31T14:19:21.543Z - info: 1. schedule/index-cs3281
2021-12-31T14:19:22.574Z - info: Rebuilding 1 pages
2021-12-31T14:19:22.714Z - info: Site data built
2021-12-31T14:19:22.715Z - info: Pages rebuilt
2021-12-31T14:19:22.715Z - info: Website regeneration complete! Total build time: 0.141s
2021-12-31T14:47:31.585Z - info: Website generation started at 10:47:31 pm
2021-12-31T14:47:32.583Z - info: Building assets...
2021-12-31T14:47:33.304Z - info: Assets built
2021-12-31T14:47:33.305Z - info: Generating pages...
2021-12-31T14:47:34.150Z - info: Pages built
2021-12-31T14:47:34.915Z - info: Site data built
2021-12-31T14:47:34.915Z - info: Website generation complete! Total build time: 3.593s
2021-12-31T14:47:34.915Z - info: Build success!
2021-12-31T14:47:46.380Z - info: Deployed at https://nus-cs3281.github.io/website!
2021-12-31T14:50:30.888Z - info: Website generation (lazy) started at 10:50:30 pm
2021-12-31T14:50:31.629Z - info: Building assets...
2021-12-31T14:50:32.305Z - info: Assets built
2021-12-31T14:50:32.306Z - info: Generating landing page...
2021-12-31T14:50:32.538Z - info: Landing page built, other pages will be built as you navigate to them!
2021-12-31T14:50:33.036Z - info: Site data built
2021-12-31T14:50:33.036Z - info: Website generation (lazy) complete! Total build time: 2.34s
2021-12-31T14:50:33.723Z - info: Serving "C:\repos\nus-cs3281\cs3281-website\_site" at http://127.0.0.1:8080
2021-12-31T14:50:33.723Z - info: Press CTRL+C to stop ...
2021-12-31T14:51:03.948Z - info: Website generation started at 10:51:03 pm
2021-12-31T14:51:04.612Z - info: Building assets...
2021-12-31T14:51:05.320Z - info: Assets built
2021-12-31T14:51:05.320Z - info: Generating pages...
2021-12-31T14:51:05.990Z - info: Pages built
2021-12-31T14:51:06.473Z - info: Site data built
2021-12-31T14:51:06.473Z - info: Website generation complete! Total build time: 2.695s
2021-12-31T14:51:06.473Z - info: Build success!
2021-12-31T14:51:09.704Z - info: Deployed at https://nus-cs3281.github.io/website!
