2021-01-03T16:03:15.799Z - info: [12:03:15 AM] Reload for file change: C:\repos\nus-cs3281\cs3281-website\admin\mentors.mbd
2021-01-03T16:03:16.819Z - info: Rebuilding 1 pages
2021-01-03T16:03:16.926Z - info: Site data built
2021-01-03T16:03:16.927Z - info: Pages rebuilt
2021-01-03T16:03:16.927Z - info: Website regeneration complete! Total build time: 0.11s
2021-01-03T16:04:31.943Z - info: [12:04:31 AM] Reload for file change: C:\repos\nus-cs3281\cs3281-website\admin\mentors.mbd
2021-01-03T16:04:32.945Z - info: Rebuilding 1 pages
2021-01-03T16:04:33.037Z - info: Site data built
2021-01-03T16:04:33.037Z - info: Pages rebuilt
2021-01-03T16:04:33.038Z - info: Website regeneration complete! Total build time: 0.094s
2021-01-03T16:05:18.137Z - info: [12:05:18 AM] Reload for file change: C:\repos\nus-cs3281\cs3281-website\admin\mentors.mbd
2021-01-03T16:05:19.141Z - info: Rebuilding 1 pages
2021-01-03T16:05:19.229Z - info: Site data built
2021-01-03T16:05:19.229Z - info: Pages rebuilt
2021-01-03T16:05:19.229Z - info: Website regeneration complete! Total build time: 0.089s
2021-01-03T16:07:47.332Z - info: [12:07:47 AM] Reload for file change: C:\repos\nus-cs3281\cs3281-website\admin\mentors.mbd
2021-01-03T16:07:48.332Z - info: Rebuilding 1 pages
2021-01-03T16:07:48.402Z - info: Site data built
2021-01-03T16:07:48.402Z - info: Pages rebuilt
2021-01-03T16:07:48.402Z - info: Website regeneration complete! Total build time: 0.07s
2021-01-03T16:08:23.517Z - info: [12:08:23 AM] Reload for file change: C:\repos\nus-cs3281\cs3281-website\admin\mentors.mbd
2021-01-03T16:08:24.521Z - info: Rebuilding 1 pages
2021-01-03T16:08:24.606Z - info: Site data built
2021-01-03T16:08:24.606Z - info: Pages rebuilt
2021-01-03T16:08:24.607Z - info: Website regeneration complete! Total build time: 0.086s
2021-01-03T16:43:24.535Z - info: [12:43:24 AM] Reload for file change: C:\repos\nus-cs3281\cs3281-website\admin\mentors.mbd
2021-01-03T16:43:25.556Z - info: Rebuilding 1 pages
2021-01-03T16:43:25.692Z - info: Site data built
2021-01-03T16:43:25.692Z - info: Pages rebuilt
2021-01-03T16:43:25.692Z - info: Website regeneration complete! Total build time: 0.144s
2021-01-03T16:45:03.283Z - info: [12:45:03 AM] Reload for file change: C:\repos\nus-cs3281\cs3281-website\admin\mentors.mbd
2021-01-03T16:45:04.284Z - info: Rebuilding 1 pages
2021-01-03T16:45:04.377Z - info: Site data built
2021-01-03T16:45:04.378Z - info: Pages rebuilt
2021-01-03T16:45:04.378Z - info: Website regeneration complete! Total build time: 0.095s
2021-01-03T16:46:42.252Z - info: [12:46:42 AM] Reload for file change: C:\repos\nus-cs3281\cs3281-website\admin\mentors.mbd
2021-01-03T16:46:43.256Z - info: Rebuilding 1 pages
2021-01-03T16:46:43.356Z - info: Site data built
2021-01-03T16:46:43.356Z - info: Pages rebuilt
2021-01-03T16:46:43.357Z - info: Website regeneration complete! Total build time: 0.103s
2021-01-03T16:47:23.501Z - info: [12:47:23 AM] Reload for file change: C:\repos\nus-cs3281\cs3281-website\admin\mentors.mbd
2021-01-03T16:47:24.506Z - info: Rebuilding 1 pages
2021-01-03T16:47:24.564Z - info: Site data built
2021-01-03T16:47:24.565Z - info: Pages rebuilt
2021-01-03T16:47:24.565Z - info: Website regeneration complete! Total build time: 0.062s
2021-01-03T16:48:14.885Z - info: [12:48:14 AM] Reload for file change: C:\repos\nus-cs3281\cs3281-website\admin\mentors.mbd
2021-01-03T16:48:15.888Z - info: Rebuilding 1 pages
2021-01-03T16:48:15.954Z - info: Site data built
2021-01-03T16:48:15.954Z - info: Pages rebuilt
2021-01-03T16:48:15.954Z - info: Website regeneration complete! Total build time: 0.068s
2021-01-03T16:48:55.940Z - info: [12:48:55 AM] Reload for file change: C:\repos\nus-cs3281\cs3281-website\admin\mentors.mbd
2021-01-03T16:48:56.943Z - info: Rebuilding 1 pages
2021-01-03T16:48:57.023Z - info: Site data built
2021-01-03T16:48:57.023Z - info: Pages rebuilt
2021-01-03T16:48:57.023Z - info: Website regeneration complete! Total build time: 0.081s
2021-01-03T16:50:15.811Z - info: Website generation started at 12:50:15 AM
2021-01-03T16:50:17.187Z - info: Building assets...
