2020-01-23T03:40:19.669Z - info: Website generation started at 11:40:19 AM
2020-01-23T03:40:20.115Z - info: Building assets...
2020-01-23T03:40:20.557Z - info: Assets built
2020-01-23T03:40:20.557Z - info: Generating pages...
2020-01-23T03:40:21.452Z - info: Pages built
2020-01-23T03:40:21.759Z - info: Website generation complete! Total build time: 2.181s
2020-01-23T03:40:22.170Z - info: Serving "C:\repos\nus-cs3281\cs3281-website\_site" at http://127.0.0.1:8080
2020-01-23T03:40:22.170Z - info: Press CTRL+C to stop ...
2020-01-23T03:40:22.273Z - info: Site data built
2020-01-23T03:40:39.877Z - info: [11:40:39 AM] Reload for file change: C:\repos\nus-cs3281\cs3281-website\index.mbd
2020-01-23T03:40:40.880Z - info: Rebuilding affected source files
2020-01-23T03:40:40.881Z - info: Rebuilding 1 pages
2020-01-23T03:40:41.455Z - info: Pages rebuilt
2020-01-23T03:40:41.463Z - info: Site data built
2020-01-23T04:33:06.135Z - info: [12:33:06 PM] Reload for file change: C:\repos\nus-cs3281\cs3281-website\schedule\index.mbd
2020-01-23T04:33:07.136Z - info: Rebuilding affected source files
2020-01-23T04:33:07.137Z - info: Rebuilding 2 pages
2020-01-23T04:33:07.792Z - info: Pages rebuilt
2020-01-23T04:33:07.801Z - info: Site data built
2020-01-23T04:37:59.250Z - info: [12:37:59 PM] Reload for file change: C:\repos\nus-cs3281\cs3281-website\schedule\index.mbd
2020-01-23T04:38:00.252Z - info: Rebuilding affected source files
2020-01-23T04:38:00.252Z - info: Rebuilding 2 pages
2020-01-23T04:38:00.837Z - info: Pages rebuilt
2020-01-23T04:38:00.844Z - info: Site data built
2020-01-23T04:38:14.512Z - info: [12:38:14 PM] Reload for file change: C:\repos\nus-cs3281\cs3281-website\schedule\index.mbd
2020-01-23T04:38:15.519Z - info: Rebuilding affected source files
2020-01-23T04:38:15.520Z - info: Rebuilding 2 pages
2020-01-23T04:38:15.958Z - info: Pages rebuilt
2020-01-23T04:38:15.965Z - info: Site data built
2020-01-23T04:38:52.018Z - info: [12:38:52 PM] Reload for file change: C:\repos\nus-cs3281\cs3281-website\schedule\index.mbd
2020-01-23T04:38:53.019Z - info: Rebuilding affected source files
2020-01-23T04:38:53.020Z - info: Rebuilding 2 pages
2020-01-23T04:38:53.609Z - info: Pages rebuilt
2020-01-23T04:38:53.618Z - info: Site data built
2020-01-23T04:39:11.738Z - info: [12:39:11 PM] Reload for file change: C:\repos\nus-cs3281\cs3281-website\schedule\index.mbd
2020-01-23T04:39:12.738Z - info: Rebuilding affected source files
2020-01-23T04:39:12.739Z - info: Rebuilding 2 pages
2020-01-23T04:39:13.366Z - info: Pages rebuilt
2020-01-23T04:39:13.375Z - info: Site data built
2020-01-23T04:40:51.385Z - info: [12:40:51 PM] Reload for file change: C:\repos\nus-cs3281\cs3281-website\schedule\index.mbd
2020-01-23T04:40:52.387Z - info: Rebuilding affected source files
2020-01-23T04:40:52.388Z - info: Rebuilding 2 pages
2020-01-23T04:40:52.950Z - info: Pages rebuilt
2020-01-23T04:40:52.958Z - info: Site data built
2020-01-23T04:41:36.791Z - info: [12:41:36 PM] Reload for file change: C:\repos\nus-cs3281\cs3281-website\schedule\index.mbd
2020-01-23T04:41:37.794Z - info: Rebuilding affected source files
2020-01-23T04:41:37.795Z - info: Rebuilding 2 pages
2020-01-23T04:41:38.405Z - info: Pages rebuilt
2020-01-23T04:41:38.413Z - info: Site data built
2020-01-23T04:42:11.417Z - info: [12:42:11 PM] Reload for file change: C:\repos\nus-cs3281\cs3281-website\schedule\index.mbd
2020-01-23T04:42:12.420Z - info: Rebuilding affected source files
2020-01-23T04:42:12.420Z - info: Rebuilding 2 pages
2020-01-23T04:42:13.024Z - info: Pages rebuilt
2020-01-23T04:42:13.032Z - info: Site data built
2020-01-23T04:47:21.792Z - info: Website generation started at 12:47:21 PM
2020-01-23T04:47:22.155Z - info: Building assets...
2020-01-23T04:47:22.624Z - info: Assets built
2020-01-23T04:47:22.625Z - info: Generating pages...
2020-01-23T04:47:23.559Z - info: Pages built
2020-01-23T04:47:23.824Z - info: Website generation complete! Total build time: 2.084s
2020-01-23T04:47:23.824Z - info: Build success!
2020-01-23T04:47:23.831Z - info: Site data built
2020-01-23T04:47:35.497Z - info: Deployed!
