2023-11-24T16:02:18.512Z - info: [12:02:18 am] Reload for file change: C:\repos\nus-cs3281\cs3281-website\admin\callForApplications.md
2023-11-24T16:02:18.522Z - info: Synchronizing opened pages list before reload
2023-11-24T16:02:18.522Z - info: Current opened pages, from most-to-least recent:
2023-11-24T16:02:18.523Z - info: 1. index
2023-11-24T16:02:18.532Z - info: [12:02:18 am] Reload for file change: C:\repos\nus-cs3281\cs3281-website\_markbind\variables.md
2023-11-24T16:02:18.532Z - info: Synchronizing opened pages list before reload
2023-11-24T16:02:18.532Z - info: Current opened pages, from most-to-least recent:
2023-11-24T16:02:18.532Z - info: 1. index
2023-11-24T16:02:19.540Z - warn: Rebuilding all pages as variables file was changed, or the --force-reload flag was set
2023-11-24T16:02:19.540Z - info: Rebuilding 1 pages
2023-11-24T16:02:19.620Z - info: Site data built
2023-11-24T16:02:19.620Z - info: Pages rebuilt
2023-11-24T16:02:19.620Z - info: Website regeneration complete! Total build time: 0.088s
2023-11-24T16:02:36.021Z - info: [12:02:36 am] Reload for file change: C:\repos\nus-cs3281\cs3281-website\_markbind\variables.md
2023-11-24T16:02:36.021Z - info: Synchronizing opened pages list before reload
2023-11-24T16:02:36.021Z - info: Current opened pages, from most-to-least recent:
2023-11-24T16:02:36.021Z - info: 1. index
2023-11-24T16:02:37.048Z - warn: Rebuilding all pages as variables file was changed, or the --force-reload flag was set
2023-11-24T16:02:37.048Z - info: Rebuilding 1 pages
2023-11-24T16:02:37.106Z - info: Site data built
2023-11-24T16:02:37.106Z - info: Pages rebuilt
2023-11-24T16:02:37.106Z - info: Website regeneration complete! Total build time: 0.07s
2023-11-24T16:05:04.591Z - info: [12:05:04 am] Reload for file change: C:\repos\nus-cs3281\cs3281-website\admin\callForApplications.md
2023-11-24T16:05:04.591Z - info: Synchronizing opened pages list before reload
2023-11-24T16:05:04.591Z - info: Current opened pages, from most-to-least recent:
2023-11-24T16:05:04.591Z - info: 1. index
2023-11-24T16:05:05.607Z - info: Rebuilding 1 pages
2023-11-24T16:05:05.677Z - info: Site data built
2023-11-24T16:05:05.677Z - info: Pages rebuilt
2023-11-24T16:05:05.677Z - info: Website regeneration complete! Total build time: 0.07s
2023-11-24T16:05:24.128Z - info: [12:05:24 am] Reload for file change: C:\repos\nus-cs3281\cs3281-website\admin\callForApplications.md
2023-11-24T16:05:24.128Z - info: Synchronizing opened pages list before reload
2023-11-24T16:05:24.128Z - info: Current opened pages, from most-to-least recent:
2023-11-24T16:05:24.128Z - info: 1. index
2023-11-24T16:05:25.140Z - info: Rebuilding 1 pages
2023-11-24T16:05:25.239Z - info: Site data built
2023-11-24T16:05:25.240Z - info: Pages rebuilt
2023-11-24T16:05:25.240Z - info: Website regeneration complete! Total build time: 0.101s
2023-11-24T16:06:38.021Z - info: [12:06:38 am] Reload for file change: C:\repos\nus-cs3281\cs3281-website\admin\callForApplications.md
2023-11-24T16:06:38.022Z - info: Synchronizing opened pages list before reload
2023-11-24T16:06:38.022Z - info: Current opened pages, from most-to-least recent:
2023-11-24T16:06:38.022Z - info: 1. index
2023-11-24T16:06:39.032Z - info: Rebuilding 1 pages
2023-11-24T16:06:39.104Z - info: Site data built
2023-11-24T16:06:39.104Z - info: Pages rebuilt
2023-11-24T16:06:39.104Z - info: Website regeneration complete! Total build time: 0.074s
2023-11-24T16:07:07.745Z - info: [12:07:07 am] Reload for file change: C:\repos\nus-cs3281\cs3281-website\admin\callForApplications.md
2023-11-24T16:07:07.745Z - info: Synchronizing opened pages list before reload
2023-11-24T16:07:07.745Z - info: Current opened pages, from most-to-least recent:
2023-11-24T16:07:07.746Z - info: 1. index
2023-11-24T16:07:08.754Z - info: Rebuilding 1 pages
2023-11-24T16:07:08.838Z - info: Site data built
2023-11-24T16:07:08.838Z - info: Pages rebuilt
2023-11-24T16:07:08.838Z - info: Website regeneration complete! Total build time: 0.085s
2023-11-24T16:08:28.500Z - info: [12:08:28 am] Reload for file change: C:\repos\nus-cs3281\cs3281-website\_markbind\layouts\header.md
2023-11-24T16:08:28.501Z - info: Synchronizing opened pages list before reload
2023-11-24T16:08:28.502Z - info: Current opened pages, from most-to-least recent:
2023-11-24T16:08:28.502Z - info: 1. index
2023-11-24T16:08:28.539Z - info: [12:08:28 am] Reload for file change: C:\repos\nus-cs3281\cs3281-website\admin\cs3282.md
2023-11-24T16:08:28.539Z - info: Synchronizing opened pages list before reload
2023-11-24T16:08:28.539Z - info: Current opened pages, from most-to-least recent:
2023-11-24T16:08:28.539Z - info: 1. index
2023-11-24T16:08:28.578Z - info: [12:08:28 am] Reload for file change: C:\repos\nus-cs3281\cs3281-website\admin\cs3281.md
2023-11-24T16:08:28.578Z - info: Synchronizing opened pages list before reload
2023-11-24T16:08:28.579Z - info: Current opened pages, from most-to-least recent:
2023-11-24T16:08:28.579Z - info: 1. index
2023-11-24T16:08:28.609Z - info: [12:08:28 am] Reload for file change: C:\repos\nus-cs3281\cs3281-website\_markbind\layouts\body.md
2023-11-24T16:08:28.609Z - info: Synchronizing opened pages list before reload
2023-11-24T16:08:28.609Z - info: Current opened pages, from most-to-least recent:
2023-11-24T16:08:28.610Z - info: 1. index
2023-11-24T16:08:29.538Z - info: Rebuilding 1 pages
2023-11-24T16:08:29.696Z - info: Site data built
2023-11-24T16:08:29.696Z - info: Pages rebuilt
2023-11-24T16:08:29.696Z - info: Website regeneration complete! Total build time: 0.159s
2023-11-24T16:08:33.459Z - info: Building C:\repos\nus-cs3281\cs3281-website\admin\cs3281 as some of its dependencies were changed since the last visit
2023-11-24T16:08:33.666Z - info: Site data built
2023-11-24T16:08:33.666Z - info: Lazy website regeneration complete! Total build time: 0.207s
2023-11-24T16:09:17.824Z - info: [12:09:17 am] Reload for file change: C:\repos\nus-cs3281\cs3281-website\admin\cs3281.md
2023-11-24T16:09:17.824Z - info: Synchronizing opened pages list before reload
2023-11-24T16:09:17.824Z - info: Current opened pages, from most-to-least recent:
2023-11-24T16:09:17.824Z - info: 1. admin/cs3281
2023-11-24T16:09:18.831Z - info: Rebuilding 1 pages
2023-11-24T16:09:19.007Z - info: Site data built
2023-11-24T16:09:19.008Z - info: Pages rebuilt
2023-11-24T16:09:19.008Z - info: Website regeneration complete! Total build time: 0.178s
2023-11-24T16:09:42.958Z - info: [12:09:42 am] Reload for file change: C:\repos\nus-cs3281\cs3281-website\admin\cs3281.md
2023-11-24T16:09:42.958Z - info: Synchronizing opened pages list before reload
2023-11-24T16:09:42.958Z - info: Current opened pages, from most-to-least recent:
2023-11-24T16:09:42.958Z - info: 1. admin/cs3281
2023-11-24T16:09:43.966Z - info: Rebuilding 1 pages
2023-11-24T16:09:44.065Z - info: Site data built
2023-11-24T16:09:44.065Z - info: Pages rebuilt
2023-11-24T16:09:44.065Z - info: Website regeneration complete! Total build time: 0.1s
2023-11-24T16:21:35.371Z - info: [12:21:35 am] Reload for file change: C:\repos\nus-cs3281\cs3281-website\admin\cs3281.md
2023-11-24T16:21:35.371Z - info: Synchronizing opened pages list before reload
2023-11-24T16:21:35.371Z - info: Current opened pages, from most-to-least recent:
2023-11-24T16:21:35.371Z - info: 1. admin/cs3281
2023-11-24T16:21:36.379Z - info: Rebuilding 1 pages
2023-11-24T16:21:36.475Z - info: Site data built
2023-11-24T16:21:36.475Z - info: Pages rebuilt
2023-11-24T16:21:36.475Z - info: Website regeneration complete! Total build time: 0.098s
2023-11-24T16:22:45.556Z - info: [12:22:45 am] Reload for file change: C:\repos\nus-cs3281\cs3281-website\admin\cs3281.md
2023-11-24T16:22:45.556Z - info: Synchronizing opened pages list before reload
2023-11-24T16:22:45.556Z - info: Current opened pages, from most-to-least recent:
2023-11-24T16:22:45.556Z - info: 1. admin/cs3281
2023-11-24T16:22:46.571Z - info: Rebuilding 1 pages
2023-11-24T16:22:46.679Z - info: Site data built
2023-11-24T16:22:46.679Z - info: Pages rebuilt
2023-11-24T16:22:46.679Z - info: Website regeneration complete! Total build time: 0.108s
2023-11-24T16:23:59.988Z - info: Building C:\repos\nus-cs3281\cs3281-website\schedule\index-cs3281 as some of its dependencies were changed since the last visit
2023-11-24T16:24:00.144Z - info: Site data built
2023-11-24T16:24:00.145Z - info: Lazy website regeneration complete! Total build time: 0.157s
2023-11-24T16:26:31.245Z - info: [12:26:31 am] Reload for file change: C:\repos\nus-cs3281\cs3281-website\schedule\index-cs3281.md
2023-11-24T16:26:31.246Z - info: Synchronizing opened pages list before reload
2023-11-24T16:26:31.246Z - info: Current opened pages, from most-to-least recent:
2023-11-24T16:26:31.246Z - info: 1. schedule/index-cs3281
2023-11-24T16:26:31.258Z - info: [12:26:31 am] Reload for file change: C:\repos\nus-cs3281\cs3281-website\README.md
2023-11-24T16:26:31.258Z - info: Synchronizing opened pages list before reload
2023-11-24T16:26:31.258Z - info: Current opened pages, from most-to-least recent:
2023-11-24T16:26:31.258Z - info: 1. schedule/index-cs3281
2023-11-24T16:26:31.272Z - info: [12:26:31 am] Reload for file change: C:\repos\nus-cs3281\cs3281-website\admin\cs3282.md
2023-11-24T16:26:31.272Z - info: Synchronizing opened pages list before reload
2023-11-24T16:26:31.272Z - info: Current opened pages, from most-to-least recent:
2023-11-24T16:26:31.272Z - info: 1. schedule/index-cs3281
2023-11-24T16:26:31.287Z - info: [12:26:31 am] Reload for file change: C:\repos\nus-cs3281\cs3281-website\schedule\index-cs3282.md
2023-11-24T16:26:31.287Z - info: Synchronizing opened pages list before reload
2023-11-24T16:26:31.287Z - info: Current opened pages, from most-to-least recent:
2023-11-24T16:26:31.287Z - info: 1. schedule/index-cs3281
2023-11-24T16:26:31.300Z - info: [12:26:31 am] Reload for file change: C:\repos\nus-cs3281\cs3281-website\deploy.sh
2023-11-24T16:26:31.300Z - info: Synchronizing opened pages list before reload
2023-11-24T16:26:31.300Z - info: Current opened pages, from most-to-least recent:
2023-11-24T16:26:31.301Z - info: 1. schedule/index-cs3281
2023-11-24T16:26:31.313Z - info: [12:26:31 am] Reload for file change: C:\repos\nus-cs3281\cs3281-website\_markbind\layouts\cs3281-layout.md
2023-11-24T16:26:31.313Z - info: Synchronizing opened pages list before reload
2023-11-24T16:26:31.313Z - info: Current opened pages, from most-to-least recent:
2023-11-24T16:26:31.313Z - info: 1. schedule/index-cs3281
2023-11-24T16:26:31.856Z - info: [12:26:31 am] Reload for file change: C:\repos\nus-cs3281\cs3281-website\_markbind\layouts\body.md
2023-11-24T16:26:31.857Z - info: Synchronizing opened pages list before reload
2023-11-24T16:26:31.857Z - info: Current opened pages, from most-to-least recent:
2023-11-24T16:26:31.857Z - info: 1. schedule/index-cs3281
2023-11-24T16:26:31.878Z - info: [12:26:31 am] Reload for file change: C:\repos\nus-cs3281\cs3281-website\_markbind\layouts\css.md
2023-11-24T16:26:31.878Z - info: Synchronizing opened pages list before reload
2023-11-24T16:26:31.878Z - info: Current opened pages, from most-to-least recent:
2023-11-24T16:26:31.878Z - info: 1. schedule/index-cs3281
2023-11-24T16:26:31.887Z - info: [12:26:31 am] Reload for file change: C:\repos\nus-cs3281\cs3281-website\_markbind\layouts\default.md
2023-11-24T16:26:31.887Z - info: Synchronizing opened pages list before reload
2023-11-24T16:26:31.887Z - info: Current opened pages, from most-to-least recent:
2023-11-24T16:26:31.887Z - info: 1. schedule/index-cs3281
2023-11-24T16:26:31.900Z - info: [12:26:31 am] Reload for file change: C:\repos\nus-cs3281\cs3281-website\_markbind\variables.md
2023-11-24T16:26:31.900Z - info: Synchronizing opened pages list before reload
2023-11-24T16:26:31.900Z - info: Current opened pages, from most-to-least recent:
2023-11-24T16:26:31.900Z - info: 1. schedule/index-cs3281
2023-11-24T16:26:31.913Z - info: [12:26:31 am] Reload for file change: C:\repos\nus-cs3281\cs3281-website\_markbind\layouts\cs3282-layout.md
2023-11-24T16:26:31.913Z - info: Synchronizing opened pages list before reload
2023-11-24T16:26:31.913Z - info: Current opened pages, from most-to-least recent:
2023-11-24T16:26:31.913Z - info: 1. schedule/index-cs3281
2023-11-24T16:26:32.297Z - warn: Rebuilding all pages as variables file was changed, or the --force-reload flag was set
2023-11-24T16:26:32.297Z - info: Rebuilding 1 pages
2023-11-24T16:26:32.378Z - info: Assets built
2023-11-24T16:26:32.410Z - info: Site data built
2023-11-24T16:26:32.410Z - info: Pages rebuilt
2023-11-24T16:26:32.410Z - info: Website regeneration complete! Total build time: 0.133s
2023-11-24T16:27:32.868Z - info: [12:27:32 am] Reload for file change: C:\repos\nus-cs3281\cs3281-website\schedule\index-cs3281.md
2023-11-24T16:27:32.868Z - info: Synchronizing opened pages list before reload
2023-11-24T16:27:32.869Z - info: Current opened pages, from most-to-least recent:
2023-11-24T16:27:32.869Z - info: 1. schedule/index-cs3281
2023-11-24T16:27:33.884Z - info: Rebuilding 1 pages
2023-11-24T16:27:33.998Z - info: Site data built
2023-11-24T16:27:33.999Z - info: Pages rebuilt
2023-11-24T16:27:33.999Z - info: Website regeneration complete! Total build time: 0.117s
2023-11-24T16:28:46.764Z - info: [12:28:46 am] Reload for file change: C:\repos\nus-cs3281\cs3281-website\schedule\index-cs3281.md
2023-11-24T16:28:46.764Z - info: Synchronizing opened pages list before reload
2023-11-24T16:28:46.764Z - info: Current opened pages, from most-to-least recent:
2023-11-24T16:28:46.764Z - info: 1. schedule/index-cs3281
2023-11-24T16:28:47.780Z - info: Rebuilding 1 pages
2023-11-24T16:28:47.884Z - info: Site data built
2023-11-24T16:28:47.885Z - info: Pages rebuilt
2023-11-24T16:28:47.885Z - info: Website regeneration complete! Total build time: 0.108s
2023-11-24T16:29:20.587Z - info: Building C:\repos\nus-cs3281\cs3281-website\admin\mentors as some of its dependencies were changed since the last visit
2023-11-24T16:29:20.671Z - info: Site data built
2023-11-24T16:29:20.672Z - info: Lazy website regeneration complete! Total build time: 0.084s
2023-11-24T16:29:44.408Z - info: Building C:\repos\nus-cs3281\cs3281-website\admin\cs3282 as some of its dependencies were changed since the last visit
2023-11-24T16:29:44.501Z - info: Site data built
2023-11-24T16:29:44.501Z - info: Lazy website regeneration complete! Total build time: 0.093s
2023-11-24T16:30:58.536Z - info: Building C:\repos\nus-cs3281\cs3281-website\schedule\index-cs3282 as some of its dependencies were changed since the last visit
2023-11-24T16:30:58.810Z - info: Site data built
2023-11-24T16:30:58.810Z - info: Lazy website regeneration complete! Total build time: 0.274s
2023-11-24T16:32:11.385Z - info: Building C:\repos\nus-cs3281\cs3281-website\index as some of its dependencies were changed since the last visit
2023-11-24T16:32:11.527Z - info: Site data built
2023-11-24T16:32:11.528Z - info: Lazy website regeneration complete! Total build time: 0.143s
2023-11-24T16:32:49.829Z - info: Website generation started at 12:32:49 am
2023-11-24T16:32:51.644Z - info: Building assets...
2023-11-24T16:32:52.791Z - info: Assets built
2023-11-24T16:32:52.793Z - info: Generating pages...
2023-11-24T16:32:54.124Z - info: Pages built
2023-11-24T16:32:55.021Z - info: Site data built
2023-11-24T16:32:55.021Z - info: Website generation complete! Total build time: 5.45s
2023-11-24T16:32:55.022Z - info: Build success!
2023-11-24T16:32:58.595Z - info: Website generation started at 12:32:58 am
2023-11-24T16:32:59.604Z - info: Building assets...
2023-11-24T16:33:00.563Z - info: Assets built
2023-11-24T16:33:00.563Z - info: Generating pages...
2023-11-24T16:33:01.447Z - info: Pages built
2023-11-24T16:33:02.029Z - info: Site data built
2023-11-24T16:33:02.029Z - info: Website generation complete! Total build time: 3.662s
2023-11-24T16:33:02.029Z - info: Build success!
2023-11-24T16:33:16.773Z - info: The website has been deployed at: https://nus-cs3281.github.io/website
