2020-03-19T03:44:36.308Z - info: Website generation started at 11:44:36 AM
2020-03-19T03:44:36.831Z - info: Building assets...
2020-03-19T03:44:37.276Z - info: Assets built
2020-03-19T03:44:37.276Z - info: Generating pages...
2020-03-19T03:44:38.260Z - info: Pages built
2020-03-19T03:44:38.544Z - info: Website generation complete! Total build time: 2.291s
2020-03-19T03:44:38.886Z - info: Serving "C:\repos\nus-cs3281\cs3281-website\_site" at http://127.0.0.1:8080
2020-03-19T03:44:38.886Z - info: Press CTRL+C to stop ...
2020-03-19T03:44:38.985Z - info: Site data built
2020-03-19T03:46:55.435Z - info: [11:46:55 AM] Reload for file change: C:\repos\nus-cs3281\cs3281-website\schedule\index.mbd
2020-03-19T03:46:56.439Z - info: Rebuilding affected source files
2020-03-19T03:46:56.444Z - info: Rebuilding 2 pages
2020-03-19T03:46:57.098Z - info: Pages rebuilt
2020-03-19T03:46:57.098Z - info: Website regeneration complete! Total build time: 0.659s
2020-03-19T03:46:57.108Z - info: Site data built
2020-03-19T03:47:10.608Z - info: [11:47:10 AM] Reload for file change: C:\repos\nus-cs3281\cs3281-website\schedule\index.mbd
2020-03-19T03:47:11.609Z - info: Rebuilding affected source files
2020-03-19T03:47:11.610Z - info: Rebuilding 2 pages
2020-03-19T03:47:12.108Z - info: Pages rebuilt
2020-03-19T03:47:12.108Z - info: Website regeneration complete! Total build time: 0.499s
2020-03-19T03:47:12.118Z - info: Site data built
2020-03-19T03:47:49.150Z - info: [11:47:49 AM] Reload for file change: C:\repos\nus-cs3281\cs3281-website\schedule\index.mbd
2020-03-19T03:47:50.150Z - info: Rebuilding affected source files
2020-03-19T03:47:50.152Z - info: Rebuilding 2 pages
2020-03-19T03:47:50.785Z - info: Pages rebuilt
2020-03-19T03:47:50.785Z - info: Website regeneration complete! Total build time: 0.635s
2020-03-19T03:47:50.792Z - info: Site data built
2020-03-19T03:51:09.303Z - info: [11:51:09 AM] Reload for file change: C:\repos\nus-cs3281\cs3281-website\schedule\index.mbd
2020-03-19T03:51:10.306Z - info: Rebuilding affected source files
2020-03-19T03:51:10.307Z - info: Rebuilding 2 pages
2020-03-19T03:51:10.935Z - info: Pages rebuilt
2020-03-19T03:51:10.935Z - info: Website regeneration complete! Total build time: 0.629s
2020-03-19T03:51:10.942Z - info: Site data built
2020-03-19T03:51:23.321Z - info: [11:51:23 AM] Reload for file change: C:\repos\nus-cs3281\cs3281-website\schedule\index.mbd
2020-03-19T03:51:24.323Z - info: Rebuilding affected source files
2020-03-19T03:51:24.325Z - info: Rebuilding 2 pages
2020-03-19T03:51:24.953Z - info: Pages rebuilt
2020-03-19T03:51:24.953Z - info: Website regeneration complete! Total build time: 0.63s
2020-03-19T03:51:24.962Z - info: Site data built
2020-03-19T03:51:40.035Z - info: [11:51:40 AM] Reload for file change: C:\repos\nus-cs3281\cs3281-website\schedule\index.mbd
2020-03-19T03:51:41.037Z - info: Rebuilding affected source files
2020-03-19T03:51:41.041Z - info: Rebuilding 2 pages
2020-03-19T03:51:41.670Z - info: Pages rebuilt
2020-03-19T03:51:41.670Z - info: Website regeneration complete! Total build time: 0.633s
2020-03-19T03:51:41.680Z - info: Site data built
2020-03-19T03:51:50.517Z - info: [11:51:50 AM] Reload for file change: C:\repos\nus-cs3281\cs3281-website\schedule\index.mbd
2020-03-19T03:51:51.517Z - info: Rebuilding affected source files
2020-03-19T03:51:51.520Z - info: Rebuilding 2 pages
2020-03-19T03:51:52.025Z - info: Pages rebuilt
2020-03-19T03:51:52.025Z - info: Website regeneration complete! Total build time: 0.508s
2020-03-19T03:51:52.038Z - info: Site data built
2020-03-19T03:52:30.210Z - info: [11:52:30 AM] Reload for file change: C:\repos\nus-cs3281\cs3281-website\schedule\index.mbd
2020-03-19T03:52:31.212Z - info: Rebuilding affected source files
2020-03-19T03:52:31.213Z - info: Rebuilding 2 pages
2020-03-19T03:52:31.841Z - info: Pages rebuilt
2020-03-19T03:52:31.841Z - info: Website regeneration complete! Total build time: 0.629s
2020-03-19T03:52:31.853Z - info: Site data built
2020-03-19T05:02:17.266Z - info: Deployed!
