2021-01-02T16:00:05.289Z - info: [12:00:05 AM] Reload for file change: C:\repos\nus-cs3281\cs3281-website\admin\cs3282.mbd
2021-01-02T16:00:06.330Z - info: Rebuilding 1 pages
2021-01-02T16:00:06.423Z - info: Site data built
2021-01-02T16:00:06.423Z - info: Pages rebuilt
2021-01-02T16:00:06.424Z - info: Website regeneration complete! Total build time: 0.096s
2021-01-02T16:00:21.943Z - info: [12:00:21 AM] Reload for file change: C:\repos\nus-cs3281\cs3281-website\admin\cs3282.mbd
2021-01-02T16:00:22.947Z - info: Rebuilding 1 pages
2021-01-02T16:00:23.089Z - info: Site data built
2021-01-02T16:00:23.089Z - info: Pages rebuilt
2021-01-02T16:00:23.089Z - info: Website regeneration complete! Total build time: 0.144s
2021-01-02T16:00:41.578Z - info: [12:00:41 AM] Reload for file change: C:\repos\nus-cs3281\cs3281-website\admin\cs3282.mbd
2021-01-02T16:00:42.587Z - info: Rebuilding 1 pages
2021-01-02T16:00:42.681Z - info: Site data built
2021-01-02T16:00:42.682Z - info: Pages rebuilt
2021-01-02T16:00:42.682Z - info: Website regeneration complete! Total build time: 0.097s
2021-01-02T16:01:52.463Z - info: [12:01:52 AM] Reload for file change: C:\repos\nus-cs3281\cs3281-website\admin\cs3282.mbd
2021-01-02T16:01:53.479Z - info: Rebuilding 1 pages
2021-01-02T16:01:53.559Z - info: Site data built
2021-01-02T16:01:53.559Z - info: Pages rebuilt
2021-01-02T16:01:53.559Z - info: Website regeneration complete! Total build time: 0.08s
2021-01-02T16:02:40.355Z - info: [12:02:40 AM] Reload for file change: C:\repos\nus-cs3281\cs3281-website\admin\cs3282.mbd
2021-01-02T16:02:41.379Z - info: Rebuilding 1 pages
2021-01-02T16:02:41.477Z - info: Site data built
2021-01-02T16:02:41.478Z - info: Pages rebuilt
2021-01-02T16:02:41.478Z - info: Website regeneration complete! Total build time: 0.1s
2021-01-02T16:02:56.435Z - info: [12:02:56 AM] Reload for file change: C:\repos\nus-cs3281\cs3281-website\admin\cs3282.mbd
2021-01-02T16:02:57.437Z - info: Rebuilding 1 pages
2021-01-02T16:02:57.521Z - info: Site data built
2021-01-02T16:02:57.522Z - info: Pages rebuilt
2021-01-02T16:02:57.522Z - info: Website regeneration complete! Total build time: 0.087s
2021-01-02T16:04:10.001Z - info: [12:04:10 AM] Reload for file change: C:\repos\nus-cs3281\cs3281-website\admin\cs3282.mbd
2021-01-02T16:04:11.005Z - info: Rebuilding 1 pages
2021-01-02T16:04:11.080Z - info: Site data built
2021-01-02T16:04:11.080Z - info: Pages rebuilt
2021-01-02T16:04:11.080Z - info: Website regeneration complete! Total build time: 0.076s
2021-01-02T16:04:23.090Z - info: Building C:\repos\nus-cs3281\cs3281-website\schedule\index as some of its dependencies were changed since the last visit
2021-01-02T16:04:23.563Z - info: Site data built
2021-01-02T16:04:23.563Z - info: Lazy website regeneration complete! Total build time: 0.473s
2021-01-02T16:05:22.837Z - info: [12:05:22 AM] Reload for file add: C:\repos\nus-cs3281\cs3281-website\schedule\index-cs3281.mbd
2021-01-02T16:05:23.927Z - info: Page added or removed, updating list of site's pages...
2021-01-02T16:05:26.011Z - info: Building C:\repos\nus-cs3281\cs3281-website\schedule\index as some of its dependencies were changed since the last visit
2021-01-02T16:05:26.804Z - info: Site data built
2021-01-02T16:05:26.804Z - info: Lazy website regeneration complete! Total build time: 0.793s
2021-01-02T16:06:21.153Z - info: [12:06:21 AM] Reload for file change: C:\repos\nus-cs3281\cs3281-website\schedule\index-cs3281.mbd
2021-01-02T16:06:22.163Z - info: Assets built
2021-01-02T16:08:26.667Z - info: [12:08:26 AM] Reload for file change: C:\repos\nus-cs3281\cs3281-website\_markbind\headers\topnav.md
2021-01-02T16:08:27.672Z - info: Rebuilding 1 pages
2021-01-02T16:08:28.448Z - info: Site data built
2021-01-02T16:08:28.449Z - info: Pages rebuilt
2021-01-02T16:08:28.449Z - info: Website regeneration complete! Total build time: 0.78s
2021-01-02T16:08:51.442Z - info: [12:08:51 AM] Reload for file change: C:\repos\nus-cs3281\cs3281-website\_markbind\headers\topnav.md
2021-01-02T16:08:52.444Z - info: Rebuilding 1 pages
2021-01-02T16:08:52.892Z - info: Site data built
2021-01-02T16:08:52.892Z - info: Pages rebuilt
2021-01-02T16:08:52.892Z - info: Website regeneration complete! Total build time: 0.448s
2021-01-02T16:08:57.219Z - info: Building C:\repos\nus-cs3281\cs3281-website\admin\cs3281 as some of its dependencies were changed since the last visit
2021-01-02T16:08:57.381Z - info: Site data built
2021-01-02T16:08:57.381Z - info: Lazy website regeneration complete! Total build time: 0.163s
2021-01-02T16:09:01.027Z - info: Building C:\repos\nus-cs3281\cs3281-website\schedule\index-cs3281 as some of its dependencies were changed since the last visit
2021-01-02T16:09:01.438Z - info: Site data built
2021-01-02T16:09:01.438Z - info: Lazy website regeneration complete! Total build time: 0.411s
2021-01-02T16:09:27.562Z - info: [12:09:27 AM] Reload for file change: C:\repos\nus-cs3281\cs3281-website\schedule\index-cs3281.mbd
2021-01-02T16:09:28.574Z - info: Rebuilding 1 pages
2021-01-02T16:09:29.317Z - info: Site data built
2021-01-02T16:09:29.317Z - info: Pages rebuilt
2021-01-02T16:09:29.318Z - info: Website regeneration complete! Total build time: 0.747s
2021-01-02T16:10:10.363Z - info: [12:10:10 AM] Reload for file change: C:\repos\nus-cs3281\cs3281-website\schedule\index-cs3281.mbd
2021-01-02T16:10:11.365Z - info: Rebuilding 1 pages
2021-01-02T16:10:11.878Z - info: Site data built
2021-01-02T16:10:11.879Z - info: Pages rebuilt
2021-01-02T16:10:11.879Z - info: Website regeneration complete! Total build time: 0.515s
2021-01-02T16:10:46.245Z - info: [12:10:46 AM] Reload for file change: C:\repos\nus-cs3281\cs3281-website\schedule\index-cs3281.mbd
2021-01-02T16:10:47.252Z - info: Rebuilding 1 pages
2021-01-02T16:10:47.935Z - info: Site data built
2021-01-02T16:10:47.935Z - info: Pages rebuilt
2021-01-02T16:10:47.936Z - info: Website regeneration complete! Total build time: 0.685s
2021-01-02T16:11:40.532Z - info: [12:11:40 AM] Reload for file change: C:\repos\nus-cs3281\cs3281-website\schedule\index-cs3281.mbd
2021-01-02T16:11:41.534Z - info: Rebuilding 1 pages
2021-01-02T16:11:42.041Z - info: Site data built
2021-01-02T16:11:42.041Z - info: Pages rebuilt
2021-01-02T16:11:42.042Z - info: Website regeneration complete! Total build time: 0.509s
2021-01-02T16:20:48.180Z - info: [12:20:48 AM] Reload for file change: C:\repos\nus-cs3281\cs3281-website\schedule\index-cs3281.mbd
2021-01-02T16:20:49.197Z - info: Rebuilding 1 pages
2021-01-02T16:20:49.533Z - info: Site data built
2021-01-02T16:20:49.533Z - info: Pages rebuilt
2021-01-02T16:20:49.533Z - info: Website regeneration complete! Total build time: 0.345s
2021-01-02T16:29:38.274Z - info: [12:29:38 AM] Reload for file change: C:\repos\nus-cs3281\cs3281-website\schedule\index-cs3281.mbd
2021-01-02T16:29:39.290Z - info: Rebuilding 1 pages
2021-01-02T16:29:39.581Z - info: Site data built
2021-01-02T16:29:39.582Z - info: Pages rebuilt
2021-01-02T16:29:39.582Z - info: Website regeneration complete! Total build time: 0.298s
2021-01-02T16:31:23.496Z - info: [12:31:23 AM] Reload for file change: C:\repos\nus-cs3281\cs3281-website\schedule\index-cs3281.mbd
2021-01-02T16:31:24.501Z - info: Rebuilding 1 pages
2021-01-02T16:31:24.697Z - info: Site data built
2021-01-02T16:31:24.698Z - info: Pages rebuilt
2021-01-02T16:31:24.698Z - info: Website regeneration complete! Total build time: 0.2s
2021-01-02T16:31:37.457Z - info: [12:31:37 AM] Reload for file change: C:\repos\nus-cs3281\cs3281-website\schedule\index-cs3281.mbd
2021-01-02T16:31:38.473Z - info: Rebuilding 1 pages
2021-01-02T16:31:38.654Z - info: Site data built
2021-01-02T16:31:38.654Z - info: Pages rebuilt
2021-01-02T16:31:38.654Z - info: Website regeneration complete! Total build time: 0.191s
2021-01-02T16:34:13.605Z - info: [12:34:13 AM] Reload for file change: C:\repos\nus-cs3281\cs3281-website\schedule\index-cs3281.mbd
2021-01-02T16:34:14.608Z - info: Rebuilding 1 pages
2021-01-02T16:34:14.761Z - info: Site data built
2021-01-02T16:34:14.761Z - info: Pages rebuilt
2021-01-02T16:34:14.761Z - info: Website regeneration complete! Total build time: 0.154s
2021-01-02T16:35:02.644Z - info: [12:35:02 AM] Reload for file change: C:\repos\nus-cs3281\cs3281-website\schedule\index-cs3281.mbd
2021-01-02T16:35:03.654Z - info: Rebuilding 1 pages
2021-01-02T16:35:03.825Z - info: Site data built
2021-01-02T16:35:03.826Z - info: Pages rebuilt
2021-01-02T16:35:03.826Z - info: Website regeneration complete! Total build time: 0.173s
2021-01-02T16:35:18.406Z - info: [12:35:18 AM] Reload for file change: C:\repos\nus-cs3281\cs3281-website\schedule\index-cs3281.mbd
2021-01-02T16:35:19.409Z - info: Rebuilding 1 pages
2021-01-02T16:35:19.545Z - info: Site data built
2021-01-02T16:35:19.545Z - info: Pages rebuilt
2021-01-02T16:35:19.545Z - info: Website regeneration complete! Total build time: 0.136s
2021-01-02T16:36:04.939Z - info: [12:36:04 AM] Reload for file change: C:\repos\nus-cs3281\cs3281-website\schedule\index-cs3281.mbd
2021-01-02T16:36:05.951Z - info: Rebuilding 1 pages
2021-01-02T16:36:06.125Z - info: Site data built
2021-01-02T16:36:06.125Z - info: Pages rebuilt
2021-01-02T16:36:06.125Z - info: Website regeneration complete! Total build time: 0.177s
2021-01-02T16:36:40.946Z - info: [12:36:40 AM] Reload for file change: C:\repos\nus-cs3281\cs3281-website\schedule\index-cs3281.mbd
2021-01-02T16:36:41.963Z - info: Rebuilding 1 pages
2021-01-02T16:36:42.218Z - info: Site data built
2021-01-02T16:36:42.218Z - info: Pages rebuilt
2021-01-02T16:36:42.218Z - info: Website regeneration complete! Total build time: 0.257s
2021-01-02T16:37:46.332Z - info: [12:37:46 AM] Reload for file change: C:\repos\nus-cs3281\cs3281-website\schedule\index-cs3281.mbd
2021-01-02T16:37:47.335Z - info: Rebuilding 1 pages
2021-01-02T16:37:47.468Z - info: Site data built
2021-01-02T16:37:47.468Z - info: Pages rebuilt
2021-01-02T16:37:47.468Z - info: Website regeneration complete! Total build time: 0.134s
2021-01-02T16:39:04.723Z - info: [12:39:04 AM] Reload for file add: C:\repos\nus-cs3281\cs3281-website\schedule\index-cs3282.mbd
2021-01-02T16:39:04.839Z - info: [12:39:04 AM] Reload for file deletion: C:\repos\nus-cs3281\cs3281-website\schedule\index.mbd
2021-01-02T16:39:05.772Z - info: Page added or removed, updating list of site's pages...
2021-01-02T16:39:06.812Z - debug: Assets removed
2021-01-02T16:39:07.826Z - info: Building C:\repos\nus-cs3281\cs3281-website\schedule\index-cs3281 as some of its dependencies were changed since the last visit
2021-01-02T16:39:07.969Z - info: Site data built
2021-01-02T16:39:07.969Z - info: Lazy website regeneration complete! Total build time: 0.144s
2021-01-02T16:39:21.510Z - info: [12:39:21 AM] Reload for file change: C:\repos\nus-cs3281\cs3281-website\index.md
2021-01-02T16:39:22.519Z - info: Assets built
2021-01-02T16:39:25.569Z - info: Building C:\repos\nus-cs3281\cs3281-website\index as some of its dependencies were changed since the last visit
2021-01-02T16:39:25.756Z - info: Site data built
2021-01-02T16:39:25.756Z - info: Lazy website regeneration complete! Total build time: 0.189s
2021-01-02T16:41:20.562Z - info: [12:41:20 AM] Reload for file change: C:\repos\nus-cs3281\cs3281-website\schedule\index-cs3282.mbd
2021-01-02T16:41:21.573Z - info: Assets built
2021-01-02T16:42:05.461Z - info: [12:42:05 AM] Reload for file change: C:\repos\nus-cs3281\cs3281-website\schedule\index-cs3282.mbd
2021-01-02T16:42:06.464Z - info: Assets built
2021-01-02T16:42:59.237Z - info: [12:42:59 AM] Reload for file change: C:\repos\nus-cs3281\cs3281-website\_markbind\headers\topnav.md
2021-01-02T16:43:00.240Z - info: Rebuilding 1 pages
2021-01-02T16:43:00.423Z - info: Site data built
2021-01-02T16:43:00.424Z - info: Pages rebuilt
2021-01-02T16:43:00.424Z - info: Website regeneration complete! Total build time: 0.186s
2021-01-02T16:43:04.612Z - info: Building C:\repos\nus-cs3281\cs3281-website\schedule\index-cs3282 as some of its dependencies were changed since the last visit
2021-01-02T16:43:04.665Z - error:  Error: No such file: C:\repos\nus-cs3281\cs3281-website\schedule\index.mbd
Missing reference in C:\repos\nus-cs3281\cs3281-website\schedule\index-cs3282.mbd
    at NodePreprocessor._getFileExistsNode (C:\Users\damithch\AppData\Roaming\npm\node_modules\markbind-cli\node_modules\@markbind\core\src\html\NodePreprocessor.js:73:21)
    at NodePreprocessor._preProcessInclude (C:\Users\damithch\AppData\Roaming\npm\node_modules\markbind-cli\node_modules\@markbind\core\src\html\NodePreprocessor.js:234:33)
    at NodePreprocessor.preProcessNode (C:\Users\damithch\AppData\Roaming\npm\node_modules\markbind-cli\node_modules\@markbind\core\src\html\NodePreprocessor.js:350:19)
    at C:\Users\damithch\AppData\Roaming\npm\node_modules\markbind-cli\node_modules\@markbind\core\src\html\NodePreprocessor.js:136:53
    at Array.map (<anonymous>)
    at NodePreprocessor._preProcessPanel (C:\Users\damithch\AppData\Roaming\npm\node_modules\markbind-cli\node_modules\@markbind\core\src\html\NodePreprocessor.js:136:39)
    at NodePreprocessor.preProcessNode (C:\Users\damithch\AppData\Roaming\npm\node_modules\markbind-cli\node_modules\@markbind\core\src\html\NodePreprocessor.js:345:19)
    at C:\Users\damithch\AppData\Roaming\npm\node_modules\markbind-cli\node_modules\@markbind\core\src\html\NodePreprocessor.js:357:59
    at Array.map (<anonymous>)
    at NodePreprocessor.preProcessNode (C:\Users\damithch\AppData\Roaming\npm\node_modules\markbind-cli\node_modules\@markbind\core\src\html\NodePreprocessor.js:357:45)
    at C:\Users\damithch\AppData\Roaming\npm\node_modules\markbind-cli\node_modules\@markbind\core\src\html\NodePreprocessor.js:377:30
    at Array.map (<anonymous>)
    at DomHandler._callback (C:\Users\damithch\AppData\Roaming\npm\node_modules\markbind-cli\node_modules\@markbind\core\src\html\NodePreprocessor.js:374:27)
    at DomHandler._handleCallback.DomHandler.onerror (C:\Users\damithch\AppData\Roaming\npm\node_modules\markbind-cli\node_modules\domhandler\index.js:52:8)
    at DomHandler.onend (C:\Users\damithch\AppData\Roaming\npm\node_modules\markbind-cli\node_modules\domhandler\index.js:46:7)
    at Parser.onend (C:\Users\damithch\AppData\Roaming\npm\node_modules\markbind-cli\node_modules\htmlparser2\lib\Parser.js:340:36)
2021-01-02T16:43:04.995Z - info: Site data built
2021-01-02T16:43:04.996Z - info: Lazy website regeneration complete! Total build time: 0.384s
2021-01-02T16:43:14.449Z - info: [12:43:14 AM] Reload for file change: C:\repos\nus-cs3281\cs3281-website\_markbind\headers\topnav.md
2021-01-02T16:43:15.453Z - info: Rebuilding 1 pages
2021-01-02T16:43:15.512Z - error:  Error: No such file: C:\repos\nus-cs3281\cs3281-website\schedule\index.mbd
Missing reference in C:\repos\nus-cs3281\cs3281-website\schedule\index-cs3282.mbd
    at NodePreprocessor._getFileExistsNode (C:\Users\damithch\AppData\Roaming\npm\node_modules\markbind-cli\node_modules\@markbind\core\src\html\NodePreprocessor.js:73:21)
    at NodePreprocessor._preProcessInclude (C:\Users\damithch\AppData\Roaming\npm\node_modules\markbind-cli\node_modules\@markbind\core\src\html\NodePreprocessor.js:234:33)
    at NodePreprocessor.preProcessNode (C:\Users\damithch\AppData\Roaming\npm\node_modules\markbind-cli\node_modules\@markbind\core\src\html\NodePreprocessor.js:350:19)
    at C:\Users\damithch\AppData\Roaming\npm\node_modules\markbind-cli\node_modules\@markbind\core\src\html\NodePreprocessor.js:136:53
    at Array.map (<anonymous>)
    at NodePreprocessor._preProcessPanel (C:\Users\damithch\AppData\Roaming\npm\node_modules\markbind-cli\node_modules\@markbind\core\src\html\NodePreprocessor.js:136:39)
    at NodePreprocessor.preProcessNode (C:\Users\damithch\AppData\Roaming\npm\node_modules\markbind-cli\node_modules\@markbind\core\src\html\NodePreprocessor.js:345:19)
    at C:\Users\damithch\AppData\Roaming\npm\node_modules\markbind-cli\node_modules\@markbind\core\src\html\NodePreprocessor.js:357:59
    at Array.map (<anonymous>)
    at NodePreprocessor.preProcessNode (C:\Users\damithch\AppData\Roaming\npm\node_modules\markbind-cli\node_modules\@markbind\core\src\html\NodePreprocessor.js:357:45)
    at C:\Users\damithch\AppData\Roaming\npm\node_modules\markbind-cli\node_modules\@markbind\core\src\html\NodePreprocessor.js:377:30
    at Array.map (<anonymous>)
    at DomHandler._callback (C:\Users\damithch\AppData\Roaming\npm\node_modules\markbind-cli\node_modules\@markbind\core\src\html\NodePreprocessor.js:374:27)
    at DomHandler._handleCallback.DomHandler.onerror (C:\Users\damithch\AppData\Roaming\npm\node_modules\markbind-cli\node_modules\domhandler\index.js:52:8)
    at DomHandler.onend (C:\Users\damithch\AppData\Roaming\npm\node_modules\markbind-cli\node_modules\domhandler\index.js:46:7)
    at Parser.onend (C:\Users\damithch\AppData\Roaming\npm\node_modules\markbind-cli\node_modules\htmlparser2\lib\Parser.js:340:36)
2021-01-02T16:43:15.815Z - info: Site data built
2021-01-02T16:43:15.816Z - info: Pages rebuilt
2021-01-02T16:43:15.817Z - info: Website regeneration complete! Total build time: 0.366s
2021-01-02T16:43:20.029Z - info: Building C:\repos\nus-cs3281\cs3281-website\admin\cs3282 as some of its dependencies were changed since the last visit
2021-01-02T16:43:20.169Z - info: Site data built
2021-01-02T16:43:20.169Z - info: Lazy website regeneration complete! Total build time: 0.141s
2021-01-02T16:43:42.487Z - info: [12:43:42 AM] Reload for file change: C:\repos\nus-cs3281\cs3281-website\schedule\index-cs3282.mbd
2021-01-02T16:43:43.488Z - info: Rebuilding 1 pages
2021-01-02T16:43:43.529Z - error:  Error: No such file: C:\repos\nus-cs3281\cs3281-website\schedule\index.mbd
Missing reference in C:\repos\nus-cs3281\cs3281-website\schedule\index-cs3282.mbd
    at NodePreprocessor._getFileExistsNode (C:\Users\damithch\AppData\Roaming\npm\node_modules\markbind-cli\node_modules\@markbind\core\src\html\NodePreprocessor.js:73:21)
    at NodePreprocessor._preProcessInclude (C:\Users\damithch\AppData\Roaming\npm\node_modules\markbind-cli\node_modules\@markbind\core\src\html\NodePreprocessor.js:234:33)
    at NodePreprocessor.preProcessNode (C:\Users\damithch\AppData\Roaming\npm\node_modules\markbind-cli\node_modules\@markbind\core\src\html\NodePreprocessor.js:350:19)
    at C:\Users\damithch\AppData\Roaming\npm\node_modules\markbind-cli\node_modules\@markbind\core\src\html\NodePreprocessor.js:136:53
    at Array.map (<anonymous>)
    at NodePreprocessor._preProcessPanel (C:\Users\damithch\AppData\Roaming\npm\node_modules\markbind-cli\node_modules\@markbind\core\src\html\NodePreprocessor.js:136:39)
    at NodePreprocessor.preProcessNode (C:\Users\damithch\AppData\Roaming\npm\node_modules\markbind-cli\node_modules\@markbind\core\src\html\NodePreprocessor.js:345:19)
    at C:\Users\damithch\AppData\Roaming\npm\node_modules\markbind-cli\node_modules\@markbind\core\src\html\NodePreprocessor.js:357:59
    at Array.map (<anonymous>)
    at NodePreprocessor.preProcessNode (C:\Users\damithch\AppData\Roaming\npm\node_modules\markbind-cli\node_modules\@markbind\core\src\html\NodePreprocessor.js:357:45)
    at C:\Users\damithch\AppData\Roaming\npm\node_modules\markbind-cli\node_modules\@markbind\core\src\html\NodePreprocessor.js:377:30
    at Array.map (<anonymous>)
    at DomHandler._callback (C:\Users\damithch\AppData\Roaming\npm\node_modules\markbind-cli\node_modules\@markbind\core\src\html\NodePreprocessor.js:374:27)
    at DomHandler._handleCallback.DomHandler.onerror (C:\Users\damithch\AppData\Roaming\npm\node_modules\markbind-cli\node_modules\domhandler\index.js:52:8)
    at DomHandler.onend (C:\Users\damithch\AppData\Roaming\npm\node_modules\markbind-cli\node_modules\domhandler\index.js:46:7)
    at Parser.onend (C:\Users\damithch\AppData\Roaming\npm\node_modules\markbind-cli\node_modules\htmlparser2\lib\Parser.js:340:36)
2021-01-02T16:43:43.816Z - info: Site data built
2021-01-02T16:43:43.816Z - info: Pages rebuilt
2021-01-02T16:43:43.816Z - info: Website regeneration complete! Total build time: 0.329s
2021-01-02T16:43:49.536Z - info: [12:43:49 AM] Reload for file change: C:\repos\nus-cs3281\cs3281-website\schedule\index-cs3282.mbd
2021-01-02T16:43:50.538Z - info: Rebuilding 1 pages
2021-01-02T16:43:50.564Z - error:  Error: No such file: C:\repos\nus-cs3281\cs3281-website\schedule\index.mbd
Missing reference in C:\repos\nus-cs3281\cs3281-website\schedule\index-cs3282.mbd
    at NodePreprocessor._getFileExistsNode (C:\Users\damithch\AppData\Roaming\npm\node_modules\markbind-cli\node_modules\@markbind\core\src\html\NodePreprocessor.js:73:21)
    at NodePreprocessor._preProcessInclude (C:\Users\damithch\AppData\Roaming\npm\node_modules\markbind-cli\node_modules\@markbind\core\src\html\NodePreprocessor.js:234:33)
    at NodePreprocessor.preProcessNode (C:\Users\damithch\AppData\Roaming\npm\node_modules\markbind-cli\node_modules\@markbind\core\src\html\NodePreprocessor.js:350:19)
    at C:\Users\damithch\AppData\Roaming\npm\node_modules\markbind-cli\node_modules\@markbind\core\src\html\NodePreprocessor.js:136:53
    at Array.map (<anonymous>)
    at NodePreprocessor._preProcessPanel (C:\Users\damithch\AppData\Roaming\npm\node_modules\markbind-cli\node_modules\@markbind\core\src\html\NodePreprocessor.js:136:39)
    at NodePreprocessor.preProcessNode (C:\Users\damithch\AppData\Roaming\npm\node_modules\markbind-cli\node_modules\@markbind\core\src\html\NodePreprocessor.js:345:19)
    at C:\Users\damithch\AppData\Roaming\npm\node_modules\markbind-cli\node_modules\@markbind\core\src\html\NodePreprocessor.js:357:59
    at Array.map (<anonymous>)
    at NodePreprocessor.preProcessNode (C:\Users\damithch\AppData\Roaming\npm\node_modules\markbind-cli\node_modules\@markbind\core\src\html\NodePreprocessor.js:357:45)
    at C:\Users\damithch\AppData\Roaming\npm\node_modules\markbind-cli\node_modules\@markbind\core\src\html\NodePreprocessor.js:377:30
    at Array.map (<anonymous>)
    at DomHandler._callback (C:\Users\damithch\AppData\Roaming\npm\node_modules\markbind-cli\node_modules\@markbind\core\src\html\NodePreprocessor.js:374:27)
    at DomHandler._handleCallback.DomHandler.onerror (C:\Users\damithch\AppData\Roaming\npm\node_modules\markbind-cli\node_modules\domhandler\index.js:52:8)
    at DomHandler.onend (C:\Users\damithch\AppData\Roaming\npm\node_modules\markbind-cli\node_modules\domhandler\index.js:46:7)
    at Parser.onend (C:\Users\damithch\AppData\Roaming\npm\node_modules\markbind-cli\node_modules\htmlparser2\lib\Parser.js:340:36)
2021-01-02T16:43:50.855Z - info: Site data built
2021-01-02T16:43:50.855Z - info: Pages rebuilt
2021-01-02T16:43:50.855Z - info: Website regeneration complete! Total build time: 0.318s
2021-01-02T16:44:03.370Z - info: [12:44:03 AM] Reload for file change: C:\repos\nus-cs3281\cs3281-website\schedule\index-cs3282.mbd
2021-01-02T16:44:04.375Z - info: Rebuilding 1 pages
2021-01-02T16:44:04.500Z - error:  Error: No such file: C:\repos\nus-cs3281\cs3281-website\schedule\index.mbd
Missing reference in C:\repos\nus-cs3281\cs3281-website\schedule\index-cs3282.mbd
    at NodePreprocessor._getFileExistsNode (C:\Users\damithch\AppData\Roaming\npm\node_modules\markbind-cli\node_modules\@markbind\core\src\html\NodePreprocessor.js:73:21)
    at NodePreprocessor._preProcessInclude (C:\Users\damithch\AppData\Roaming\npm\node_modules\markbind-cli\node_modules\@markbind\core\src\html\NodePreprocessor.js:234:33)
    at NodePreprocessor.preProcessNode (C:\Users\damithch\AppData\Roaming\npm\node_modules\markbind-cli\node_modules\@markbind\core\src\html\NodePreprocessor.js:350:19)
    at C:\Users\damithch\AppData\Roaming\npm\node_modules\markbind-cli\node_modules\@markbind\core\src\html\NodePreprocessor.js:136:53
    at Array.map (<anonymous>)
    at NodePreprocessor._preProcessPanel (C:\Users\damithch\AppData\Roaming\npm\node_modules\markbind-cli\node_modules\@markbind\core\src\html\NodePreprocessor.js:136:39)
    at NodePreprocessor.preProcessNode (C:\Users\damithch\AppData\Roaming\npm\node_modules\markbind-cli\node_modules\@markbind\core\src\html\NodePreprocessor.js:345:19)
    at C:\Users\damithch\AppData\Roaming\npm\node_modules\markbind-cli\node_modules\@markbind\core\src\html\NodePreprocessor.js:357:59
    at Array.map (<anonymous>)
    at NodePreprocessor.preProcessNode (C:\Users\damithch\AppData\Roaming\npm\node_modules\markbind-cli\node_modules\@markbind\core\src\html\NodePreprocessor.js:357:45)
    at C:\Users\damithch\AppData\Roaming\npm\node_modules\markbind-cli\node_modules\@markbind\core\src\html\NodePreprocessor.js:377:30
    at Array.map (<anonymous>)
    at DomHandler._callback (C:\Users\damithch\AppData\Roaming\npm\node_modules\markbind-cli\node_modules\@markbind\core\src\html\NodePreprocessor.js:374:27)
    at DomHandler._handleCallback.DomHandler.onerror (C:\Users\damithch\AppData\Roaming\npm\node_modules\markbind-cli\node_modules\domhandler\index.js:52:8)
    at DomHandler.onend (C:\Users\damithch\AppData\Roaming\npm\node_modules\markbind-cli\node_modules\domhandler\index.js:46:7)
    at Parser.onend (C:\Users\damithch\AppData\Roaming\npm\node_modules\markbind-cli\node_modules\htmlparser2\lib\Parser.js:340:36)
2021-01-02T16:44:05.013Z - info: Site data built
2021-01-02T16:44:05.014Z - info: Pages rebuilt
2021-01-02T16:44:05.014Z - info: Website regeneration complete! Total build time: 0.642s
2021-01-02T16:45:45.153Z - info: [12:45:45 AM] Reload for file change: C:\repos\nus-cs3281\cs3281-website\_markbind\headers\topnav.md
2021-01-02T16:45:46.158Z - info: Rebuilding 1 pages
2021-01-02T16:45:46.202Z - error:  Error: No such file: C:\repos\nus-cs3281\cs3281-website\schedule\index.mbd
Missing reference in C:\repos\nus-cs3281\cs3281-website\schedule\index-cs3282.mbd
    at NodePreprocessor._getFileExistsNode (C:\Users\damithch\AppData\Roaming\npm\node_modules\markbind-cli\node_modules\@markbind\core\src\html\NodePreprocessor.js:73:21)
    at NodePreprocessor._preProcessInclude (C:\Users\damithch\AppData\Roaming\npm\node_modules\markbind-cli\node_modules\@markbind\core\src\html\NodePreprocessor.js:234:33)
    at NodePreprocessor.preProcessNode (C:\Users\damithch\AppData\Roaming\npm\node_modules\markbind-cli\node_modules\@markbind\core\src\html\NodePreprocessor.js:350:19)
    at C:\Users\damithch\AppData\Roaming\npm\node_modules\markbind-cli\node_modules\@markbind\core\src\html\NodePreprocessor.js:136:53
    at Array.map (<anonymous>)
    at NodePreprocessor._preProcessPanel (C:\Users\damithch\AppData\Roaming\npm\node_modules\markbind-cli\node_modules\@markbind\core\src\html\NodePreprocessor.js:136:39)
    at NodePreprocessor.preProcessNode (C:\Users\damithch\AppData\Roaming\npm\node_modules\markbind-cli\node_modules\@markbind\core\src\html\NodePreprocessor.js:345:19)
    at C:\Users\damithch\AppData\Roaming\npm\node_modules\markbind-cli\node_modules\@markbind\core\src\html\NodePreprocessor.js:357:59
    at Array.map (<anonymous>)
    at NodePreprocessor.preProcessNode (C:\Users\damithch\AppData\Roaming\npm\node_modules\markbind-cli\node_modules\@markbind\core\src\html\NodePreprocessor.js:357:45)
    at C:\Users\damithch\AppData\Roaming\npm\node_modules\markbind-cli\node_modules\@markbind\core\src\html\NodePreprocessor.js:377:30
    at Array.map (<anonymous>)
    at DomHandler._callback (C:\Users\damithch\AppData\Roaming\npm\node_modules\markbind-cli\node_modules\@markbind\core\src\html\NodePreprocessor.js:374:27)
    at DomHandler._handleCallback.DomHandler.onerror (C:\Users\damithch\AppData\Roaming\npm\node_modules\markbind-cli\node_modules\domhandler\index.js:52:8)
    at DomHandler.onend (C:\Users\damithch\AppData\Roaming\npm\node_modules\markbind-cli\node_modules\domhandler\index.js:46:7)
    at Parser.onend (C:\Users\damithch\AppData\Roaming\npm\node_modules\markbind-cli\node_modules\htmlparser2\lib\Parser.js:340:36)
2021-01-02T16:45:46.578Z - info: Site data built
2021-01-02T16:45:46.578Z - info: Pages rebuilt
2021-01-02T16:45:46.579Z - info: Website regeneration complete! Total build time: 0.423s
2021-01-02T16:45:52.414Z - info: Building C:\repos\nus-cs3281\cs3281-website\schedule\index-cs3281 as some of its dependencies were changed since the last visit
2021-01-02T16:45:52.619Z - info: Site data built
2021-01-02T16:45:52.620Z - info: Lazy website regeneration complete! Total build time: 0.206s
2021-01-02T16:45:56.308Z - info: Building C:\repos\nus-cs3281\cs3281-website\admin\callForApplications as some of its dependencies were changed since the last visit
2021-01-02T16:45:56.527Z - info: Site data built
2021-01-02T16:45:56.527Z - info: Lazy website regeneration complete! Total build time: 0.219s
2021-01-02T16:46:07.908Z - info: Building C:\repos\nus-cs3281\cs3281-website\admin\mentors as some of its dependencies were changed since the last visit
2021-01-02T16:46:08.016Z - info: Site data built
2021-01-02T16:46:08.016Z - info: Lazy website regeneration complete! Total build time: 0.108s
2021-01-02T16:49:07.598Z - info: [12:49:07 AM] Reload for file change: C:\repos\nus-cs3281\cs3281-website\admin\mentors.mbd
2021-01-02T16:49:08.599Z - info: Rebuilding 1 pages
2021-01-02T16:49:08.676Z - info: Site data built
2021-01-02T16:49:08.676Z - info: Pages rebuilt
2021-01-02T16:49:08.676Z - info: Website regeneration complete! Total build time: 0.078s
2021-01-02T16:50:47.256Z - info: [12:50:47 AM] Reload for file change: C:\repos\nus-cs3281\cs3281-website\admin\mentors.mbd
2021-01-02T16:50:48.263Z - info: Rebuilding 1 pages
2021-01-02T16:50:48.368Z - info: Site data built
2021-01-02T16:50:48.368Z - info: Pages rebuilt
2021-01-02T16:50:48.368Z - info: Website regeneration complete! Total build time: 0.11s
2021-01-02T16:52:09.816Z - info: [12:52:09 AM] Reload for file change: C:\repos\nus-cs3281\cs3281-website\admin\mentors.mbd
2021-01-02T16:52:10.818Z - info: Rebuilding 1 pages
2021-01-02T16:52:10.878Z - info: Site data built
2021-01-02T16:52:10.878Z - info: Pages rebuilt
2021-01-02T16:52:10.878Z - info: Website regeneration complete! Total build time: 0.061s
2021-01-02T16:53:33.977Z - info: [12:53:33 AM] Reload for file change: C:\repos\nus-cs3281\cs3281-website\admin\mentors.mbd
2021-01-02T16:53:34.978Z - info: Rebuilding 1 pages
2021-01-02T16:53:35.067Z - info: Site data built
2021-01-02T16:53:35.068Z - info: Pages rebuilt
2021-01-02T16:53:35.068Z - info: Website regeneration complete! Total build time: 0.091s
2021-01-02T16:54:58.341Z - info: [12:54:58 AM] Reload for file change: C:\repos\nus-cs3281\cs3281-website\admin\mentors.mbd
2021-01-02T16:54:59.344Z - info: Rebuilding 1 pages
2021-01-02T16:54:59.424Z - info: Site data built
2021-01-02T16:54:59.424Z - info: Pages rebuilt
2021-01-02T16:54:59.424Z - info: Website regeneration complete! Total build time: 0.081s
2021-01-02T16:55:18.553Z - info: [12:55:18 AM] Reload for file change: C:\repos\nus-cs3281\cs3281-website\_markbind\headers\topnav.md
2021-01-02T16:55:19.557Z - info: Rebuilding 1 pages
2021-01-02T16:55:19.652Z - info: Site data built
2021-01-02T16:55:19.652Z - info: Pages rebuilt
2021-01-02T16:55:19.653Z - info: Website regeneration complete! Total build time: 0.098s
2021-01-02T16:55:27.103Z - info: Building C:\repos\nus-cs3281\cs3281-website\index as some of its dependencies were changed since the last visit
2021-01-02T16:55:27.307Z - info: Site data built
2021-01-02T16:55:27.307Z - info: Lazy website regeneration complete! Total build time: 0.205s
2021-01-02T16:55:47.867Z - info: [12:55:47 AM] Reload for file change: C:\repos\nus-cs3281\cs3281-website\index.md
2021-01-02T16:55:48.869Z - info: Rebuilding 1 pages
2021-01-02T16:55:49.006Z - info: Site data built
2021-01-02T16:55:49.006Z - info: Pages rebuilt
2021-01-02T16:55:49.007Z - info: Website regeneration complete! Total build time: 0.139s
2021-01-02T16:56:24.073Z - info: [12:56:24 AM] Reload for file change: C:\repos\nus-cs3281\cs3281-website\admin\callForApplications.mbd
2021-01-02T16:56:25.075Z - info: Rebuilding 1 pages
2021-01-02T16:56:25.225Z - info: Site data built
2021-01-02T16:56:25.226Z - info: Pages rebuilt
2021-01-02T16:56:25.226Z - info: Website regeneration complete! Total build time: 0.153s
2021-01-02T16:57:47.357Z - info: Website generation started at 12:57:46 AM
2021-01-02T16:57:48.898Z - info: Building assets...
2021-01-02T16:57:49.609Z - info: Assets built
2021-01-02T16:57:49.609Z - info: Generating pages...
2021-01-02T16:57:50.294Z - error:  Error: No such file: C:\repos\nus-cs3281\cs3281-website\schedule\index.mbd
Missing reference in C:\repos\nus-cs3281\cs3281-website\schedule\index-cs3282.mbd
    at NodePreprocessor._getFileExistsNode (C:\Users\damithch\AppData\Roaming\npm\node_modules\markbind-cli\node_modules\@markbind\core\src\html\NodePreprocessor.js:73:21)
    at NodePreprocessor._preProcessInclude (C:\Users\damithch\AppData\Roaming\npm\node_modules\markbind-cli\node_modules\@markbind\core\src\html\NodePreprocessor.js:234:33)
    at NodePreprocessor.preProcessNode (C:\Users\damithch\AppData\Roaming\npm\node_modules\markbind-cli\node_modules\@markbind\core\src\html\NodePreprocessor.js:350:19)
    at C:\Users\damithch\AppData\Roaming\npm\node_modules\markbind-cli\node_modules\@markbind\core\src\html\NodePreprocessor.js:136:53
    at Array.map (<anonymous>)
    at NodePreprocessor._preProcessPanel (C:\Users\damithch\AppData\Roaming\npm\node_modules\markbind-cli\node_modules\@markbind\core\src\html\NodePreprocessor.js:136:39)
    at NodePreprocessor.preProcessNode (C:\Users\damithch\AppData\Roaming\npm\node_modules\markbind-cli\node_modules\@markbind\core\src\html\NodePreprocessor.js:345:19)
    at C:\Users\damithch\AppData\Roaming\npm\node_modules\markbind-cli\node_modules\@markbind\core\src\html\NodePreprocessor.js:357:59
    at Array.map (<anonymous>)
    at NodePreprocessor.preProcessNode (C:\Users\damithch\AppData\Roaming\npm\node_modules\markbind-cli\node_modules\@markbind\core\src\html\NodePreprocessor.js:357:45)
    at C:\Users\damithch\AppData\Roaming\npm\node_modules\markbind-cli\node_modules\@markbind\core\src\html\NodePreprocessor.js:377:30
    at Array.map (<anonymous>)
    at DomHandler._callback (C:\Users\damithch\AppData\Roaming\npm\node_modules\markbind-cli\node_modules\@markbind\core\src\html\NodePreprocessor.js:374:27)
    at DomHandler._handleCallback.DomHandler.onerror (C:\Users\damithch\AppData\Roaming\npm\node_modules\markbind-cli\node_modules\domhandler\index.js:52:8)
    at DomHandler.onend (C:\Users\damithch\AppData\Roaming\npm\node_modules\markbind-cli\node_modules\domhandler\index.js:46:7)
    at Parser.onend (C:\Users\damithch\AppData\Roaming\npm\node_modules\markbind-cli\node_modules\htmlparser2\lib\Parser.js:340:36)
2021-01-02T16:57:50.888Z - info: Pages built
2021-01-02T16:57:51.438Z - info: Site data built
2021-01-02T16:57:51.438Z - info: Website generation complete! Total build time: 5.321s
2021-01-02T16:57:51.439Z - info: Build success!
2021-01-02T16:58:41.002Z - info: Website generation started at 12:58:40 AM
2021-01-02T16:58:41.800Z - info: Building assets...
2021-01-02T16:58:42.471Z - info: Assets built
2021-01-02T16:58:42.472Z - info: Generating pages...
2021-01-02T16:58:43.446Z - info: Pages built
2021-01-02T16:58:43.958Z - info: Site data built
2021-01-02T16:58:43.958Z - info: Website generation complete! Total build time: 3.344s
2021-01-02T16:58:43.959Z - info: Build success!
2021-01-02T17:00:44.724Z - info: Website generation started at 1:00:44 AM
2021-01-02T17:00:45.522Z - info: Building assets...
2021-01-02T17:00:46.206Z - info: Assets built
2021-01-02T17:00:46.207Z - info: Generating pages...
2021-01-02T17:00:47.326Z - info: Pages built
2021-01-02T17:00:47.708Z - info: Site data built
2021-01-02T17:00:47.708Z - info: Website generation complete! Total build time: 3.321s
2021-01-02T17:00:47.708Z - info: Build success!
2021-01-02T17:00:59.458Z - info: Deployed at https://nus-cs3281.github.io/website!
2021-01-03T09:32:57.631Z - info: Website generation (lazy) started at 5:32:56 PM
2021-01-03T09:32:59.614Z - info: Building assets...
2021-01-03T09:33:01.053Z - info: Assets built
2021-01-03T09:33:01.053Z - info: Generating landing page...
2021-01-03T09:33:01.463Z - info: Landing page built, other pages will be built as you navigate to them!
2021-01-03T09:33:04.159Z - info: Site data built
2021-01-03T09:33:04.160Z - info: Website generation (lazy) complete! Total build time: 7.56s
2021-01-03T09:33:08.345Z - info: Serving "C:\repos\nus-cs3281\cs3281-website\_site" at http://127.0.0.1:8080
2021-01-03T09:33:08.345Z - info: Press CTRL+C to stop ...
2021-01-03T09:34:04.789Z - info: [5:34:04 PM] Reload for file change: C:\repos\nus-cs3281\cs3281-website\admin\cs3282.mbd
2021-01-03T09:34:04.800Z - info: [5:34:04 PM] Reload for file change: C:\repos\nus-cs3281\cs3281-website\admin\cs3281.mbd
2021-01-03T09:34:05.795Z - info: Assets built
2021-01-03T09:34:13.681Z - info: Building C:\repos\nus-cs3281\cs3281-website\admin\cs3281 as some of its dependencies were changed since the last visit
2021-01-03T09:34:13.995Z - info: Site data built
2021-01-03T09:34:13.995Z - info: Lazy website regeneration complete! Total build time: 0.315s
2021-01-03T09:35:40.071Z - info: [5:35:40 PM] Reload for file change: C:\repos\nus-cs3281\cs3281-website\admin\cs3281.mbd
2021-01-03T09:35:41.090Z - info: Rebuilding 1 pages
2021-01-03T09:35:41.297Z - info: Site data built
2021-01-03T09:35:41.300Z - info: Pages rebuilt
2021-01-03T09:35:41.300Z - info: Website regeneration complete! Total build time: 0.212s
2021-01-03T09:35:50.983Z - info: Building C:\repos\nus-cs3281\cs3281-website\admin\cs3282 as some of its dependencies were changed since the last visit
2021-01-03T09:35:51.114Z - info: Site data built
2021-01-03T09:35:51.114Z - info: Lazy website regeneration complete! Total build time: 0.132s
2021-01-03T09:36:05.099Z - info: [5:36:05 PM] Reload for file change: C:\repos\nus-cs3281\cs3281-website\admin\cs3281.mbd
2021-01-03T09:36:06.102Z - info: No pages needed to be rebuilt
2021-01-03T09:36:10.853Z - info: Building C:\repos\nus-cs3281\cs3281-website\admin\cs3281 as some of its dependencies were changed since the last visit
2021-01-03T09:36:10.993Z - info: Site data built
2021-01-03T09:36:10.993Z - info: Lazy website regeneration complete! Total build time: 0.14s
2021-01-03T09:37:42.829Z - info: [5:37:42 PM] Reload for file change: C:\repos\nus-cs3281\cs3281-website\admin\cs3281.mbd
2021-01-03T09:37:43.833Z - info: Rebuilding 1 pages
2021-01-03T09:37:43.981Z - info: Site data built
2021-01-03T09:37:43.982Z - info: Pages rebuilt
2021-01-03T09:37:43.982Z - info: Website regeneration complete! Total build time: 0.152s
2021-01-03T09:38:27.625Z - info: Website generation started at 5:38:27 PM
2021-01-03T09:38:28.448Z - info: Building assets...
