2023-04-26T14:24:24.020Z - info: Website generation (lazy) started at 10:24:23 pm
2023-04-26T14:24:25.387Z - info: Building assets...
2023-04-26T14:24:26.415Z - info: Assets built
2023-04-26T14:24:26.416Z - info: Generating landing page...
2023-04-26T14:24:26.723Z - info: Landing page built, other pages will be built as you navigate to them!
2023-04-26T14:24:27.943Z - info: Site data built
2023-04-26T14:24:27.944Z - info: Website generation (lazy) complete! Total build time: 4.201s
2023-04-26T14:24:29.042Z - info: Serving "C:\repos\nus-cs3281\cs3281-website\_site" at http://127.0.0.1:8080
2023-04-26T14:24:29.043Z - info: Press CTRL+C to stop ...
2023-04-26T14:27:41.651Z - info: [10:27:41 pm] Reload for file change: C:\repos\nus-cs3281\cs3281-website\schedule\index-cs3281.md
2023-04-26T14:27:41.652Z - info: Synchronizing opened pages list before reload
2023-04-26T14:27:41.653Z - info: Current opened pages, from most-to-least recent:
2023-04-26T14:27:41.655Z - info: 1. index
2023-04-26T14:27:42.669Z - info: Rebuilding 1 pages
2023-04-26T14:27:42.858Z - info: Site data built
2023-04-26T14:27:42.859Z - info: Pages rebuilt
2023-04-26T14:27:42.859Z - info: Website regeneration complete! Total build time: 0.191s
2023-04-26T14:30:16.557Z - info: Website generation started at 10:30:16 pm
2023-04-26T14:30:18.109Z - info: Building assets...
2023-04-26T14:30:19.306Z - info: Assets built
2023-04-26T14:30:19.307Z - info: Generating pages...
2023-04-26T14:30:21.681Z - info: Pages built
2023-04-26T14:30:22.626Z - info: Site data built
2023-04-26T14:30:22.627Z - info: Website generation complete! Total build time: 6.541s
2023-04-26T14:30:22.627Z - info: Build success!
2023-04-26T14:33:56.866Z - info: The website has been deployed at: https://nus-cs3281.github.io/website
