2023-03-11T16:05:27.109Z - info: Website generation (lazy) started at 12:05:26 am
2023-03-11T16:05:28.356Z - info: Building assets...
2023-03-11T16:05:29.336Z - info: Assets built
2023-03-11T16:05:29.337Z - info: Generating landing page...
2023-03-11T16:05:29.638Z - info: Landing page built, other pages will be built as you navigate to them!
2023-03-11T16:05:30.698Z - info: Site data built
2023-03-11T16:05:30.698Z - info: Website generation (lazy) complete! Total build time: 3.867s
2023-03-11T16:05:31.614Z - info: Serving "C:\repos\nus-cs3281\cs3281-website\_site" at http://127.0.0.1:8080
2023-03-11T16:05:31.615Z - info: Press CTRL+C to stop ...
2023-03-11T16:05:58.294Z - info: [12:05:58 am] Reload for file change: C:\repos\nus-cs3281\cs3281-website\schedule\index-cs3281.md
2023-03-11T16:05:58.295Z - info: Synchronizing opened pages list before reload
2023-03-11T16:05:58.296Z - info: Current opened pages, from most-to-least recent:
2023-03-11T16:05:58.297Z - info: 1. index
2023-03-11T16:05:59.298Z - info: Rebuilding 1 pages
2023-03-11T16:05:59.463Z - info: Site data built
2023-03-11T16:05:59.463Z - info: Pages rebuilt
2023-03-11T16:05:59.464Z - info: Website regeneration complete! Total build time: 0.166s
2023-03-11T16:07:27.945Z - info: [12:07:27 am] Reload for file change: C:\repos\nus-cs3281\cs3281-website\schedule\index-cs3282.md
2023-03-11T16:07:27.946Z - info: Synchronizing opened pages list before reload
2023-03-11T16:07:27.947Z - info: Current opened pages, from most-to-least recent:
2023-03-11T16:07:27.947Z - info: 1. index
2023-03-11T16:07:28.951Z - info: Assets built
2023-03-11T16:07:32.615Z - info: Building C:\repos\nus-cs3281\cs3281-website\schedule\index-cs3282 as some of its dependencies were changed since the last visit
2023-03-11T16:07:32.973Z - info: Site data built
2023-03-11T16:07:32.974Z - info: Lazy website regeneration complete! Total build time: 0.36s
2023-03-11T16:08:50.585Z - info: Website generation started at 12:08:50 am
2023-03-11T16:08:51.681Z - info: Building assets...
2023-03-11T16:08:52.523Z - info: Assets built
2023-03-11T16:08:52.524Z - info: Generating pages...
2023-03-11T16:08:53.410Z - info: Pages built
2023-03-11T16:08:54.275Z - info: Site data built
2023-03-11T16:08:54.275Z - info: Website generation complete! Total build time: 3.914s
2023-03-11T16:08:54.276Z - info: Build success!
2023-03-11T16:09:07.014Z - info: The website has been deployed at: https://nus-cs3281.github.io/website
2023-03-11T16:17:26.271Z - info: Website generation started at 12:17:26 am
2023-03-11T16:17:27.412Z - info: Building assets...
2023-03-11T16:17:28.240Z - info: Assets built
2023-03-11T16:17:28.241Z - info: Generating pages...
2023-03-11T16:17:29.176Z - info: Pages built
2023-03-11T16:17:30.079Z - info: Site data built
2023-03-11T16:17:30.079Z - info: Website generation complete! Total build time: 4.046s
2023-03-11T16:17:30.080Z - info: Build success!
2023-03-11T16:17:42.088Z - info: The website has been deployed at: https://nus-cs3281.github.io/website
