2020-12-20T07:55:07.234Z - info: Website generation (lazy) started at 3:55:06 PM
2020-12-20T07:55:08.593Z - info: Building assets...
2020-12-20T07:55:09.463Z - info: Assets built
2020-12-20T07:55:09.464Z - info: Generating landing page...
2020-12-20T07:55:09.783Z - info: Landing page built, other pages will be built as you navigate to them!
2020-12-20T07:55:10.244Z - info: Site data built
2020-12-20T07:55:10.245Z - info: Website generation (lazy) complete! Total build time: 3.276s
2020-12-20T07:55:11.071Z - info: Serving "C:\repos\nus-cs3281\cs3281-website\_site" at http://127.0.0.1:8080
2020-12-20T07:55:11.071Z - info: Press CTRL+C to stop ...
2020-12-20T07:55:52.076Z - info: [3:55:52 PM] Reload for file change: C:\repos\nus-cs3281\cs3281-website\admin\callForApplications.mbd
2020-12-20T07:55:53.086Z - info: Rebuilding 1 pages
2020-12-20T07:55:53.265Z - info: Site data built
2020-12-20T07:55:53.265Z - info: Pages rebuilt
2020-12-20T07:55:53.265Z - info: Website regeneration complete! Total build time: 0.18s
2020-12-20T07:58:21.938Z - info: [3:58:21 PM] Reload for file change: C:\repos\nus-cs3281\cs3281-website\admin\callForApplications.mbd
2020-12-20T07:58:22.955Z - info: Rebuilding 1 pages
2020-12-20T07:58:23.104Z - info: Site data built
2020-12-20T07:58:23.104Z - info: Pages rebuilt
2020-12-20T07:58:23.104Z - info: Website regeneration complete! Total build time: 0.152s
2020-12-20T07:59:41.274Z - info: [3:59:41 PM] Reload for file change: C:\repos\nus-cs3281\cs3281-website\admin\callForApplications.mbd
2020-12-20T07:59:42.299Z - info: Rebuilding 1 pages
2020-12-20T07:59:42.483Z - info: Site data built
2020-12-20T07:59:42.484Z - info: Pages rebuilt
2020-12-20T07:59:42.484Z - info: Website regeneration complete! Total build time: 0.186s
2020-12-20T08:00:37.053Z - info: [4:00:37 PM] Reload for file change: C:\repos\nus-cs3281\cs3281-website\admin\callForApplications.mbd
2020-12-20T08:00:38.063Z - info: Rebuilding 1 pages
2020-12-20T08:00:38.172Z - info: Site data built
2020-12-20T08:00:38.172Z - info: Pages rebuilt
2020-12-20T08:00:38.173Z - info: Website regeneration complete! Total build time: 0.11s
2020-12-20T08:00:46.649Z - info: Building C:\repos\nus-cs3281\cs3281-website\admin\cs3281 as some of its dependencies were changed since the last visit
2020-12-20T08:00:46.793Z - info: Site data built
2020-12-20T08:00:46.793Z - info: Lazy website regeneration complete! Total build time: 0.144s
