2019-02-22T04:38:46.981Z - info: Website generation started at 12:38:46 PM
2019-02-22T04:38:47.203Z - info: Building assets...
2019-02-22T04:38:47.465Z - info: Assets built
2019-02-22T04:38:47.465Z - info: Generating pages...
2019-02-22T04:38:48.102Z - info: Pages built
2019-02-22T04:38:48.404Z - info: Website generation complete! Total build time: 1.54s
2019-02-22T04:38:48.419Z - info: Generate Site durationMs=1556
2019-02-22T04:38:48.795Z - info: Serving "C:\repos\nus-cs3281\cs3281-website\_site" at http://127.0.0.1:8080
2019-02-22T04:38:48.796Z - info: Press CTRL+C to stop ...
2019-02-22T04:38:48.824Z - info: Site data built
2019-02-22T04:39:15.256Z - info: [12:39:15 PM] Reload for file change: C:\repos\nus-cs3281\cs3281-website\_markbind\variables.md
2019-02-22T04:39:16.258Z - info: Rebuilding affected source files
2019-02-22T04:39:16.306Z - warn: Rebuilding all pages as variables file was changed, or the --force-reload flag was set
2019-02-22T04:39:16.307Z - info: Rebuilding 7 pages
2019-02-22T04:39:16.836Z - info: Pages rebuilt
2019-02-22T04:39:16.845Z - info: Site data built
2019-02-22T06:17:18.510Z - info: Website generation started at 2:17:18 PM
2019-02-22T06:17:18.717Z - info: Building assets...
2019-02-22T06:17:18.968Z - info: Assets built
2019-02-22T06:17:18.969Z - info: Generating pages...
2019-02-22T06:17:19.551Z - info: Pages built
2019-02-22T06:17:19.793Z - info: Website generation complete! Total build time: 1.415s
2019-02-22T06:17:19.804Z - info: Generate Site durationMs=1427
2019-02-22T06:17:20.137Z - info: Serving "C:\repos\nus-cs3281\cs3281-website\_site" at http://127.0.0.1:8080
2019-02-22T06:17:20.137Z - info: Press CTRL+C to stop ...
2019-02-22T06:17:20.166Z - info: Site data built
2019-02-22T06:17:36.886Z - info: [2:17:36 PM] Reload for file change: C:\repos\nus-cs3281\cs3281-website\schedule\index.mbd
2019-02-22T06:17:37.889Z - info: Rebuilding affected source files
2019-02-22T06:17:37.890Z - info: Rebuilding 2 pages
2019-02-22T06:17:38.325Z - info: Pages rebuilt
2019-02-22T06:17:38.334Z - info: Site data built
2019-02-22T06:22:03.999Z - info: [2:22:03 PM] Reload for file change: C:\repos\nus-cs3281\cs3281-website\schedule\index.mbd
2019-02-22T06:22:05.000Z - info: Rebuilding affected source files
2019-02-22T06:22:05.000Z - info: Rebuilding 2 pages
2019-02-22T06:22:05.508Z - info: Pages rebuilt
2019-02-22T06:22:05.516Z - info: Site data built
2019-02-22T06:23:38.806Z - info: Website generation started at 2:23:38 PM
2019-02-22T06:23:39.010Z - info: Building assets...
2019-02-22T06:23:39.176Z - info: Assets built
2019-02-22T06:23:39.177Z - info: Generating pages...
2019-02-22T06:23:39.709Z - info: Pages built
2019-02-22T06:23:39.884Z - info: Website generation complete! Total build time: 1.195s
2019-02-22T06:23:39.885Z - info: Build success!
2019-02-22T06:23:39.885Z - info: Generate Site durationMs=1196
2019-02-22T06:23:39.894Z - info: Site data built
2019-02-22T06:55:24.223Z - info: Website generation started at 2:55:24 PM
2019-02-22T06:55:24.444Z - info: Building assets...
2019-02-22T06:55:24.667Z - info: Assets built
2019-02-22T06:55:24.668Z - info: Generating pages...
2019-02-22T06:55:25.530Z - info: Pages built
2019-02-22T06:55:25.726Z - info: Website generation complete! Total build time: 1.622s
2019-02-22T06:55:25.737Z - info: Generate Site durationMs=1633
2019-02-22T06:55:26.083Z - info: Serving "C:\repos\nus-cs3281\cs3281-website\_site" at http://127.0.0.1:8080
2019-02-22T06:55:26.083Z - info: Press CTRL+C to stop ...
2019-02-22T06:55:26.108Z - info: Site data built
2019-02-22T06:56:07.039Z - info: [2:56:07 PM] Reload for file change: C:\repos\nus-cs3281\cs3281-website\common\header.mbdf
2019-02-22T06:56:08.040Z - info: Rebuilding affected source files
2019-02-22T06:56:08.042Z - info: Rebuilding 7 pages
2019-02-22T06:56:08.649Z - info: Pages rebuilt
2019-02-22T06:56:08.663Z - info: Site data built
2019-02-22T07:35:21.316Z - info: [3:35:21 PM] Reload for file change: C:\repos\nus-cs3281\cs3281-website\common\header.mbdf
2019-02-22T07:35:22.318Z - info: Rebuilding affected source files
2019-02-22T07:35:22.322Z - info: Rebuilding 7 pages
2019-02-22T07:35:22.352Z - info: [3:35:22 PM] Reload for file change: C:\repos\nus-cs3281\cs3281-website\admin\callForApplications.mbd
2019-02-22T07:35:22.377Z - info: [3:35:22 PM] Reload for file change: C:\repos\nus-cs3281\cs3281-website\admin\cs3282.mbd
2019-02-22T07:35:22.377Z - info: [3:35:22 PM] Reload for file change: C:\repos\nus-cs3281\cs3281-website\admin\expertAreas.mbd
2019-02-22T07:35:22.377Z - info: [3:35:22 PM] Reload for file change: C:\repos\nus-cs3281\cs3281-website\admin\cs3281.mbd
2019-02-22T07:35:22.379Z - info: [3:35:22 PM] Reload for file change: C:\repos\nus-cs3281\cs3281-website\_markbind\footers\footer.mbdf
2019-02-22T07:35:22.418Z - info: [3:35:22 PM] Reload for file change: C:\repos\nus-cs3281\cs3281-website\index.mbd
2019-02-22T07:35:22.424Z - info: [3:35:22 PM] Reload for file change: C:\repos\nus-cs3281\cs3281-website\admin\mentors.mbd
2019-02-22T07:35:22.425Z - info: [3:35:22 PM] Reload for file change: C:\repos\nus-cs3281\cs3281-website\schedule\index.mbd
2019-02-22T07:35:22.545Z - info: [3:35:22 PM] Reload for file change: C:\repos\nus-cs3281\cs3281-website\_markbind\head\head.mbdf
2019-02-22T07:35:22.815Z - info: Pages rebuilt
2019-02-22T07:35:22.823Z - info: Site data built
2019-02-22T07:35:23.360Z - info: Rebuilding affected source files
2019-02-22T07:35:23.362Z - info: Rebuilding 7 pages
2019-02-22T07:35:23.858Z - info: Pages rebuilt
2019-02-22T07:35:23.865Z - info: Site data built
2019-02-22T07:38:23.763Z - info: [3:38:23 PM] Reload for file change: C:\repos\nus-cs3281\cs3281-website\common\header.mbdf
2019-02-22T07:38:23.768Z - info: [3:38:23 PM] Reload for file change: C:\repos\nus-cs3281\cs3281-website\_markbind\variables.md
2019-02-22T07:38:23.773Z - info: [3:38:23 PM] Reload for file change: C:\repos\nus-cs3281\cs3281-website\schedule\index.mbd
2019-02-22T07:38:24.764Z - info: Rebuilding affected source files
2019-02-22T07:38:24.809Z - warn: Rebuilding all pages as variables file was changed, or the --force-reload flag was set
2019-02-22T07:38:24.810Z - info: Rebuilding 7 pages
2019-02-22T07:38:25.291Z - info: Pages rebuilt
2019-02-22T07:38:25.298Z - info: Site data built
2019-02-22T07:39:48.430Z - info: [3:39:48 PM] Reload for file change: C:\repos\nus-cs3281\cs3281-website\common\header.mbdf
2019-02-22T07:39:48.436Z - info: [3:39:48 PM] Reload for file change: C:\repos\nus-cs3281\cs3281-website\_markbind\variables.md
2019-02-22T07:39:48.443Z - info: [3:39:48 PM] Reload for file change: C:\repos\nus-cs3281\cs3281-website\schedule\index.mbd
2019-02-22T07:39:49.439Z - info: Rebuilding affected source files
2019-02-22T07:39:49.494Z - warn: Rebuilding all pages as variables file was changed, or the --force-reload flag was set
2019-02-22T07:39:49.495Z - info: Rebuilding 7 pages
2019-02-22T07:39:49.960Z - info: Pages rebuilt
2019-02-22T07:39:49.967Z - info: Site data built
2019-02-22T07:40:05.222Z - info: [3:40:05 PM] Reload for file change: C:\repos\nus-cs3281\cs3281-website\schedule\index.mbd
2019-02-22T07:40:06.232Z - info: Rebuilding affected source files
2019-02-22T07:40:06.233Z - info: Rebuilding 2 pages
2019-02-22T07:40:06.610Z - info: Pages rebuilt
2019-02-22T07:40:06.618Z - info: Site data built
2019-02-22T07:40:14.900Z - info: [3:40:14 PM] Reload for file change: C:\repos\nus-cs3281\cs3281-website\schedule\index.mbd
2019-02-22T07:40:15.903Z - info: Rebuilding affected source files
2019-02-22T07:40:15.904Z - info: Rebuilding 2 pages
2019-02-22T07:40:16.286Z - info: Pages rebuilt
2019-02-22T07:40:16.293Z - info: Site data built
2019-02-22T07:41:27.473Z - info: [3:41:27 PM] Reload for file change: C:\repos\nus-cs3281\cs3281-website\schedule\index.mbd
2019-02-22T07:41:28.474Z - info: Rebuilding affected source files
2019-02-22T07:41:28.476Z - info: Rebuilding 2 pages
2019-02-22T07:41:28.856Z - info: Pages rebuilt
2019-02-22T07:41:28.863Z - info: Site data built
2019-02-22T07:41:43.790Z - info: [3:41:43 PM] Reload for file change: C:\repos\nus-cs3281\cs3281-website\schedule\index.mbd
2019-02-22T07:41:44.798Z - info: Rebuilding affected source files
2019-02-22T07:41:44.799Z - info: Rebuilding 2 pages
2019-02-22T07:41:45.182Z - info: Pages rebuilt
2019-02-22T07:41:45.190Z - info: Site data built
2019-02-22T07:42:54.173Z - info: [3:42:54 PM] Reload for file change: C:\repos\nus-cs3281\cs3281-website\schedule\index.mbd
2019-02-22T07:42:55.175Z - info: Rebuilding affected source files
2019-02-22T07:42:55.175Z - info: Rebuilding 2 pages
2019-02-22T07:42:55.552Z - info: Pages rebuilt
2019-02-22T07:42:55.558Z - info: Site data built
2019-02-22T07:44:36.448Z - info: Website generation started at 3:44:36 PM
2019-02-22T07:44:36.658Z - info: Building assets...
2019-02-22T07:44:36.910Z - info: Assets built
2019-02-22T07:44:36.910Z - info: Generating pages...
2019-02-22T07:44:37.480Z - info: Pages built
2019-02-22T07:44:37.713Z - info: Website generation complete! Total build time: 1.387s
2019-02-22T07:44:37.713Z - info: Build success!
2019-02-22T07:44:37.714Z - info: Generate Site durationMs=1388
2019-02-22T07:44:37.720Z - info: Site data built
2019-02-22T07:45:07.158Z - info: Deployed!
