2021-03-08T02:19:32.881Z - info: Website generation (lazy) started at 10:19:28 AM
2021-03-08T02:19:38.016Z - info: Building assets...
2021-03-08T02:19:41.226Z - info: Assets built
2021-03-08T02:19:41.228Z - info: Generating landing page...
2021-03-08T02:19:42.925Z - info: Landing page built, other pages will be built as you navigate to them!
2021-03-08T02:19:46.874Z - info: Site data built
2021-03-08T02:19:46.875Z - info: Website generation (lazy) complete! Total build time: 18.823s
2021-03-08T02:19:48.552Z - info: Serving "C:\repos\nus-cs3281\cs3281-website\_site" at http://127.0.0.1:8080
2021-03-08T02:19:48.552Z - info: Press CTRL+C to stop ...
2021-03-08T02:20:12.105Z - info: [10:20:12 AM] Reload for file change: C:\repos\nus-cs3281\cs3281-website\schedule\index-cs3281.mbd
2021-03-08T02:20:13.108Z - info: Rebuilding 1 pages
2021-03-08T02:20:13.452Z - info: Site data built
2021-03-08T02:20:13.453Z - info: Pages rebuilt
2021-03-08T02:20:13.453Z - info: Website regeneration complete! Total build time: 0.346s
2021-03-08T02:21:14.525Z - info: [10:21:14 AM] Reload for file change: C:\repos\nus-cs3281\cs3281-website\schedule\index-cs3281.mbd
2021-03-08T02:21:15.530Z - info: No pages needed to be rebuilt
2021-03-08T02:21:15.618Z - info: Building C:\repos\nus-cs3281\cs3281-website\admin\cs3281 as some of its dependencies were changed since the last visit
2021-03-08T02:21:15.832Z - info: Site data built
2021-03-08T02:21:15.832Z - info: Lazy website regeneration complete! Total build time: 0.215s
2021-03-08T02:22:37.482Z - info: [10:22:37 AM] Reload for file change: C:\repos\nus-cs3281\cs3281-website\schedule\index-cs3281.mbd
2021-03-08T02:22:38.485Z - info: No pages needed to be rebuilt
2021-03-08T02:22:46.244Z - info: Building C:\repos\nus-cs3281\cs3281-website\index as some of its dependencies were changed since the last visit
2021-03-08T02:22:46.440Z - info: Site data built
2021-03-08T02:22:46.440Z - info: Lazy website regeneration complete! Total build time: 0.197s
2021-03-08T02:24:04.078Z - info: Website generation started at 10:24:03 AM
2021-03-08T02:24:04.890Z - info: Building assets...
2021-03-08T02:24:05.564Z - info: Assets built
2021-03-08T02:24:05.565Z - info: Generating pages...
2021-03-08T02:24:06.723Z - info: Pages built
2021-03-08T02:24:07.176Z - info: Site data built
2021-03-08T02:24:07.176Z - info: Website generation complete! Total build time: 3.44s
2021-03-08T02:24:07.177Z - info: Build success!
2021-03-08T02:24:17.284Z - info: Deployed at https://nus-cs3281.github.io/website!
