2019-01-26T11:47:03.153Z - info: Website generation started at 7:47:03 PM
2019-01-26T11:47:03.372Z - info: Building assets...
2019-01-26T11:47:03.617Z - info: Assets built
2019-01-26T11:47:03.618Z - info: Generating pages...
2019-01-26T11:47:04.204Z - info: Pages built
2019-01-26T11:47:04.442Z - info: Website generation complete! Total build time: 1.416s
2019-01-26T11:47:04.455Z - info: Generate Site durationMs=1430
2019-01-26T11:47:04.787Z - info: Serving "C:\repos\nus-cs3281\cs3281-website\_site" at http://127.0.0.1:8080
2019-01-26T11:47:04.788Z - info: Press CTRL+C to stop ...
2019-01-26T11:47:04.814Z - info: Site data built
2019-01-26T12:02:07.638Z - info: [8:02:07 PM] Reload for file change: C:\repos\nus-cs3281\cs3281-website\admin\cs3281.mbd
2019-01-26T12:02:08.641Z - info: Rebuilding affected source files
2019-01-26T12:02:08.645Z - info: Rebuilding 3 pages
2019-01-26T12:02:09.073Z - info: Pages rebuilt
2019-01-26T12:02:09.080Z - info: Site data built
2019-01-26T12:04:19.273Z - info: [8:04:19 PM] Reload for file change: C:\repos\nus-cs3281\cs3281-website\admin\cs3281.mbd
2019-01-26T12:04:20.276Z - info: Rebuilding affected source files
2019-01-26T12:04:20.277Z - info: Rebuilding 3 pages
2019-01-26T12:04:20.656Z - info: Pages rebuilt
2019-01-26T12:04:20.662Z - info: Site data built
2019-01-26T12:06:21.811Z - info: [8:06:21 PM] Reload for file change: C:\repos\nus-cs3281\cs3281-website\admin\cs3281.mbd
2019-01-26T12:06:22.829Z - info: Rebuilding affected source files
2019-01-26T12:06:22.831Z - info: Rebuilding 3 pages
2019-01-26T12:06:23.148Z - info: Pages rebuilt
2019-01-26T12:06:23.160Z - info: Site data built
2019-01-26T12:08:06.635Z - info: [8:08:06 PM] Reload for file change: C:\repos\nus-cs3281\cs3281-website\admin\cs3281.mbd
2019-01-26T12:08:07.639Z - info: Rebuilding affected source files
2019-01-26T12:08:07.641Z - info: Rebuilding 3 pages
2019-01-26T12:08:08.012Z - info: Pages rebuilt
2019-01-26T12:08:08.018Z - info: Site data built
2019-01-26T12:08:56.505Z - info: [8:08:56 PM] Reload for file change: C:\repos\nus-cs3281\cs3281-website\admin\cs3281.mbd
2019-01-26T12:08:57.512Z - info: Rebuilding affected source files
2019-01-26T12:08:57.513Z - info: Rebuilding 3 pages
2019-01-26T12:08:57.890Z - info: Pages rebuilt
2019-01-26T12:08:57.896Z - info: Site data built
2019-01-26T12:09:19.704Z - info: [8:09:19 PM] Reload for file change: C:\repos\nus-cs3281\cs3281-website\admin\cs3281.mbd
2019-01-26T12:09:20.706Z - info: Rebuilding affected source files
2019-01-26T12:09:20.707Z - info: Rebuilding 3 pages
2019-01-26T12:09:20.961Z - info: Pages rebuilt
2019-01-26T12:09:20.969Z - info: Site data built
2019-01-26T12:09:43.895Z - info: [8:09:43 PM] Reload for file change: C:\repos\nus-cs3281\cs3281-website\admin\cs3281.mbd
2019-01-26T12:09:44.907Z - info: Rebuilding affected source files
2019-01-26T12:09:44.908Z - info: Rebuilding 3 pages
2019-01-26T12:09:45.291Z - info: Pages rebuilt
2019-01-26T12:09:45.298Z - info: Site data built
2019-01-26T12:10:51.111Z - info: [8:10:51 PM] Reload for file change: C:\repos\nus-cs3281\cs3281-website\common\header.mbdf
2019-01-26T12:10:52.112Z - info: Rebuilding affected source files
2019-01-26T12:10:52.115Z - info: Rebuilding 7 pages
2019-01-26T12:10:52.602Z - info: Pages rebuilt
2019-01-26T12:10:52.609Z - info: Site data built
2019-01-26T12:11:43.669Z - info: [8:11:43 PM] Reload for file change: C:\repos\nus-cs3281\cs3281-website\common\header.mbdf
2019-01-26T12:11:44.682Z - info: Rebuilding affected source files
2019-01-26T12:11:44.684Z - info: Rebuilding 7 pages
2019-01-26T12:11:45.040Z - info: Pages rebuilt
2019-01-26T12:11:45.046Z - info: Site data built
2019-01-26T12:12:31.958Z - info: [8:12:31 PM] Reload for file change: C:\repos\nus-cs3281\cs3281-website\common\header.mbdf
2019-01-26T12:12:32.972Z - info: Rebuilding affected source files
2019-01-26T12:12:32.973Z - info: Rebuilding 7 pages
2019-01-26T12:12:33.460Z - info: Pages rebuilt
2019-01-26T12:12:33.478Z - info: Site data built
2019-01-26T12:12:57.231Z - info: [8:12:57 PM] Reload for file change: C:\repos\nus-cs3281\cs3281-website\common\header.mbdf
2019-01-26T12:12:58.240Z - info: Rebuilding affected source files
2019-01-26T12:12:58.243Z - info: Rebuilding 7 pages
2019-01-26T12:12:58.709Z - info: Pages rebuilt
2019-01-26T12:12:58.715Z - info: Site data built
2019-01-26T12:13:35.032Z - info: [8:13:35 PM] Reload for file change: C:\repos\nus-cs3281\cs3281-website\common\header.mbdf
2019-01-26T12:13:36.033Z - info: Rebuilding affected source files
2019-01-26T12:13:36.035Z - info: Rebuilding 7 pages
2019-01-26T12:13:36.446Z - info: Pages rebuilt
2019-01-26T12:13:36.453Z - info: Site data built
2019-01-26T12:13:48.586Z - info: [8:13:48 PM] Reload for file change: C:\repos\nus-cs3281\cs3281-website\common\header.mbdf
2019-01-26T12:13:49.601Z - info: Rebuilding affected source files
2019-01-26T12:13:49.605Z - info: Rebuilding 7 pages
2019-01-26T12:13:49.919Z - info: Pages rebuilt
2019-01-26T12:13:49.927Z - info: Site data built
2019-01-26T12:17:43.889Z - info: Website generation started at 8:17:43 PM
2019-01-26T12:17:44.075Z - info: Building assets...
2019-01-26T12:17:44.306Z - info: Assets built
2019-01-26T12:17:44.306Z - info: Generating pages...
2019-01-26T12:17:44.816Z - info: Pages built
2019-01-26T12:17:45.048Z - info: Website generation complete! Total build time: 1.277s
2019-01-26T12:17:45.048Z - info: Build success!
2019-01-26T12:17:45.048Z - info: Generate Site durationMs=1278
2019-01-26T12:17:45.054Z - info: Site data built
2019-01-26T12:18:02.322Z - info: Deployed!
