2019-02-21T05:02:16.873Z - info: Website generation started at 1:02:16 PM
2019-02-21T05:02:17.183Z - info: Building assets...
2019-02-21T05:02:17.645Z - info: Assets built
2019-02-21T05:02:17.645Z - info: Generating pages...
2019-02-21T05:02:18.854Z - info: Pages built
2019-02-21T05:02:19.374Z - info: Website generation complete! Total build time: 2.781s
2019-02-21T05:02:19.391Z - info: Generate Site durationMs=2799
2019-02-21T05:02:19.943Z - info: Serving "C:\repos\nus-cs3281\cs3281-website\_site" at http://127.0.0.1:8080
2019-02-21T05:02:19.943Z - info: Press CTRL+C to stop ...
2019-02-21T05:02:19.972Z - info: Site data built
2019-02-21T05:25:02.179Z - info: [1:25:02 PM] Reload for file change: C:\repos\nus-cs3281\cs3281-website\schedule\index.mbd
2019-02-21T05:25:03.180Z - info: Rebuilding affected source files
2019-02-21T05:25:03.180Z - info: Rebuilding 2 pages
2019-02-21T05:25:03.616Z - info: Pages rebuilt
2019-02-21T05:25:03.623Z - info: Site data built
2019-02-21T05:25:56.612Z - info: [1:25:56 PM] Reload for file change: C:\repos\nus-cs3281\cs3281-website\schedule\index.mbd
2019-02-21T05:25:57.615Z - info: Rebuilding affected source files
2019-02-21T05:25:57.616Z - info: Rebuilding 2 pages
2019-02-21T05:25:58.019Z - info: Pages rebuilt
2019-02-21T05:25:58.026Z - info: Site data built
2019-02-21T05:26:13.988Z - info: [1:26:13 PM] Reload for file change: C:\repos\nus-cs3281\cs3281-website\schedule\index.mbd
2019-02-21T05:26:14.988Z - info: Rebuilding affected source files
2019-02-21T05:26:14.988Z - info: Rebuilding 2 pages
2019-02-21T05:26:15.392Z - info: Pages rebuilt
2019-02-21T05:26:15.399Z - info: Site data built
2019-02-21T05:26:37.195Z - info: [1:26:37 PM] Reload for file change: C:\repos\nus-cs3281\cs3281-website\schedule\index.mbd
2019-02-21T05:26:38.197Z - info: Rebuilding affected source files
2019-02-21T05:26:38.198Z - info: Rebuilding 2 pages
2019-02-21T05:26:38.589Z - info: Pages rebuilt
2019-02-21T05:26:38.596Z - info: Site data built
2019-02-21T05:30:50.976Z - info: [1:30:50 PM] Reload for file change: C:\repos\nus-cs3281\cs3281-website\schedule\index.mbd
2019-02-21T05:30:51.980Z - info: Rebuilding affected source files
2019-02-21T05:30:51.980Z - info: Rebuilding 2 pages
2019-02-21T05:30:52.488Z - info: Pages rebuilt
2019-02-21T05:30:52.497Z - info: Site data built
2019-02-21T05:32:47.835Z - info: [1:32:47 PM] Reload for file change: C:\repos\nus-cs3281\cs3281-website\schedule\index.mbd
2019-02-21T05:32:48.841Z - info: Rebuilding affected source files
2019-02-21T05:32:48.843Z - info: Rebuilding 2 pages
2019-02-21T05:32:49.197Z - info: Pages rebuilt
2019-02-21T05:32:49.205Z - info: Site data built
2019-02-21T05:33:31.899Z - info: [1:33:31 PM] Reload for file change: C:\repos\nus-cs3281\cs3281-website\schedule\index.mbd
2019-02-21T05:33:32.902Z - info: Rebuilding affected source files
2019-02-21T05:33:32.903Z - info: Rebuilding 2 pages
2019-02-21T05:33:33.297Z - info: Pages rebuilt
2019-02-21T05:33:33.305Z - info: Site data built
2019-02-21T05:34:11.067Z - info: [1:34:11 PM] Reload for file change: C:\repos\nus-cs3281\cs3281-website\schedule\index.mbd
2019-02-21T05:34:12.069Z - info: Rebuilding affected source files
2019-02-21T05:34:12.071Z - info: Rebuilding 2 pages
2019-02-21T05:34:12.481Z - info: Pages rebuilt
2019-02-21T05:34:12.488Z - info: Site data built
2019-02-21T05:34:21.516Z - info: [1:34:21 PM] Reload for file change: C:\repos\nus-cs3281\cs3281-website\schedule\index.mbd
2019-02-21T05:34:22.521Z - info: Rebuilding affected source files
2019-02-21T05:34:22.521Z - info: Rebuilding 2 pages
2019-02-21T05:34:22.917Z - info: Pages rebuilt
2019-02-21T05:34:22.924Z - info: Site data built
2019-02-21T05:34:41.068Z - info: [1:34:41 PM] Reload for file change: C:\repos\nus-cs3281\cs3281-website\schedule\index.mbd
2019-02-21T05:34:42.081Z - info: Rebuilding affected source files
2019-02-21T05:34:42.081Z - info: Rebuilding 2 pages
2019-02-21T05:34:42.463Z - info: Pages rebuilt
2019-02-21T05:34:42.469Z - info: Site data built
2019-02-21T05:35:00.072Z - info: [1:35:00 PM] Reload for file change: C:\repos\nus-cs3281\cs3281-website\schedule\index.mbd
2019-02-21T05:35:01.075Z - info: Rebuilding affected source files
2019-02-21T05:35:01.076Z - info: Rebuilding 2 pages
2019-02-21T05:35:01.456Z - info: Pages rebuilt
2019-02-21T05:35:01.463Z - info: Site data built
2019-02-21T05:35:37.340Z - info: [1:35:37 PM] Reload for file change: C:\repos\nus-cs3281\cs3281-website\schedule\index.mbd
2019-02-21T05:35:38.342Z - info: Rebuilding affected source files
2019-02-21T05:35:38.343Z - info: Rebuilding 2 pages
2019-02-21T05:35:38.728Z - info: Pages rebuilt
2019-02-21T05:35:38.735Z - info: Site data built
2019-02-21T05:35:51.248Z - info: [1:35:51 PM] Reload for file change: C:\repos\nus-cs3281\cs3281-website\schedule\index.mbd
2019-02-21T05:35:52.249Z - info: Rebuilding affected source files
2019-02-21T05:35:52.252Z - info: Rebuilding 2 pages
2019-02-21T05:35:52.638Z - info: Pages rebuilt
2019-02-21T05:35:52.645Z - info: Site data built
2019-02-21T05:36:02.677Z - info: [1:36:02 PM] Reload for file change: C:\repos\nus-cs3281\cs3281-website\schedule\index.mbd
2019-02-21T05:36:03.677Z - info: Rebuilding affected source files
2019-02-21T05:36:03.678Z - info: Rebuilding 2 pages
2019-02-21T05:36:04.065Z - info: Pages rebuilt
2019-02-21T05:36:04.072Z - info: Site data built
2019-02-21T05:36:30.955Z - info: [1:36:30 PM] Reload for file change: C:\repos\nus-cs3281\cs3281-website\schedule\index.mbd
2019-02-21T05:36:31.957Z - info: Rebuilding affected source files
2019-02-21T05:36:31.958Z - info: Rebuilding 2 pages
2019-02-21T05:36:32.216Z - info: Pages rebuilt
2019-02-21T05:36:32.224Z - info: Site data built
2019-02-21T05:36:41.675Z - info: [1:36:41 PM] Reload for file change: C:\repos\nus-cs3281\cs3281-website\schedule\index.mbd
2019-02-21T05:36:42.677Z - info: Rebuilding affected source files
2019-02-21T05:36:42.678Z - info: Rebuilding 2 pages
2019-02-21T05:36:43.058Z - info: Pages rebuilt
2019-02-21T05:36:43.065Z - info: Site data built
2019-02-21T05:37:21.321Z - info: [1:37:21 PM] Reload for file change: C:\repos\nus-cs3281\cs3281-website\schedule\index.mbd
2019-02-21T05:37:22.322Z - info: Rebuilding affected source files
2019-02-21T05:37:22.324Z - info: Rebuilding 2 pages
2019-02-21T05:37:22.719Z - info: Pages rebuilt
2019-02-21T05:37:22.725Z - info: Site data built
2019-02-21T05:49:54.031Z - info: Website generation started at 1:49:53 PM
2019-02-21T05:49:54.266Z - info: Building assets...
