2021-04-11T12:41:18.879Z - info: Website generation (lazy) started at 8:41:18 PM
2021-04-11T12:41:20.026Z - info: Building assets...
2021-04-11T12:41:20.742Z - info: Assets built
2021-04-11T12:41:20.743Z - info: Generating landing page...
2021-04-11T12:41:21.078Z - info: Landing page built, other pages will be built as you navigate to them!
2021-04-11T12:41:21.664Z - info: Site data built
2021-04-11T12:41:21.665Z - info: Website generation (lazy) complete! Total build time: 3.295s
2021-04-11T12:41:22.470Z - info: Serving "C:\repos\nus-cs3281\cs3281-website\_site" at http://127.0.0.1:8080
2021-04-11T12:41:22.470Z - info: Press CTRL+C to stop ...
2021-04-11T12:42:59.404Z - info: [8:42:59 PM] Reload for file change: C:\repos\nus-cs3281\cs3281-website\schedule\index-cs3281.mbd
2021-04-11T12:43:00.408Z - info: Rebuilding 1 pages
2021-04-11T12:43:00.704Z - info: Site data built
2021-04-11T12:43:00.705Z - info: Pages rebuilt
2021-04-11T12:43:00.705Z - info: Website regeneration complete! Total build time: 0.298s
2021-04-11T12:43:27.767Z - info: [8:43:27 PM] Reload for file change: C:\repos\nus-cs3281\cs3281-website\schedule\index-cs3281.mbd
2021-04-11T12:43:28.768Z - info: Rebuilding 1 pages
2021-04-11T12:43:28.976Z - info: Site data built
2021-04-11T12:43:28.976Z - info: Pages rebuilt
2021-04-11T12:43:28.976Z - info: Website regeneration complete! Total build time: 0.209s
2021-04-11T12:43:43.961Z - info: [8:43:43 PM] Reload for file change: C:\repos\nus-cs3281\cs3281-website\schedule\index-cs3281.mbd
2021-04-11T12:43:44.966Z - info: Rebuilding 1 pages
2021-04-11T12:43:45.143Z - info: Site data built
2021-04-11T12:43:45.143Z - info: Pages rebuilt
2021-04-11T12:43:45.143Z - info: Website regeneration complete! Total build time: 0.179s
2021-04-11T12:44:10.222Z - info: [8:44:10 PM] Reload for file change: C:\repos\nus-cs3281\cs3281-website\schedule\index-cs3281.mbd
2021-04-11T12:44:11.226Z - info: Rebuilding 1 pages
2021-04-11T12:44:11.404Z - info: Site data built
2021-04-11T12:44:11.404Z - info: Pages rebuilt
2021-04-11T12:44:11.404Z - info: Website regeneration complete! Total build time: 0.18s
2021-04-11T12:44:31.377Z - info: [8:44:31 PM] Reload for file change: C:\repos\nus-cs3281\cs3281-website\schedule\index-cs3281.mbd
2021-04-11T12:44:32.385Z - info: Rebuilding 1 pages
2021-04-11T12:44:32.557Z - info: Site data built
2021-04-11T12:44:32.558Z - info: Pages rebuilt
2021-04-11T12:44:32.558Z - info: Website regeneration complete! Total build time: 0.174s
2021-04-11T12:45:11.385Z - info: Website generation started at 8:45:11 PM
2021-04-11T12:45:12.247Z - info: Building assets...
2021-04-11T12:45:13.038Z - info: Assets built
2021-04-11T12:45:13.038Z - info: Generating pages...
2021-04-11T12:45:14.261Z - info: Pages built
2021-04-11T12:45:14.694Z - info: Site data built
2021-04-11T12:45:14.694Z - info: Website generation complete! Total build time: 3.667s
2021-04-11T12:45:14.695Z - info: Build success!
2021-04-11T12:45:18.413Z - info: Deployed at https://nus-cs3281.github.io/website!
