2021-02-07T14:46:34.644Z - info: Website generation (lazy) started at 10:46:34 PM
2021-02-07T14:46:35.618Z - info: Building assets...
2021-02-07T14:46:36.996Z - info: Assets built
2021-02-07T14:46:36.997Z - info: Generating landing page...
2021-02-07T14:46:37.428Z - info: Landing page built, other pages will be built as you navigate to them!
2021-02-07T14:46:37.997Z - info: Site data built
2021-02-07T14:46:37.997Z - info: Website generation (lazy) complete! Total build time: 3.704s
2021-02-07T14:46:39.280Z - info: Serving "C:\repos\nus-cs3281\cs3281-website\_site" at http://127.0.0.1:8080
2021-02-07T14:46:39.281Z - info: Press CTRL+C to stop ...
2021-02-07T14:47:55.303Z - info: [10:47:55 PM] Reload for file change: C:\repos\nus-cs3281\cs3281-website\_markbind\variables.md
2021-02-07T14:47:56.408Z - warn: Rebuilding all pages as variables file was changed, or the --force-reload flag was set
2021-02-07T14:47:56.409Z - info: Rebuilding 1 pages
2021-02-07T14:47:56.629Z - info: Site data built
2021-02-07T14:47:56.630Z - info: Pages rebuilt
2021-02-07T14:47:56.630Z - info: Website regeneration complete! Total build time: 0.321s
2021-02-07T14:48:53.740Z - info: [10:48:53 PM] Reload for file change: C:\repos\nus-cs3281\cs3281-website\schedule\index-cs3281.mbd
2021-02-07T14:48:54.747Z - info: Rebuilding 1 pages
2021-02-07T14:48:55.038Z - info: Site data built
2021-02-07T14:48:55.038Z - info: Pages rebuilt
2021-02-07T14:48:55.039Z - info: Website regeneration complete! Total build time: 0.295s
2021-02-07T14:49:17.271Z - info: [10:49:17 PM] Reload for file change: C:\repos\nus-cs3281\cs3281-website\schedule\index-cs3281.mbd
2021-02-07T14:49:18.276Z - info: Rebuilding 1 pages
2021-02-07T14:49:18.447Z - info: Site data built
2021-02-07T14:49:18.448Z - info: Pages rebuilt
2021-02-07T14:49:18.448Z - info: Website regeneration complete! Total build time: 0.173s
2021-02-07T14:50:42.031Z - info: [10:50:42 PM] Reload for file change: C:\repos\nus-cs3281\cs3281-website\schedule\index-cs3281.mbd
2021-02-07T14:50:43.036Z - info: Rebuilding 1 pages
2021-02-07T14:50:43.234Z - info: Site data built
2021-02-07T14:50:43.234Z - info: Pages rebuilt
2021-02-07T14:50:43.235Z - info: Website regeneration complete! Total build time: 0.202s
2021-02-07T14:50:57.478Z - info: [10:50:57 PM] Reload for file change: C:\repos\nus-cs3281\cs3281-website\schedule\index-cs3281.mbd
2021-02-07T14:50:58.479Z - info: Rebuilding 1 pages
2021-02-07T14:50:58.636Z - info: Site data built
2021-02-07T14:50:58.636Z - info: Pages rebuilt
2021-02-07T14:50:58.636Z - info: Website regeneration complete! Total build time: 0.158s
2021-02-07T14:51:18.149Z - info: [10:51:18 PM] Reload for file change: C:\repos\nus-cs3281\cs3281-website\schedule\index-cs3281.mbd
2021-02-07T14:51:19.156Z - info: Rebuilding 1 pages
2021-02-07T14:51:19.412Z - info: Site data built
2021-02-07T14:51:19.415Z - info: Pages rebuilt
2021-02-07T14:51:19.415Z - info: Website regeneration complete! Total build time: 0.262s
2021-02-07T14:52:18.026Z - info: Website generation started at 10:52:17 PM
2021-02-07T14:52:19.786Z - info: Building assets...
2021-02-07T14:52:20.631Z - info: Assets built
2021-02-07T14:52:20.631Z - info: Generating pages...
2021-02-07T14:52:22.447Z - info: Pages built
2021-02-07T14:52:22.954Z - info: Site data built
2021-02-07T14:52:22.954Z - info: Website generation complete! Total build time: 5.315s
2021-02-07T14:52:22.955Z - info: Build success!
2021-02-07T14:52:27.218Z - info: Deployed at https://nus-cs3281.github.io/website!
2021-02-07T14:54:35.208Z - info: Website generation started at 10:54:34 PM
2021-02-07T14:54:36.477Z - info: Building assets...
2021-02-07T14:54:37.195Z - info: Assets built
2021-02-07T14:54:37.195Z - info: Generating pages...
2021-02-07T14:54:38.511Z - info: Pages built
2021-02-07T14:54:39.103Z - info: Site data built
2021-02-07T14:54:39.104Z - info: Website generation complete! Total build time: 4.277s
2021-02-07T14:54:39.104Z - info: Build success!
2021-02-07T14:54:43.400Z - info: Deployed at https://nus-cs3281.github.io/website!
