2020-01-16T03:34:30.274Z - info: Website generation started at 11:34:29 AM
2020-01-16T03:34:30.836Z - info: Building assets...
2020-01-16T03:34:31.338Z - info: Assets built
2020-01-16T03:34:31.339Z - info: Generating pages...
2020-01-16T03:34:32.043Z - info: Pages built
2020-01-16T03:34:32.321Z - info: Website generation complete! Total build time: 2.525s
2020-01-16T03:34:32.671Z - info: Serving "C:\repos\nus-cs3281\cs3281-website\_site" at http://127.0.0.1:8080
2020-01-16T03:34:32.671Z - info: Press CTRL+C to stop ...
2020-01-16T03:34:32.789Z - info: Site data built
2020-01-16T04:14:43.161Z - info: [12:14:43 PM] Reload for file change: C:\repos\nus-cs3281\cs3281-website\schedule\index.mbd
2020-01-16T04:14:44.165Z - info: Rebuilding affected source files
2020-01-16T04:14:44.166Z - info: Rebuilding 1 pages
2020-01-16T04:14:44.597Z - info: Pages rebuilt
2020-01-16T04:14:44.604Z - info: Site data built
2020-01-16T04:16:03.043Z - info: [12:16:03 PM] Reload for file change: C:\repos\nus-cs3281\cs3281-website\schedule\index.mbd
2020-01-16T04:16:04.045Z - info: Rebuilding affected source files
2020-01-16T04:16:04.045Z - info: Rebuilding 1 pages
2020-01-16T04:16:04.394Z - info: Pages rebuilt
2020-01-16T04:16:04.401Z - info: Site data built
2020-01-16T04:51:48.700Z - info: [12:51:48 PM] Reload for file change: C:\repos\nus-cs3281\cs3281-website\schedule\index.mbd
2020-01-16T04:51:49.702Z - info: Rebuilding affected source files
2020-01-16T04:51:49.704Z - info: Rebuilding 1 pages
2020-01-16T04:51:50.109Z - info: Pages rebuilt
2020-01-16T04:51:50.115Z - info: Site data built
2020-01-16T05:27:35.546Z - info: Website generation started at 1:27:35 PM
2020-01-16T05:27:36.076Z - info: Building assets...
