2023-01-12T09:10:22.696Z - info: Website generation (lazy) started at 5:10:22 pm
2023-01-12T09:10:24.205Z - info: Building assets...
2023-01-12T09:10:25.139Z - info: Assets built
2023-01-12T09:10:25.139Z - info: Generating landing page...
2023-01-12T09:10:25.666Z - info: Landing page built, other pages will be built as you navigate to them!
2023-01-12T09:10:27.414Z - info: Site data built
2023-01-12T09:10:27.414Z - info: Website generation (lazy) complete! Total build time: 5.19s
2023-01-12T09:10:28.433Z - info: Serving "C:\repos\nus-cs3281\cs3281-website\_site" at http://127.0.0.1:8080
2023-01-12T09:10:28.434Z - info: Press CTRL+C to stop ...
2023-01-12T09:10:35.440Z - info: [5:10:35 pm] Reload for file change: C:\repos\nus-cs3281\cs3281-website\admin\code-sprint.md
2023-01-12T09:10:35.440Z - info: Synchronizing opened pages list before reload
2023-01-12T09:10:35.441Z - info: Current opened pages, from most-to-least recent:
2023-01-12T09:10:35.441Z - info: 1. index
2023-01-12T09:10:36.446Z - info: Assets built
2023-01-12T09:11:00.625Z - info: Building C:\repos\nus-cs3281\cs3281-website\admin\code-sprint as some of its dependencies were changed since the last visit
2023-01-12T09:11:00.832Z - info: Site data built
2023-01-12T09:11:00.832Z - info: Lazy website regeneration complete! Total build time: 0.207s
2023-01-12T09:16:02.461Z - info: [5:16:02 pm] Reload for file change: C:\repos\nus-cs3281\cs3281-website\admin\attendees-fragment.md
2023-01-12T09:16:02.462Z - info: Synchronizing opened pages list before reload
2023-01-12T09:16:02.462Z - info: Current opened pages, from most-to-least recent:
2023-01-12T09:16:02.462Z - info: 1. admin/code-sprint
2023-01-12T09:16:03.485Z - info: Assets built
2023-01-12T09:17:38.736Z - info: [5:17:38 pm] Reload for file change: C:\repos\nus-cs3281\cs3281-website\admin\attendees-fragment.md
2023-01-12T09:17:38.736Z - info: Synchronizing opened pages list before reload
2023-01-12T09:17:38.737Z - info: Current opened pages, from most-to-least recent:
2023-01-12T09:17:38.737Z - info: 1. admin/code-sprint
2023-01-12T09:17:39.742Z - info: Assets built
2023-01-12T09:17:42.445Z - info: [5:17:42 pm] Reload for file change: C:\repos\nus-cs3281\cs3281-website\admin\attendees-fragment.md
2023-01-12T09:17:42.445Z - info: Synchronizing opened pages list before reload
2023-01-12T09:17:42.445Z - info: Current opened pages, from most-to-least recent:
2023-01-12T09:17:42.445Z - info: 1. admin/code-sprint
2023-01-12T09:17:43.448Z - info: Assets built
2023-01-12T09:19:09.604Z - info: [5:19:09 pm] Reload for file change: C:\repos\nus-cs3281\cs3281-website\admin\attendees-fragment.md
2023-01-12T09:19:09.604Z - info: Synchronizing opened pages list before reload
2023-01-12T09:19:09.604Z - info: Current opened pages, from most-to-least recent:
2023-01-12T09:19:09.605Z - info: 1. admin/code-sprint
2023-01-12T09:19:10.615Z - info: Assets built
2023-01-12T09:22:25.017Z - info: [5:22:25 pm] Reload for file change: C:\repos\nus-cs3281\cs3281-website\admin\code-sprint.md
2023-01-12T09:22:25.018Z - info: Synchronizing opened pages list before reload
2023-01-12T09:22:25.018Z - info: Current opened pages, from most-to-least recent:
2023-01-12T09:22:25.018Z - info: 1. admin/code-sprint
2023-01-12T09:22:26.028Z - info: Rebuilding 1 pages
2023-01-12T09:22:26.117Z - info: Site data built
2023-01-12T09:22:26.117Z - info: Pages rebuilt
2023-01-12T09:22:26.117Z - info: Website regeneration complete! Total build time: 0.09s
2023-01-12T09:25:33.506Z - info: [5:25:33 pm] Reload for file change: C:\repos\nus-cs3281\cs3281-website\admin\attendees-fragment.md
2023-01-12T09:25:33.506Z - info: Synchronizing opened pages list before reload
2023-01-12T09:25:33.506Z - info: Current opened pages, from most-to-least recent:
2023-01-12T09:25:33.506Z - info: 1. admin/code-sprint
2023-01-12T09:25:34.509Z - info: Rebuilding 1 pages
2023-01-12T09:25:34.600Z - info: Site data built
2023-01-12T09:25:34.600Z - info: Pages rebuilt
2023-01-12T09:25:34.600Z - info: Website regeneration complete! Total build time: 0.092s
2023-01-12T09:33:22.524Z - info: Website generation started at 5:33:22 pm
2023-01-12T09:33:24.868Z - info: Building assets...
